[0.017s] Invoking command in '/home/zhangjinrui/AppDisk/learn_ros2/ROS2/ws02_plumbing/build/cpp02_service': AMENT_PREFIX_PATH=/home/zhangjinrui/AppDisk/learn_ros2/ROS2/ws02_plumbing/install/base_interfaces_demo:${AMENT_PREFIX_PATH} CMAKE_PREFIX_PATH=/home/zhangjinrui/AppDisk/learn_ros2/ROS2/ws02_plumbing/install/base_interfaces_demo:/home/zhangjinrui/AppDisk/learn_ros2/ROS2/ws01_hello/install/pkg01_hello_cpp:/home/zhangjinrui/ROS2/dev_ws_humble/install/learning_topic_cpp:/home/zhangjinrui/ROS2/dev_ws_humble/install/learning_tf_cpp:/home/zhangjinrui/ROS2/dev_ws_humble/install/learning_service_cpp:/home/zhangjinrui/ROS2/dev_ws_humble/install/learning_pkg_c:/home/zhangjinrui/ROS2/dev_ws_humble/install/learning_parameter_cpp:/home/zhangjinrui/ROS2/dev_ws_humble/install/learning_node_cpp:/home/zhangjinrui/ROS2/dev_ws_humble/install/learning_action_cpp:/home/zhangjinrui/ROS2/dev_ws_humble/install/learning_interface:/home/zhangjinrui/AppDisk/learn_ros2/ROS2/ws01_hello/install/pkg02_hello_py:/home/zhangjinrui/ROS2/dev_ws_humble/install/learning_urdf:/home/zhangjinrui/ROS2/dev_ws_humble/install/learning_topic:/home/zhangjinrui/ROS2/dev_ws_humble/install/learning_tf:/home/zhangjinrui/ROS2/dev_ws_humble/install/learning_service:/home/zhangjinrui/ROS2/dev_ws_humble/install/learning_qos:/home/zhangjinrui/ROS2/dev_ws_humble/install/learning_pkg_python:/home/zhangjinrui/ROS2/dev_ws_humble/install/learning_parameter:/home/zhangjinrui/ROS2/dev_ws_humble/install/learning_node:/home/zhangjinrui/ROS2/dev_ws_humble/install/learning_launch:/home/zhangjinrui/ROS2/dev_ws_humble/install/learning_action:/home/zhangjinrui/ROS2/dev_ws_humble/install/learning_gazebo_harmonic:/home/zhangjinrui/ROS2/dev_ws_humble/install/learning_gazebo:/home/zhangjinrui/ROS2/dev_ws_humble/install/learning_cv:/opt/ros/humble LD_LIBRARY_PATH=/home/zhangjinrui/AppDisk/learn_ros2/ROS2/ws02_plumbing/install/base_interfaces_demo/lib:/usr/lib/x86_64-linux-gnu:/home/zhangjinrui/ROS2/dev_ws_humble/install/learning_interface/lib:/opt/ros/humble/opt/rviz_ogre_vendor/lib:/opt/ros/humble/lib/x86_64-linux-gnu:/opt/ros/humble/lib:/usr/lib/x86_64-linux-gnu PYTHONPATH=/home/zhangjinrui/AppDisk/learn_ros2/ROS2/ws02_plumbing/install/base_interfaces_demo/lib/python3.13/site-packages:${PYTHONPATH} /usr/local/bin/cmake /home/zhangjinrui/AppDisk/learn_ros2/ROS2/ws02_plumbing/src/cpp02_service -DCMAKE_INSTALL_PREFIX=/home/zhangjinrui/AppDisk/learn_ros2/ROS2/ws02_plumbing/install/cpp02_service
[0.291s] -- The C compiler identification is GNU 11.4.0
[0.291s] -- The CXX compiler identification is GNU 11.4.0
[0.291s] -- Detecting C compiler ABI info
[0.291s] -- Detecting C compiler ABI info - done
[0.291s] -- Check for working C compiler: /usr/bin/cc - skipped
[0.291s] -- Detecting C compile features
[0.291s] -- Detecting C compile features - done
[0.291s] -- Detecting CXX compiler ABI info
[0.291s] -- Detecting CXX compiler ABI info - done
[0.292s] -- Check for working CXX compiler: /usr/bin/c++ - skipped
[0.292s] -- Detecting CXX compile features
[0.292s] -- Detecting CXX compile features - done
[0.292s] -- Found ament_cmake: 1.3.12 (/opt/ros/humble/share/ament_cmake/cmake)
[0.407s] -- Found Python3: /home/zhangjinrui/AppDisk/anaconda3/bin/python3 (found version "3.13.5") found components: Interpreter 
[0.482s] -- Found rclcpp: 16.0.14 (/opt/ros/humble/share/rclcpp/cmake)
[0.519s] -- Found rosidl_generator_c: 3.1.7 (/opt/ros/humble/share/rosidl_generator_c/cmake)
[0.524s] -- Found rosidl_adapter: 3.1.7 (/opt/ros/humble/share/rosidl_adapter/cmake)
[0.530s] -- Found rosidl_generator_cpp: 3.1.7 (/opt/ros/humble/share/rosidl_generator_cpp/cmake)
[0.540s] -- Using all available rosidl_typesupport_c: rosidl_typesupport_fastrtps_c;rosidl_typesupport_introspection_c
[0.552s] -- Using all available rosidl_typesupport_cpp: rosidl_typesupport_fastrtps_cpp;rosidl_typesupport_introspection_cpp
[0.588s] -- Found rmw_implementation_cmake: 6.1.2 (/opt/ros/humble/share/rmw_implementation_cmake/cmake)
[0.591s] -- Found rmw_fastrtps_cpp: 6.2.8 (/opt/ros/humble/share/rmw_fastrtps_cpp/cmake)
[0.650s] -- Found OpenSSL: /usr/lib/x86_64-linux-gnu/libcrypto.so (found version "3.0.2")  
[0.672s] -- Found FastRTPS: /opt/ros/humble/include  
[0.705s] -- Using RMW implementation 'rmw_fastrtps_cpp' as default
[0.714s] -- Performing Test CMAKE_HAVE_LIBC_PTHREAD
[0.749s] -- Performing Test CMAKE_HAVE_LIBC_PTHREAD - Success
[0.749s] -- Found Threads: TRUE  
[0.782s] -- Found base_interfaces_demo: 0.0.0 (/home/zhangjinrui/AppDisk/learn_ros2/ROS2/ws02_plumbing/install/base_interfaces_demo/share/base_interfaces_demo/cmake)
[0.809s] -- Found ament_lint_auto: 0.12.14 (/opt/ros/humble/share/ament_lint_auto/cmake)
[0.878s] -- Added test 'cppcheck' to perform static code analysis on C / C++ code
[0.878s] -- Configured cppcheck include dirs: $<BUILD_INTERFACE:/home/zhangjinrui/AppDisk/learn_ros2/ROS2/ws02_plumbing/src/cpp02_service/include>
[0.878s] -- Configured cppcheck exclude dirs and/or files: 
[0.879s] -- Added test 'lint_cmake' to check CMake code style
[0.880s] -- Added test 'uncrustify' to check C / C++ code style
[0.880s] -- Configured uncrustify additional arguments: 
[0.880s] -- Added test 'xmllint' to check XML markup files
[0.881s] -- Configuring done
[0.890s] -- Generating done
[0.894s] -- Build files have been written to: /home/zhangjinrui/AppDisk/learn_ros2/ROS2/ws02_plumbing/build/cpp02_service
[0.901s] Invoked command in '/home/zhangjinrui/AppDisk/learn_ros2/ROS2/ws02_plumbing/build/cpp02_service' returned '0': AMENT_PREFIX_PATH=/home/zhangjinrui/AppDisk/learn_ros2/ROS2/ws02_plumbing/install/base_interfaces_demo:${AMENT_PREFIX_PATH} CMAKE_PREFIX_PATH=/home/zhangjinrui/AppDisk/learn_ros2/ROS2/ws02_plumbing/install/base_interfaces_demo:/home/zhangjinrui/AppDisk/learn_ros2/ROS2/ws01_hello/install/pkg01_hello_cpp:/home/zhangjinrui/ROS2/dev_ws_humble/install/learning_topic_cpp:/home/zhangjinrui/ROS2/dev_ws_humble/install/learning_tf_cpp:/home/zhangjinrui/ROS2/dev_ws_humble/install/learning_service_cpp:/home/zhangjinrui/ROS2/dev_ws_humble/install/learning_pkg_c:/home/zhangjinrui/ROS2/dev_ws_humble/install/learning_parameter_cpp:/home/zhangjinrui/ROS2/dev_ws_humble/install/learning_node_cpp:/home/zhangjinrui/ROS2/dev_ws_humble/install/learning_action_cpp:/home/zhangjinrui/ROS2/dev_ws_humble/install/learning_interface:/home/zhangjinrui/AppDisk/learn_ros2/ROS2/ws01_hello/install/pkg02_hello_py:/home/zhangjinrui/ROS2/dev_ws_humble/install/learning_urdf:/home/zhangjinrui/ROS2/dev_ws_humble/install/learning_topic:/home/zhangjinrui/ROS2/dev_ws_humble/install/learning_tf:/home/zhangjinrui/ROS2/dev_ws_humble/install/learning_service:/home/zhangjinrui/ROS2/dev_ws_humble/install/learning_qos:/home/zhangjinrui/ROS2/dev_ws_humble/install/learning_pkg_python:/home/zhangjinrui/ROS2/dev_ws_humble/install/learning_parameter:/home/zhangjinrui/ROS2/dev_ws_humble/install/learning_node:/home/zhangjinrui/ROS2/dev_ws_humble/install/learning_launch:/home/zhangjinrui/ROS2/dev_ws_humble/install/learning_action:/home/zhangjinrui/ROS2/dev_ws_humble/install/learning_gazebo_harmonic:/home/zhangjinrui/ROS2/dev_ws_humble/install/learning_gazebo:/home/zhangjinrui/ROS2/dev_ws_humble/install/learning_cv:/opt/ros/humble LD_LIBRARY_PATH=/home/zhangjinrui/AppDisk/learn_ros2/ROS2/ws02_plumbing/install/base_interfaces_demo/lib:/usr/lib/x86_64-linux-gnu:/home/zhangjinrui/ROS2/dev_ws_humble/install/learning_interface/lib:/opt/ros/humble/opt/rviz_ogre_vendor/lib:/opt/ros/humble/lib/x86_64-linux-gnu:/opt/ros/humble/lib:/usr/lib/x86_64-linux-gnu PYTHONPATH=/home/zhangjinrui/AppDisk/learn_ros2/ROS2/ws02_plumbing/install/base_interfaces_demo/lib/python3.13/site-packages:${PYTHONPATH} /usr/local/bin/cmake /home/zhangjinrui/AppDisk/learn_ros2/ROS2/ws02_plumbing/src/cpp02_service -DCMAKE_INSTALL_PREFIX=/home/zhangjinrui/AppDisk/learn_ros2/ROS2/ws02_plumbing/install/cpp02_service
[0.902s] Invoking command in '/home/zhangjinrui/AppDisk/learn_ros2/ROS2/ws02_plumbing/build/cpp02_service': AMENT_PREFIX_PATH=/home/zhangjinrui/AppDisk/learn_ros2/ROS2/ws02_plumbing/install/base_interfaces_demo:${AMENT_PREFIX_PATH} CMAKE_PREFIX_PATH=/home/zhangjinrui/AppDisk/learn_ros2/ROS2/ws02_plumbing/install/base_interfaces_demo:/home/zhangjinrui/AppDisk/learn_ros2/ROS2/ws01_hello/install/pkg01_hello_cpp:/home/zhangjinrui/ROS2/dev_ws_humble/install/learning_topic_cpp:/home/zhangjinrui/ROS2/dev_ws_humble/install/learning_tf_cpp:/home/zhangjinrui/ROS2/dev_ws_humble/install/learning_service_cpp:/home/zhangjinrui/ROS2/dev_ws_humble/install/learning_pkg_c:/home/zhangjinrui/ROS2/dev_ws_humble/install/learning_parameter_cpp:/home/zhangjinrui/ROS2/dev_ws_humble/install/learning_node_cpp:/home/zhangjinrui/ROS2/dev_ws_humble/install/learning_action_cpp:/home/zhangjinrui/ROS2/dev_ws_humble/install/learning_interface:/home/zhangjinrui/AppDisk/learn_ros2/ROS2/ws01_hello/install/pkg02_hello_py:/home/zhangjinrui/ROS2/dev_ws_humble/install/learning_urdf:/home/zhangjinrui/ROS2/dev_ws_humble/install/learning_topic:/home/zhangjinrui/ROS2/dev_ws_humble/install/learning_tf:/home/zhangjinrui/ROS2/dev_ws_humble/install/learning_service:/home/zhangjinrui/ROS2/dev_ws_humble/install/learning_qos:/home/zhangjinrui/ROS2/dev_ws_humble/install/learning_pkg_python:/home/zhangjinrui/ROS2/dev_ws_humble/install/learning_parameter:/home/zhangjinrui/ROS2/dev_ws_humble/install/learning_node:/home/zhangjinrui/ROS2/dev_ws_humble/install/learning_launch:/home/zhangjinrui/ROS2/dev_ws_humble/install/learning_action:/home/zhangjinrui/ROS2/dev_ws_humble/install/learning_gazebo_harmonic:/home/zhangjinrui/ROS2/dev_ws_humble/install/learning_gazebo:/home/zhangjinrui/ROS2/dev_ws_humble/install/learning_cv:/opt/ros/humble LD_LIBRARY_PATH=/home/zhangjinrui/AppDisk/learn_ros2/ROS2/ws02_plumbing/install/base_interfaces_demo/lib:/usr/lib/x86_64-linux-gnu:/home/zhangjinrui/ROS2/dev_ws_humble/install/learning_interface/lib:/opt/ros/humble/opt/rviz_ogre_vendor/lib:/opt/ros/humble/lib/x86_64-linux-gnu:/opt/ros/humble/lib:/usr/lib/x86_64-linux-gnu PYTHONPATH=/home/zhangjinrui/AppDisk/learn_ros2/ROS2/ws02_plumbing/install/base_interfaces_demo/lib/python3.13/site-packages:${PYTHONPATH} /usr/local/bin/cmake --build /home/zhangjinrui/AppDisk/learn_ros2/ROS2/ws02_plumbing/build/cpp02_service -- -j24 -l24
[0.919s] [ 50%] [32mBuilding CXX object CMakeFiles/demo01_service.dir/src/demo01_service.cpp.o[0m
[0.919s] [ 50%] [32mBuilding CXX object CMakeFiles/demo02_client.dir/src/demo02_client.cpp.o[0m
[2.861s] [ 75%] [32m[1mLinking CXX executable demo01_service[0m
[2.927s] [100%] [32m[1mLinking CXX executable demo02_client[0m
[2.931s] [100%] Built target demo01_service
[3.002s] [100%] Built target demo02_client
[3.005s] Invoked command in '/home/zhangjinrui/AppDisk/learn_ros2/ROS2/ws02_plumbing/build/cpp02_service' returned '0': AMENT_PREFIX_PATH=/home/zhangjinrui/AppDisk/learn_ros2/ROS2/ws02_plumbing/install/base_interfaces_demo:${AMENT_PREFIX_PATH} CMAKE_PREFIX_PATH=/home/zhangjinrui/AppDisk/learn_ros2/ROS2/ws02_plumbing/install/base_interfaces_demo:/home/zhangjinrui/AppDisk/learn_ros2/ROS2/ws01_hello/install/pkg01_hello_cpp:/home/zhangjinrui/ROS2/dev_ws_humble/install/learning_topic_cpp:/home/zhangjinrui/ROS2/dev_ws_humble/install/learning_tf_cpp:/home/zhangjinrui/ROS2/dev_ws_humble/install/learning_service_cpp:/home/zhangjinrui/ROS2/dev_ws_humble/install/learning_pkg_c:/home/zhangjinrui/ROS2/dev_ws_humble/install/learning_parameter_cpp:/home/zhangjinrui/ROS2/dev_ws_humble/install/learning_node_cpp:/home/zhangjinrui/ROS2/dev_ws_humble/install/learning_action_cpp:/home/zhangjinrui/ROS2/dev_ws_humble/install/learning_interface:/home/zhangjinrui/AppDisk/learn_ros2/ROS2/ws01_hello/install/pkg02_hello_py:/home/zhangjinrui/ROS2/dev_ws_humble/install/learning_urdf:/home/zhangjinrui/ROS2/dev_ws_humble/install/learning_topic:/home/zhangjinrui/ROS2/dev_ws_humble/install/learning_tf:/home/zhangjinrui/ROS2/dev_ws_humble/install/learning_service:/home/zhangjinrui/ROS2/dev_ws_humble/install/learning_qos:/home/zhangjinrui/ROS2/dev_ws_humble/install/learning_pkg_python:/home/zhangjinrui/ROS2/dev_ws_humble/install/learning_parameter:/home/zhangjinrui/ROS2/dev_ws_humble/install/learning_node:/home/zhangjinrui/ROS2/dev_ws_humble/install/learning_launch:/home/zhangjinrui/ROS2/dev_ws_humble/install/learning_action:/home/zhangjinrui/ROS2/dev_ws_humble/install/learning_gazebo_harmonic:/home/zhangjinrui/ROS2/dev_ws_humble/install/learning_gazebo:/home/zhangjinrui/ROS2/dev_ws_humble/install/learning_cv:/opt/ros/humble LD_LIBRARY_PATH=/home/zhangjinrui/AppDisk/learn_ros2/ROS2/ws02_plumbing/install/base_interfaces_demo/lib:/usr/lib/x86_64-linux-gnu:/home/zhangjinrui/ROS2/dev_ws_humble/install/learning_interface/lib:/opt/ros/humble/opt/rviz_ogre_vendor/lib:/opt/ros/humble/lib/x86_64-linux-gnu:/opt/ros/humble/lib:/usr/lib/x86_64-linux-gnu PYTHONPATH=/home/zhangjinrui/AppDisk/learn_ros2/ROS2/ws02_plumbing/install/base_interfaces_demo/lib/python3.13/site-packages:${PYTHONPATH} /usr/local/bin/cmake --build /home/zhangjinrui/AppDisk/learn_ros2/ROS2/ws02_plumbing/build/cpp02_service -- -j24 -l24
[3.006s] Invoking command in '/home/zhangjinrui/AppDisk/learn_ros2/ROS2/ws02_plumbing/build/cpp02_service': AMENT_PREFIX_PATH=/home/zhangjinrui/AppDisk/learn_ros2/ROS2/ws02_plumbing/install/base_interfaces_demo:${AMENT_PREFIX_PATH} CMAKE_PREFIX_PATH=/home/zhangjinrui/AppDisk/learn_ros2/ROS2/ws02_plumbing/install/base_interfaces_demo:/home/zhangjinrui/AppDisk/learn_ros2/ROS2/ws01_hello/install/pkg01_hello_cpp:/home/zhangjinrui/ROS2/dev_ws_humble/install/learning_topic_cpp:/home/zhangjinrui/ROS2/dev_ws_humble/install/learning_tf_cpp:/home/zhangjinrui/ROS2/dev_ws_humble/install/learning_service_cpp:/home/zhangjinrui/ROS2/dev_ws_humble/install/learning_pkg_c:/home/zhangjinrui/ROS2/dev_ws_humble/install/learning_parameter_cpp:/home/zhangjinrui/ROS2/dev_ws_humble/install/learning_node_cpp:/home/zhangjinrui/ROS2/dev_ws_humble/install/learning_action_cpp:/home/zhangjinrui/ROS2/dev_ws_humble/install/learning_interface:/home/zhangjinrui/AppDisk/learn_ros2/ROS2/ws01_hello/install/pkg02_hello_py:/home/zhangjinrui/ROS2/dev_ws_humble/install/learning_urdf:/home/zhangjinrui/ROS2/dev_ws_humble/install/learning_topic:/home/zhangjinrui/ROS2/dev_ws_humble/install/learning_tf:/home/zhangjinrui/ROS2/dev_ws_humble/install/learning_service:/home/zhangjinrui/ROS2/dev_ws_humble/install/learning_qos:/home/zhangjinrui/ROS2/dev_ws_humble/install/learning_pkg_python:/home/zhangjinrui/ROS2/dev_ws_humble/install/learning_parameter:/home/zhangjinrui/ROS2/dev_ws_humble/install/learning_node:/home/zhangjinrui/ROS2/dev_ws_humble/install/learning_launch:/home/zhangjinrui/ROS2/dev_ws_humble/install/learning_action:/home/zhangjinrui/ROS2/dev_ws_humble/install/learning_gazebo_harmonic:/home/zhangjinrui/ROS2/dev_ws_humble/install/learning_gazebo:/home/zhangjinrui/ROS2/dev_ws_humble/install/learning_cv:/opt/ros/humble LD_LIBRARY_PATH=/home/zhangjinrui/AppDisk/learn_ros2/ROS2/ws02_plumbing/install/base_interfaces_demo/lib:/usr/lib/x86_64-linux-gnu:/home/zhangjinrui/ROS2/dev_ws_humble/install/learning_interface/lib:/opt/ros/humble/opt/rviz_ogre_vendor/lib:/opt/ros/humble/lib/x86_64-linux-gnu:/opt/ros/humble/lib:/usr/lib/x86_64-linux-gnu PYTHONPATH=/home/zhangjinrui/AppDisk/learn_ros2/ROS2/ws02_plumbing/install/base_interfaces_demo/lib/python3.13/site-packages:${PYTHONPATH} /usr/local/bin/cmake --install /home/zhangjinrui/AppDisk/learn_ros2/ROS2/ws02_plumbing/build/cpp02_service
[3.008s] -- Install configuration: ""
[3.008s] -- Installing: /home/zhangjinrui/AppDisk/learn_ros2/ROS2/ws02_plumbing/install/cpp02_service/lib/cpp02_service/demo01_service
[3.008s] -- Set runtime path of "/home/zhangjinrui/AppDisk/learn_ros2/ROS2/ws02_plumbing/install/cpp02_service/lib/cpp02_service/demo01_service" to ""
[3.008s] -- Installing: /home/zhangjinrui/AppDisk/learn_ros2/ROS2/ws02_plumbing/install/cpp02_service/lib/cpp02_service/demo02_client
[3.009s] -- Set runtime path of "/home/zhangjinrui/AppDisk/learn_ros2/ROS2/ws02_plumbing/install/cpp02_service/lib/cpp02_service/demo02_client" to ""
[3.009s] -- Installing: /home/zhangjinrui/AppDisk/learn_ros2/ROS2/ws02_plumbing/install/cpp02_service/share/ament_index/resource_index/package_run_dependencies/cpp02_service
[3.009s] -- Installing: /home/zhangjinrui/AppDisk/learn_ros2/ROS2/ws02_plumbing/install/cpp02_service/share/ament_index/resource_index/parent_prefix_path/cpp02_service
[3.009s] -- Installing: /home/zhangjinrui/AppDisk/learn_ros2/ROS2/ws02_plumbing/install/cpp02_service/share/cpp02_service/environment/ament_prefix_path.sh
[3.009s] -- Installing: /home/zhangjinrui/AppDisk/learn_ros2/ROS2/ws02_plumbing/install/cpp02_service/share/cpp02_service/environment/ament_prefix_path.dsv
[3.009s] -- Installing: /home/zhangjinrui/AppDisk/learn_ros2/ROS2/ws02_plumbing/install/cpp02_service/share/cpp02_service/environment/path.sh
[3.010s] -- Installing: /home/zhangjinrui/AppDisk/learn_ros2/ROS2/ws02_plumbing/install/cpp02_service/share/cpp02_service/environment/path.dsv
[3.010s] -- Installing: /home/zhangjinrui/AppDisk/learn_ros2/ROS2/ws02_plumbing/install/cpp02_service/share/cpp02_service/local_setup.bash
[3.010s] -- Installing: /home/zhangjinrui/AppDisk/learn_ros2/ROS2/ws02_plumbing/install/cpp02_service/share/cpp02_service/local_setup.sh
[3.010s] -- Installing: /home/zhangjinrui/AppDisk/learn_ros2/ROS2/ws02_plumbing/install/cpp02_service/share/cpp02_service/local_setup.zsh
[3.010s] -- Installing: /home/zhangjinrui/AppDisk/learn_ros2/ROS2/ws02_plumbing/install/cpp02_service/share/cpp02_service/local_setup.dsv
[3.010s] -- Installing: /home/zhangjinrui/AppDisk/learn_ros2/ROS2/ws02_plumbing/install/cpp02_service/share/cpp02_service/package.dsv
[3.010s] -- Installing: /home/zhangjinrui/AppDisk/learn_ros2/ROS2/ws02_plumbing/install/cpp02_service/share/ament_index/resource_index/packages/cpp02_service
[3.010s] -- Installing: /home/zhangjinrui/AppDisk/learn_ros2/ROS2/ws02_plumbing/install/cpp02_service/share/cpp02_service/cmake/cpp02_serviceConfig.cmake
[3.010s] -- Installing: /home/zhangjinrui/AppDisk/learn_ros2/ROS2/ws02_plumbing/install/cpp02_service/share/cpp02_service/cmake/cpp02_serviceConfig-version.cmake
[3.010s] -- Installing: /home/zhangjinrui/AppDisk/learn_ros2/ROS2/ws02_plumbing/install/cpp02_service/share/cpp02_service/package.xml
[3.011s] Invoked command in '/home/zhangjinrui/AppDisk/learn_ros2/ROS2/ws02_plumbing/build/cpp02_service' returned '0': AMENT_PREFIX_PATH=/home/zhangjinrui/AppDisk/learn_ros2/ROS2/ws02_plumbing/install/base_interfaces_demo:${AMENT_PREFIX_PATH} CMAKE_PREFIX_PATH=/home/zhangjinrui/AppDisk/learn_ros2/ROS2/ws02_plumbing/install/base_interfaces_demo:/home/zhangjinrui/AppDisk/learn_ros2/ROS2/ws01_hello/install/pkg01_hello_cpp:/home/zhangjinrui/ROS2/dev_ws_humble/install/learning_topic_cpp:/home/zhangjinrui/ROS2/dev_ws_humble/install/learning_tf_cpp:/home/zhangjinrui/ROS2/dev_ws_humble/install/learning_service_cpp:/home/zhangjinrui/ROS2/dev_ws_humble/install/learning_pkg_c:/home/zhangjinrui/ROS2/dev_ws_humble/install/learning_parameter_cpp:/home/zhangjinrui/ROS2/dev_ws_humble/install/learning_node_cpp:/home/zhangjinrui/ROS2/dev_ws_humble/install/learning_action_cpp:/home/zhangjinrui/ROS2/dev_ws_humble/install/learning_interface:/home/zhangjinrui/AppDisk/learn_ros2/ROS2/ws01_hello/install/pkg02_hello_py:/home/zhangjinrui/ROS2/dev_ws_humble/install/learning_urdf:/home/zhangjinrui/ROS2/dev_ws_humble/install/learning_topic:/home/zhangjinrui/ROS2/dev_ws_humble/install/learning_tf:/home/zhangjinrui/ROS2/dev_ws_humble/install/learning_service:/home/zhangjinrui/ROS2/dev_ws_humble/install/learning_qos:/home/zhangjinrui/ROS2/dev_ws_humble/install/learning_pkg_python:/home/zhangjinrui/ROS2/dev_ws_humble/install/learning_parameter:/home/zhangjinrui/ROS2/dev_ws_humble/install/learning_node:/home/zhangjinrui/ROS2/dev_ws_humble/install/learning_launch:/home/zhangjinrui/ROS2/dev_ws_humble/install/learning_action:/home/zhangjinrui/ROS2/dev_ws_humble/install/learning_gazebo_harmonic:/home/zhangjinrui/ROS2/dev_ws_humble/install/learning_gazebo:/home/zhangjinrui/ROS2/dev_ws_humble/install/learning_cv:/opt/ros/humble LD_LIBRARY_PATH=/home/zhangjinrui/AppDisk/learn_ros2/ROS2/ws02_plumbing/install/base_interfaces_demo/lib:/usr/lib/x86_64-linux-gnu:/home/zhangjinrui/ROS2/dev_ws_humble/install/learning_interface/lib:/opt/ros/humble/opt/rviz_ogre_vendor/lib:/opt/ros/humble/lib/x86_64-linux-gnu:/opt/ros/humble/lib:/usr/lib/x86_64-linux-gnu PYTHONPATH=/home/zhangjinrui/AppDisk/learn_ros2/ROS2/ws02_plumbing/install/base_interfaces_demo/lib/python3.13/site-packages:${PYTHONPATH} /usr/local/bin/cmake --install /home/zhangjinrui/AppDisk/learn_ros2/ROS2/ws02_plumbing/build/cpp02_service
