[0.006s] Invoking command in '/home/zhangjinrui/AppDisk/learn_ros2/ROS2/ws04_tools/build/cpp01_launch': CMAKE_PREFIX_PATH=${CMAKE_PREFIX_PATH}:/home/zhangjinrui/AppDisk/learn_ros2/ROS2/ws02_plumbing/install/py05_names:/home/zhangjinrui/AppDisk/learn_ros2/ROS2/ws02_plumbing/install/py04_param:/home/zhangjinrui/AppDisk/learn_ros2/ROS2/ws02_plumbing/install/py03_action:/home/zhangjinrui/AppDisk/learn_ros2/ROS2/ws02_plumbing/install/py02_service:/home/zhangjinrui/AppDisk/learn_ros2/ROS2/ws02_plumbing/install/py01_topic:/home/zhangjinrui/AppDisk/learn_ros2/ROS2/ws01_hello/install/pkg02_hello_py:/home/zhangjinrui/ROS2/dev_ws_humble/install/learning_urdf:/home/zhangjinrui/ROS2/dev_ws_humble/install/learning_topic:/home/zhangjinrui/ROS2/dev_ws_humble/install/learning_tf:/home/zhangjinrui/ROS2/dev_ws_humble/install/learning_service:/home/zhangjinrui/ROS2/dev_ws_humble/install/learning_qos:/home/zhangjinrui/ROS2/dev_ws_humble/install/learning_pkg_python:/home/zhangjinrui/ROS2/dev_ws_humble/install/learning_parameter:/home/zhangjinrui/ROS2/dev_ws_humble/install/learning_node:/home/zhangjinrui/ROS2/dev_ws_humble/install/learning_launch:/home/zhangjinrui/ROS2/dev_ws_humble/install/learning_action:/home/zhangjinrui/ROS2/dev_ws_humble/install/learning_gazebo_harmonic:/home/zhangjinrui/ROS2/dev_ws_humble/install/learning_gazebo:/home/zhangjinrui/ROS2/dev_ws_humble/install/learning_cv:/opt/ros/humble /usr/local/bin/cmake /home/zhangjinrui/AppDisk/learn_ros2/ROS2/ws04_tools/src/cpp01_launch -DCMAKE_INSTALL_PREFIX=/home/zhangjinrui/AppDisk/learn_ros2/ROS2/ws04_tools/install/cpp01_launch
[0.037s] -- The C compiler identification is GNU 11.4.0
[0.068s] -- The CXX compiler identification is GNU 11.4.0
[0.073s] -- Detecting C compiler ABI info
[0.105s] -- Detecting C compiler ABI info - done
[0.109s] -- Check for working C compiler: /usr/bin/cc - skipped
[0.110s] -- Detecting C compile features
[0.110s] -- Detecting C compile features - done
[0.112s] -- Detecting CXX compiler ABI info
[0.150s] -- Detecting CXX compiler ABI info - done
[0.155s] -- Check for working CXX compiler: /usr/bin/c++ - skipped
[0.155s] -- Detecting CXX compile features
[0.155s] -- Detecting CXX compile features - done
[0.158s] -- Found ament_cmake: 1.3.12 (/opt/ros/humble/share/ament_cmake/cmake)
[0.353s] -- Found Python3: /home/zhangjinrui/AppDisk/anaconda3/bin/python3 (found version "3.13.5") found components: Interpreter 
[0.441s] -- Found rclcpp: 16.0.14 (/opt/ros/humble/share/rclcpp/cmake)
[0.485s] -- Found rosidl_generator_c: 3.1.7 (/opt/ros/humble/share/rosidl_generator_c/cmake)
[0.491s] -- Found rosidl_adapter: 3.1.7 (/opt/ros/humble/share/rosidl_adapter/cmake)
[0.500s] -- Found rosidl_generator_cpp: 3.1.7 (/opt/ros/humble/share/rosidl_generator_cpp/cmake)
[0.510s] -- Using all available rosidl_typesupport_c: rosidl_typesupport_fastrtps_c;rosidl_typesupport_introspection_c
[0.525s] -- Using all available rosidl_typesupport_cpp: rosidl_typesupport_fastrtps_cpp;rosidl_typesupport_introspection_cpp
[0.567s] -- Found rmw_implementation_cmake: 6.1.2 (/opt/ros/humble/share/rmw_implementation_cmake/cmake)
[0.571s] -- Found rmw_fastrtps_cpp: 6.2.8 (/opt/ros/humble/share/rmw_fastrtps_cpp/cmake)
[0.635s] -- Found OpenSSL: /usr/lib/x86_64-linux-gnu/libcrypto.so (found version "3.0.2")  
[0.656s] -- Found FastRTPS: /opt/ros/humble/include  
[0.688s] -- Using RMW implementation 'rmw_fastrtps_cpp' as default
[0.698s] -- Performing Test CMAKE_HAVE_LIBC_PTHREAD
[0.736s] -- Performing Test CMAKE_HAVE_LIBC_PTHREAD - Success
[0.737s] -- Found Threads: TRUE  
[0.773s] -- Found ament_lint_auto: 0.12.14 (/opt/ros/humble/share/ament_lint_auto/cmake)
[0.847s] -- Added test 'flake8' to check Python code syntax and style conventions
[0.848s] -- Added test 'lint_cmake' to check CMake code style
[0.849s] -- Added test 'pep257' to check Python code against some of the docstring style conventions in PEP 257
[0.850s] -- Added test 'xmllint' to check XML markup files
[0.852s] -- Configuring done
[0.855s] -- Generating done
[0.856s] -- Build files have been written to: /home/zhangjinrui/AppDisk/learn_ros2/ROS2/ws04_tools/build/cpp01_launch
[0.861s] Invoked command in '/home/zhangjinrui/AppDisk/learn_ros2/ROS2/ws04_tools/build/cpp01_launch' returned '0': CMAKE_PREFIX_PATH=${CMAKE_PREFIX_PATH}:/home/zhangjinrui/AppDisk/learn_ros2/ROS2/ws02_plumbing/install/py05_names:/home/zhangjinrui/AppDisk/learn_ros2/ROS2/ws02_plumbing/install/py04_param:/home/zhangjinrui/AppDisk/learn_ros2/ROS2/ws02_plumbing/install/py03_action:/home/zhangjinrui/AppDisk/learn_ros2/ROS2/ws02_plumbing/install/py02_service:/home/zhangjinrui/AppDisk/learn_ros2/ROS2/ws02_plumbing/install/py01_topic:/home/zhangjinrui/AppDisk/learn_ros2/ROS2/ws01_hello/install/pkg02_hello_py:/home/zhangjinrui/ROS2/dev_ws_humble/install/learning_urdf:/home/zhangjinrui/ROS2/dev_ws_humble/install/learning_topic:/home/zhangjinrui/ROS2/dev_ws_humble/install/learning_tf:/home/zhangjinrui/ROS2/dev_ws_humble/install/learning_service:/home/zhangjinrui/ROS2/dev_ws_humble/install/learning_qos:/home/zhangjinrui/ROS2/dev_ws_humble/install/learning_pkg_python:/home/zhangjinrui/ROS2/dev_ws_humble/install/learning_parameter:/home/zhangjinrui/ROS2/dev_ws_humble/install/learning_node:/home/zhangjinrui/ROS2/dev_ws_humble/install/learning_launch:/home/zhangjinrui/ROS2/dev_ws_humble/install/learning_action:/home/zhangjinrui/ROS2/dev_ws_humble/install/learning_gazebo_harmonic:/home/zhangjinrui/ROS2/dev_ws_humble/install/learning_gazebo:/home/zhangjinrui/ROS2/dev_ws_humble/install/learning_cv:/opt/ros/humble /usr/local/bin/cmake /home/zhangjinrui/AppDisk/learn_ros2/ROS2/ws04_tools/src/cpp01_launch -DCMAKE_INSTALL_PREFIX=/home/zhangjinrui/AppDisk/learn_ros2/ROS2/ws04_tools/install/cpp01_launch
[0.862s] Invoking command in '/home/zhangjinrui/AppDisk/learn_ros2/ROS2/ws04_tools/build/cpp01_launch': CMAKE_PREFIX_PATH=${CMAKE_PREFIX_PATH}:/home/zhangjinrui/AppDisk/learn_ros2/ROS2/ws02_plumbing/install/py05_names:/home/zhangjinrui/AppDisk/learn_ros2/ROS2/ws02_plumbing/install/py04_param:/home/zhangjinrui/AppDisk/learn_ros2/ROS2/ws02_plumbing/install/py03_action:/home/zhangjinrui/AppDisk/learn_ros2/ROS2/ws02_plumbing/install/py02_service:/home/zhangjinrui/AppDisk/learn_ros2/ROS2/ws02_plumbing/install/py01_topic:/home/zhangjinrui/AppDisk/learn_ros2/ROS2/ws01_hello/install/pkg02_hello_py:/home/zhangjinrui/ROS2/dev_ws_humble/install/learning_urdf:/home/zhangjinrui/ROS2/dev_ws_humble/install/learning_topic:/home/zhangjinrui/ROS2/dev_ws_humble/install/learning_tf:/home/zhangjinrui/ROS2/dev_ws_humble/install/learning_service:/home/zhangjinrui/ROS2/dev_ws_humble/install/learning_qos:/home/zhangjinrui/ROS2/dev_ws_humble/install/learning_pkg_python:/home/zhangjinrui/ROS2/dev_ws_humble/install/learning_parameter:/home/zhangjinrui/ROS2/dev_ws_humble/install/learning_node:/home/zhangjinrui/ROS2/dev_ws_humble/install/learning_launch:/home/zhangjinrui/ROS2/dev_ws_humble/install/learning_action:/home/zhangjinrui/ROS2/dev_ws_humble/install/learning_gazebo_harmonic:/home/zhangjinrui/ROS2/dev_ws_humble/install/learning_gazebo:/home/zhangjinrui/ROS2/dev_ws_humble/install/learning_cv:/opt/ros/humble /usr/local/bin/cmake --build /home/zhangjinrui/AppDisk/learn_ros2/ROS2/ws04_tools/build/cpp01_launch -- -j24 -l24
[0.875s] Invoked command in '/home/zhangjinrui/AppDisk/learn_ros2/ROS2/ws04_tools/build/cpp01_launch' returned '0': CMAKE_PREFIX_PATH=${CMAKE_PREFIX_PATH}:/home/zhangjinrui/AppDisk/learn_ros2/ROS2/ws02_plumbing/install/py05_names:/home/zhangjinrui/AppDisk/learn_ros2/ROS2/ws02_plumbing/install/py04_param:/home/zhangjinrui/AppDisk/learn_ros2/ROS2/ws02_plumbing/install/py03_action:/home/zhangjinrui/AppDisk/learn_ros2/ROS2/ws02_plumbing/install/py02_service:/home/zhangjinrui/AppDisk/learn_ros2/ROS2/ws02_plumbing/install/py01_topic:/home/zhangjinrui/AppDisk/learn_ros2/ROS2/ws01_hello/install/pkg02_hello_py:/home/zhangjinrui/ROS2/dev_ws_humble/install/learning_urdf:/home/zhangjinrui/ROS2/dev_ws_humble/install/learning_topic:/home/zhangjinrui/ROS2/dev_ws_humble/install/learning_tf:/home/zhangjinrui/ROS2/dev_ws_humble/install/learning_service:/home/zhangjinrui/ROS2/dev_ws_humble/install/learning_qos:/home/zhangjinrui/ROS2/dev_ws_humble/install/learning_pkg_python:/home/zhangjinrui/ROS2/dev_ws_humble/install/learning_parameter:/home/zhangjinrui/ROS2/dev_ws_humble/install/learning_node:/home/zhangjinrui/ROS2/dev_ws_humble/install/learning_launch:/home/zhangjinrui/ROS2/dev_ws_humble/install/learning_action:/home/zhangjinrui/ROS2/dev_ws_humble/install/learning_gazebo_harmonic:/home/zhangjinrui/ROS2/dev_ws_humble/install/learning_gazebo:/home/zhangjinrui/ROS2/dev_ws_humble/install/learning_cv:/opt/ros/humble /usr/local/bin/cmake --build /home/zhangjinrui/AppDisk/learn_ros2/ROS2/ws04_tools/build/cpp01_launch -- -j24 -l24
[0.878s] Invoking command in '/home/zhangjinrui/AppDisk/learn_ros2/ROS2/ws04_tools/build/cpp01_launch': CMAKE_PREFIX_PATH=${CMAKE_PREFIX_PATH}:/home/zhangjinrui/AppDisk/learn_ros2/ROS2/ws02_plumbing/install/py05_names:/home/zhangjinrui/AppDisk/learn_ros2/ROS2/ws02_plumbing/install/py04_param:/home/zhangjinrui/AppDisk/learn_ros2/ROS2/ws02_plumbing/install/py03_action:/home/zhangjinrui/AppDisk/learn_ros2/ROS2/ws02_plumbing/install/py02_service:/home/zhangjinrui/AppDisk/learn_ros2/ROS2/ws02_plumbing/install/py01_topic:/home/zhangjinrui/AppDisk/learn_ros2/ROS2/ws01_hello/install/pkg02_hello_py:/home/zhangjinrui/ROS2/dev_ws_humble/install/learning_urdf:/home/zhangjinrui/ROS2/dev_ws_humble/install/learning_topic:/home/zhangjinrui/ROS2/dev_ws_humble/install/learning_tf:/home/zhangjinrui/ROS2/dev_ws_humble/install/learning_service:/home/zhangjinrui/ROS2/dev_ws_humble/install/learning_qos:/home/zhangjinrui/ROS2/dev_ws_humble/install/learning_pkg_python:/home/zhangjinrui/ROS2/dev_ws_humble/install/learning_parameter:/home/zhangjinrui/ROS2/dev_ws_humble/install/learning_node:/home/zhangjinrui/ROS2/dev_ws_humble/install/learning_launch:/home/zhangjinrui/ROS2/dev_ws_humble/install/learning_action:/home/zhangjinrui/ROS2/dev_ws_humble/install/learning_gazebo_harmonic:/home/zhangjinrui/ROS2/dev_ws_humble/install/learning_gazebo:/home/zhangjinrui/ROS2/dev_ws_humble/install/learning_cv:/opt/ros/humble /usr/local/bin/cmake --install /home/zhangjinrui/AppDisk/learn_ros2/ROS2/ws04_tools/build/cpp01_launch
[0.880s] -- Install configuration: ""
[0.880s] -- Installing: /home/zhangjinrui/AppDisk/learn_ros2/ROS2/ws04_tools/install/cpp01_launch/share/cpp01_launch/launch
[0.880s] -- Installing: /home/zhangjinrui/AppDisk/learn_ros2/ROS2/ws04_tools/install/cpp01_launch/share/cpp01_launch/launch/yaml
[0.880s] -- Installing: /home/zhangjinrui/AppDisk/learn_ros2/ROS2/ws04_tools/install/cpp01_launch/share/cpp01_launch/launch/yaml/yaml03_cmd_launch.yaml
[0.880s] -- Installing: /home/zhangjinrui/AppDisk/learn_ros2/ROS2/ws04_tools/install/cpp01_launch/share/cpp01_launch/launch/yaml/yaml05_include_launch.yaml
[0.880s] -- Installing: /home/zhangjinrui/AppDisk/learn_ros2/ROS2/ws04_tools/install/cpp01_launch/share/cpp01_launch/launch/yaml/yaml04_args_launch.yaml
[0.880s] -- Installing: /home/zhangjinrui/AppDisk/learn_ros2/ROS2/ws04_tools/install/cpp01_launch/share/cpp01_launch/launch/yaml/yaml02_node_launch.yaml
[0.880s] -- Installing: /home/zhangjinrui/AppDisk/learn_ros2/ROS2/ws04_tools/install/cpp01_launch/share/cpp01_launch/launch/yaml/yaml06_group_launch.yaml
[0.880s] -- Installing: /home/zhangjinrui/AppDisk/learn_ros2/ROS2/ws04_tools/install/cpp01_launch/share/cpp01_launch/launch/yaml/yaml01_helloworld_launch.yaml
[0.880s] -- Installing: /home/zhangjinrui/AppDisk/learn_ros2/ROS2/ws04_tools/install/cpp01_launch/share/cpp01_launch/launch/py
[0.880s] -- Installing: /home/zhangjinrui/AppDisk/learn_ros2/ROS2/ws04_tools/install/cpp01_launch/share/cpp01_launch/launch/py/py03_cmd_launch.py
[0.880s] -- Installing: /home/zhangjinrui/AppDisk/learn_ros2/ROS2/ws04_tools/install/cpp01_launch/share/cpp01_launch/launch/py/py04_args_launch.py
[0.880s] -- Installing: /home/zhangjinrui/AppDisk/learn_ros2/ROS2/ws04_tools/install/cpp01_launch/share/cpp01_launch/launch/py/py07_event_launch.py
[0.881s] -- Installing: /home/zhangjinrui/AppDisk/learn_ros2/ROS2/ws04_tools/install/cpp01_launch/share/cpp01_launch/launch/py/py06_group_launch.py
[0.881s] -- Installing: /home/zhangjinrui/AppDisk/learn_ros2/ROS2/ws04_tools/install/cpp01_launch/share/cpp01_launch/launch/py/py05_include_launch.py
[0.881s] -- Installing: /home/zhangjinrui/AppDisk/learn_ros2/ROS2/ws04_tools/install/cpp01_launch/share/cpp01_launch/launch/py/py01_helloworld_launch.py
[0.881s] -- Installing: /home/zhangjinrui/AppDisk/learn_ros2/ROS2/ws04_tools/install/cpp01_launch/share/cpp01_launch/launch/py/py02_node_launch.py
[0.881s] -- Installing: /home/zhangjinrui/AppDisk/learn_ros2/ROS2/ws04_tools/install/cpp01_launch/share/cpp01_launch/launch/xml
[0.881s] -- Installing: /home/zhangjinrui/AppDisk/learn_ros2/ROS2/ws04_tools/install/cpp01_launch/share/cpp01_launch/launch/xml/xml01_helloworld_launch.xml
[0.881s] -- Installing: /home/zhangjinrui/AppDisk/learn_ros2/ROS2/ws04_tools/install/cpp01_launch/share/cpp01_launch/launch/xml/xml04_args_launch.xml
[0.881s] -- Installing: /home/zhangjinrui/AppDisk/learn_ros2/ROS2/ws04_tools/install/cpp01_launch/share/cpp01_launch/launch/xml/xml06_group_launch.xml
[0.881s] -- Installing: /home/zhangjinrui/AppDisk/learn_ros2/ROS2/ws04_tools/install/cpp01_launch/share/cpp01_launch/launch/xml/xml02_node_launch.xml
[0.881s] -- Installing: /home/zhangjinrui/AppDisk/learn_ros2/ROS2/ws04_tools/install/cpp01_launch/share/cpp01_launch/launch/xml/xml03_cmd_launch.xml
[0.881s] -- Installing: /home/zhangjinrui/AppDisk/learn_ros2/ROS2/ws04_tools/install/cpp01_launch/share/cpp01_launch/launch/xml/xml05_include_launch.xml
[0.881s] -- Installing: /home/zhangjinrui/AppDisk/learn_ros2/ROS2/ws04_tools/install/cpp01_launch/share/cpp01_launch/config
[0.881s] -- Installing: /home/zhangjinrui/AppDisk/learn_ros2/ROS2/ws04_tools/install/cpp01_launch/share/cpp01_launch/config/haha.yaml
[0.881s] -- Installing: /home/zhangjinrui/AppDisk/learn_ros2/ROS2/ws04_tools/install/cpp01_launch/share/cpp01_launch/config/xixi.yaml
[0.882s] -- Installing: /home/zhangjinrui/AppDisk/learn_ros2/ROS2/ws04_tools/install/cpp01_launch/share/ament_index/resource_index/package_run_dependencies/cpp01_launch
[0.882s] -- Installing: /home/zhangjinrui/AppDisk/learn_ros2/ROS2/ws04_tools/install/cpp01_launch/share/ament_index/resource_index/parent_prefix_path/cpp01_launch
[0.882s] -- Installing: /home/zhangjinrui/AppDisk/learn_ros2/ROS2/ws04_tools/install/cpp01_launch/share/cpp01_launch/environment/ament_prefix_path.sh
[0.882s] -- Installing: /home/zhangjinrui/AppDisk/learn_ros2/ROS2/ws04_tools/install/cpp01_launch/share/cpp01_launch/environment/ament_prefix_path.dsv
[0.882s] -- Installing: /home/zhangjinrui/AppDisk/learn_ros2/ROS2/ws04_tools/install/cpp01_launch/share/cpp01_launch/environment/path.sh
[0.882s] -- Installing: /home/zhangjinrui/AppDisk/learn_ros2/ROS2/ws04_tools/install/cpp01_launch/share/cpp01_launch/environment/path.dsv
[0.882s] -- Installing: /home/zhangjinrui/AppDisk/learn_ros2/ROS2/ws04_tools/install/cpp01_launch/share/cpp01_launch/local_setup.bash
[0.882s] -- Installing: /home/zhangjinrui/AppDisk/learn_ros2/ROS2/ws04_tools/install/cpp01_launch/share/cpp01_launch/local_setup.sh
[0.882s] -- Installing: /home/zhangjinrui/AppDisk/learn_ros2/ROS2/ws04_tools/install/cpp01_launch/share/cpp01_launch/local_setup.zsh
[0.882s] -- Installing: /home/zhangjinrui/AppDisk/learn_ros2/ROS2/ws04_tools/install/cpp01_launch/share/cpp01_launch/local_setup.dsv
[0.882s] -- Installing: /home/zhangjinrui/AppDisk/learn_ros2/ROS2/ws04_tools/install/cpp01_launch/share/cpp01_launch/package.dsv
[0.883s] -- Installing: /home/zhangjinrui/AppDisk/learn_ros2/ROS2/ws04_tools/install/cpp01_launch/share/ament_index/resource_index/packages/cpp01_launch
[0.883s] -- Installing: /home/zhangjinrui/AppDisk/learn_ros2/ROS2/ws04_tools/install/cpp01_launch/share/cpp01_launch/cmake/cpp01_launchConfig.cmake
[0.883s] -- Installing: /home/zhangjinrui/AppDisk/learn_ros2/ROS2/ws04_tools/install/cpp01_launch/share/cpp01_launch/cmake/cpp01_launchConfig-version.cmake
[0.883s] -- Installing: /home/zhangjinrui/AppDisk/learn_ros2/ROS2/ws04_tools/install/cpp01_launch/share/cpp01_launch/package.xml
[0.884s] Invoked command in '/home/zhangjinrui/AppDisk/learn_ros2/ROS2/ws04_tools/build/cpp01_launch' returned '0': CMAKE_PREFIX_PATH=${CMAKE_PREFIX_PATH}:/home/zhangjinrui/AppDisk/learn_ros2/ROS2/ws02_plumbing/install/py05_names:/home/zhangjinrui/AppDisk/learn_ros2/ROS2/ws02_plumbing/install/py04_param:/home/zhangjinrui/AppDisk/learn_ros2/ROS2/ws02_plumbing/install/py03_action:/home/zhangjinrui/AppDisk/learn_ros2/ROS2/ws02_plumbing/install/py02_service:/home/zhangjinrui/AppDisk/learn_ros2/ROS2/ws02_plumbing/install/py01_topic:/home/zhangjinrui/AppDisk/learn_ros2/ROS2/ws01_hello/install/pkg02_hello_py:/home/zhangjinrui/ROS2/dev_ws_humble/install/learning_urdf:/home/zhangjinrui/ROS2/dev_ws_humble/install/learning_topic:/home/zhangjinrui/ROS2/dev_ws_humble/install/learning_tf:/home/zhangjinrui/ROS2/dev_ws_humble/install/learning_service:/home/zhangjinrui/ROS2/dev_ws_humble/install/learning_qos:/home/zhangjinrui/ROS2/dev_ws_humble/install/learning_pkg_python:/home/zhangjinrui/ROS2/dev_ws_humble/install/learning_parameter:/home/zhangjinrui/ROS2/dev_ws_humble/install/learning_node:/home/zhangjinrui/ROS2/dev_ws_humble/install/learning_launch:/home/zhangjinrui/ROS2/dev_ws_humble/install/learning_action:/home/zhangjinrui/ROS2/dev_ws_humble/install/learning_gazebo_harmonic:/home/zhangjinrui/ROS2/dev_ws_humble/install/learning_gazebo:/home/zhangjinrui/ROS2/dev_ws_humble/install/learning_cv:/opt/ros/humble /usr/local/bin/cmake --install /home/zhangjinrui/AppDisk/learn_ros2/ROS2/ws04_tools/build/cpp01_launch
