[0.010s] Invoking command in '/home/zhangjinrui/AppDisk/learn_ros2/ROS2/ws01_hello/build/pkg01_hello_cpp': CMAKE_PREFIX_PATH=${CMAKE_PREFIX_PATH}:/home/zhangjinrui/AppDisk/learn_ros2/ROS2/ws02_piumbing/install/py01_topic:/opt/ros/humble:/home/zhangjinrui/ROS2/dev_ws_foxy/install/learning_urdf:/home/zhangjinrui/ROS2/dev_ws_foxy/install/learning_topic:/home/zhangjinrui/ROS2/dev_ws_foxy/install/learning_tf:/home/zhangjinrui/ROS2/dev_ws_foxy/install/learning_service:/home/zhangjinrui/ROS2/dev_ws_foxy/install/learning_qos:/home/zhangjinrui/ROS2/dev_ws_foxy/install/learning_pkg_python:/home/zhangjinrui/ROS2/dev_ws_foxy/install/learning_parameter:/home/zhangjinrui/ROS2/dev_ws_foxy/install/learning_node:/home/zhangjinrui/ROS2/dev_ws_foxy/install/learning_launch:/home/zhangjinrui/ROS2/dev_ws_foxy/install/learning_action:/home/zhangjinrui/ROS2/dev_ws_foxy/install/learning_gazebo_harmonic:/home/zhangjinrui/ROS2/dev_ws_foxy/install/learning_gazebo:/home/zhangjinrui/ROS2/dev_ws_foxy/install/learning_cv /usr/bin/cmake /home/zhangjinrui/AppDisk/learn_ros2/ROS2/ws01_hello/src/pkg01_hello_cpp -DCMAKE_INSTALL_PREFIX=/home/zhangjinrui/AppDisk/learn_ros2/ROS2/ws01_hello/install/pkg01_hello_cpp
[0.048s] -- The C compiler identification is GNU 11.4.0
[0.081s] -- The CXX compiler identification is GNU 11.4.0
[0.086s] -- Detecting C compiler ABI info
[0.129s] -- Detecting C compiler ABI info - done
[0.134s] -- Check for working C compiler: /usr/bin/cc - skipped
[0.134s] -- Detecting C compile features
[0.134s] -- Detecting C compile features - done
[0.136s] -- Detecting CXX compiler ABI info
[0.184s] -- Detecting CXX compiler ABI info - done
[0.189s] -- Check for working CXX compiler: /usr/bin/c++ - skipped
[0.189s] -- Detecting CXX compile features
[0.189s] -- Detecting CXX compile features - done
[0.191s] -- Found ament_cmake: 1.3.12 (/opt/ros/humble/share/ament_cmake/cmake)
[0.306s] -- Found Python3: /usr/bin/python3 (found version "3.10.18") found components: Interpreter 
[0.373s] -- Found rclcpp: 16.0.14 (/opt/ros/humble/share/rclcpp/cmake)
[0.404s] -- Found rosidl_generator_c: 3.1.7 (/opt/ros/humble/share/rosidl_generator_c/cmake)
[0.408s] -- Found rosidl_adapter: 3.1.7 (/opt/ros/humble/share/rosidl_adapter/cmake)
[0.414s] -- Found rosidl_generator_cpp: 3.1.7 (/opt/ros/humble/share/rosidl_generator_cpp/cmake)
[0.422s] -- Using all available rosidl_typesupport_c: rosidl_typesupport_fastrtps_c;rosidl_typesupport_introspection_c
[0.432s] -- Using all available rosidl_typesupport_cpp: rosidl_typesupport_fastrtps_cpp;rosidl_typesupport_introspection_cpp
[0.462s] -- Found rmw_implementation_cmake: 6.1.2 (/opt/ros/humble/share/rmw_implementation_cmake/cmake)
[0.464s] -- Found rmw_fastrtps_cpp: 6.2.8 (/opt/ros/humble/share/rmw_fastrtps_cpp/cmake)
[0.529s] -- Found OpenSSL: /usr/lib/x86_64-linux-gnu/libcrypto.so (found version "3.0.2")  
[0.550s] -- Found FastRTPS: /opt/ros/humble/include  
[0.584s] -- Using RMW implementation 'rmw_fastrtps_cpp' as default
[0.592s] -- Looking for pthread.h
[0.639s] -- Looking for pthread.h - found
[0.639s] -- Performing Test CMAKE_HAVE_LIBC_PTHREAD
[0.680s] -- Performing Test CMAKE_HAVE_LIBC_PTHREAD - Success
[0.681s] -- Found Threads: TRUE  
[0.709s] -- Found ament_lint_auto: 0.12.14 (/opt/ros/humble/share/ament_lint_auto/cmake)
[0.767s] -- Added test 'cppcheck' to perform static code analysis on C / C++ code
[0.767s] -- Configured cppcheck include dirs: $<BUILD_INTERFACE:/home/zhangjinrui/AppDisk/learn_ros2/ROS2/ws01_hello/src/pkg01_hello_cpp/include>
[0.767s] -- Configured cppcheck exclude dirs and/or files: 
[0.767s] -- Added test 'lint_cmake' to check CMake code style
[0.768s] -- Added test 'uncrustify' to check C / C++ code style
[0.768s] -- Configured uncrustify additional arguments: 
[0.768s] -- Added test 'xmllint' to check XML markup files
[0.769s] -- Configuring done
[0.773s] -- Generating done
[0.775s] -- Build files have been written to: /home/zhangjinrui/AppDisk/learn_ros2/ROS2/ws01_hello/build/pkg01_hello_cpp
[0.781s] Invoked command in '/home/zhangjinrui/AppDisk/learn_ros2/ROS2/ws01_hello/build/pkg01_hello_cpp' returned '0': CMAKE_PREFIX_PATH=${CMAKE_PREFIX_PATH}:/home/zhangjinrui/AppDisk/learn_ros2/ROS2/ws02_piumbing/install/py01_topic:/opt/ros/humble:/home/zhangjinrui/ROS2/dev_ws_foxy/install/learning_urdf:/home/zhangjinrui/ROS2/dev_ws_foxy/install/learning_topic:/home/zhangjinrui/ROS2/dev_ws_foxy/install/learning_tf:/home/zhangjinrui/ROS2/dev_ws_foxy/install/learning_service:/home/zhangjinrui/ROS2/dev_ws_foxy/install/learning_qos:/home/zhangjinrui/ROS2/dev_ws_foxy/install/learning_pkg_python:/home/zhangjinrui/ROS2/dev_ws_foxy/install/learning_parameter:/home/zhangjinrui/ROS2/dev_ws_foxy/install/learning_node:/home/zhangjinrui/ROS2/dev_ws_foxy/install/learning_launch:/home/zhangjinrui/ROS2/dev_ws_foxy/install/learning_action:/home/zhangjinrui/ROS2/dev_ws_foxy/install/learning_gazebo_harmonic:/home/zhangjinrui/ROS2/dev_ws_foxy/install/learning_gazebo:/home/zhangjinrui/ROS2/dev_ws_foxy/install/learning_cv /usr/bin/cmake /home/zhangjinrui/AppDisk/learn_ros2/ROS2/ws01_hello/src/pkg01_hello_cpp -DCMAKE_INSTALL_PREFIX=/home/zhangjinrui/AppDisk/learn_ros2/ROS2/ws01_hello/install/pkg01_hello_cpp
[0.783s] Invoking command in '/home/zhangjinrui/AppDisk/learn_ros2/ROS2/ws01_hello/build/pkg01_hello_cpp': CMAKE_PREFIX_PATH=${CMAKE_PREFIX_PATH}:/home/zhangjinrui/AppDisk/learn_ros2/ROS2/ws02_piumbing/install/py01_topic:/opt/ros/humble:/home/zhangjinrui/ROS2/dev_ws_foxy/install/learning_urdf:/home/zhangjinrui/ROS2/dev_ws_foxy/install/learning_topic:/home/zhangjinrui/ROS2/dev_ws_foxy/install/learning_tf:/home/zhangjinrui/ROS2/dev_ws_foxy/install/learning_service:/home/zhangjinrui/ROS2/dev_ws_foxy/install/learning_qos:/home/zhangjinrui/ROS2/dev_ws_foxy/install/learning_pkg_python:/home/zhangjinrui/ROS2/dev_ws_foxy/install/learning_parameter:/home/zhangjinrui/ROS2/dev_ws_foxy/install/learning_node:/home/zhangjinrui/ROS2/dev_ws_foxy/install/learning_launch:/home/zhangjinrui/ROS2/dev_ws_foxy/install/learning_action:/home/zhangjinrui/ROS2/dev_ws_foxy/install/learning_gazebo_harmonic:/home/zhangjinrui/ROS2/dev_ws_foxy/install/learning_gazebo:/home/zhangjinrui/ROS2/dev_ws_foxy/install/learning_cv /usr/bin/cmake --build /home/zhangjinrui/AppDisk/learn_ros2/ROS2/ws01_hello/build/pkg01_hello_cpp -- -j24 -l24
[0.810s] [ 50%] [32mBuilding CXX object CMakeFiles/hello.dir/src/hello.cpp.o[0m
[2.110s] [100%] [32m[1mLinking CXX executable hello[0m
[2.161s] [100%] Built target hello
[2.169s] Invoked command in '/home/zhangjinrui/AppDisk/learn_ros2/ROS2/ws01_hello/build/pkg01_hello_cpp' returned '0': CMAKE_PREFIX_PATH=${CMAKE_PREFIX_PATH}:/home/zhangjinrui/AppDisk/learn_ros2/ROS2/ws02_piumbing/install/py01_topic:/opt/ros/humble:/home/zhangjinrui/ROS2/dev_ws_foxy/install/learning_urdf:/home/zhangjinrui/ROS2/dev_ws_foxy/install/learning_topic:/home/zhangjinrui/ROS2/dev_ws_foxy/install/learning_tf:/home/zhangjinrui/ROS2/dev_ws_foxy/install/learning_service:/home/zhangjinrui/ROS2/dev_ws_foxy/install/learning_qos:/home/zhangjinrui/ROS2/dev_ws_foxy/install/learning_pkg_python:/home/zhangjinrui/ROS2/dev_ws_foxy/install/learning_parameter:/home/zhangjinrui/ROS2/dev_ws_foxy/install/learning_node:/home/zhangjinrui/ROS2/dev_ws_foxy/install/learning_launch:/home/zhangjinrui/ROS2/dev_ws_foxy/install/learning_action:/home/zhangjinrui/ROS2/dev_ws_foxy/install/learning_gazebo_harmonic:/home/zhangjinrui/ROS2/dev_ws_foxy/install/learning_gazebo:/home/zhangjinrui/ROS2/dev_ws_foxy/install/learning_cv /usr/bin/cmake --build /home/zhangjinrui/AppDisk/learn_ros2/ROS2/ws01_hello/build/pkg01_hello_cpp -- -j24 -l24
[2.175s] Invoking command in '/home/zhangjinrui/AppDisk/learn_ros2/ROS2/ws01_hello/build/pkg01_hello_cpp': CMAKE_PREFIX_PATH=${CMAKE_PREFIX_PATH}:/home/zhangjinrui/AppDisk/learn_ros2/ROS2/ws02_piumbing/install/py01_topic:/opt/ros/humble:/home/zhangjinrui/ROS2/dev_ws_foxy/install/learning_urdf:/home/zhangjinrui/ROS2/dev_ws_foxy/install/learning_topic:/home/zhangjinrui/ROS2/dev_ws_foxy/install/learning_tf:/home/zhangjinrui/ROS2/dev_ws_foxy/install/learning_service:/home/zhangjinrui/ROS2/dev_ws_foxy/install/learning_qos:/home/zhangjinrui/ROS2/dev_ws_foxy/install/learning_pkg_python:/home/zhangjinrui/ROS2/dev_ws_foxy/install/learning_parameter:/home/zhangjinrui/ROS2/dev_ws_foxy/install/learning_node:/home/zhangjinrui/ROS2/dev_ws_foxy/install/learning_launch:/home/zhangjinrui/ROS2/dev_ws_foxy/install/learning_action:/home/zhangjinrui/ROS2/dev_ws_foxy/install/learning_gazebo_harmonic:/home/zhangjinrui/ROS2/dev_ws_foxy/install/learning_gazebo:/home/zhangjinrui/ROS2/dev_ws_foxy/install/learning_cv /usr/bin/cmake --install /home/zhangjinrui/AppDisk/learn_ros2/ROS2/ws01_hello/build/pkg01_hello_cpp
[2.179s] -- Install configuration: ""
[2.179s] -- Installing: /home/zhangjinrui/AppDisk/learn_ros2/ROS2/ws01_hello/install/pkg01_hello_cpp/lib/pkg01_hello_cpp/hello
[2.179s] -- Set runtime path of "/home/zhangjinrui/AppDisk/learn_ros2/ROS2/ws01_hello/install/pkg01_hello_cpp/lib/pkg01_hello_cpp/hello" to ""
[2.179s] -- Installing: /home/zhangjinrui/AppDisk/learn_ros2/ROS2/ws01_hello/install/pkg01_hello_cpp/share/ament_index/resource_index/package_run_dependencies/pkg01_hello_cpp
[2.179s] -- Installing: /home/zhangjinrui/AppDisk/learn_ros2/ROS2/ws01_hello/install/pkg01_hello_cpp/share/ament_index/resource_index/parent_prefix_path/pkg01_hello_cpp
[2.179s] -- Installing: /home/zhangjinrui/AppDisk/learn_ros2/ROS2/ws01_hello/install/pkg01_hello_cpp/share/pkg01_hello_cpp/environment/ament_prefix_path.sh
[2.179s] -- Installing: /home/zhangjinrui/AppDisk/learn_ros2/ROS2/ws01_hello/install/pkg01_hello_cpp/share/pkg01_hello_cpp/environment/ament_prefix_path.dsv
[2.180s] -- Installing: /home/zhangjinrui/AppDisk/learn_ros2/ROS2/ws01_hello/install/pkg01_hello_cpp/share/pkg01_hello_cpp/environment/path.sh
[2.180s] -- Installing: /home/zhangjinrui/AppDisk/learn_ros2/ROS2/ws01_hello/install/pkg01_hello_cpp/share/pkg01_hello_cpp/environment/path.dsv
[2.180s] -- Installing: /home/zhangjinrui/AppDisk/learn_ros2/ROS2/ws01_hello/install/pkg01_hello_cpp/share/pkg01_hello_cpp/local_setup.bash
[2.180s] -- Installing: /home/zhangjinrui/AppDisk/learn_ros2/ROS2/ws01_hello/install/pkg01_hello_cpp/share/pkg01_hello_cpp/local_setup.sh
[2.180s] -- Installing: /home/zhangjinrui/AppDisk/learn_ros2/ROS2/ws01_hello/install/pkg01_hello_cpp/share/pkg01_hello_cpp/local_setup.zsh
[2.180s] -- Installing: /home/zhangjinrui/AppDisk/learn_ros2/ROS2/ws01_hello/install/pkg01_hello_cpp/share/pkg01_hello_cpp/local_setup.dsv
[2.180s] -- Installing: /home/zhangjinrui/AppDisk/learn_ros2/ROS2/ws01_hello/install/pkg01_hello_cpp/share/pkg01_hello_cpp/package.dsv
[2.180s] -- Installing: /home/zhangjinrui/AppDisk/learn_ros2/ROS2/ws01_hello/install/pkg01_hello_cpp/share/ament_index/resource_index/packages/pkg01_hello_cpp
[2.180s] -- Installing: /home/zhangjinrui/AppDisk/learn_ros2/ROS2/ws01_hello/install/pkg01_hello_cpp/share/pkg01_hello_cpp/cmake/pkg01_hello_cppConfig.cmake
[2.180s] -- Installing: /home/zhangjinrui/AppDisk/learn_ros2/ROS2/ws01_hello/install/pkg01_hello_cpp/share/pkg01_hello_cpp/cmake/pkg01_hello_cppConfig-version.cmake
[2.180s] -- Installing: /home/zhangjinrui/AppDisk/learn_ros2/ROS2/ws01_hello/install/pkg01_hello_cpp/share/pkg01_hello_cpp/package.xml
[2.181s] Invoked command in '/home/zhangjinrui/AppDisk/learn_ros2/ROS2/ws01_hello/build/pkg01_hello_cpp' returned '0': CMAKE_PREFIX_PATH=${CMAKE_PREFIX_PATH}:/home/zhangjinrui/AppDisk/learn_ros2/ROS2/ws02_piumbing/install/py01_topic:/opt/ros/humble:/home/zhangjinrui/ROS2/dev_ws_foxy/install/learning_urdf:/home/zhangjinrui/ROS2/dev_ws_foxy/install/learning_topic:/home/zhangjinrui/ROS2/dev_ws_foxy/install/learning_tf:/home/zhangjinrui/ROS2/dev_ws_foxy/install/learning_service:/home/zhangjinrui/ROS2/dev_ws_foxy/install/learning_qos:/home/zhangjinrui/ROS2/dev_ws_foxy/install/learning_pkg_python:/home/zhangjinrui/ROS2/dev_ws_foxy/install/learning_parameter:/home/zhangjinrui/ROS2/dev_ws_foxy/install/learning_node:/home/zhangjinrui/ROS2/dev_ws_foxy/install/learning_launch:/home/zhangjinrui/ROS2/dev_ws_foxy/install/learning_action:/home/zhangjinrui/ROS2/dev_ws_foxy/install/learning_gazebo_harmonic:/home/zhangjinrui/ROS2/dev_ws_foxy/install/learning_gazebo:/home/zhangjinrui/ROS2/dev_ws_foxy/install/learning_cv /usr/bin/cmake --install /home/zhangjinrui/AppDisk/learn_ros2/ROS2/ws01_hello/build/pkg01_hello_cpp
