/home/zhangjinrui/AppDisk/learn_ros2/ROS2/ws02_piumbing/install/py01_topic/lib/python3.10/site-packages/py01_topic/demo03_talker_stu.py
/home/zhangjinrui/AppDisk/learn_ros2/ROS2/ws02_piumbing/install/py01_topic/lib/python3.10/site-packages/py01_topic/demo04_listener_stu.py
/home/zhangjinrui/AppDisk/learn_ros2/ROS2/ws02_piumbing/install/py01_topic/lib/python3.10/site-packages/py01_topic/demo01_talker_py.py
/home/zhangjinrui/AppDisk/learn_ros2/ROS2/ws02_piumbing/install/py01_topic/lib/python3.10/site-packages/py01_topic/__init__.py
/home/zhangjinrui/AppDisk/learn_ros2/ROS2/ws02_piumbing/install/py01_topic/lib/python3.10/site-packages/py01_topic/demo02_listener_py.py
/home/zhangjinrui/AppDisk/learn_ros2/ROS2/ws02_piumbing/install/py01_topic/lib/python3.10/site-packages/py01_topic/__pycache__/demo03_talker_stu.cpython-310.pyc
/home/zhangjinrui/AppDisk/learn_ros2/ROS2/ws02_piumbing/install/py01_topic/lib/python3.10/site-packages/py01_topic/__pycache__/demo04_listener_stu.cpython-310.pyc
/home/zhangjinrui/AppDisk/learn_ros2/ROS2/ws02_piumbing/install/py01_topic/lib/python3.10/site-packages/py01_topic/__pycache__/demo01_talker_py.cpython-310.pyc
/home/zhangjinrui/AppDisk/learn_ros2/ROS2/ws02_piumbing/install/py01_topic/lib/python3.10/site-packages/py01_topic/__pycache__/__init__.cpython-310.pyc
/home/zhangjinrui/AppDisk/learn_ros2/ROS2/ws02_piumbing/install/py01_topic/lib/python3.10/site-packages/py01_topic/__pycache__/demo02_listener_py.cpython-310.pyc
/home/zhangjinrui/AppDisk/learn_ros2/ROS2/ws02_piumbing/install/py01_topic/share/ament_index/resource_index/packages/py01_topic
/home/zhangjinrui/AppDisk/learn_ros2/ROS2/ws02_piumbing/install/py01_topic/share/py01_topic/package.xml
/home/zhangjinrui/AppDisk/learn_ros2/ROS2/ws02_piumbing/install/py01_topic/lib/python3.10/site-packages/py01_topic-0.0.0-py3.10.egg-info/zip-safe
/home/zhangjinrui/AppDisk/learn_ros2/ROS2/ws02_piumbing/install/py01_topic/lib/python3.10/site-packages/py01_topic-0.0.0-py3.10.egg-info/entry_points.txt
/home/zhangjinrui/AppDisk/learn_ros2/ROS2/ws02_piumbing/install/py01_topic/lib/python3.10/site-packages/py01_topic-0.0.0-py3.10.egg-info/requires.txt
/home/zhangjinrui/AppDisk/learn_ros2/ROS2/ws02_piumbing/install/py01_topic/lib/python3.10/site-packages/py01_topic-0.0.0-py3.10.egg-info/top_level.txt
/home/zhangjinrui/AppDisk/learn_ros2/ROS2/ws02_piumbing/install/py01_topic/lib/python3.10/site-packages/py01_topic-0.0.0-py3.10.egg-info/SOURCES.txt
/home/zhangjinrui/AppDisk/learn_ros2/ROS2/ws02_piumbing/install/py01_topic/lib/python3.10/site-packages/py01_topic-0.0.0-py3.10.egg-info/PKG-INFO
/home/zhangjinrui/AppDisk/learn_ros2/ROS2/ws02_piumbing/install/py01_topic/lib/python3.10/site-packages/py01_topic-0.0.0-py3.10.egg-info/dependency_links.txt
/home/zhangjinrui/AppDisk/learn_ros2/ROS2/ws02_piumbing/install/py01_topic/lib/py01_topic/demo01_talker_py
/home/zhangjinrui/AppDisk/learn_ros2/ROS2/ws02_piumbing/install/py01_topic/lib/py01_topic/demo02_listener_py
/home/zhangjinrui/AppDisk/learn_ros2/ROS2/ws02_piumbing/install/py01_topic/lib/py01_topic/demo03_talker_stu
/home/zhangjinrui/AppDisk/learn_ros2/ROS2/ws02_piumbing/install/py01_topic/lib/py01_topic/demo04_listener_stu
