[ 50%] Built target exer04_action_server
[100%] Built target exer05_action_client
-- Install configuration: ""
-- Up-to-date: /home/zhangjinrui/AppDisk/learn_ros2/ROS2/ws03_exercise/install/cpp03_action_exercise/lib/cpp03_action_exercise/exer04_action_server
-- Up-to-date: /home/zhangjinrui/AppDisk/learn_ros2/ROS2/ws03_exercise/install/cpp03_action_exercise/lib/cpp03_action_exercise/exer05_action_client
-- Up-to-date: /home/zhangjinrui/AppDisk/learn_ros2/ROS2/ws03_exercise/install/cpp03_action_exercise/share/cpp03_action_exercise/launch
-- Up-to-date: /home/zhangjinrui/AppDisk/learn_ros2/ROS2/ws03_exercise/install/cpp03_action_exercise/share/cpp03_action_exercise/launch/exer04_server_launch.py
-- Up-to-date: /home/zhangjinrui/AppDisk/learn_ros2/ROS2/ws03_exercise/install/cpp03_action_exercise/share/cpp03_action_exercise/launch/exer05_client_launch.py
-- Up-to-date: /home/zhangjinrui/AppDisk/learn_ros2/ROS2/ws03_exercise/install/cpp03_action_exercise/share/ament_index/resource_index/package_run_dependencies/cpp03_action_exercise
-- Up-to-date: /home/zhangjinrui/AppDisk/learn_ros2/ROS2/ws03_exercise/install/cpp03_action_exercise/share/ament_index/resource_index/parent_prefix_path/cpp03_action_exercise
-- Up-to-date: /home/zhangjinrui/AppDisk/learn_ros2/ROS2/ws03_exercise/install/cpp03_action_exercise/share/cpp03_action_exercise/environment/ament_prefix_path.sh
-- Up-to-date: /home/zhangjinrui/AppDisk/learn_ros2/ROS2/ws03_exercise/install/cpp03_action_exercise/share/cpp03_action_exercise/environment/ament_prefix_path.dsv
-- Up-to-date: /home/zhangjinrui/AppDisk/learn_ros2/ROS2/ws03_exercise/install/cpp03_action_exercise/share/cpp03_action_exercise/environment/path.sh
-- Up-to-date: /home/zhangjinrui/AppDisk/learn_ros2/ROS2/ws03_exercise/install/cpp03_action_exercise/share/cpp03_action_exercise/environment/path.dsv
-- Up-to-date: /home/zhangjinrui/AppDisk/learn_ros2/ROS2/ws03_exercise/install/cpp03_action_exercise/share/cpp03_action_exercise/local_setup.bash
-- Up-to-date: /home/zhangjinrui/AppDisk/learn_ros2/ROS2/ws03_exercise/install/cpp03_action_exercise/share/cpp03_action_exercise/local_setup.sh
-- Up-to-date: /home/zhangjinrui/AppDisk/learn_ros2/ROS2/ws03_exercise/install/cpp03_action_exercise/share/cpp03_action_exercise/local_setup.zsh
-- Up-to-date: /home/zhangjinrui/AppDisk/learn_ros2/ROS2/ws03_exercise/install/cpp03_action_exercise/share/cpp03_action_exercise/local_setup.dsv
-- Installing: /home/zhangjinrui/AppDisk/learn_ros2/ROS2/ws03_exercise/install/cpp03_action_exercise/share/cpp03_action_exercise/package.dsv
-- Up-to-date: /home/zhangjinrui/AppDisk/learn_ros2/ROS2/ws03_exercise/install/cpp03_action_exercise/share/ament_index/resource_index/packages/cpp03_action_exercise
-- Up-to-date: /home/zhangjinrui/AppDisk/learn_ros2/ROS2/ws03_exercise/install/cpp03_action_exercise/share/cpp03_action_exercise/cmake/cpp03_action_exerciseConfig.cmake
-- Up-to-date: /home/zhangjinrui/AppDisk/learn_ros2/ROS2/ws03_exercise/install/cpp03_action_exercise/share/cpp03_action_exercise/cmake/cpp03_action_exerciseConfig-version.cmake
-- Up-to-date: /home/zhangjinrui/AppDisk/learn_ros2/ROS2/ws03_exercise/install/cpp03_action_exercise/share/cpp03_action_exercise/package.xml
