[35m[1mConsolidate compiler generated dependencies of target demo02_action_client[0m
[ 25%] [32mBuilding CXX object CMakeFiles/demo01_action_service.dir/src/demo01_action_service.cpp.o[0m
[ 75%] Built target demo02_action_client
In file included from [01m[K/opt/ros/humble/include/rclcpp/rclcpp/logging.hpp:24[m[K,
                 from [01m[K/opt/ros/humble/include/rclcpp/rclcpp/client.hpp:40[m[K,
                 from [01m[K/opt/ros/humble/include/rclcpp/rclcpp/callback_group.hpp:24[m[K,
                 from [01m[K/opt/ros/humble/include/rclcpp/rclcpp/any_executable.hpp:20[m[K,
                 from [01m[K/opt/ros/humble/include/rclcpp/rclcpp/memory_strategy.hpp:25[m[K,
                 from [01m[K/opt/ros/humble/include/rclcpp/rclcpp/memory_strategies.hpp:18[m[K,
                 from [01m[K/opt/ros/humble/include/rclcpp/rclcpp/executor_options.hpp:20[m[K,
                 from [01m[K/opt/ros/humble/include/rclcpp/rclcpp/executor.hpp:37[m[K,
                 from [01m[K/opt/ros/humble/include/rclcpp/rclcpp/executors/multi_threaded_executor.hpp:25[m[K,
                 from [01m[K/opt/ros/humble/include/rclcpp/rclcpp/executors.hpp:21[m[K,
                 from [01m[K/opt/ros/humble/include/rclcpp/rclcpp/rclcpp.hpp:155[m[K,
                 from [01m[K/home/zhangjinrui/AppDisk/learn_ros2/ROS2/ws02_piumbing/src/cpp03_action/src/demo01_action_service.cpp:17[m[K:
[01m[K/home/zhangjinrui/AppDisk/learn_ros2/ROS2/ws02_piumbing/src/cpp03_action/src/demo01_action_service.cpp:[m[K In member function ‘[01m[Krclcpp_action::GoalResponse Mynode::handle_goal(const GoalUUID&, std::shared_ptr<const base_interfaces_demo::action::Progress_Goal_<std::allocator<void> > >)[m[K’:
[01m[K/home/zhangjinrui/AppDisk/learn_ros2/ROS2/ws02_piumbing/src/cpp03_action/src/demo01_action_service.cpp:70:37:[m[K [01;35m[Kwarning: [m[Kformat ‘[01m[K%ld[m[K’ expects argument of type ‘[01m[Klong int[m[K’, but argument 5 has type ‘[01m[Kint[m[K’ [[01;35m[K]8;;https://gcc.gnu.org/onlinedocs/gcc/Warning-Options.html#index-Wformat=-Wformat=]8;;[m[K]
   70 | RCLCPP_INFO(this->get_logger(), [01;35m[K"接收到动作客户端请求，请求数字为 %ld"[m[K, [32m[Kgoal->num[m[K);
      |                                 [01;35m[K^~~~~~~~~~~~~~~~~~~~~~~~~~~~~~~~~~~~~~[m[K  [32m[K~~~~~~~~~[m[K
      |                                                                               [32m[K|[m[K
      |                                                                               [32m[Kint[m[K

[01m[K/home/zhangjinrui/AppDisk/learn_ros2/ROS2/ws02_piumbing/src/cpp03_action/src/demo01_action_service.cpp:70:73:[m[K [01;36m[Knote: [m[Kformat string is defined here
   70 |  到动作客户端请求，请求数字为 [01;36m[K%ld[m[K", goal->num);
      |                               [01;36m[K~~^[m[K
      |                                 [01;36m[K|[m[K
      |                                 [01;36m[Klong int[m[K
      |                               [32m[K%d[m[K
[100%] [32m[1mLinking CXX executable demo01_action_service[0m
[100%] Built target demo01_action_service
-- Install configuration: ""
-- Installing: /home/zhangjinrui/AppDisk/learn_ros2/ROS2/ws02_piumbing/install/cpp03_action/lib/cpp03_action/demo01_action_service
-- Set runtime path of "/home/zhangjinrui/AppDisk/learn_ros2/ROS2/ws02_piumbing/install/cpp03_action/lib/cpp03_action/demo01_action_service" to ""
-- Up-to-date: /home/zhangjinrui/AppDisk/learn_ros2/ROS2/ws02_piumbing/install/cpp03_action/lib/cpp03_action/demo02_action_client
-- Up-to-date: /home/zhangjinrui/AppDisk/learn_ros2/ROS2/ws02_piumbing/install/cpp03_action/share/ament_index/resource_index/package_run_dependencies/cpp03_action
-- Up-to-date: /home/zhangjinrui/AppDisk/learn_ros2/ROS2/ws02_piumbing/install/cpp03_action/share/ament_index/resource_index/parent_prefix_path/cpp03_action
-- Up-to-date: /home/zhangjinrui/AppDisk/learn_ros2/ROS2/ws02_piumbing/install/cpp03_action/share/cpp03_action/environment/ament_prefix_path.sh
-- Up-to-date: /home/zhangjinrui/AppDisk/learn_ros2/ROS2/ws02_piumbing/install/cpp03_action/share/cpp03_action/environment/ament_prefix_path.dsv
-- Up-to-date: /home/zhangjinrui/AppDisk/learn_ros2/ROS2/ws02_piumbing/install/cpp03_action/share/cpp03_action/environment/path.sh
-- Up-to-date: /home/zhangjinrui/AppDisk/learn_ros2/ROS2/ws02_piumbing/install/cpp03_action/share/cpp03_action/environment/path.dsv
-- Up-to-date: /home/zhangjinrui/AppDisk/learn_ros2/ROS2/ws02_piumbing/install/cpp03_action/share/cpp03_action/local_setup.bash
-- Up-to-date: /home/zhangjinrui/AppDisk/learn_ros2/ROS2/ws02_piumbing/install/cpp03_action/share/cpp03_action/local_setup.sh
-- Up-to-date: /home/zhangjinrui/AppDisk/learn_ros2/ROS2/ws02_piumbing/install/cpp03_action/share/cpp03_action/local_setup.zsh
-- Up-to-date: /home/zhangjinrui/AppDisk/learn_ros2/ROS2/ws02_piumbing/install/cpp03_action/share/cpp03_action/local_setup.dsv
-- Installing: /home/zhangjinrui/AppDisk/learn_ros2/ROS2/ws02_piumbing/install/cpp03_action/share/cpp03_action/package.dsv
-- Up-to-date: /home/zhangjinrui/AppDisk/learn_ros2/ROS2/ws02_piumbing/install/cpp03_action/share/ament_index/resource_index/packages/cpp03_action
-- Up-to-date: /home/zhangjinrui/AppDisk/learn_ros2/ROS2/ws02_piumbing/install/cpp03_action/share/cpp03_action/cmake/cpp03_actionConfig.cmake
-- Up-to-date: /home/zhangjinrui/AppDisk/learn_ros2/ROS2/ws02_piumbing/install/cpp03_action/share/cpp03_action/cmake/cpp03_actionConfig-version.cmake
-- Up-to-date: /home/zhangjinrui/AppDisk/learn_ros2/ROS2/ws02_piumbing/install/cpp03_action/share/cpp03_action/package.xml
