-- The C compiler identification is GNU 11.4.0
-- The CXX compiler identification is GNU 11.4.0
-- Detecting C compiler ABI info
-- Detecting C compiler ABI info - done
-- Check for working C compiler: /usr/bin/cc - skipped
-- Detecting C compile features
-- Detecting C compile features - done
-- Detecting CXX compiler ABI info
-- Detecting CXX compiler ABI info - done
-- Check for working CXX compiler: /usr/bin/c++ - skipped
-- Detecting CXX compile features
-- Detecting CXX compile features - done
-- Found ament_cmake: 1.3.12 (/opt/ros/humble/share/ament_cmake/cmake)
-- Found Python3: /usr/bin/python3 (found version "3.10.18") found components: Interpreter 
-- Found rclcpp: 16.0.14 (/opt/ros/humble/share/rclcpp/cmake)
-- Found rosidl_generator_c: 3.1.7 (/opt/ros/humble/share/rosidl_generator_c/cmake)
-- Found rosidl_adapter: 3.1.7 (/opt/ros/humble/share/rosidl_adapter/cmake)
-- Found rosidl_generator_cpp: 3.1.7 (/opt/ros/humble/share/rosidl_generator_cpp/cmake)
-- Using all available rosidl_typesupport_c: rosidl_typesupport_fastrtps_c;rosidl_typesupport_introspection_c
-- Using all available rosidl_typesupport_cpp: rosidl_typesupport_fastrtps_cpp;rosidl_typesupport_introspection_cpp
-- Found rmw_implementation_cmake: 6.1.2 (/opt/ros/humble/share/rmw_implementation_cmake/cmake)
-- Found rmw_fastrtps_cpp: 6.2.8 (/opt/ros/humble/share/rmw_fastrtps_cpp/cmake)
-- Found OpenSSL: /usr/lib/x86_64-linux-gnu/libcrypto.so (found version "3.0.2")  
-- Found FastRTPS: /opt/ros/humble/include  
-- Using RMW implementation 'rmw_fastrtps_cpp' as default
-- Looking for pthread.h
-- Looking for pthread.h - found
-- Performing Test CMAKE_HAVE_LIBC_PTHREAD
-- Performing Test CMAKE_HAVE_LIBC_PTHREAD - Success
-- Found Threads: TRUE  
-- Found base_interfaces_demo: 0.0.0 (/home/zhangjinrui/AppDisk/learn_ros2/ROS2/ws02_piumbing/install/base_interfaces_demo/share/base_interfaces_demo/cmake)
-- Found ament_lint_auto: 0.12.14 (/opt/ros/humble/share/ament_lint_auto/cmake)
-- Added test 'cppcheck' to perform static code analysis on C / C++ code
-- Configured cppcheck include dirs: $<BUILD_INTERFACE:/home/zhangjinrui/AppDisk/learn_ros2/ROS2/ws02_piumbing/src/cpp02_service/include>
-- Configured cppcheck exclude dirs and/or files: 
-- Added test 'lint_cmake' to check CMake code style
-- Added test 'uncrustify' to check C / C++ code style
-- Configured uncrustify additional arguments: 
-- Added test 'xmllint' to check XML markup files
-- Configuring done
-- Generating done
-- Build files have been written to: /home/zhangjinrui/AppDisk/learn_ros2/ROS2/ws02_piumbing/build/cpp02_service
[ 25%] [32mBuilding CXX object CMakeFiles/demo01_service.dir/src/demo01_service.cpp.o[0m
[ 50%] [32mBuilding CXX object CMakeFiles/demo02_client.dir/src/demo02_client.cpp.o[0m
In file included from [01m[K/opt/ros/humble/include/rclcpp/rclcpp/logging.hpp:24[m[K,
                 from [01m[K/opt/ros/humble/include/rclcpp/rclcpp/client.hpp:40[m[K,
                 from [01m[K/opt/ros/humble/include/rclcpp/rclcpp/callback_group.hpp:24[m[K,
                 from [01m[K/opt/ros/humble/include/rclcpp/rclcpp/any_executable.hpp:20[m[K,
                 from [01m[K/opt/ros/humble/include/rclcpp/rclcpp/memory_strategy.hpp:25[m[K,
                 from [01m[K/opt/ros/humble/include/rclcpp/rclcpp/memory_strategies.hpp:18[m[K,
                 from [01m[K/opt/ros/humble/include/rclcpp/rclcpp/executor_options.hpp:20[m[K,
                 from [01m[K/opt/ros/humble/include/rclcpp/rclcpp/executor.hpp:37[m[K,
                 from [01m[K/opt/ros/humble/include/rclcpp/rclcpp/executors/multi_threaded_executor.hpp:25[m[K,
                 from [01m[K/opt/ros/humble/include/rclcpp/rclcpp/executors.hpp:21[m[K,
                 from [01m[K/opt/ros/humble/include/rclcpp/rclcpp/rclcpp.hpp:155[m[K,
                 from [01m[K/home/zhangjinrui/AppDisk/learn_ros2/ROS2/ws02_piumbing/src/cpp02_service/src/demo01_service.cpp:2[m[K:
[01m[K/home/zhangjinrui/AppDisk/learn_ros2/ROS2/ws02_piumbing/src/cpp02_service/src/demo01_service.cpp:[m[K In member function ‘[01m[Kvoid ServiceAdd::Add_callback(base_interfaces_demo::srv::AddInts_Request_<std::allocator<void> >::SharedPtr, base_interfaces_demo::srv::AddInts_Response_<std::allocator<void> >::SharedPtr)[m[K’:
[01m[K/home/zhangjinrui/AppDisk/learn_ros2/ROS2/ws02_piumbing/src/cpp02_service/src/demo01_service.cpp:27:36:[m[K [01;35m[Kwarning: [m[Ktoo many arguments for format [[01;35m[K]8;;https://gcc.gnu.org/onlinedocs/gcc/Warning-Options.html#index-Wformat-extra-args-Wformat-extra-args]8;;[m[K]
   27 |    RCLCPP_INFO(this->get_logger(),[01;35m[K"请求数据：(%d,%d,%d),响应结果：(sum,average)=(%d,%d)"[m[K,
      |                                   [01;35m[K^~~~~~~~~~~~~~~~~~~~~~~~~~~~~~~~~~~~~~~~~~~~~~~~~~~~~~[m[K

[ 75%] [32m[1mLinking CXX executable demo01_service[0m
[100%] [32m[1mLinking CXX executable demo02_client[0m
[100%] Built target demo01_service
[100%] Built target demo02_client
-- Install configuration: ""
-- Installing: /home/zhangjinrui/AppDisk/learn_ros2/ROS2/ws02_piumbing/install/cpp02_service/lib/cpp02_service/demo01_service
-- Set runtime path of "/home/zhangjinrui/AppDisk/learn_ros2/ROS2/ws02_piumbing/install/cpp02_service/lib/cpp02_service/demo01_service" to ""
-- Installing: /home/zhangjinrui/AppDisk/learn_ros2/ROS2/ws02_piumbing/install/cpp02_service/lib/cpp02_service/demo02_client
-- Set runtime path of "/home/zhangjinrui/AppDisk/learn_ros2/ROS2/ws02_piumbing/install/cpp02_service/lib/cpp02_service/demo02_client" to ""
-- Installing: /home/zhangjinrui/AppDisk/learn_ros2/ROS2/ws02_piumbing/install/cpp02_service/share/ament_index/resource_index/package_run_dependencies/cpp02_service
-- Installing: /home/zhangjinrui/AppDisk/learn_ros2/ROS2/ws02_piumbing/install/cpp02_service/share/ament_index/resource_index/parent_prefix_path/cpp02_service
-- Installing: /home/zhangjinrui/AppDisk/learn_ros2/ROS2/ws02_piumbing/install/cpp02_service/share/cpp02_service/environment/ament_prefix_path.sh
-- Installing: /home/zhangjinrui/AppDisk/learn_ros2/ROS2/ws02_piumbing/install/cpp02_service/share/cpp02_service/environment/ament_prefix_path.dsv
-- Installing: /home/zhangjinrui/AppDisk/learn_ros2/ROS2/ws02_piumbing/install/cpp02_service/share/cpp02_service/environment/path.sh
-- Installing: /home/zhangjinrui/AppDisk/learn_ros2/ROS2/ws02_piumbing/install/cpp02_service/share/cpp02_service/environment/path.dsv
-- Installing: /home/zhangjinrui/AppDisk/learn_ros2/ROS2/ws02_piumbing/install/cpp02_service/share/cpp02_service/local_setup.bash
-- Installing: /home/zhangjinrui/AppDisk/learn_ros2/ROS2/ws02_piumbing/install/cpp02_service/share/cpp02_service/local_setup.sh
-- Installing: /home/zhangjinrui/AppDisk/learn_ros2/ROS2/ws02_piumbing/install/cpp02_service/share/cpp02_service/local_setup.zsh
-- Installing: /home/zhangjinrui/AppDisk/learn_ros2/ROS2/ws02_piumbing/install/cpp02_service/share/cpp02_service/local_setup.dsv
-- Installing: /home/zhangjinrui/AppDisk/learn_ros2/ROS2/ws02_piumbing/install/cpp02_service/share/cpp02_service/package.dsv
-- Installing: /home/zhangjinrui/AppDisk/learn_ros2/ROS2/ws02_piumbing/install/cpp02_service/share/ament_index/resource_index/packages/cpp02_service
-- Installing: /home/zhangjinrui/AppDisk/learn_ros2/ROS2/ws02_piumbing/install/cpp02_service/share/cpp02_service/cmake/cpp02_serviceConfig.cmake
-- Installing: /home/zhangjinrui/AppDisk/learn_ros2/ROS2/ws02_piumbing/install/cpp02_service/share/cpp02_service/cmake/cpp02_serviceConfig-version.cmake
-- Installing: /home/zhangjinrui/AppDisk/learn_ros2/ROS2/ws02_piumbing/install/cpp02_service/share/cpp02_service/package.xml
