[0.006s] Invoking command in '/home/ubuntu/my_code/learn_ros2/ROS2/ws02_piumbing/build/cpp01_topic': CMAKE_PREFIX_PATH=/home/ubuntu/my_code/learn_ros2/ROS2/ws02_piumbing/install/base_interfaces_demo:/home/ubuntu/my_code/learn_ros2/ROS2/ws02_piumbing/install/cpp01_topic:/home/ubuntu/my_code/learn_ros2/ROS2/ws01_hello/install/pkg01_hello_cpp:/home/ubuntu/my_code/learn_ros2/ROS2/ws02_piumbing/install/py01_topic:/home/ubuntu/my_code/learn_ros2/ROS2/ws01_hello/install/pkg02_hello_py:/opt/ros/humble /usr/bin/cmake --build /home/ubuntu/my_code/learn_ros2/ROS2/ws02_piumbing/build/cpp01_topic -- -j20 -l20
[0.017s] -- Found ament_cmake: 1.3.12 (/opt/ros/humble/share/ament_cmake/cmake)
[0.087s] -- Found rclcpp: 16.0.14 (/opt/ros/humble/share/rclcpp/cmake)
[0.101s] -- Found rosidl_generator_c: 3.1.7 (/opt/ros/humble/share/rosidl_generator_c/cmake)
[0.102s] -- Found rosidl_adapter: 3.1.7 (/opt/ros/humble/share/rosidl_adapter/cmake)
[0.105s] -- Found rosidl_generator_cpp: 3.1.7 (/opt/ros/humble/share/rosidl_generator_cpp/cmake)
[0.110s] -- Using all available rosidl_typesupport_c: rosidl_typesupport_fastrtps_c;rosidl_typesupport_introspection_c
[0.116s] -- Using all available rosidl_typesupport_cpp: rosidl_typesupport_fastrtps_cpp;rosidl_typesupport_introspection_cpp
[0.132s] -- Found rmw_implementation_cmake: 6.1.2 (/opt/ros/humble/share/rmw_implementation_cmake/cmake)
[0.133s] -- Found rmw_fastrtps_cpp: 6.2.8 (/opt/ros/humble/share/rmw_fastrtps_cpp/cmake)
[0.187s] -- Using RMW implementation 'rmw_fastrtps_cpp' as default
[0.211s] -- Found base_interfaces_demo: 0.0.0 (/home/ubuntu/my_code/learn_ros2/ROS2/ws02_piumbing/install/base_interfaces_demo/share/base_interfaces_demo/cmake)
[0.212s] -- Found ament_lint_auto: 0.12.14 (/opt/ros/humble/share/ament_lint_auto/cmake)
[0.248s] -- Added test 'cppcheck' to perform static code analysis on C / C++ code
[0.248s] -- Configured cppcheck include dirs: $<BUILD_INTERFACE:/home/ubuntu/my_code/learn_ros2/ROS2/ws02_piumbing/src/cpp01_topic/include>
[0.248s] -- Configured cppcheck exclude dirs and/or files: 
[0.248s] -- Added test 'lint_cmake' to check CMake code style
[0.248s] -- Added test 'uncrustify' to check C / C++ code style
[0.248s] -- Configured uncrustify additional arguments: 
[0.248s] -- Added test 'xmllint' to check XML markup files
[0.249s] -- Configuring done
[0.254s] -- Generating done
[0.256s] -- Build files have been written to: /home/ubuntu/my_code/learn_ros2/ROS2/ws02_piumbing/build/cpp01_topic
[0.274s] [35m[1mConsolidate compiler generated dependencies of target demo01_talker_cpp[0m
[0.278s] [ 25%] [32mBuilding CXX object CMakeFiles/demo02_listener_cpp.dir/src/demo02_listener_cpp.cpp.o[0m
[0.285s] [ 50%] [32mBuilding CXX object CMakeFiles/demo01_talker_cpp.dir/src/demo01_talker_cpp.cpp.o[0m
[2.379s] [ 75%] [32m[1mLinking CXX executable demo01_talker_cpp[0m
[2.475s] [ 75%] Built target demo01_talker_cpp
[4.207s] [100%] [32m[1mLinking CXX executable demo02_listener_cpp[0m
[4.385s] [100%] Built target demo02_listener_cpp
[4.391s] Invoked command in '/home/ubuntu/my_code/learn_ros2/ROS2/ws02_piumbing/build/cpp01_topic' returned '0': CMAKE_PREFIX_PATH=/home/ubuntu/my_code/learn_ros2/ROS2/ws02_piumbing/install/base_interfaces_demo:/home/ubuntu/my_code/learn_ros2/ROS2/ws02_piumbing/install/cpp01_topic:/home/ubuntu/my_code/learn_ros2/ROS2/ws01_hello/install/pkg01_hello_cpp:/home/ubuntu/my_code/learn_ros2/ROS2/ws02_piumbing/install/py01_topic:/home/ubuntu/my_code/learn_ros2/ROS2/ws01_hello/install/pkg02_hello_py:/opt/ros/humble /usr/bin/cmake --build /home/ubuntu/my_code/learn_ros2/ROS2/ws02_piumbing/build/cpp01_topic -- -j20 -l20
[4.392s] Invoking command in '/home/ubuntu/my_code/learn_ros2/ROS2/ws02_piumbing/build/cpp01_topic': CMAKE_PREFIX_PATH=/home/ubuntu/my_code/learn_ros2/ROS2/ws02_piumbing/install/base_interfaces_demo:/home/ubuntu/my_code/learn_ros2/ROS2/ws02_piumbing/install/cpp01_topic:/home/ubuntu/my_code/learn_ros2/ROS2/ws01_hello/install/pkg01_hello_cpp:/home/ubuntu/my_code/learn_ros2/ROS2/ws02_piumbing/install/py01_topic:/home/ubuntu/my_code/learn_ros2/ROS2/ws01_hello/install/pkg02_hello_py:/opt/ros/humble /usr/bin/cmake --install /home/ubuntu/my_code/learn_ros2/ROS2/ws02_piumbing/build/cpp01_topic
[4.396s] -- Install configuration: ""
[4.396s] -- Installing: /home/ubuntu/my_code/learn_ros2/ROS2/ws02_piumbing/install/cpp01_topic/lib/cpp01_topic/demo01_talker_cpp
[4.396s] -- Set runtime path of "/home/ubuntu/my_code/learn_ros2/ROS2/ws02_piumbing/install/cpp01_topic/lib/cpp01_topic/demo01_talker_cpp" to ""
[4.396s] -- Installing: /home/ubuntu/my_code/learn_ros2/ROS2/ws02_piumbing/install/cpp01_topic/lib/cpp01_topic/demo02_listener_cpp
[4.398s] -- Set runtime path of "/home/ubuntu/my_code/learn_ros2/ROS2/ws02_piumbing/install/cpp01_topic/lib/cpp01_topic/demo02_listener_cpp" to ""
[4.398s] -- Up-to-date: /home/ubuntu/my_code/learn_ros2/ROS2/ws02_piumbing/install/cpp01_topic/share/ament_index/resource_index/package_run_dependencies/cpp01_topic
[4.398s] -- Installing: /home/ubuntu/my_code/learn_ros2/ROS2/ws02_piumbing/install/cpp01_topic/share/ament_index/resource_index/parent_prefix_path/cpp01_topic
[4.398s] -- Up-to-date: /home/ubuntu/my_code/learn_ros2/ROS2/ws02_piumbing/install/cpp01_topic/share/cpp01_topic/environment/ament_prefix_path.sh
[4.398s] -- Installing: /home/ubuntu/my_code/learn_ros2/ROS2/ws02_piumbing/install/cpp01_topic/share/cpp01_topic/environment/ament_prefix_path.dsv
[4.398s] -- Up-to-date: /home/ubuntu/my_code/learn_ros2/ROS2/ws02_piumbing/install/cpp01_topic/share/cpp01_topic/environment/path.sh
[4.398s] -- Installing: /home/ubuntu/my_code/learn_ros2/ROS2/ws02_piumbing/install/cpp01_topic/share/cpp01_topic/environment/path.dsv
[4.398s] -- Up-to-date: /home/ubuntu/my_code/learn_ros2/ROS2/ws02_piumbing/install/cpp01_topic/share/cpp01_topic/local_setup.bash
[4.398s] -- Up-to-date: /home/ubuntu/my_code/learn_ros2/ROS2/ws02_piumbing/install/cpp01_topic/share/cpp01_topic/local_setup.sh
[4.398s] -- Up-to-date: /home/ubuntu/my_code/learn_ros2/ROS2/ws02_piumbing/install/cpp01_topic/share/cpp01_topic/local_setup.zsh
[4.398s] -- Installing: /home/ubuntu/my_code/learn_ros2/ROS2/ws02_piumbing/install/cpp01_topic/share/cpp01_topic/local_setup.dsv
[4.398s] -- Installing: /home/ubuntu/my_code/learn_ros2/ROS2/ws02_piumbing/install/cpp01_topic/share/cpp01_topic/package.dsv
[4.398s] -- Up-to-date: /home/ubuntu/my_code/learn_ros2/ROS2/ws02_piumbing/install/cpp01_topic/share/ament_index/resource_index/packages/cpp01_topic
[4.398s] -- Up-to-date: /home/ubuntu/my_code/learn_ros2/ROS2/ws02_piumbing/install/cpp01_topic/share/cpp01_topic/cmake/cpp01_topicConfig.cmake
[4.398s] -- Up-to-date: /home/ubuntu/my_code/learn_ros2/ROS2/ws02_piumbing/install/cpp01_topic/share/cpp01_topic/cmake/cpp01_topicConfig-version.cmake
[4.398s] -- Up-to-date: /home/ubuntu/my_code/learn_ros2/ROS2/ws02_piumbing/install/cpp01_topic/share/cpp01_topic/package.xml
[4.399s] Invoked command in '/home/ubuntu/my_code/learn_ros2/ROS2/ws02_piumbing/build/cpp01_topic' returned '0': CMAKE_PREFIX_PATH=/home/ubuntu/my_code/learn_ros2/ROS2/ws02_piumbing/install/base_interfaces_demo:/home/ubuntu/my_code/learn_ros2/ROS2/ws02_piumbing/install/cpp01_topic:/home/ubuntu/my_code/learn_ros2/ROS2/ws01_hello/install/pkg01_hello_cpp:/home/ubuntu/my_code/learn_ros2/ROS2/ws02_piumbing/install/py01_topic:/home/ubuntu/my_code/learn_ros2/ROS2/ws01_hello/install/pkg02_hello_py:/opt/ros/humble /usr/bin/cmake --install /home/ubuntu/my_code/learn_ros2/ROS2/ws02_piumbing/build/cpp01_topic
