[0.050s] DEBUG:colcon:Command line arguments: ['/usr/bin/colcon', 'build']
[0.050s] DEBUG:colcon:Parsed command line arguments: Namespace(log_base=None, log_level=None, verb_name='build', build_base='build', install_base='install', merge_install=False, symlink_install=False, test_result_base=None, continue_on_error=False, executor='parallel', parallel_workers=20, event_handlers=None, ignore_user_meta=False, metas=['./colcon.meta'], base_paths=['.'], packages_ignore=None, packages_ignore_regex=None, paths=None, packages_up_to=None, packages_up_to_regex=None, packages_above=None, packages_above_and_dependencies=None, packages_above_depth=None, packages_select_by_dep=None, packages_skip_by_dep=None, packages_skip_up_to=None, packages_select_build_failed=False, packages_skip_build_finished=False, packages_select_test_failures=False, packages_skip_test_passed=False, packages_select=None, packages_skip=None, packages_select_regex=None, packages_skip_regex=None, packages_start=None, packages_end=None, allow_overriding=[], cmake_args=None, cmake_target=None, cmake_target_skip_unavailable=False, cmake_clean_cache=False, cmake_clean_first=False, cmake_force_configure=False, ament_cmake_args=None, catkin_cmake_args=None, catkin_skip_building_tests=False, verb_parser=<colcon_defaults.argument_parser.defaults.DefaultArgumentsDecorator object at 0x72bae6d9bac0>, verb_extension=<colcon_core.verb.build.BuildVerb object at 0x72bae6d9aaa0>, main=<bound method BuildVerb.main of <colcon_core.verb.build.BuildVerb object at 0x72bae6d9aaa0>>)
[0.122s] Level 1:colcon.colcon_core.package_discovery:discover_packages(colcon_meta) check parameters
[0.122s] Level 1:colcon.colcon_core.package_discovery:discover_packages(recursive) check parameters
[0.122s] Level 1:colcon.colcon_core.package_discovery:discover_packages(ignore) check parameters
[0.122s] Level 1:colcon.colcon_core.package_discovery:discover_packages(path) check parameters
[0.122s] Level 1:colcon.colcon_core.package_discovery:discover_packages(colcon_meta) discover
[0.122s] Level 1:colcon.colcon_core.package_discovery:discover_packages(recursive) discover
[0.122s] INFO:colcon.colcon_core.package_discovery:Crawling recursively for packages in '/home/ubuntu/my_code/learn_ros2/ROS2/ws02_piumbing'
[0.122s] Level 1:colcon.colcon_core.package_identification:_identify(.) by extensions ['ignore', 'ignore_ament_install']
[0.122s] Level 1:colcon.colcon_core.package_identification:_identify(.) by extension 'ignore'
[0.122s] Level 1:colcon.colcon_core.package_identification:_identify(.) by extension 'ignore_ament_install'
[0.122s] Level 1:colcon.colcon_core.package_identification:_identify(.) by extensions ['colcon_pkg']
[0.122s] Level 1:colcon.colcon_core.package_identification:_identify(.) by extension 'colcon_pkg'
[0.122s] Level 1:colcon.colcon_core.package_identification:_identify(.) by extensions ['colcon_meta']
[0.122s] Level 1:colcon.colcon_core.package_identification:_identify(.) by extension 'colcon_meta'
[0.122s] Level 1:colcon.colcon_core.package_identification:_identify(.) by extensions ['ros']
[0.122s] Level 1:colcon.colcon_core.package_identification:_identify(.) by extension 'ros'
[0.129s] Level 1:colcon.colcon_core.package_identification:_identify(.) by extensions ['cmake', 'python']
[0.129s] Level 1:colcon.colcon_core.package_identification:_identify(.) by extension 'cmake'
[0.129s] Level 1:colcon.colcon_core.package_identification:_identify(.) by extension 'python'
[0.129s] Level 1:colcon.colcon_core.package_identification:_identify(.) by extensions ['python_setup_py']
[0.129s] Level 1:colcon.colcon_core.package_identification:_identify(.) by extension 'python_setup_py'
[0.129s] Level 1:colcon.colcon_core.package_identification:_identify(build) by extensions ['ignore', 'ignore_ament_install']
[0.129s] Level 1:colcon.colcon_core.package_identification:_identify(build) by extension 'ignore'
[0.129s] Level 1:colcon.colcon_core.package_identification:_identify(build) ignored
[0.129s] Level 1:colcon.colcon_core.package_identification:_identify(install) by extensions ['ignore', 'ignore_ament_install']
[0.129s] Level 1:colcon.colcon_core.package_identification:_identify(install) by extension 'ignore'
[0.129s] Level 1:colcon.colcon_core.package_identification:_identify(install) ignored
[0.129s] Level 1:colcon.colcon_core.package_identification:_identify(log) by extensions ['ignore', 'ignore_ament_install']
[0.129s] Level 1:colcon.colcon_core.package_identification:_identify(log) by extension 'ignore'
[0.130s] Level 1:colcon.colcon_core.package_identification:_identify(log) ignored
[0.130s] Level 1:colcon.colcon_core.package_identification:_identify(src) by extensions ['ignore', 'ignore_ament_install']
[0.130s] Level 1:colcon.colcon_core.package_identification:_identify(src) by extension 'ignore'
[0.130s] Level 1:colcon.colcon_core.package_identification:_identify(src) by extension 'ignore_ament_install'
[0.130s] Level 1:colcon.colcon_core.package_identification:_identify(src) by extensions ['colcon_pkg']
[0.130s] Level 1:colcon.colcon_core.package_identification:_identify(src) by extension 'colcon_pkg'
[0.130s] Level 1:colcon.colcon_core.package_identification:_identify(src) by extensions ['colcon_meta']
[0.130s] Level 1:colcon.colcon_core.package_identification:_identify(src) by extension 'colcon_meta'
[0.130s] Level 1:colcon.colcon_core.package_identification:_identify(src) by extensions ['ros']
[0.130s] Level 1:colcon.colcon_core.package_identification:_identify(src) by extension 'ros'
[0.130s] Level 1:colcon.colcon_core.package_identification:_identify(src) by extensions ['cmake', 'python']
[0.130s] Level 1:colcon.colcon_core.package_identification:_identify(src) by extension 'cmake'
[0.130s] Level 1:colcon.colcon_core.package_identification:_identify(src) by extension 'python'
[0.130s] Level 1:colcon.colcon_core.package_identification:_identify(src) by extensions ['python_setup_py']
[0.130s] Level 1:colcon.colcon_core.package_identification:_identify(src) by extension 'python_setup_py'
[0.130s] Level 1:colcon.colcon_core.package_identification:_identify(src/base_interfaces_demo) by extensions ['ignore', 'ignore_ament_install']
[0.130s] Level 1:colcon.colcon_core.package_identification:_identify(src/base_interfaces_demo) by extension 'ignore'
[0.130s] Level 1:colcon.colcon_core.package_identification:_identify(src/base_interfaces_demo) by extension 'ignore_ament_install'
[0.130s] Level 1:colcon.colcon_core.package_identification:_identify(src/base_interfaces_demo) by extensions ['colcon_pkg']
[0.130s] Level 1:colcon.colcon_core.package_identification:_identify(src/base_interfaces_demo) by extension 'colcon_pkg'
[0.130s] Level 1:colcon.colcon_core.package_identification:_identify(src/base_interfaces_demo) by extensions ['colcon_meta']
[0.130s] Level 1:colcon.colcon_core.package_identification:_identify(src/base_interfaces_demo) by extension 'colcon_meta'
[0.130s] Level 1:colcon.colcon_core.package_identification:_identify(src/base_interfaces_demo) by extensions ['ros']
[0.130s] Level 1:colcon.colcon_core.package_identification:_identify(src/base_interfaces_demo) by extension 'ros'
[0.132s] DEBUG:colcon.colcon_core.package_identification:Package 'src/base_interfaces_demo' with type 'ros.ament_cmake' and name 'base_interfaces_demo'
[0.132s] Level 1:colcon.colcon_core.package_identification:_identify(src/cpp01_topic) by extensions ['ignore', 'ignore_ament_install']
[0.132s] Level 1:colcon.colcon_core.package_identification:_identify(src/cpp01_topic) by extension 'ignore'
[0.132s] Level 1:colcon.colcon_core.package_identification:_identify(src/cpp01_topic) by extension 'ignore_ament_install'
[0.132s] Level 1:colcon.colcon_core.package_identification:_identify(src/cpp01_topic) by extensions ['colcon_pkg']
[0.132s] Level 1:colcon.colcon_core.package_identification:_identify(src/cpp01_topic) by extension 'colcon_pkg'
[0.132s] Level 1:colcon.colcon_core.package_identification:_identify(src/cpp01_topic) by extensions ['colcon_meta']
[0.132s] Level 1:colcon.colcon_core.package_identification:_identify(src/cpp01_topic) by extension 'colcon_meta'
[0.132s] Level 1:colcon.colcon_core.package_identification:_identify(src/cpp01_topic) by extensions ['ros']
[0.132s] Level 1:colcon.colcon_core.package_identification:_identify(src/cpp01_topic) by extension 'ros'
[0.132s] DEBUG:colcon.colcon_core.package_identification:Package 'src/cpp01_topic' with type 'ros.ament_cmake' and name 'cpp01_topic'
[0.132s] Level 1:colcon.colcon_core.package_identification:_identify(src/py01_topic) by extensions ['ignore', 'ignore_ament_install']
[0.132s] Level 1:colcon.colcon_core.package_identification:_identify(src/py01_topic) by extension 'ignore'
[0.132s] Level 1:colcon.colcon_core.package_identification:_identify(src/py01_topic) by extension 'ignore_ament_install'
[0.132s] Level 1:colcon.colcon_core.package_identification:_identify(src/py01_topic) by extensions ['colcon_pkg']
[0.132s] Level 1:colcon.colcon_core.package_identification:_identify(src/py01_topic) by extension 'colcon_pkg'
[0.132s] Level 1:colcon.colcon_core.package_identification:_identify(src/py01_topic) by extensions ['colcon_meta']
[0.132s] Level 1:colcon.colcon_core.package_identification:_identify(src/py01_topic) by extension 'colcon_meta'
[0.132s] Level 1:colcon.colcon_core.package_identification:_identify(src/py01_topic) by extensions ['ros']
[0.132s] Level 1:colcon.colcon_core.package_identification:_identify(src/py01_topic) by extension 'ros'
[0.133s] DEBUG:colcon.colcon_core.package_identification:Package 'src/py01_topic' with type 'ros.ament_python' and name 'py01_topic'
[0.133s] Level 1:colcon.colcon_core.package_discovery:discover_packages(recursive) using defaults
[0.133s] Level 1:colcon.colcon_core.package_discovery:discover_packages(ignore) discover
[0.133s] Level 1:colcon.colcon_core.package_discovery:discover_packages(ignore) using defaults
[0.133s] Level 1:colcon.colcon_core.package_discovery:discover_packages(path) discover
[0.133s] Level 1:colcon.colcon_core.package_discovery:discover_packages(path) using defaults
[0.143s] Level 1:colcon.colcon_core.package_discovery:discover_packages(prefix_path) check parameters
[0.143s] Level 1:colcon.colcon_core.package_discovery:discover_packages(prefix_path) discover
[0.144s] DEBUG:colcon.colcon_installed_package_information.package_discovery:Found 3 installed packages in /home/ubuntu/my_code/learn_ros2/ROS2/ws02_piumbing/install
[0.144s] DEBUG:colcon.colcon_installed_package_information.package_discovery:Found 2 installed packages in /home/ubuntu/my_code/learn_ros2/ROS2/ws01_hello/install
[0.144s] DEBUG:colcon.colcon_installed_package_information.package_discovery:Found 271 installed packages in /opt/ros/humble
[0.145s] Level 1:colcon.colcon_core.package_discovery:discover_packages(prefix_path) using defaults
[0.166s] Level 5:colcon.colcon_core.verb:set package 'base_interfaces_demo' build argument 'cmake_args' from command line to 'None'
[0.166s] Level 5:colcon.colcon_core.verb:set package 'base_interfaces_demo' build argument 'cmake_target' from command line to 'None'
[0.166s] Level 5:colcon.colcon_core.verb:set package 'base_interfaces_demo' build argument 'cmake_target_skip_unavailable' from command line to 'False'
[0.166s] Level 5:colcon.colcon_core.verb:set package 'base_interfaces_demo' build argument 'cmake_clean_cache' from command line to 'False'
[0.166s] Level 5:colcon.colcon_core.verb:set package 'base_interfaces_demo' build argument 'cmake_clean_first' from command line to 'False'
[0.166s] Level 5:colcon.colcon_core.verb:set package 'base_interfaces_demo' build argument 'cmake_force_configure' from command line to 'False'
[0.166s] Level 5:colcon.colcon_core.verb:set package 'base_interfaces_demo' build argument 'ament_cmake_args' from command line to 'None'
[0.166s] Level 5:colcon.colcon_core.verb:set package 'base_interfaces_demo' build argument 'catkin_cmake_args' from command line to 'None'
[0.166s] Level 5:colcon.colcon_core.verb:set package 'base_interfaces_demo' build argument 'catkin_skip_building_tests' from command line to 'False'
[0.166s] DEBUG:colcon.colcon_core.verb:Building package 'base_interfaces_demo' with the following arguments: {'ament_cmake_args': None, 'build_base': '/home/ubuntu/my_code/learn_ros2/ROS2/ws02_piumbing/build/base_interfaces_demo', 'catkin_cmake_args': None, 'catkin_skip_building_tests': False, 'cmake_args': None, 'cmake_clean_cache': False, 'cmake_clean_first': False, 'cmake_force_configure': False, 'cmake_target': None, 'cmake_target_skip_unavailable': False, 'install_base': '/home/ubuntu/my_code/learn_ros2/ROS2/ws02_piumbing/install/base_interfaces_demo', 'merge_install': False, 'path': '/home/ubuntu/my_code/learn_ros2/ROS2/ws02_piumbing/src/base_interfaces_demo', 'symlink_install': False, 'test_result_base': None}
[0.167s] Level 5:colcon.colcon_core.verb:set package 'cpp01_topic' build argument 'cmake_args' from command line to 'None'
[0.167s] Level 5:colcon.colcon_core.verb:set package 'cpp01_topic' build argument 'cmake_target' from command line to 'None'
[0.167s] Level 5:colcon.colcon_core.verb:set package 'cpp01_topic' build argument 'cmake_target_skip_unavailable' from command line to 'False'
[0.167s] Level 5:colcon.colcon_core.verb:set package 'cpp01_topic' build argument 'cmake_clean_cache' from command line to 'False'
[0.167s] Level 5:colcon.colcon_core.verb:set package 'cpp01_topic' build argument 'cmake_clean_first' from command line to 'False'
[0.167s] Level 5:colcon.colcon_core.verb:set package 'cpp01_topic' build argument 'cmake_force_configure' from command line to 'False'
[0.167s] Level 5:colcon.colcon_core.verb:set package 'cpp01_topic' build argument 'ament_cmake_args' from command line to 'None'
[0.167s] Level 5:colcon.colcon_core.verb:set package 'cpp01_topic' build argument 'catkin_cmake_args' from command line to 'None'
[0.167s] Level 5:colcon.colcon_core.verb:set package 'cpp01_topic' build argument 'catkin_skip_building_tests' from command line to 'False'
[0.167s] DEBUG:colcon.colcon_core.verb:Building package 'cpp01_topic' with the following arguments: {'ament_cmake_args': None, 'build_base': '/home/ubuntu/my_code/learn_ros2/ROS2/ws02_piumbing/build/cpp01_topic', 'catkin_cmake_args': None, 'catkin_skip_building_tests': False, 'cmake_args': None, 'cmake_clean_cache': False, 'cmake_clean_first': False, 'cmake_force_configure': False, 'cmake_target': None, 'cmake_target_skip_unavailable': False, 'install_base': '/home/ubuntu/my_code/learn_ros2/ROS2/ws02_piumbing/install/cpp01_topic', 'merge_install': False, 'path': '/home/ubuntu/my_code/learn_ros2/ROS2/ws02_piumbing/src/cpp01_topic', 'symlink_install': False, 'test_result_base': None}
[0.167s] Level 5:colcon.colcon_core.verb:set package 'py01_topic' build argument 'cmake_args' from command line to 'None'
[0.167s] Level 5:colcon.colcon_core.verb:set package 'py01_topic' build argument 'cmake_target' from command line to 'None'
[0.167s] Level 5:colcon.colcon_core.verb:set package 'py01_topic' build argument 'cmake_target_skip_unavailable' from command line to 'False'
[0.167s] Level 5:colcon.colcon_core.verb:set package 'py01_topic' build argument 'cmake_clean_cache' from command line to 'False'
[0.167s] Level 5:colcon.colcon_core.verb:set package 'py01_topic' build argument 'cmake_clean_first' from command line to 'False'
[0.167s] Level 5:colcon.colcon_core.verb:set package 'py01_topic' build argument 'cmake_force_configure' from command line to 'False'
[0.167s] Level 5:colcon.colcon_core.verb:set package 'py01_topic' build argument 'ament_cmake_args' from command line to 'None'
[0.167s] Level 5:colcon.colcon_core.verb:set package 'py01_topic' build argument 'catkin_cmake_args' from command line to 'None'
[0.167s] Level 5:colcon.colcon_core.verb:set package 'py01_topic' build argument 'catkin_skip_building_tests' from command line to 'False'
[0.167s] DEBUG:colcon.colcon_core.verb:Building package 'py01_topic' with the following arguments: {'ament_cmake_args': None, 'build_base': '/home/ubuntu/my_code/learn_ros2/ROS2/ws02_piumbing/build/py01_topic', 'catkin_cmake_args': None, 'catkin_skip_building_tests': False, 'cmake_args': None, 'cmake_clean_cache': False, 'cmake_clean_first': False, 'cmake_force_configure': False, 'cmake_target': None, 'cmake_target_skip_unavailable': False, 'install_base': '/home/ubuntu/my_code/learn_ros2/ROS2/ws02_piumbing/install/py01_topic', 'merge_install': False, 'path': '/home/ubuntu/my_code/learn_ros2/ROS2/ws02_piumbing/src/py01_topic', 'symlink_install': False, 'test_result_base': None}
[0.167s] INFO:colcon.colcon_core.executor:Executing jobs using 'parallel' executor
[0.167s] DEBUG:colcon.colcon_parallel_executor.executor.parallel:run_until_complete
[0.168s] INFO:colcon.colcon_ros.task.ament_cmake.build:Building ROS package in '/home/ubuntu/my_code/learn_ros2/ROS2/ws02_piumbing/src/base_interfaces_demo' with build type 'ament_cmake'
[0.168s] INFO:colcon.colcon_cmake.task.cmake.build:Building CMake package in '/home/ubuntu/my_code/learn_ros2/ROS2/ws02_piumbing/src/base_interfaces_demo'
[0.169s] INFO:colcon.colcon_core.plugin_system:Skipping extension 'colcon_core.shell.bat': Not used on non-Windows systems
[0.169s] INFO:colcon.colcon_core.shell:Skip shell extension 'powershell' for command environment: Not usable outside of PowerShell
[0.169s] DEBUG:colcon.colcon_core.shell:Skip shell extension 'dsv' for command environment
[0.175s] DEBUG:colcon.colcon_core.event_handler.log_command:Invoking command in '/home/ubuntu/my_code/learn_ros2/ROS2/ws02_piumbing/build/base_interfaces_demo': CMAKE_PREFIX_PATH=${CMAKE_PREFIX_PATH}:/home/ubuntu/my_code/learn_ros2/ROS2/ws02_piumbing/install/py01_topic:/home/ubuntu/my_code/learn_ros2/ROS2/ws01_hello/install/pkg02_hello_py:/opt/ros/humble /usr/bin/cmake --build /home/ubuntu/my_code/learn_ros2/ROS2/ws02_piumbing/build/base_interfaces_demo -- -j20 -l20
[0.196s] DEBUG:colcon.colcon_core.event_handler.log_command:Invoked command in '/home/ubuntu/my_code/learn_ros2/ROS2/ws02_piumbing/build/base_interfaces_demo' returned '0': CMAKE_PREFIX_PATH=${CMAKE_PREFIX_PATH}:/home/ubuntu/my_code/learn_ros2/ROS2/ws02_piumbing/install/py01_topic:/home/ubuntu/my_code/learn_ros2/ROS2/ws01_hello/install/pkg02_hello_py:/opt/ros/humble /usr/bin/cmake --build /home/ubuntu/my_code/learn_ros2/ROS2/ws02_piumbing/build/base_interfaces_demo -- -j20 -l20
[0.201s] DEBUG:colcon.colcon_core.event_handler.log_command:Invoking command in '/home/ubuntu/my_code/learn_ros2/ROS2/ws02_piumbing/build/base_interfaces_demo': CMAKE_PREFIX_PATH=${CMAKE_PREFIX_PATH}:/home/ubuntu/my_code/learn_ros2/ROS2/ws02_piumbing/install/py01_topic:/home/ubuntu/my_code/learn_ros2/ROS2/ws01_hello/install/pkg02_hello_py:/opt/ros/humble /usr/bin/cmake --install /home/ubuntu/my_code/learn_ros2/ROS2/ws02_piumbing/build/base_interfaces_demo
[0.205s] Level 1:colcon.colcon_core.environment:create_environment_scripts_only(base_interfaces_demo)
[0.205s] DEBUG:colcon.colcon_core.event_handler.log_command:Invoked command in '/home/ubuntu/my_code/learn_ros2/ROS2/ws02_piumbing/build/base_interfaces_demo' returned '0': CMAKE_PREFIX_PATH=${CMAKE_PREFIX_PATH}:/home/ubuntu/my_code/learn_ros2/ROS2/ws02_piumbing/install/py01_topic:/home/ubuntu/my_code/learn_ros2/ROS2/ws01_hello/install/pkg02_hello_py:/opt/ros/humble /usr/bin/cmake --install /home/ubuntu/my_code/learn_ros2/ROS2/ws02_piumbing/build/base_interfaces_demo
[0.206s] Level 1:colcon.colcon_core.environment:checking '/home/ubuntu/my_code/learn_ros2/ROS2/ws02_piumbing/install/base_interfaces_demo' for CMake module files
[0.207s] Level 1:colcon.colcon_core.environment:checking '/home/ubuntu/my_code/learn_ros2/ROS2/ws02_piumbing/install/base_interfaces_demo' for CMake config files
[0.207s] Level 1:colcon.colcon_core.shell:create_environment_hook('base_interfaces_demo', 'cmake_prefix_path')
[0.207s] INFO:colcon.colcon_core.shell:Creating environment hook '/home/ubuntu/my_code/learn_ros2/ROS2/ws02_piumbing/install/base_interfaces_demo/share/base_interfaces_demo/hook/cmake_prefix_path.ps1'
[0.207s] INFO:colcon.colcon_core.shell:Creating environment descriptor '/home/ubuntu/my_code/learn_ros2/ROS2/ws02_piumbing/install/base_interfaces_demo/share/base_interfaces_demo/hook/cmake_prefix_path.dsv'
[0.207s] INFO:colcon.colcon_core.shell:Creating environment hook '/home/ubuntu/my_code/learn_ros2/ROS2/ws02_piumbing/install/base_interfaces_demo/share/base_interfaces_demo/hook/cmake_prefix_path.sh'
[0.208s] Level 1:colcon.colcon_core.environment:checking '/home/ubuntu/my_code/learn_ros2/ROS2/ws02_piumbing/install/base_interfaces_demo/bin'
[0.208s] Level 1:colcon.colcon_core.environment:checking '/home/ubuntu/my_code/learn_ros2/ROS2/ws02_piumbing/install/base_interfaces_demo/lib/pkgconfig/base_interfaces_demo.pc'
[0.208s] Level 1:colcon.colcon_core.environment:checking '/home/ubuntu/my_code/learn_ros2/ROS2/ws02_piumbing/install/base_interfaces_demo/lib/python3.10/site-packages'
[0.208s] Level 1:colcon.colcon_core.environment:checking '/home/ubuntu/my_code/learn_ros2/ROS2/ws02_piumbing/install/base_interfaces_demo/bin'
[0.208s] INFO:colcon.colcon_core.shell:Creating package script '/home/ubuntu/my_code/learn_ros2/ROS2/ws02_piumbing/install/base_interfaces_demo/share/base_interfaces_demo/package.ps1'
[0.208s] INFO:colcon.colcon_core.shell:Creating package descriptor '/home/ubuntu/my_code/learn_ros2/ROS2/ws02_piumbing/install/base_interfaces_demo/share/base_interfaces_demo/package.dsv'
[0.209s] INFO:colcon.colcon_core.shell:Creating package script '/home/ubuntu/my_code/learn_ros2/ROS2/ws02_piumbing/install/base_interfaces_demo/share/base_interfaces_demo/package.sh'
[0.209s] INFO:colcon.colcon_core.shell:Creating package script '/home/ubuntu/my_code/learn_ros2/ROS2/ws02_piumbing/install/base_interfaces_demo/share/base_interfaces_demo/package.bash'
[0.209s] INFO:colcon.colcon_core.shell:Creating package script '/home/ubuntu/my_code/learn_ros2/ROS2/ws02_piumbing/install/base_interfaces_demo/share/base_interfaces_demo/package.zsh'
[0.210s] Level 1:colcon.colcon_core.environment:create_file_with_runtime_dependencies(/home/ubuntu/my_code/learn_ros2/ROS2/ws02_piumbing/install/base_interfaces_demo/share/colcon-core/packages/base_interfaces_demo)
[0.210s] Level 1:colcon.colcon_core.environment:create_environment_scripts_only(base_interfaces_demo)
[0.210s] Level 1:colcon.colcon_core.environment:checking '/home/ubuntu/my_code/learn_ros2/ROS2/ws02_piumbing/install/base_interfaces_demo' for CMake module files
[0.210s] Level 1:colcon.colcon_core.environment:checking '/home/ubuntu/my_code/learn_ros2/ROS2/ws02_piumbing/install/base_interfaces_demo' for CMake config files
[0.210s] Level 1:colcon.colcon_core.shell:create_environment_hook('base_interfaces_demo', 'cmake_prefix_path')
[0.210s] INFO:colcon.colcon_core.shell:Creating environment hook '/home/ubuntu/my_code/learn_ros2/ROS2/ws02_piumbing/install/base_interfaces_demo/share/base_interfaces_demo/hook/cmake_prefix_path.ps1'
[0.211s] INFO:colcon.colcon_core.shell:Creating environment descriptor '/home/ubuntu/my_code/learn_ros2/ROS2/ws02_piumbing/install/base_interfaces_demo/share/base_interfaces_demo/hook/cmake_prefix_path.dsv'
[0.211s] INFO:colcon.colcon_core.shell:Creating environment hook '/home/ubuntu/my_code/learn_ros2/ROS2/ws02_piumbing/install/base_interfaces_demo/share/base_interfaces_demo/hook/cmake_prefix_path.sh'
[0.211s] Level 1:colcon.colcon_core.environment:checking '/home/ubuntu/my_code/learn_ros2/ROS2/ws02_piumbing/install/base_interfaces_demo/bin'
[0.211s] Level 1:colcon.colcon_core.environment:checking '/home/ubuntu/my_code/learn_ros2/ROS2/ws02_piumbing/install/base_interfaces_demo/lib/pkgconfig/base_interfaces_demo.pc'
[0.211s] Level 1:colcon.colcon_core.environment:checking '/home/ubuntu/my_code/learn_ros2/ROS2/ws02_piumbing/install/base_interfaces_demo/lib/python3.10/site-packages'
[0.211s] Level 1:colcon.colcon_core.environment:checking '/home/ubuntu/my_code/learn_ros2/ROS2/ws02_piumbing/install/base_interfaces_demo/bin'
[0.211s] INFO:colcon.colcon_core.shell:Creating package script '/home/ubuntu/my_code/learn_ros2/ROS2/ws02_piumbing/install/base_interfaces_demo/share/base_interfaces_demo/package.ps1'
[0.212s] INFO:colcon.colcon_core.shell:Creating package descriptor '/home/ubuntu/my_code/learn_ros2/ROS2/ws02_piumbing/install/base_interfaces_demo/share/base_interfaces_demo/package.dsv'
[0.212s] INFO:colcon.colcon_core.shell:Creating package script '/home/ubuntu/my_code/learn_ros2/ROS2/ws02_piumbing/install/base_interfaces_demo/share/base_interfaces_demo/package.sh'
[0.212s] INFO:colcon.colcon_core.shell:Creating package script '/home/ubuntu/my_code/learn_ros2/ROS2/ws02_piumbing/install/base_interfaces_demo/share/base_interfaces_demo/package.bash'
[0.212s] INFO:colcon.colcon_core.shell:Creating package script '/home/ubuntu/my_code/learn_ros2/ROS2/ws02_piumbing/install/base_interfaces_demo/share/base_interfaces_demo/package.zsh'
[0.212s] Level 1:colcon.colcon_core.environment:create_file_with_runtime_dependencies(/home/ubuntu/my_code/learn_ros2/ROS2/ws02_piumbing/install/base_interfaces_demo/share/colcon-core/packages/base_interfaces_demo)
[0.212s] INFO:colcon.colcon_ros.task.ament_cmake.build:Building ROS package in '/home/ubuntu/my_code/learn_ros2/ROS2/ws02_piumbing/src/cpp01_topic' with build type 'ament_cmake'
[0.212s] INFO:colcon.colcon_cmake.task.cmake.build:Building CMake package in '/home/ubuntu/my_code/learn_ros2/ROS2/ws02_piumbing/src/cpp01_topic'
[0.213s] INFO:colcon.colcon_core.shell:Skip shell extension 'powershell' for command environment: Not usable outside of PowerShell
[0.213s] DEBUG:colcon.colcon_core.shell:Skip shell extension 'dsv' for command environment
[0.214s] INFO:colcon.colcon_ros.task.ament_python.build:Building ROS package in '/home/ubuntu/my_code/learn_ros2/ROS2/ws02_piumbing/src/py01_topic' with build type 'ament_python'
[0.214s] Level 1:colcon.colcon_core.shell:create_environment_hook('py01_topic', 'ament_prefix_path')
[0.215s] INFO:colcon.colcon_core.shell:Creating environment hook '/home/ubuntu/my_code/learn_ros2/ROS2/ws02_piumbing/install/py01_topic/share/py01_topic/hook/ament_prefix_path.ps1'
[0.215s] INFO:colcon.colcon_core.shell:Creating environment descriptor '/home/ubuntu/my_code/learn_ros2/ROS2/ws02_piumbing/install/py01_topic/share/py01_topic/hook/ament_prefix_path.dsv'
[0.215s] INFO:colcon.colcon_core.shell:Creating environment hook '/home/ubuntu/my_code/learn_ros2/ROS2/ws02_piumbing/install/py01_topic/share/py01_topic/hook/ament_prefix_path.sh'
[0.215s] INFO:colcon.colcon_core.shell:Skip shell extension 'powershell' for command environment: Not usable outside of PowerShell
[0.215s] DEBUG:colcon.colcon_core.shell:Skip shell extension 'dsv' for command environment
[0.219s] DEBUG:colcon.colcon_core.event_handler.log_command:Invoking command in '/home/ubuntu/my_code/learn_ros2/ROS2/ws02_piumbing/build/cpp01_topic': CMAKE_PREFIX_PATH=/home/ubuntu/my_code/learn_ros2/ROS2/ws02_piumbing/install/base_interfaces_demo:/home/ubuntu/my_code/learn_ros2/ROS2/ws02_piumbing/install/cpp01_topic:/home/ubuntu/my_code/learn_ros2/ROS2/ws01_hello/install/pkg01_hello_cpp:/home/ubuntu/my_code/learn_ros2/ROS2/ws02_piumbing/install/py01_topic:/home/ubuntu/my_code/learn_ros2/ROS2/ws01_hello/install/pkg02_hello_py:/opt/ros/humble /usr/bin/cmake --build /home/ubuntu/my_code/learn_ros2/ROS2/ws02_piumbing/build/cpp01_topic -- -j20 -l20
[0.340s] INFO:colcon.colcon_core.task.python.build:Building Python package in '/home/ubuntu/my_code/learn_ros2/ROS2/ws02_piumbing/src/py01_topic'
[0.340s] INFO:colcon.colcon_core.shell:Skip shell extension 'powershell' for command environment: Not usable outside of PowerShell
[0.340s] DEBUG:colcon.colcon_core.shell:Skip shell extension 'dsv' for command environment
[0.499s] DEBUG:colcon.colcon_core.event_handler.log_command:Invoking command in '/home/ubuntu/my_code/learn_ros2/ROS2/ws02_piumbing/src/py01_topic': CMAKE_PREFIX_PATH=/home/ubuntu/my_code/learn_ros2/ROS2/ws02_piumbing/install/base_interfaces_demo:/home/ubuntu/my_code/learn_ros2/ROS2/ws02_piumbing/install/cpp01_topic:/home/ubuntu/my_code/learn_ros2/ROS2/ws01_hello/install/pkg01_hello_cpp PYTHONPATH=/home/ubuntu/my_code/learn_ros2/ROS2/ws02_piumbing/build/py01_topic/prefix_override:/usr/lib/python3/dist-packages/colcon_core/task/python/colcon_distutils_commands:/home/ubuntu/my_code/learn_ros2/ROS2/ws02_piumbing/install/py01_topic/lib/python3.10/site-packages:${PYTHONPATH} /usr/bin/python3 -W ignore:setup.py install is deprecated -W ignore:easy_install command is deprecated setup.py egg_info --egg-base ../../build/py01_topic build --build-base /home/ubuntu/my_code/learn_ros2/ROS2/ws02_piumbing/build/py01_topic/build install --record /home/ubuntu/my_code/learn_ros2/ROS2/ws02_piumbing/build/py01_topic/install.log --single-version-externally-managed install_data
[0.636s] Level 1:colcon.colcon_core.environment:checking '/home/ubuntu/my_code/learn_ros2/ROS2/ws02_piumbing/install/py01_topic' for CMake module files
[0.636s] DEBUG:colcon.colcon_core.event_handler.log_command:Invoked command in '/home/ubuntu/my_code/learn_ros2/ROS2/ws02_piumbing/src/py01_topic' returned '0': CMAKE_PREFIX_PATH=/home/ubuntu/my_code/learn_ros2/ROS2/ws02_piumbing/install/base_interfaces_demo:/home/ubuntu/my_code/learn_ros2/ROS2/ws02_piumbing/install/cpp01_topic:/home/ubuntu/my_code/learn_ros2/ROS2/ws01_hello/install/pkg01_hello_cpp PYTHONPATH=/home/ubuntu/my_code/learn_ros2/ROS2/ws02_piumbing/build/py01_topic/prefix_override:/usr/lib/python3/dist-packages/colcon_core/task/python/colcon_distutils_commands:/home/ubuntu/my_code/learn_ros2/ROS2/ws02_piumbing/install/py01_topic/lib/python3.10/site-packages:${PYTHONPATH} /usr/bin/python3 -W ignore:setup.py install is deprecated -W ignore:easy_install command is deprecated setup.py egg_info --egg-base ../../build/py01_topic build --build-base /home/ubuntu/my_code/learn_ros2/ROS2/ws02_piumbing/build/py01_topic/build install --record /home/ubuntu/my_code/learn_ros2/ROS2/ws02_piumbing/build/py01_topic/install.log --single-version-externally-managed install_data
[0.636s] Level 1:colcon.colcon_core.environment:checking '/home/ubuntu/my_code/learn_ros2/ROS2/ws02_piumbing/install/py01_topic' for CMake config files
[0.637s] Level 1:colcon.colcon_core.environment:checking '/home/ubuntu/my_code/learn_ros2/ROS2/ws02_piumbing/install/py01_topic/lib'
[0.637s] Level 1:colcon.colcon_core.environment:checking '/home/ubuntu/my_code/learn_ros2/ROS2/ws02_piumbing/install/py01_topic/bin'
[0.637s] Level 1:colcon.colcon_core.environment:checking '/home/ubuntu/my_code/learn_ros2/ROS2/ws02_piumbing/install/py01_topic/lib/pkgconfig/py01_topic.pc'
[0.637s] Level 1:colcon.colcon_core.environment:checking '/home/ubuntu/my_code/learn_ros2/ROS2/ws02_piumbing/install/py01_topic/lib/python3.10/site-packages'
[0.637s] Level 1:colcon.colcon_core.shell:create_environment_hook('py01_topic', 'pythonpath')
[0.637s] INFO:colcon.colcon_core.shell:Creating environment hook '/home/ubuntu/my_code/learn_ros2/ROS2/ws02_piumbing/install/py01_topic/share/py01_topic/hook/pythonpath.ps1'
[0.637s] INFO:colcon.colcon_core.shell:Creating environment descriptor '/home/ubuntu/my_code/learn_ros2/ROS2/ws02_piumbing/install/py01_topic/share/py01_topic/hook/pythonpath.dsv'
[0.638s] INFO:colcon.colcon_core.shell:Creating environment hook '/home/ubuntu/my_code/learn_ros2/ROS2/ws02_piumbing/install/py01_topic/share/py01_topic/hook/pythonpath.sh'
[0.638s] Level 1:colcon.colcon_core.environment:checking '/home/ubuntu/my_code/learn_ros2/ROS2/ws02_piumbing/install/py01_topic/bin'
[0.638s] Level 1:colcon.colcon_core.environment:create_environment_scripts_only(py01_topic)
[0.638s] INFO:colcon.colcon_core.shell:Creating package script '/home/ubuntu/my_code/learn_ros2/ROS2/ws02_piumbing/install/py01_topic/share/py01_topic/package.ps1'
[0.638s] INFO:colcon.colcon_core.shell:Creating package descriptor '/home/ubuntu/my_code/learn_ros2/ROS2/ws02_piumbing/install/py01_topic/share/py01_topic/package.dsv'
[0.638s] INFO:colcon.colcon_core.shell:Creating package script '/home/ubuntu/my_code/learn_ros2/ROS2/ws02_piumbing/install/py01_topic/share/py01_topic/package.sh'
[0.639s] INFO:colcon.colcon_core.shell:Creating package script '/home/ubuntu/my_code/learn_ros2/ROS2/ws02_piumbing/install/py01_topic/share/py01_topic/package.bash'
[0.639s] INFO:colcon.colcon_core.shell:Creating package script '/home/ubuntu/my_code/learn_ros2/ROS2/ws02_piumbing/install/py01_topic/share/py01_topic/package.zsh'
[0.639s] Level 1:colcon.colcon_core.environment:create_file_with_runtime_dependencies(/home/ubuntu/my_code/learn_ros2/ROS2/ws02_piumbing/install/py01_topic/share/colcon-core/packages/py01_topic)
[4.604s] DEBUG:colcon.colcon_core.event_handler.log_command:Invoked command in '/home/ubuntu/my_code/learn_ros2/ROS2/ws02_piumbing/build/cpp01_topic' returned '0': CMAKE_PREFIX_PATH=/home/ubuntu/my_code/learn_ros2/ROS2/ws02_piumbing/install/base_interfaces_demo:/home/ubuntu/my_code/learn_ros2/ROS2/ws02_piumbing/install/cpp01_topic:/home/ubuntu/my_code/learn_ros2/ROS2/ws01_hello/install/pkg01_hello_cpp:/home/ubuntu/my_code/learn_ros2/ROS2/ws02_piumbing/install/py01_topic:/home/ubuntu/my_code/learn_ros2/ROS2/ws01_hello/install/pkg02_hello_py:/opt/ros/humble /usr/bin/cmake --build /home/ubuntu/my_code/learn_ros2/ROS2/ws02_piumbing/build/cpp01_topic -- -j20 -l20
[4.605s] DEBUG:colcon.colcon_core.event_handler.log_command:Invoking command in '/home/ubuntu/my_code/learn_ros2/ROS2/ws02_piumbing/build/cpp01_topic': CMAKE_PREFIX_PATH=/home/ubuntu/my_code/learn_ros2/ROS2/ws02_piumbing/install/base_interfaces_demo:/home/ubuntu/my_code/learn_ros2/ROS2/ws02_piumbing/install/cpp01_topic:/home/ubuntu/my_code/learn_ros2/ROS2/ws01_hello/install/pkg01_hello_cpp:/home/ubuntu/my_code/learn_ros2/ROS2/ws02_piumbing/install/py01_topic:/home/ubuntu/my_code/learn_ros2/ROS2/ws01_hello/install/pkg02_hello_py:/opt/ros/humble /usr/bin/cmake --install /home/ubuntu/my_code/learn_ros2/ROS2/ws02_piumbing/build/cpp01_topic
[4.612s] Level 1:colcon.colcon_core.environment:create_environment_scripts_only(cpp01_topic)
[4.612s] DEBUG:colcon.colcon_core.event_handler.log_command:Invoked command in '/home/ubuntu/my_code/learn_ros2/ROS2/ws02_piumbing/build/cpp01_topic' returned '0': CMAKE_PREFIX_PATH=/home/ubuntu/my_code/learn_ros2/ROS2/ws02_piumbing/install/base_interfaces_demo:/home/ubuntu/my_code/learn_ros2/ROS2/ws02_piumbing/install/cpp01_topic:/home/ubuntu/my_code/learn_ros2/ROS2/ws01_hello/install/pkg01_hello_cpp:/home/ubuntu/my_code/learn_ros2/ROS2/ws02_piumbing/install/py01_topic:/home/ubuntu/my_code/learn_ros2/ROS2/ws01_hello/install/pkg02_hello_py:/opt/ros/humble /usr/bin/cmake --install /home/ubuntu/my_code/learn_ros2/ROS2/ws02_piumbing/build/cpp01_topic
[4.612s] Level 1:colcon.colcon_core.environment:checking '/home/ubuntu/my_code/learn_ros2/ROS2/ws02_piumbing/install/cpp01_topic' for CMake module files
[4.612s] Level 1:colcon.colcon_core.environment:checking '/home/ubuntu/my_code/learn_ros2/ROS2/ws02_piumbing/install/cpp01_topic' for CMake config files
[4.613s] Level 1:colcon.colcon_core.shell:create_environment_hook('cpp01_topic', 'cmake_prefix_path')
[4.613s] INFO:colcon.colcon_core.shell:Creating environment hook '/home/ubuntu/my_code/learn_ros2/ROS2/ws02_piumbing/install/cpp01_topic/share/cpp01_topic/hook/cmake_prefix_path.ps1'
[4.613s] INFO:colcon.colcon_core.shell:Creating environment descriptor '/home/ubuntu/my_code/learn_ros2/ROS2/ws02_piumbing/install/cpp01_topic/share/cpp01_topic/hook/cmake_prefix_path.dsv'
[4.613s] INFO:colcon.colcon_core.shell:Creating environment hook '/home/ubuntu/my_code/learn_ros2/ROS2/ws02_piumbing/install/cpp01_topic/share/cpp01_topic/hook/cmake_prefix_path.sh'
[4.614s] Level 1:colcon.colcon_core.environment:checking '/home/ubuntu/my_code/learn_ros2/ROS2/ws02_piumbing/install/cpp01_topic/lib'
[4.614s] Level 1:colcon.colcon_core.environment:checking '/home/ubuntu/my_code/learn_ros2/ROS2/ws02_piumbing/install/cpp01_topic/bin'
[4.614s] Level 1:colcon.colcon_core.environment:checking '/home/ubuntu/my_code/learn_ros2/ROS2/ws02_piumbing/install/cpp01_topic/lib/pkgconfig/cpp01_topic.pc'
[4.614s] Level 1:colcon.colcon_core.environment:checking '/home/ubuntu/my_code/learn_ros2/ROS2/ws02_piumbing/install/cpp01_topic/lib/python3.10/site-packages'
[4.614s] Level 1:colcon.colcon_core.environment:checking '/home/ubuntu/my_code/learn_ros2/ROS2/ws02_piumbing/install/cpp01_topic/bin'
[4.614s] INFO:colcon.colcon_core.shell:Creating package script '/home/ubuntu/my_code/learn_ros2/ROS2/ws02_piumbing/install/cpp01_topic/share/cpp01_topic/package.ps1'
[4.614s] INFO:colcon.colcon_core.shell:Creating package descriptor '/home/ubuntu/my_code/learn_ros2/ROS2/ws02_piumbing/install/cpp01_topic/share/cpp01_topic/package.dsv'
[4.615s] INFO:colcon.colcon_core.shell:Creating package script '/home/ubuntu/my_code/learn_ros2/ROS2/ws02_piumbing/install/cpp01_topic/share/cpp01_topic/package.sh'
[4.615s] INFO:colcon.colcon_core.shell:Creating package script '/home/ubuntu/my_code/learn_ros2/ROS2/ws02_piumbing/install/cpp01_topic/share/cpp01_topic/package.bash'
[4.615s] INFO:colcon.colcon_core.shell:Creating package script '/home/ubuntu/my_code/learn_ros2/ROS2/ws02_piumbing/install/cpp01_topic/share/cpp01_topic/package.zsh'
[4.615s] Level 1:colcon.colcon_core.environment:create_file_with_runtime_dependencies(/home/ubuntu/my_code/learn_ros2/ROS2/ws02_piumbing/install/cpp01_topic/share/colcon-core/packages/cpp01_topic)
[4.615s] Level 1:colcon.colcon_core.environment:create_environment_scripts_only(cpp01_topic)
[4.616s] Level 1:colcon.colcon_core.environment:checking '/home/ubuntu/my_code/learn_ros2/ROS2/ws02_piumbing/install/cpp01_topic' for CMake module files
[4.616s] Level 1:colcon.colcon_core.environment:checking '/home/ubuntu/my_code/learn_ros2/ROS2/ws02_piumbing/install/cpp01_topic' for CMake config files
[4.616s] Level 1:colcon.colcon_core.shell:create_environment_hook('cpp01_topic', 'cmake_prefix_path')
[4.616s] INFO:colcon.colcon_core.shell:Creating environment hook '/home/ubuntu/my_code/learn_ros2/ROS2/ws02_piumbing/install/cpp01_topic/share/cpp01_topic/hook/cmake_prefix_path.ps1'
[4.616s] INFO:colcon.colcon_core.shell:Creating environment descriptor '/home/ubuntu/my_code/learn_ros2/ROS2/ws02_piumbing/install/cpp01_topic/share/cpp01_topic/hook/cmake_prefix_path.dsv'
[4.616s] INFO:colcon.colcon_core.shell:Creating environment hook '/home/ubuntu/my_code/learn_ros2/ROS2/ws02_piumbing/install/cpp01_topic/share/cpp01_topic/hook/cmake_prefix_path.sh'
[4.617s] Level 1:colcon.colcon_core.environment:checking '/home/ubuntu/my_code/learn_ros2/ROS2/ws02_piumbing/install/cpp01_topic/lib'
[4.617s] Level 1:colcon.colcon_core.environment:checking '/home/ubuntu/my_code/learn_ros2/ROS2/ws02_piumbing/install/cpp01_topic/bin'
[4.617s] Level 1:colcon.colcon_core.environment:checking '/home/ubuntu/my_code/learn_ros2/ROS2/ws02_piumbing/install/cpp01_topic/lib/pkgconfig/cpp01_topic.pc'
[4.617s] Level 1:colcon.colcon_core.environment:checking '/home/ubuntu/my_code/learn_ros2/ROS2/ws02_piumbing/install/cpp01_topic/lib/python3.10/site-packages'
[4.617s] Level 1:colcon.colcon_core.environment:checking '/home/ubuntu/my_code/learn_ros2/ROS2/ws02_piumbing/install/cpp01_topic/bin'
[4.617s] INFO:colcon.colcon_core.shell:Creating package script '/home/ubuntu/my_code/learn_ros2/ROS2/ws02_piumbing/install/cpp01_topic/share/cpp01_topic/package.ps1'
[4.617s] INFO:colcon.colcon_core.shell:Creating package descriptor '/home/ubuntu/my_code/learn_ros2/ROS2/ws02_piumbing/install/cpp01_topic/share/cpp01_topic/package.dsv'
[4.617s] INFO:colcon.colcon_core.shell:Creating package script '/home/ubuntu/my_code/learn_ros2/ROS2/ws02_piumbing/install/cpp01_topic/share/cpp01_topic/package.sh'
[4.618s] INFO:colcon.colcon_core.shell:Creating package script '/home/ubuntu/my_code/learn_ros2/ROS2/ws02_piumbing/install/cpp01_topic/share/cpp01_topic/package.bash'
[4.618s] INFO:colcon.colcon_core.shell:Creating package script '/home/ubuntu/my_code/learn_ros2/ROS2/ws02_piumbing/install/cpp01_topic/share/cpp01_topic/package.zsh'
[4.618s] Level 1:colcon.colcon_core.environment:create_file_with_runtime_dependencies(/home/ubuntu/my_code/learn_ros2/ROS2/ws02_piumbing/install/cpp01_topic/share/colcon-core/packages/cpp01_topic)
[4.618s] DEBUG:colcon.colcon_parallel_executor.executor.parallel:closing loop
[4.618s] DEBUG:colcon.colcon_parallel_executor.executor.parallel:loop closed
[4.618s] DEBUG:colcon.colcon_parallel_executor.executor.parallel:run_until_complete finished with '0'
[4.618s] DEBUG:colcon.colcon_core.event_reactor:joining thread
[4.621s] INFO:colcon.colcon_core.plugin_system:Skipping extension 'colcon_notification.desktop_notification.terminal_notifier': Not used on non-Darwin systems
[4.621s] INFO:colcon.colcon_core.plugin_system:Skipping extension 'colcon_notification.desktop_notification.win32': Not used on non-Windows systems
[4.621s] INFO:colcon.colcon_notification.desktop_notification:Sending desktop notification using 'notify2'
[4.627s] DEBUG:colcon.colcon_core.event_reactor:joined thread
[4.627s] INFO:colcon.colcon_core.shell:Creating prefix script '/home/ubuntu/my_code/learn_ros2/ROS2/ws02_piumbing/install/local_setup.ps1'
[4.628s] INFO:colcon.colcon_core.shell:Creating prefix util module '/home/ubuntu/my_code/learn_ros2/ROS2/ws02_piumbing/install/_local_setup_util_ps1.py'
[4.628s] INFO:colcon.colcon_core.shell:Creating prefix chain script '/home/ubuntu/my_code/learn_ros2/ROS2/ws02_piumbing/install/setup.ps1'
[4.629s] INFO:colcon.colcon_core.shell:Creating prefix script '/home/ubuntu/my_code/learn_ros2/ROS2/ws02_piumbing/install/local_setup.sh'
[4.629s] INFO:colcon.colcon_core.shell:Creating prefix util module '/home/ubuntu/my_code/learn_ros2/ROS2/ws02_piumbing/install/_local_setup_util_sh.py'
[4.629s] INFO:colcon.colcon_core.shell:Creating prefix chain script '/home/ubuntu/my_code/learn_ros2/ROS2/ws02_piumbing/install/setup.sh'
[4.630s] INFO:colcon.colcon_core.shell:Creating prefix script '/home/ubuntu/my_code/learn_ros2/ROS2/ws02_piumbing/install/local_setup.bash'
[4.630s] INFO:colcon.colcon_core.shell:Creating prefix chain script '/home/ubuntu/my_code/learn_ros2/ROS2/ws02_piumbing/install/setup.bash'
[4.631s] INFO:colcon.colcon_core.shell:Creating prefix script '/home/ubuntu/my_code/learn_ros2/ROS2/ws02_piumbing/install/local_setup.zsh'
[4.631s] INFO:colcon.colcon_core.shell:Creating prefix chain script '/home/ubuntu/my_code/learn_ros2/ROS2/ws02_piumbing/install/setup.zsh'
