[0.010s] Invoking command in '/home/zhangjinrui/AppDisk/learn_ros2/ROS2/ws02_piumbing/build/base_interfaces_demo': CMAKE_PREFIX_PATH=${CMAKE_PREFIX_PATH}:/home/zhangjinrui/AppDisk/learn_ros2/ROS2/ws01_hello/install/pkg02_hello_py:/home/zhangjinrui/AppDisk/learn_ros2/ROS2/ws02_piumbing/install/py02_service:/home/zhangjinrui/AppDisk/learn_ros2/ROS2/ws02_piumbing/install/py01_topic:/opt/ros/humble:/home/zhangjinrui/ROS2/dev_ws_foxy/install/learning_urdf:/home/zhangjinrui/ROS2/dev_ws_foxy/install/learning_topic:/home/zhangjinrui/ROS2/dev_ws_foxy/install/learning_tf:/home/zhangjinrui/ROS2/dev_ws_foxy/install/learning_service:/home/zhangjinrui/ROS2/dev_ws_foxy/install/learning_qos:/home/zhangjinrui/ROS2/dev_ws_foxy/install/learning_pkg_python:/home/zhangjinrui/ROS2/dev_ws_foxy/install/learning_parameter:/home/zhangjinrui/ROS2/dev_ws_foxy/install/learning_node:/home/zhangjinrui/ROS2/dev_ws_foxy/install/learning_launch:/home/zhangjinrui/ROS2/dev_ws_foxy/install/learning_action:/home/zhangjinrui/ROS2/dev_ws_foxy/install/learning_gazebo_harmonic:/home/zhangjinrui/ROS2/dev_ws_foxy/install/learning_gazebo:/home/zhangjinrui/ROS2/dev_ws_foxy/install/learning_cv /usr/bin/cmake --build /home/zhangjinrui/AppDisk/learn_ros2/ROS2/ws02_piumbing/build/base_interfaces_demo -- -j24 -l24
[0.031s] -- Found ament_cmake: 1.3.12 (/opt/ros/humble/share/ament_cmake/cmake)
[0.123s] -- Override CMake install command with custom implementation using symlinks instead of copying resources
[0.133s] -- Found rosidl_default_generators: 1.2.0 (/opt/ros/humble/share/rosidl_default_generators/cmake)
[0.135s] -- Using all available rosidl_typesupport_c: rosidl_typesupport_fastrtps_c;rosidl_typesupport_introspection_c
[0.138s] -- Found rosidl_adapter: 3.1.7 (/opt/ros/humble/share/rosidl_adapter/cmake)
[0.160s] -- Using all available rosidl_typesupport_cpp: rosidl_typesupport_fastrtps_cpp;rosidl_typesupport_introspection_cpp
[0.387s] -- Found ament_cmake_ros: 0.10.0 (/opt/ros/humble/share/ament_cmake_ros/cmake)
[0.523s] -- Using all available rosidl_typesupport_c: rosidl_typesupport_fastrtps_c;rosidl_typesupport_introspection_c
[0.699s] -- Using all available rosidl_typesupport_cpp: rosidl_typesupport_fastrtps_cpp;rosidl_typesupport_introspection_cpp
[0.716s] -- Found python_cmake_module: 0.10.0 (/opt/ros/humble/share/python_cmake_module/cmake)
[0.734s] -- Using PYTHON_EXECUTABLE: /usr/bin/python3
[0.734s] -- Using PYTHON_INCLUDE_DIRS: /usr/include/python3.10
[0.734s] -- Using PYTHON_LIBRARIES: /usr/lib/x86_64-linux-gnu/libpython3.10.so
[0.746s] -- Found ament_lint_auto: 0.12.14 (/opt/ros/humble/share/ament_lint_auto/cmake)
[0.754s] -- Configuring done
[0.776s] -- Generating done
[0.782s] -- Build files have been written to: /home/zhangjinrui/AppDisk/learn_ros2/ROS2/ws02_piumbing/build/base_interfaces_demo
[0.798s] [  2%] [34m[1mGenerating C code for ROS interfaces[0m
[0.803s] [  4%] [34m[1mGenerating C++ code for ROS interfaces[0m
[0.808s] [  4%] Built target ament_cmake_python_symlink_base_interfaces_demo
[0.942s] running egg_info
[0.942s] writing base_interfaces_demo.egg-info/PKG-INFO
[0.942s] writing dependency_links to base_interfaces_demo.egg-info/dependency_links.txt
[0.942s] writing top-level names to base_interfaces_demo.egg-info/top_level.txt
[0.944s] reading manifest file 'base_interfaces_demo.egg-info/SOURCES.txt'
[0.944s] writing manifest file 'base_interfaces_demo.egg-info/SOURCES.txt'
[0.960s] [  4%] Built target ament_cmake_python_build_base_interfaces_demo_egg
[1.051s] [35m[1mConsolidate compiler generated dependencies of target base_interfaces_demo__rosidl_generator_c[0m
[1.057s] [  6%] [32mBuilding C object CMakeFiles/base_interfaces_demo__rosidl_generator_c.dir/rosidl_generator_c/base_interfaces_demo/msg/detail/student__functions.c.o[0m
[1.058s] [  8%] [32mBuilding C object CMakeFiles/base_interfaces_demo__rosidl_generator_c.dir/rosidl_generator_c/base_interfaces_demo/srv/detail/add_ints__functions.c.o[0m
[1.058s] [ 10%] [32mBuilding C object CMakeFiles/base_interfaces_demo__rosidl_generator_c.dir/rosidl_generator_c/base_interfaces_demo/action/detail/progress__functions.c.o[0m
[1.058s] [ 10%] Built target base_interfaces_demo__cpp
[1.064s] [ 17%] [34m[1mGenerating C++ type support for eProsima Fast-RTPS[0m
[1.064s] [ 17%] [34m[1mGenerating C++ introspection for ROS interfaces[0m
[1.064s] [ 17%] [34m[1mGenerating C++ type support dispatch for ROS interfaces[0m
[1.141s] [ 19%] [32m[1mLinking C shared library libbase_interfaces_demo__rosidl_generator_c.so[0m
[1.168s] [ 19%] Built target base_interfaces_demo__rosidl_generator_c
[1.173s] [ 21%] [34m[1mGenerating C introspection for ROS interfaces[0m
[1.173s] [ 23%] [34m[1mGenerating C type support dispatch for ROS interfaces[0m
[1.174s] [ 25%] [34m[1mGenerating C type support for eProsima Fast-RTPS[0m
[1.223s] [35m[1mConsolidate compiler generated dependencies of target base_interfaces_demo__rosidl_typesupport_cpp[0m
[1.231s] [ 31%] [32mBuilding CXX object CMakeFiles/base_interfaces_demo__rosidl_typesupport_cpp.dir/rosidl_typesupport_cpp/base_interfaces_demo/srv/add_ints__type_support.cpp.o[0m
[1.231s] [ 31%] [32mBuilding CXX object CMakeFiles/base_interfaces_demo__rosidl_typesupport_cpp.dir/rosidl_typesupport_cpp/base_interfaces_demo/action/progress__type_support.cpp.o[0m
[1.231s] [ 31%] [32mBuilding CXX object CMakeFiles/base_interfaces_demo__rosidl_typesupport_cpp.dir/rosidl_typesupport_cpp/base_interfaces_demo/msg/student__type_support.cpp.o[0m
[1.254s] [35m[1mConsolidate compiler generated dependencies of target base_interfaces_demo__rosidl_typesupport_introspection_cpp[0m
[1.263s] [ 34%] [32mBuilding CXX object CMakeFiles/base_interfaces_demo__rosidl_typesupport_introspection_cpp.dir/rosidl_typesupport_introspection_cpp/base_interfaces_demo/msg/detail/student__type_support.cpp.o[0m
[1.263s] [ 36%] [32mBuilding CXX object CMakeFiles/base_interfaces_demo__rosidl_typesupport_introspection_cpp.dir/rosidl_typesupport_introspection_cpp/base_interfaces_demo/action/detail/progress__type_support.cpp.o[0m
[1.263s] [ 38%] [32mBuilding CXX object CMakeFiles/base_interfaces_demo__rosidl_typesupport_introspection_cpp.dir/rosidl_typesupport_introspection_cpp/base_interfaces_demo/srv/detail/add_ints__type_support.cpp.o[0m
[1.292s] [35m[1mConsolidate compiler generated dependencies of target base_interfaces_demo__rosidl_typesupport_fastrtps_cpp[0m
[1.301s] [ 40%] [32mBuilding CXX object CMakeFiles/base_interfaces_demo__rosidl_typesupport_fastrtps_cpp.dir/rosidl_typesupport_fastrtps_cpp/base_interfaces_demo/srv/detail/dds_fastrtps/add_ints__type_support.cpp.o[0m
[1.301s] [ 42%] [32mBuilding CXX object CMakeFiles/base_interfaces_demo__rosidl_typesupport_fastrtps_cpp.dir/rosidl_typesupport_fastrtps_cpp/base_interfaces_demo/msg/detail/dds_fastrtps/student__type_support.cpp.o[0m
[1.301s] [ 44%] [32mBuilding CXX object CMakeFiles/base_interfaces_demo__rosidl_typesupport_fastrtps_cpp.dir/rosidl_typesupport_fastrtps_cpp/base_interfaces_demo/action/detail/dds_fastrtps/progress__type_support.cpp.o[0m
[1.346s] [35m[1mConsolidate compiler generated dependencies of target base_interfaces_demo__rosidl_typesupport_c[0m
[1.353s] [ 46%] [32mBuilding CXX object CMakeFiles/base_interfaces_demo__rosidl_typesupport_c.dir/rosidl_typesupport_c/base_interfaces_demo/msg/student__type_support.cpp.o[0m
[1.354s] [ 48%] [32mBuilding CXX object CMakeFiles/base_interfaces_demo__rosidl_typesupport_c.dir/rosidl_typesupport_c/base_interfaces_demo/action/progress__type_support.cpp.o[0m
[1.354s] [ 51%] [32mBuilding CXX object CMakeFiles/base_interfaces_demo__rosidl_typesupport_c.dir/rosidl_typesupport_c/base_interfaces_demo/srv/add_ints__type_support.cpp.o[0m
[1.387s] [ 53%] [32m[1mLinking CXX shared library libbase_interfaces_demo__rosidl_typesupport_c.so[0m
[1.405s] [35m[1mConsolidate compiler generated dependencies of target base_interfaces_demo__rosidl_typesupport_introspection_c[0m
[1.409s] [35m[1mConsolidate compiler generated dependencies of target base_interfaces_demo__rosidl_typesupport_fastrtps_c[0m
[1.412s] [ 55%] [32mBuilding C object CMakeFiles/base_interfaces_demo__rosidl_typesupport_introspection_c.dir/rosidl_typesupport_introspection_c/base_interfaces_demo/msg/detail/student__type_support.c.o[0m
[1.413s] [ 57%] [32mBuilding C object CMakeFiles/base_interfaces_demo__rosidl_typesupport_introspection_c.dir/rosidl_typesupport_introspection_c/base_interfaces_demo/srv/detail/add_ints__type_support.c.o[0m
[1.413s] [ 59%] [32mBuilding C object CMakeFiles/base_interfaces_demo__rosidl_typesupport_introspection_c.dir/rosidl_typesupport_introspection_c/base_interfaces_demo/action/detail/progress__type_support.c.o[0m
[1.418s] [ 61%] [32mBuilding CXX object CMakeFiles/base_interfaces_demo__rosidl_typesupport_fastrtps_c.dir/rosidl_typesupport_fastrtps_c/base_interfaces_demo/msg/detail/student__type_support_c.cpp.o[0m
[1.418s] [ 63%] [32mBuilding CXX object CMakeFiles/base_interfaces_demo__rosidl_typesupport_fastrtps_c.dir/rosidl_typesupport_fastrtps_c/base_interfaces_demo/action/detail/progress__type_support_c.cpp.o[0m
[1.418s] [ 65%] [32mBuilding CXX object CMakeFiles/base_interfaces_demo__rosidl_typesupport_fastrtps_c.dir/rosidl_typesupport_fastrtps_c/base_interfaces_demo/srv/detail/add_ints__type_support_c.cpp.o[0m
[1.419s] [ 65%] Built target base_interfaces_demo__rosidl_typesupport_c
[1.445s] [ 68%] [32m[1mLinking C shared library libbase_interfaces_demo__rosidl_typesupport_introspection_c.so[0m
[1.467s] [ 68%] Built target base_interfaces_demo__rosidl_typesupport_introspection_c
[1.506s] [ 70%] [32m[1mLinking CXX shared library libbase_interfaces_demo__rosidl_typesupport_cpp.so[0m
[1.531s] [ 70%] Built target base_interfaces_demo__rosidl_typesupport_cpp
[1.568s] [ 72%] [32m[1mLinking CXX shared library libbase_interfaces_demo__rosidl_typesupport_introspection_cpp.so[0m
[1.593s] [ 74%] [32m[1mLinking CXX shared library libbase_interfaces_demo__rosidl_typesupport_fastrtps_cpp.so[0m
[1.610s] [ 74%] Built target base_interfaces_demo__rosidl_typesupport_introspection_cpp
[1.611s] [ 76%] [32m[1mLinking CXX shared library libbase_interfaces_demo__rosidl_typesupport_fastrtps_c.so[0m
[1.635s] [ 76%] Built target base_interfaces_demo__rosidl_typesupport_fastrtps_cpp
[1.654s] [ 76%] Built target base_interfaces_demo__rosidl_typesupport_fastrtps_c
[1.665s] [ 76%] Built target base_interfaces_demo
[1.677s] [ 78%] [34m[1mGenerating Python code for ROS interfaces[0m
[2.094s] [ 78%] Built target base_interfaces_demo__py
[2.099s] [35m[1mConsolidate compiler generated dependencies of target base_interfaces_demo__rosidl_generator_py[0m
[2.107s] [ 80%] [32mBuilding C object CMakeFiles/base_interfaces_demo__rosidl_generator_py.dir/rosidl_generator_py/base_interfaces_demo/msg/_student_s.c.o[0m
[2.108s] [ 85%] [32mBuilding C object CMakeFiles/base_interfaces_demo__rosidl_generator_py.dir/rosidl_generator_py/base_interfaces_demo/srv/_add_ints_s.c.o[0m
[2.108s] [ 85%] [32mBuilding C object CMakeFiles/base_interfaces_demo__rosidl_generator_py.dir/rosidl_generator_py/base_interfaces_demo/action/_progress_s.c.o[0m
[2.199s] [ 87%] [32m[1mLinking C shared library rosidl_generator_py/base_interfaces_demo/libbase_interfaces_demo__rosidl_generator_py.so[0m
[2.223s] [ 87%] Built target base_interfaces_demo__rosidl_generator_py
[2.229s] [35m[1mConsolidate compiler generated dependencies of target base_interfaces_demo__rosidl_typesupport_fastrtps_c__pyext[0m
[2.229s] [35m[1mConsolidate compiler generated dependencies of target base_interfaces_demo__rosidl_typesupport_c__pyext[0m
[2.230s] [35m[1mConsolidate compiler generated dependencies of target base_interfaces_demo__rosidl_typesupport_introspection_c__pyext[0m
[2.236s] [ 91%] [32mBuilding C object CMakeFiles/base_interfaces_demo__rosidl_typesupport_fastrtps_c__pyext.dir/rosidl_generator_py/base_interfaces_demo/_base_interfaces_demo_s.ep.rosidl_typesupport_fastrtps_c.c.o[0m
[2.236s] [ 91%] [32mBuilding C object CMakeFiles/base_interfaces_demo__rosidl_typesupport_c__pyext.dir/rosidl_generator_py/base_interfaces_demo/_base_interfaces_demo_s.ep.rosidl_typesupport_c.c.o[0m
[2.238s] [ 93%] [32mBuilding C object CMakeFiles/base_interfaces_demo__rosidl_typesupport_introspection_c__pyext.dir/rosidl_generator_py/base_interfaces_demo/_base_interfaces_demo_s.ep.rosidl_typesupport_introspection_c.c.o[0m
[2.306s] [ 97%] [32m[1mLinking C shared library rosidl_generator_py/base_interfaces_demo/base_interfaces_demo_s__rosidl_typesupport_c.cpython-310-x86_64-linux-gnu.so[0m
[2.307s] [ 97%] [32m[1mLinking C shared library rosidl_generator_py/base_interfaces_demo/base_interfaces_demo_s__rosidl_typesupport_fastrtps_c.cpython-310-x86_64-linux-gnu.so[0m
[2.307s] [100%] [32m[1mLinking C shared library rosidl_generator_py/base_interfaces_demo/base_interfaces_demo_s__rosidl_typesupport_introspection_c.cpython-310-x86_64-linux-gnu.so[0m
[2.331s] [100%] Built target base_interfaces_demo__rosidl_typesupport_introspection_c__pyext
[2.331s] [100%] Built target base_interfaces_demo__rosidl_typesupport_c__pyext
[2.333s] [100%] Built target base_interfaces_demo__rosidl_typesupport_fastrtps_c__pyext
[2.342s] Invoked command in '/home/zhangjinrui/AppDisk/learn_ros2/ROS2/ws02_piumbing/build/base_interfaces_demo' returned '0': CMAKE_PREFIX_PATH=${CMAKE_PREFIX_PATH}:/home/zhangjinrui/AppDisk/learn_ros2/ROS2/ws01_hello/install/pkg02_hello_py:/home/zhangjinrui/AppDisk/learn_ros2/ROS2/ws02_piumbing/install/py02_service:/home/zhangjinrui/AppDisk/learn_ros2/ROS2/ws02_piumbing/install/py01_topic:/opt/ros/humble:/home/zhangjinrui/ROS2/dev_ws_foxy/install/learning_urdf:/home/zhangjinrui/ROS2/dev_ws_foxy/install/learning_topic:/home/zhangjinrui/ROS2/dev_ws_foxy/install/learning_tf:/home/zhangjinrui/ROS2/dev_ws_foxy/install/learning_service:/home/zhangjinrui/ROS2/dev_ws_foxy/install/learning_qos:/home/zhangjinrui/ROS2/dev_ws_foxy/install/learning_pkg_python:/home/zhangjinrui/ROS2/dev_ws_foxy/install/learning_parameter:/home/zhangjinrui/ROS2/dev_ws_foxy/install/learning_node:/home/zhangjinrui/ROS2/dev_ws_foxy/install/learning_launch:/home/zhangjinrui/ROS2/dev_ws_foxy/install/learning_action:/home/zhangjinrui/ROS2/dev_ws_foxy/install/learning_gazebo_harmonic:/home/zhangjinrui/ROS2/dev_ws_foxy/install/learning_gazebo:/home/zhangjinrui/ROS2/dev_ws_foxy/install/learning_cv /usr/bin/cmake --build /home/zhangjinrui/AppDisk/learn_ros2/ROS2/ws02_piumbing/build/base_interfaces_demo -- -j24 -l24
[2.348s] Invoking command in '/home/zhangjinrui/AppDisk/learn_ros2/ROS2/ws02_piumbing/build/base_interfaces_demo': CMAKE_PREFIX_PATH=${CMAKE_PREFIX_PATH}:/home/zhangjinrui/AppDisk/learn_ros2/ROS2/ws01_hello/install/pkg02_hello_py:/home/zhangjinrui/AppDisk/learn_ros2/ROS2/ws02_piumbing/install/py02_service:/home/zhangjinrui/AppDisk/learn_ros2/ROS2/ws02_piumbing/install/py01_topic:/opt/ros/humble:/home/zhangjinrui/ROS2/dev_ws_foxy/install/learning_urdf:/home/zhangjinrui/ROS2/dev_ws_foxy/install/learning_topic:/home/zhangjinrui/ROS2/dev_ws_foxy/install/learning_tf:/home/zhangjinrui/ROS2/dev_ws_foxy/install/learning_service:/home/zhangjinrui/ROS2/dev_ws_foxy/install/learning_qos:/home/zhangjinrui/ROS2/dev_ws_foxy/install/learning_pkg_python:/home/zhangjinrui/ROS2/dev_ws_foxy/install/learning_parameter:/home/zhangjinrui/ROS2/dev_ws_foxy/install/learning_node:/home/zhangjinrui/ROS2/dev_ws_foxy/install/learning_launch:/home/zhangjinrui/ROS2/dev_ws_foxy/install/learning_action:/home/zhangjinrui/ROS2/dev_ws_foxy/install/learning_gazebo_harmonic:/home/zhangjinrui/ROS2/dev_ws_foxy/install/learning_gazebo:/home/zhangjinrui/ROS2/dev_ws_foxy/install/learning_cv /usr/bin/cmake --install /home/zhangjinrui/AppDisk/learn_ros2/ROS2/ws02_piumbing/build/base_interfaces_demo
[2.353s] -- Install configuration: ""
[2.353s] -- Execute custom install script
[2.353s] -- Up-to-date symlink: /home/zhangjinrui/AppDisk/learn_ros2/ROS2/ws02_piumbing/install/base_interfaces_demo/share/ament_index/resource_index/rosidl_interfaces/base_interfaces_demo
[2.354s] -- Symlinking: /home/zhangjinrui/AppDisk/learn_ros2/ROS2/ws02_piumbing/install/base_interfaces_demo/include/base_interfaces_demo/base_interfaces_demo/action/detail/progress__functions.h
[2.359s] -- Symlinking: /home/zhangjinrui/AppDisk/learn_ros2/ROS2/ws02_piumbing/install/base_interfaces_demo/include/base_interfaces_demo/base_interfaces_demo/action/detail/progress__struct.h
[2.363s] -- Symlinking: /home/zhangjinrui/AppDisk/learn_ros2/ROS2/ws02_piumbing/install/base_interfaces_demo/include/base_interfaces_demo/base_interfaces_demo/action/detail/progress__type_support.h
[2.368s] -- Symlinking: /home/zhangjinrui/AppDisk/learn_ros2/ROS2/ws02_piumbing/install/base_interfaces_demo/include/base_interfaces_demo/base_interfaces_demo/action/progress.h
[2.372s] -- Up-to-date symlink: /home/zhangjinrui/AppDisk/learn_ros2/ROS2/ws02_piumbing/install/base_interfaces_demo/include/base_interfaces_demo/base_interfaces_demo/msg/detail/student__functions.h
[2.372s] -- Up-to-date symlink: /home/zhangjinrui/AppDisk/learn_ros2/ROS2/ws02_piumbing/install/base_interfaces_demo/include/base_interfaces_demo/base_interfaces_demo/msg/detail/student__struct.h
[2.372s] -- Up-to-date symlink: /home/zhangjinrui/AppDisk/learn_ros2/ROS2/ws02_piumbing/install/base_interfaces_demo/include/base_interfaces_demo/base_interfaces_demo/msg/detail/student__type_support.h
[2.372s] -- Up-to-date symlink: /home/zhangjinrui/AppDisk/learn_ros2/ROS2/ws02_piumbing/install/base_interfaces_demo/include/base_interfaces_demo/base_interfaces_demo/msg/rosidl_generator_c__visibility_control.h
[2.372s] -- Up-to-date symlink: /home/zhangjinrui/AppDisk/learn_ros2/ROS2/ws02_piumbing/install/base_interfaces_demo/include/base_interfaces_demo/base_interfaces_demo/msg/student.h
[2.372s] -- Up-to-date symlink: /home/zhangjinrui/AppDisk/learn_ros2/ROS2/ws02_piumbing/install/base_interfaces_demo/include/base_interfaces_demo/base_interfaces_demo/srv/add_ints.h
[2.372s] -- Up-to-date symlink: /home/zhangjinrui/AppDisk/learn_ros2/ROS2/ws02_piumbing/install/base_interfaces_demo/include/base_interfaces_demo/base_interfaces_demo/srv/detail/add_ints__functions.h
[2.372s] -- Up-to-date symlink: /home/zhangjinrui/AppDisk/learn_ros2/ROS2/ws02_piumbing/install/base_interfaces_demo/include/base_interfaces_demo/base_interfaces_demo/srv/detail/add_ints__struct.h
[2.373s] -- Up-to-date symlink: /home/zhangjinrui/AppDisk/learn_ros2/ROS2/ws02_piumbing/install/base_interfaces_demo/include/base_interfaces_demo/base_interfaces_demo/srv/detail/add_ints__type_support.h
[2.373s] -- Up-to-date symlink: /home/zhangjinrui/AppDisk/learn_ros2/ROS2/ws02_piumbing/install/base_interfaces_demo/share/base_interfaces_demo/environment/library_path.sh
[2.373s] -- Up-to-date symlink: /home/zhangjinrui/AppDisk/learn_ros2/ROS2/ws02_piumbing/install/base_interfaces_demo/share/base_interfaces_demo/environment/library_path.dsv
[2.373s] -- Symlinking: /home/zhangjinrui/AppDisk/learn_ros2/ROS2/ws02_piumbing/install/base_interfaces_demo/include/base_interfaces_demo/base_interfaces_demo/action/detail/progress__rosidl_typesupport_fastrtps_c.h
[2.378s] -- Up-to-date symlink: /home/zhangjinrui/AppDisk/learn_ros2/ROS2/ws02_piumbing/install/base_interfaces_demo/include/base_interfaces_demo/base_interfaces_demo/msg/detail/student__rosidl_typesupport_fastrtps_c.h
[2.378s] -- Up-to-date symlink: /home/zhangjinrui/AppDisk/learn_ros2/ROS2/ws02_piumbing/install/base_interfaces_demo/include/base_interfaces_demo/base_interfaces_demo/msg/rosidl_typesupport_fastrtps_c__visibility_control.h
[2.378s] -- Up-to-date symlink: /home/zhangjinrui/AppDisk/learn_ros2/ROS2/ws02_piumbing/install/base_interfaces_demo/include/base_interfaces_demo/base_interfaces_demo/srv/detail/add_ints__rosidl_typesupport_fastrtps_c.h
[2.379s] -- Symlinking: /home/zhangjinrui/AppDisk/learn_ros2/ROS2/ws02_piumbing/install/base_interfaces_demo/include/base_interfaces_demo/base_interfaces_demo/action/detail/progress__rosidl_typesupport_introspection_c.h
[2.384s] -- Up-to-date symlink: /home/zhangjinrui/AppDisk/learn_ros2/ROS2/ws02_piumbing/install/base_interfaces_demo/include/base_interfaces_demo/base_interfaces_demo/msg/detail/student__rosidl_typesupport_introspection_c.h
[2.384s] -- Up-to-date symlink: /home/zhangjinrui/AppDisk/learn_ros2/ROS2/ws02_piumbing/install/base_interfaces_demo/include/base_interfaces_demo/base_interfaces_demo/msg/rosidl_typesupport_introspection_c__visibility_control.h
[2.384s] -- Up-to-date symlink: /home/zhangjinrui/AppDisk/learn_ros2/ROS2/ws02_piumbing/install/base_interfaces_demo/include/base_interfaces_demo/base_interfaces_demo/srv/detail/add_ints__rosidl_typesupport_introspection_c.h
[2.384s] -- Symlinking: /home/zhangjinrui/AppDisk/learn_ros2/ROS2/ws02_piumbing/install/base_interfaces_demo/include/base_interfaces_demo/base_interfaces_demo/action/detail/progress__builder.hpp
[2.388s] -- Symlinking: /home/zhangjinrui/AppDisk/learn_ros2/ROS2/ws02_piumbing/install/base_interfaces_demo/include/base_interfaces_demo/base_interfaces_demo/action/detail/progress__struct.hpp
[2.394s] -- Symlinking: /home/zhangjinrui/AppDisk/learn_ros2/ROS2/ws02_piumbing/install/base_interfaces_demo/include/base_interfaces_demo/base_interfaces_demo/action/detail/progress__traits.hpp
[2.399s] -- Symlinking: /home/zhangjinrui/AppDisk/learn_ros2/ROS2/ws02_piumbing/install/base_interfaces_demo/include/base_interfaces_demo/base_interfaces_demo/action/detail/progress__type_support.hpp
[2.404s] -- Symlinking: /home/zhangjinrui/AppDisk/learn_ros2/ROS2/ws02_piumbing/install/base_interfaces_demo/include/base_interfaces_demo/base_interfaces_demo/action/progress.hpp
[2.410s] -- Up-to-date symlink: /home/zhangjinrui/AppDisk/learn_ros2/ROS2/ws02_piumbing/install/base_interfaces_demo/include/base_interfaces_demo/base_interfaces_demo/msg/detail/student__builder.hpp
[2.410s] -- Up-to-date symlink: /home/zhangjinrui/AppDisk/learn_ros2/ROS2/ws02_piumbing/install/base_interfaces_demo/include/base_interfaces_demo/base_interfaces_demo/msg/detail/student__struct.hpp
[2.410s] -- Up-to-date symlink: /home/zhangjinrui/AppDisk/learn_ros2/ROS2/ws02_piumbing/install/base_interfaces_demo/include/base_interfaces_demo/base_interfaces_demo/msg/detail/student__traits.hpp
[2.410s] -- Up-to-date symlink: /home/zhangjinrui/AppDisk/learn_ros2/ROS2/ws02_piumbing/install/base_interfaces_demo/include/base_interfaces_demo/base_interfaces_demo/msg/detail/student__type_support.hpp
[2.410s] -- Up-to-date symlink: /home/zhangjinrui/AppDisk/learn_ros2/ROS2/ws02_piumbing/install/base_interfaces_demo/include/base_interfaces_demo/base_interfaces_demo/msg/rosidl_generator_cpp__visibility_control.hpp
[2.410s] -- Up-to-date symlink: /home/zhangjinrui/AppDisk/learn_ros2/ROS2/ws02_piumbing/install/base_interfaces_demo/include/base_interfaces_demo/base_interfaces_demo/msg/student.hpp
[2.410s] -- Up-to-date symlink: /home/zhangjinrui/AppDisk/learn_ros2/ROS2/ws02_piumbing/install/base_interfaces_demo/include/base_interfaces_demo/base_interfaces_demo/srv/add_ints.hpp
[2.410s] -- Up-to-date symlink: /home/zhangjinrui/AppDisk/learn_ros2/ROS2/ws02_piumbing/install/base_interfaces_demo/include/base_interfaces_demo/base_interfaces_demo/srv/detail/add_ints__builder.hpp
[2.410s] -- Up-to-date symlink: /home/zhangjinrui/AppDisk/learn_ros2/ROS2/ws02_piumbing/install/base_interfaces_demo/include/base_interfaces_demo/base_interfaces_demo/srv/detail/add_ints__struct.hpp
[2.410s] -- Up-to-date symlink: /home/zhangjinrui/AppDisk/learn_ros2/ROS2/ws02_piumbing/install/base_interfaces_demo/include/base_interfaces_demo/base_interfaces_demo/srv/detail/add_ints__traits.hpp
[2.410s] -- Up-to-date symlink: /home/zhangjinrui/AppDisk/learn_ros2/ROS2/ws02_piumbing/install/base_interfaces_demo/include/base_interfaces_demo/base_interfaces_demo/srv/detail/add_ints__type_support.hpp
[2.411s] -- Symlinking: /home/zhangjinrui/AppDisk/learn_ros2/ROS2/ws02_piumbing/install/base_interfaces_demo/include/base_interfaces_demo/base_interfaces_demo/action/detail/progress__rosidl_typesupport_fastrtps_cpp.hpp
[2.416s] -- Up-to-date symlink: /home/zhangjinrui/AppDisk/learn_ros2/ROS2/ws02_piumbing/install/base_interfaces_demo/include/base_interfaces_demo/base_interfaces_demo/msg/detail/student__rosidl_typesupport_fastrtps_cpp.hpp
[2.416s] -- Up-to-date symlink: /home/zhangjinrui/AppDisk/learn_ros2/ROS2/ws02_piumbing/install/base_interfaces_demo/include/base_interfaces_demo/base_interfaces_demo/msg/rosidl_typesupport_fastrtps_cpp__visibility_control.h
[2.416s] -- Up-to-date symlink: /home/zhangjinrui/AppDisk/learn_ros2/ROS2/ws02_piumbing/install/base_interfaces_demo/include/base_interfaces_demo/base_interfaces_demo/srv/detail/add_ints__rosidl_typesupport_fastrtps_cpp.hpp
[2.417s] -- Symlinking: /home/zhangjinrui/AppDisk/learn_ros2/ROS2/ws02_piumbing/install/base_interfaces_demo/include/base_interfaces_demo/base_interfaces_demo/action/detail/progress__rosidl_typesupport_introspection_cpp.hpp
[2.422s] -- Up-to-date symlink: /home/zhangjinrui/AppDisk/learn_ros2/ROS2/ws02_piumbing/install/base_interfaces_demo/include/base_interfaces_demo/base_interfaces_demo/msg/detail/student__rosidl_typesupport_introspection_cpp.hpp
[2.422s] -- Up-to-date symlink: /home/zhangjinrui/AppDisk/learn_ros2/ROS2/ws02_piumbing/install/base_interfaces_demo/include/base_interfaces_demo/base_interfaces_demo/srv/detail/add_ints__rosidl_typesupport_introspection_cpp.hpp
[2.422s] -- Up-to-date symlink: /home/zhangjinrui/AppDisk/learn_ros2/ROS2/ws02_piumbing/install/base_interfaces_demo/share/base_interfaces_demo/environment/pythonpath.sh
[2.422s] -- Up-to-date symlink: /home/zhangjinrui/AppDisk/learn_ros2/ROS2/ws02_piumbing/install/base_interfaces_demo/share/base_interfaces_demo/environment/pythonpath.dsv
[2.422s] -- Up-to-date symlink: /home/zhangjinrui/AppDisk/learn_ros2/ROS2/ws02_piumbing/install/base_interfaces_demo/local/lib/python3.10/dist-packages/base_interfaces_demo-0.0.0-py3.10.egg-info/PKG-INFO
[2.422s] -- Up-to-date symlink: /home/zhangjinrui/AppDisk/learn_ros2/ROS2/ws02_piumbing/install/base_interfaces_demo/local/lib/python3.10/dist-packages/base_interfaces_demo-0.0.0-py3.10.egg-info/SOURCES.txt
[2.422s] -- Up-to-date symlink: /home/zhangjinrui/AppDisk/learn_ros2/ROS2/ws02_piumbing/install/base_interfaces_demo/local/lib/python3.10/dist-packages/base_interfaces_demo-0.0.0-py3.10.egg-info/dependency_links.txt
[2.422s] -- Up-to-date symlink: /home/zhangjinrui/AppDisk/learn_ros2/ROS2/ws02_piumbing/install/base_interfaces_demo/local/lib/python3.10/dist-packages/base_interfaces_demo-0.0.0-py3.10.egg-info/top_level.txt
[2.423s] -- Up-to-date symlink: /home/zhangjinrui/AppDisk/learn_ros2/ROS2/ws02_piumbing/install/base_interfaces_demo/local/lib/python3.10/dist-packages/base_interfaces_demo/__init__.py
[2.423s] -- Up-to-date symlink: /home/zhangjinrui/AppDisk/learn_ros2/ROS2/ws02_piumbing/install/base_interfaces_demo/local/lib/python3.10/dist-packages/base_interfaces_demo/_base_interfaces_demo_s.ep.rosidl_typesupport_c.c
[2.423s] -- Up-to-date symlink: /home/zhangjinrui/AppDisk/learn_ros2/ROS2/ws02_piumbing/install/base_interfaces_demo/local/lib/python3.10/dist-packages/base_interfaces_demo/_base_interfaces_demo_s.ep.rosidl_typesupport_fastrtps_c.c
[2.423s] -- Up-to-date symlink: /home/zhangjinrui/AppDisk/learn_ros2/ROS2/ws02_piumbing/install/base_interfaces_demo/local/lib/python3.10/dist-packages/base_interfaces_demo/_base_interfaces_demo_s.ep.rosidl_typesupport_introspection_c.c
[2.423s] -- Symlinking: /home/zhangjinrui/AppDisk/learn_ros2/ROS2/ws02_piumbing/install/base_interfaces_demo/local/lib/python3.10/dist-packages/base_interfaces_demo/action/__init__.py
[2.428s] -- Symlinking: /home/zhangjinrui/AppDisk/learn_ros2/ROS2/ws02_piumbing/install/base_interfaces_demo/local/lib/python3.10/dist-packages/base_interfaces_demo/action/_progress.py
[2.433s] -- Symlinking: /home/zhangjinrui/AppDisk/learn_ros2/ROS2/ws02_piumbing/install/base_interfaces_demo/local/lib/python3.10/dist-packages/base_interfaces_demo/action/_progress_s.c
[2.438s] -- Up-to-date symlink: /home/zhangjinrui/AppDisk/learn_ros2/ROS2/ws02_piumbing/install/base_interfaces_demo/local/lib/python3.10/dist-packages/base_interfaces_demo/base_interfaces_demo_s__rosidl_typesupport_c.cpython-310-x86_64-linux-gnu.so
[2.438s] -- Up-to-date symlink: /home/zhangjinrui/AppDisk/learn_ros2/ROS2/ws02_piumbing/install/base_interfaces_demo/local/lib/python3.10/dist-packages/base_interfaces_demo/base_interfaces_demo_s__rosidl_typesupport_fastrtps_c.cpython-310-x86_64-linux-gnu.so
[2.438s] -- Up-to-date symlink: /home/zhangjinrui/AppDisk/learn_ros2/ROS2/ws02_piumbing/install/base_interfaces_demo/local/lib/python3.10/dist-packages/base_interfaces_demo/base_interfaces_demo_s__rosidl_typesupport_introspection_c.cpython-310-x86_64-linux-gnu.so
[2.438s] -- Up-to-date symlink: /home/zhangjinrui/AppDisk/learn_ros2/ROS2/ws02_piumbing/install/base_interfaces_demo/local/lib/python3.10/dist-packages/base_interfaces_demo/libbase_interfaces_demo__rosidl_generator_py.so
[2.438s] -- Up-to-date symlink: /home/zhangjinrui/AppDisk/learn_ros2/ROS2/ws02_piumbing/install/base_interfaces_demo/local/lib/python3.10/dist-packages/base_interfaces_demo/msg/__init__.py
[2.438s] -- Up-to-date symlink: /home/zhangjinrui/AppDisk/learn_ros2/ROS2/ws02_piumbing/install/base_interfaces_demo/local/lib/python3.10/dist-packages/base_interfaces_demo/msg/_student.py
[2.438s] -- Up-to-date symlink: /home/zhangjinrui/AppDisk/learn_ros2/ROS2/ws02_piumbing/install/base_interfaces_demo/local/lib/python3.10/dist-packages/base_interfaces_demo/msg/_student_s.c
[2.439s] -- Up-to-date symlink: /home/zhangjinrui/AppDisk/learn_ros2/ROS2/ws02_piumbing/install/base_interfaces_demo/local/lib/python3.10/dist-packages/base_interfaces_demo/srv/__init__.py
[2.439s] -- Up-to-date symlink: /home/zhangjinrui/AppDisk/learn_ros2/ROS2/ws02_piumbing/install/base_interfaces_demo/local/lib/python3.10/dist-packages/base_interfaces_demo/srv/_add_ints.py
[2.439s] -- Up-to-date symlink: /home/zhangjinrui/AppDisk/learn_ros2/ROS2/ws02_piumbing/install/base_interfaces_demo/local/lib/python3.10/dist-packages/base_interfaces_demo/srv/_add_ints_s.c
[2.439s] -- Up-to-date symlink: /home/zhangjinrui/AppDisk/learn_ros2/ROS2/ws02_piumbing/install/base_interfaces_demo/local/lib/python3.10/dist-packages/base_interfaces_demo/base_interfaces_demo_s__rosidl_typesupport_fastrtps_c.cpython-310-x86_64-linux-gnu.so
[2.439s] -- Up-to-date symlink: /home/zhangjinrui/AppDisk/learn_ros2/ROS2/ws02_piumbing/install/base_interfaces_demo/local/lib/python3.10/dist-packages/base_interfaces_demo/base_interfaces_demo_s__rosidl_typesupport_introspection_c.cpython-310-x86_64-linux-gnu.so
[2.439s] -- Up-to-date symlink: /home/zhangjinrui/AppDisk/learn_ros2/ROS2/ws02_piumbing/install/base_interfaces_demo/local/lib/python3.10/dist-packages/base_interfaces_demo/base_interfaces_demo_s__rosidl_typesupport_c.cpython-310-x86_64-linux-gnu.so
[2.439s] -- Up-to-date symlink: /home/zhangjinrui/AppDisk/learn_ros2/ROS2/ws02_piumbing/install/base_interfaces_demo/share/base_interfaces_demo/msg/Student.idl
[2.439s] -- Up-to-date symlink: /home/zhangjinrui/AppDisk/learn_ros2/ROS2/ws02_piumbing/install/base_interfaces_demo/share/base_interfaces_demo/srv/AddInts.idl
[2.439s] -- Symlinking: /home/zhangjinrui/AppDisk/learn_ros2/ROS2/ws02_piumbing/install/base_interfaces_demo/share/base_interfaces_demo/action/Progress.idl
[2.445s] -- Up-to-date symlink: /home/zhangjinrui/AppDisk/learn_ros2/ROS2/ws02_piumbing/install/base_interfaces_demo/share/base_interfaces_demo/msg/Student.msg
[2.445s] -- Up-to-date symlink: /home/zhangjinrui/AppDisk/learn_ros2/ROS2/ws02_piumbing/install/base_interfaces_demo/share/base_interfaces_demo/srv/AddInts.srv
[2.445s] -- Up-to-date symlink: /home/zhangjinrui/AppDisk/learn_ros2/ROS2/ws02_piumbing/install/base_interfaces_demo/share/base_interfaces_demo/srv/AddInts_Request.msg
[2.445s] -- Up-to-date symlink: /home/zhangjinrui/AppDisk/learn_ros2/ROS2/ws02_piumbing/install/base_interfaces_demo/share/base_interfaces_demo/srv/AddInts_Response.msg
[2.445s] -- Symlinking: /home/zhangjinrui/AppDisk/learn_ros2/ROS2/ws02_piumbing/install/base_interfaces_demo/share/base_interfaces_demo/action/Progress.action
[2.450s] -- Up-to-date symlink: /home/zhangjinrui/AppDisk/learn_ros2/ROS2/ws02_piumbing/install/base_interfaces_demo/share/ament_index/resource_index/package_run_dependencies/base_interfaces_demo
[2.450s] -- Up-to-date symlink: /home/zhangjinrui/AppDisk/learn_ros2/ROS2/ws02_piumbing/install/base_interfaces_demo/share/ament_index/resource_index/parent_prefix_path/base_interfaces_demo
[2.450s] -- Up-to-date symlink: /home/zhangjinrui/AppDisk/learn_ros2/ROS2/ws02_piumbing/install/base_interfaces_demo/share/base_interfaces_demo/environment/ament_prefix_path.sh
[2.451s] -- Up-to-date symlink: /home/zhangjinrui/AppDisk/learn_ros2/ROS2/ws02_piumbing/install/base_interfaces_demo/share/base_interfaces_demo/environment/ament_prefix_path.dsv
[2.451s] -- Up-to-date symlink: /home/zhangjinrui/AppDisk/learn_ros2/ROS2/ws02_piumbing/install/base_interfaces_demo/share/base_interfaces_demo/environment/path.sh
[2.451s] -- Up-to-date symlink: /home/zhangjinrui/AppDisk/learn_ros2/ROS2/ws02_piumbing/install/base_interfaces_demo/share/base_interfaces_demo/environment/path.dsv
[2.451s] -- Up-to-date symlink: /home/zhangjinrui/AppDisk/learn_ros2/ROS2/ws02_piumbing/install/base_interfaces_demo/share/base_interfaces_demo/local_setup.bash
[2.451s] -- Up-to-date symlink: /home/zhangjinrui/AppDisk/learn_ros2/ROS2/ws02_piumbing/install/base_interfaces_demo/share/base_interfaces_demo/local_setup.sh
[2.451s] -- Up-to-date symlink: /home/zhangjinrui/AppDisk/learn_ros2/ROS2/ws02_piumbing/install/base_interfaces_demo/share/base_interfaces_demo/local_setup.zsh
[2.451s] -- Up-to-date symlink: /home/zhangjinrui/AppDisk/learn_ros2/ROS2/ws02_piumbing/install/base_interfaces_demo/share/base_interfaces_demo/local_setup.dsv
[2.451s] -- Symlinking: /home/zhangjinrui/AppDisk/learn_ros2/ROS2/ws02_piumbing/install/base_interfaces_demo/share/base_interfaces_demo/package.dsv
[2.457s] -- Up-to-date symlink: /home/zhangjinrui/AppDisk/learn_ros2/ROS2/ws02_piumbing/install/base_interfaces_demo/share/ament_index/resource_index/packages/base_interfaces_demo
[2.457s] -- Up-to-date symlink: /home/zhangjinrui/AppDisk/learn_ros2/ROS2/ws02_piumbing/install/base_interfaces_demo/share/base_interfaces_demo/cmake/rosidl_cmake-extras.cmake
[2.457s] -- Up-to-date symlink: /home/zhangjinrui/AppDisk/learn_ros2/ROS2/ws02_piumbing/install/base_interfaces_demo/share/base_interfaces_demo/cmake/ament_cmake_export_dependencies-extras.cmake
[2.457s] -- Up-to-date symlink: /home/zhangjinrui/AppDisk/learn_ros2/ROS2/ws02_piumbing/install/base_interfaces_demo/share/base_interfaces_demo/cmake/ament_cmake_export_include_directories-extras.cmake
[2.457s] -- Up-to-date symlink: /home/zhangjinrui/AppDisk/learn_ros2/ROS2/ws02_piumbing/install/base_interfaces_demo/share/base_interfaces_demo/cmake/ament_cmake_export_libraries-extras.cmake
[2.457s] -- Up-to-date symlink: /home/zhangjinrui/AppDisk/learn_ros2/ROS2/ws02_piumbing/install/base_interfaces_demo/share/base_interfaces_demo/cmake/ament_cmake_export_targets-extras.cmake
[2.457s] -- Up-to-date symlink: /home/zhangjinrui/AppDisk/learn_ros2/ROS2/ws02_piumbing/install/base_interfaces_demo/share/base_interfaces_demo/cmake/rosidl_cmake_export_typesupport_targets-extras.cmake
[2.457s] -- Up-to-date symlink: /home/zhangjinrui/AppDisk/learn_ros2/ROS2/ws02_piumbing/install/base_interfaces_demo/share/base_interfaces_demo/cmake/rosidl_cmake_export_typesupport_libraries-extras.cmake
[2.457s] -- Up-to-date symlink: /home/zhangjinrui/AppDisk/learn_ros2/ROS2/ws02_piumbing/install/base_interfaces_demo/share/base_interfaces_demo/cmake/base_interfaces_demoConfig.cmake
[2.457s] -- Up-to-date symlink: /home/zhangjinrui/AppDisk/learn_ros2/ROS2/ws02_piumbing/install/base_interfaces_demo/share/base_interfaces_demo/cmake/base_interfaces_demoConfig-version.cmake
[2.457s] -- Up-to-date symlink: /home/zhangjinrui/AppDisk/learn_ros2/ROS2/ws02_piumbing/install/base_interfaces_demo/share/base_interfaces_demo/package.xml
[2.457s] -- Installing: /home/zhangjinrui/AppDisk/learn_ros2/ROS2/ws02_piumbing/install/base_interfaces_demo/lib/libbase_interfaces_demo__rosidl_generator_c.so
[2.458s] -- Set runtime path of "/home/zhangjinrui/AppDisk/learn_ros2/ROS2/ws02_piumbing/install/base_interfaces_demo/lib/libbase_interfaces_demo__rosidl_generator_c.so" to ""
[2.458s] -- Installing: /home/zhangjinrui/AppDisk/learn_ros2/ROS2/ws02_piumbing/install/base_interfaces_demo/lib/libbase_interfaces_demo__rosidl_typesupport_fastrtps_c.so
[2.458s] -- Set runtime path of "/home/zhangjinrui/AppDisk/learn_ros2/ROS2/ws02_piumbing/install/base_interfaces_demo/lib/libbase_interfaces_demo__rosidl_typesupport_fastrtps_c.so" to ""
[2.458s] -- Installing: /home/zhangjinrui/AppDisk/learn_ros2/ROS2/ws02_piumbing/install/base_interfaces_demo/lib/libbase_interfaces_demo__rosidl_typesupport_introspection_c.so
[2.458s] -- Set runtime path of "/home/zhangjinrui/AppDisk/learn_ros2/ROS2/ws02_piumbing/install/base_interfaces_demo/lib/libbase_interfaces_demo__rosidl_typesupport_introspection_c.so" to ""
[2.458s] -- Installing: /home/zhangjinrui/AppDisk/learn_ros2/ROS2/ws02_piumbing/install/base_interfaces_demo/lib/libbase_interfaces_demo__rosidl_typesupport_c.so
[2.459s] -- Set runtime path of "/home/zhangjinrui/AppDisk/learn_ros2/ROS2/ws02_piumbing/install/base_interfaces_demo/lib/libbase_interfaces_demo__rosidl_typesupport_c.so" to ""
[2.459s] -- Installing: /home/zhangjinrui/AppDisk/learn_ros2/ROS2/ws02_piumbing/install/base_interfaces_demo/lib/libbase_interfaces_demo__rosidl_typesupport_fastrtps_cpp.so
[2.459s] -- Set runtime path of "/home/zhangjinrui/AppDisk/learn_ros2/ROS2/ws02_piumbing/install/base_interfaces_demo/lib/libbase_interfaces_demo__rosidl_typesupport_fastrtps_cpp.so" to ""
[2.459s] -- Installing: /home/zhangjinrui/AppDisk/learn_ros2/ROS2/ws02_piumbing/install/base_interfaces_demo/lib/libbase_interfaces_demo__rosidl_typesupport_introspection_cpp.so
[2.459s] -- Set runtime path of "/home/zhangjinrui/AppDisk/learn_ros2/ROS2/ws02_piumbing/install/base_interfaces_demo/lib/libbase_interfaces_demo__rosidl_typesupport_introspection_cpp.so" to ""
[2.460s] -- Installing: /home/zhangjinrui/AppDisk/learn_ros2/ROS2/ws02_piumbing/install/base_interfaces_demo/lib/libbase_interfaces_demo__rosidl_typesupport_cpp.so
[2.460s] -- Set runtime path of "/home/zhangjinrui/AppDisk/learn_ros2/ROS2/ws02_piumbing/install/base_interfaces_demo/lib/libbase_interfaces_demo__rosidl_typesupport_cpp.so" to ""
[2.496s] Listing '/home/zhangjinrui/AppDisk/learn_ros2/ROS2/ws02_piumbing/install/base_interfaces_demo/local/lib/python3.10/dist-packages/base_interfaces_demo'...
[2.496s] Compiling '/home/zhangjinrui/AppDisk/learn_ros2/ROS2/ws02_piumbing/install/base_interfaces_demo/local/lib/python3.10/dist-packages/base_interfaces_demo/__init__.py'...
[2.496s] Listing '/home/zhangjinrui/AppDisk/learn_ros2/ROS2/ws02_piumbing/install/base_interfaces_demo/local/lib/python3.10/dist-packages/base_interfaces_demo/action'...
[2.496s] Compiling '/home/zhangjinrui/AppDisk/learn_ros2/ROS2/ws02_piumbing/install/base_interfaces_demo/local/lib/python3.10/dist-packages/base_interfaces_demo/action/__init__.py'...
[2.496s] Compiling '/home/zhangjinrui/AppDisk/learn_ros2/ROS2/ws02_piumbing/install/base_interfaces_demo/local/lib/python3.10/dist-packages/base_interfaces_demo/action/_progress.py'...
[2.496s] Listing '/home/zhangjinrui/AppDisk/learn_ros2/ROS2/ws02_piumbing/install/base_interfaces_demo/local/lib/python3.10/dist-packages/base_interfaces_demo/msg'...
[2.496s] Compiling '/home/zhangjinrui/AppDisk/learn_ros2/ROS2/ws02_piumbing/install/base_interfaces_demo/local/lib/python3.10/dist-packages/base_interfaces_demo/msg/__init__.py'...
[2.496s] Compiling '/home/zhangjinrui/AppDisk/learn_ros2/ROS2/ws02_piumbing/install/base_interfaces_demo/local/lib/python3.10/dist-packages/base_interfaces_demo/msg/_student.py'...
[2.496s] Listing '/home/zhangjinrui/AppDisk/learn_ros2/ROS2/ws02_piumbing/install/base_interfaces_demo/local/lib/python3.10/dist-packages/base_interfaces_demo/srv'...
[2.496s] Compiling '/home/zhangjinrui/AppDisk/learn_ros2/ROS2/ws02_piumbing/install/base_interfaces_demo/local/lib/python3.10/dist-packages/base_interfaces_demo/srv/__init__.py'...
[2.496s] Compiling '/home/zhangjinrui/AppDisk/learn_ros2/ROS2/ws02_piumbing/install/base_interfaces_demo/local/lib/python3.10/dist-packages/base_interfaces_demo/srv/_add_ints.py'...
[2.499s] -- Installing: /home/zhangjinrui/AppDisk/learn_ros2/ROS2/ws02_piumbing/install/base_interfaces_demo/lib/libbase_interfaces_demo__rosidl_generator_py.so
[2.499s] -- Set runtime path of "/home/zhangjinrui/AppDisk/learn_ros2/ROS2/ws02_piumbing/install/base_interfaces_demo/lib/libbase_interfaces_demo__rosidl_generator_py.so" to ""
[2.499s] -- Old export file "/home/zhangjinrui/AppDisk/learn_ros2/ROS2/ws02_piumbing/install/base_interfaces_demo/share/base_interfaces_demo/cmake/export_base_interfaces_demo__rosidl_generator_cExport.cmake" will be replaced.  Removing files [/home/zhangjinrui/AppDisk/learn_ros2/ROS2/ws02_piumbing/install/base_interfaces_demo/share/base_interfaces_demo/cmake/export_base_interfaces_demo__rosidl_generator_cExport-noconfig.cmake].
[2.499s] -- Installing: /home/zhangjinrui/AppDisk/learn_ros2/ROS2/ws02_piumbing/install/base_interfaces_demo/share/base_interfaces_demo/cmake/export_base_interfaces_demo__rosidl_generator_cExport.cmake
[2.499s] -- Installing: /home/zhangjinrui/AppDisk/learn_ros2/ROS2/ws02_piumbing/install/base_interfaces_demo/share/base_interfaces_demo/cmake/export_base_interfaces_demo__rosidl_generator_cExport-noconfig.cmake
[2.499s] -- Old export file "/home/zhangjinrui/AppDisk/learn_ros2/ROS2/ws02_piumbing/install/base_interfaces_demo/share/base_interfaces_demo/cmake/export_base_interfaces_demo__rosidl_typesupport_fastrtps_cExport.cmake" will be replaced.  Removing files [/home/zhangjinrui/AppDisk/learn_ros2/ROS2/ws02_piumbing/install/base_interfaces_demo/share/base_interfaces_demo/cmake/export_base_interfaces_demo__rosidl_typesupport_fastrtps_cExport-noconfig.cmake].
[2.499s] -- Installing: /home/zhangjinrui/AppDisk/learn_ros2/ROS2/ws02_piumbing/install/base_interfaces_demo/share/base_interfaces_demo/cmake/export_base_interfaces_demo__rosidl_typesupport_fastrtps_cExport.cmake
[2.499s] -- Installing: /home/zhangjinrui/AppDisk/learn_ros2/ROS2/ws02_piumbing/install/base_interfaces_demo/share/base_interfaces_demo/cmake/export_base_interfaces_demo__rosidl_typesupport_fastrtps_cExport-noconfig.cmake
[2.500s] -- Old export file "/home/zhangjinrui/AppDisk/learn_ros2/ROS2/ws02_piumbing/install/base_interfaces_demo/share/base_interfaces_demo/cmake/base_interfaces_demo__rosidl_typesupport_introspection_cExport.cmake" will be replaced.  Removing files [/home/zhangjinrui/AppDisk/learn_ros2/ROS2/ws02_piumbing/install/base_interfaces_demo/share/base_interfaces_demo/cmake/base_interfaces_demo__rosidl_typesupport_introspection_cExport-noconfig.cmake].
[2.500s] -- Installing: /home/zhangjinrui/AppDisk/learn_ros2/ROS2/ws02_piumbing/install/base_interfaces_demo/share/base_interfaces_demo/cmake/base_interfaces_demo__rosidl_typesupport_introspection_cExport.cmake
[2.500s] -- Installing: /home/zhangjinrui/AppDisk/learn_ros2/ROS2/ws02_piumbing/install/base_interfaces_demo/share/base_interfaces_demo/cmake/base_interfaces_demo__rosidl_typesupport_introspection_cExport-noconfig.cmake
[2.500s] -- Old export file "/home/zhangjinrui/AppDisk/learn_ros2/ROS2/ws02_piumbing/install/base_interfaces_demo/share/base_interfaces_demo/cmake/base_interfaces_demo__rosidl_typesupport_cExport.cmake" will be replaced.  Removing files [/home/zhangjinrui/AppDisk/learn_ros2/ROS2/ws02_piumbing/install/base_interfaces_demo/share/base_interfaces_demo/cmake/base_interfaces_demo__rosidl_typesupport_cExport-noconfig.cmake].
[2.500s] -- Installing: /home/zhangjinrui/AppDisk/learn_ros2/ROS2/ws02_piumbing/install/base_interfaces_demo/share/base_interfaces_demo/cmake/base_interfaces_demo__rosidl_typesupport_cExport.cmake
[2.500s] -- Installing: /home/zhangjinrui/AppDisk/learn_ros2/ROS2/ws02_piumbing/install/base_interfaces_demo/share/base_interfaces_demo/cmake/base_interfaces_demo__rosidl_typesupport_cExport-noconfig.cmake
[2.500s] -- Installing: /home/zhangjinrui/AppDisk/learn_ros2/ROS2/ws02_piumbing/install/base_interfaces_demo/share/base_interfaces_demo/cmake/export_base_interfaces_demo__rosidl_generator_cppExport.cmake
[2.500s] -- Old export file "/home/zhangjinrui/AppDisk/learn_ros2/ROS2/ws02_piumbing/install/base_interfaces_demo/share/base_interfaces_demo/cmake/export_base_interfaces_demo__rosidl_typesupport_fastrtps_cppExport.cmake" will be replaced.  Removing files [/home/zhangjinrui/AppDisk/learn_ros2/ROS2/ws02_piumbing/install/base_interfaces_demo/share/base_interfaces_demo/cmake/export_base_interfaces_demo__rosidl_typesupport_fastrtps_cppExport-noconfig.cmake].
[2.500s] -- Installing: /home/zhangjinrui/AppDisk/learn_ros2/ROS2/ws02_piumbing/install/base_interfaces_demo/share/base_interfaces_demo/cmake/export_base_interfaces_demo__rosidl_typesupport_fastrtps_cppExport.cmake
[2.500s] -- Installing: /home/zhangjinrui/AppDisk/learn_ros2/ROS2/ws02_piumbing/install/base_interfaces_demo/share/base_interfaces_demo/cmake/export_base_interfaces_demo__rosidl_typesupport_fastrtps_cppExport-noconfig.cmake
[2.501s] -- Old export file "/home/zhangjinrui/AppDisk/learn_ros2/ROS2/ws02_piumbing/install/base_interfaces_demo/share/base_interfaces_demo/cmake/base_interfaces_demo__rosidl_typesupport_introspection_cppExport.cmake" will be replaced.  Removing files [/home/zhangjinrui/AppDisk/learn_ros2/ROS2/ws02_piumbing/install/base_interfaces_demo/share/base_interfaces_demo/cmake/base_interfaces_demo__rosidl_typesupport_introspection_cppExport-noconfig.cmake].
[2.501s] -- Installing: /home/zhangjinrui/AppDisk/learn_ros2/ROS2/ws02_piumbing/install/base_interfaces_demo/share/base_interfaces_demo/cmake/base_interfaces_demo__rosidl_typesupport_introspection_cppExport.cmake
[2.501s] -- Installing: /home/zhangjinrui/AppDisk/learn_ros2/ROS2/ws02_piumbing/install/base_interfaces_demo/share/base_interfaces_demo/cmake/base_interfaces_demo__rosidl_typesupport_introspection_cppExport-noconfig.cmake
[2.501s] -- Old export file "/home/zhangjinrui/AppDisk/learn_ros2/ROS2/ws02_piumbing/install/base_interfaces_demo/share/base_interfaces_demo/cmake/base_interfaces_demo__rosidl_typesupport_cppExport.cmake" will be replaced.  Removing files [/home/zhangjinrui/AppDisk/learn_ros2/ROS2/ws02_piumbing/install/base_interfaces_demo/share/base_interfaces_demo/cmake/base_interfaces_demo__rosidl_typesupport_cppExport-noconfig.cmake].
[2.501s] -- Installing: /home/zhangjinrui/AppDisk/learn_ros2/ROS2/ws02_piumbing/install/base_interfaces_demo/share/base_interfaces_demo/cmake/base_interfaces_demo__rosidl_typesupport_cppExport.cmake
[2.501s] -- Installing: /home/zhangjinrui/AppDisk/learn_ros2/ROS2/ws02_piumbing/install/base_interfaces_demo/share/base_interfaces_demo/cmake/base_interfaces_demo__rosidl_typesupport_cppExport-noconfig.cmake
[2.501s] -- Old export file "/home/zhangjinrui/AppDisk/learn_ros2/ROS2/ws02_piumbing/install/base_interfaces_demo/share/base_interfaces_demo/cmake/export_base_interfaces_demo__rosidl_generator_pyExport.cmake" will be replaced.  Removing files [/home/zhangjinrui/AppDisk/learn_ros2/ROS2/ws02_piumbing/install/base_interfaces_demo/share/base_interfaces_demo/cmake/export_base_interfaces_demo__rosidl_generator_pyExport-noconfig.cmake].
[2.501s] -- Installing: /home/zhangjinrui/AppDisk/learn_ros2/ROS2/ws02_piumbing/install/base_interfaces_demo/share/base_interfaces_demo/cmake/export_base_interfaces_demo__rosidl_generator_pyExport.cmake
[2.501s] -- Installing: /home/zhangjinrui/AppDisk/learn_ros2/ROS2/ws02_piumbing/install/base_interfaces_demo/share/base_interfaces_demo/cmake/export_base_interfaces_demo__rosidl_generator_pyExport-noconfig.cmake
[2.503s] Invoked command in '/home/zhangjinrui/AppDisk/learn_ros2/ROS2/ws02_piumbing/build/base_interfaces_demo' returned '0': CMAKE_PREFIX_PATH=${CMAKE_PREFIX_PATH}:/home/zhangjinrui/AppDisk/learn_ros2/ROS2/ws01_hello/install/pkg02_hello_py:/home/zhangjinrui/AppDisk/learn_ros2/ROS2/ws02_piumbing/install/py02_service:/home/zhangjinrui/AppDisk/learn_ros2/ROS2/ws02_piumbing/install/py01_topic:/opt/ros/humble:/home/zhangjinrui/ROS2/dev_ws_foxy/install/learning_urdf:/home/zhangjinrui/ROS2/dev_ws_foxy/install/learning_topic:/home/zhangjinrui/ROS2/dev_ws_foxy/install/learning_tf:/home/zhangjinrui/ROS2/dev_ws_foxy/install/learning_service:/home/zhangjinrui/ROS2/dev_ws_foxy/install/learning_qos:/home/zhangjinrui/ROS2/dev_ws_foxy/install/learning_pkg_python:/home/zhangjinrui/ROS2/dev_ws_foxy/install/learning_parameter:/home/zhangjinrui/ROS2/dev_ws_foxy/install/learning_node:/home/zhangjinrui/ROS2/dev_ws_foxy/install/learning_launch:/home/zhangjinrui/ROS2/dev_ws_foxy/install/learning_action:/home/zhangjinrui/ROS2/dev_ws_foxy/install/learning_gazebo_harmonic:/home/zhangjinrui/ROS2/dev_ws_foxy/install/learning_gazebo:/home/zhangjinrui/ROS2/dev_ws_foxy/install/learning_cv /usr/bin/cmake --install /home/zhangjinrui/AppDisk/learn_ros2/ROS2/ws02_piumbing/build/base_interfaces_demo
