running develop
/usr/lib/python3/dist-packages/pkg_resources/__init__.py:116: PkgResourcesDeprecationWarning: 1.12.1-git20200711.33e2d80-dfsg1-0.6 is an invalid version and will not be supported in a future release
  warnings.warn(
running egg_info
creating py01_topic.egg-info
writing py01_topic.egg-info/PKG-INFO
writing dependency_links to py01_topic.egg-info/dependency_links.txt
writing entry points to py01_topic.egg-info/entry_points.txt
writing requirements to py01_topic.egg-info/requires.txt
writing top-level names to py01_topic.egg-info/top_level.txt
writing manifest file 'py01_topic.egg-info/SOURCES.txt'
reading manifest file 'py01_topic.egg-info/SOURCES.txt'
writing manifest file 'py01_topic.egg-info/SOURCES.txt'
running build_ext
Creating /home/zhangjinrui/AppDisk/learn_ros2/ROS2/ws02_piumbing/install/py01_topic/lib/python3.10/site-packages/py01-topic.egg-link (link to .)
Installing demo01_talker_py script to /home/zhangjinrui/AppDisk/learn_ros2/ROS2/ws02_piumbing/install/py01_topic/lib/py01_topic
Installing demo02_listener_py script to /home/zhangjinrui/AppDisk/learn_ros2/ROS2/ws02_piumbing/install/py01_topic/lib/py01_topic

Installed /home/zhangjinrui/AppDisk/learn_ros2/ROS2/ws02_piumbing/build/py01_topic
running symlink_data
creating /home/zhangjinrui/AppDisk/learn_ros2/ROS2/ws02_piumbing/install/py01_topic/share/ament_index
creating /home/zhangjinrui/AppDisk/learn_ros2/ROS2/ws02_piumbing/install/py01_topic/share/ament_index/resource_index
creating /home/zhangjinrui/AppDisk/learn_ros2/ROS2/ws02_piumbing/install/py01_topic/share/ament_index/resource_index/packages
symbolically linking /home/zhangjinrui/AppDisk/learn_ros2/ROS2/ws02_piumbing/build/py01_topic/resource/py01_topic -> /home/zhangjinrui/AppDisk/learn_ros2/ROS2/ws02_piumbing/install/py01_topic/share/ament_index/resource_index/packages
symbolically linking /home/zhangjinrui/AppDisk/learn_ros2/ROS2/ws02_piumbing/build/py01_topic/package.xml -> /home/zhangjinrui/AppDisk/learn_ros2/ROS2/ws02_piumbing/install/py01_topic/share/py01_topic
