[0.299s] Invoking command in '/home/zhangjinrui/AppDisk/learn_ros2/ROS2/ws04_tools/src/py03_tf_broadcaster': PYTHONPATH=/home/zhangjinrui/AppDisk/learn_ros2/ROS2/ws04_tools/build/py03_tf_broadcaster/prefix_override:/usr/lib/python3/dist-packages/colcon_core/task/python/colcon_distutils_commands:/home/zhangjinrui/AppDisk/learn_ros2/ROS2/ws04_tools/install/py03_tf_broadcaster/lib/python3.10/site-packages:${PYTHONPATH} /usr/bin/python3 -W ignore:setup.py install is deprecated -W ignore:easy_install command is deprecated setup.py egg_info --egg-base ../../build/py03_tf_broadcaster build --build-base /home/zhangjinrui/AppDisk/learn_ros2/ROS2/ws04_tools/build/py03_tf_broadcaster/build install --record /home/zhangjinrui/AppDisk/learn_ros2/ROS2/ws04_tools/build/py03_tf_broadcaster/install.log --single-version-externally-managed install_data
[0.416s] running egg_info
[0.417s] writing ../../build/py03_tf_broadcaster/py03_tf_broadcaster.egg-info/PKG-INFO
[0.417s] writing dependency_links to ../../build/py03_tf_broadcaster/py03_tf_broadcaster.egg-info/dependency_links.txt
[0.417s] writing entry points to ../../build/py03_tf_broadcaster/py03_tf_broadcaster.egg-info/entry_points.txt
[0.417s] writing requirements to ../../build/py03_tf_broadcaster/py03_tf_broadcaster.egg-info/requires.txt
[0.417s] writing top-level names to ../../build/py03_tf_broadcaster/py03_tf_broadcaster.egg-info/top_level.txt
[0.418s] reading manifest file '../../build/py03_tf_broadcaster/py03_tf_broadcaster.egg-info/SOURCES.txt'
[0.418s] writing manifest file '../../build/py03_tf_broadcaster/py03_tf_broadcaster.egg-info/SOURCES.txt'
[0.418s] running build
[0.418s] running build_py
[0.418s] copying py03_tf_broadcaster/demo02_tf_dynamic_broadcaster_py.py -> /home/zhangjinrui/AppDisk/learn_ros2/ROS2/ws04_tools/build/py03_tf_broadcaster/build/lib/py03_tf_broadcaster
[0.419s] running install
[0.419s] running install_lib
[0.419s] copying /home/zhangjinrui/AppDisk/learn_ros2/ROS2/ws04_tools/build/py03_tf_broadcaster/build/lib/py03_tf_broadcaster/demo02_tf_dynamic_broadcaster_py.py -> /home/zhangjinrui/AppDisk/learn_ros2/ROS2/ws04_tools/install/py03_tf_broadcaster/lib/python3.10/site-packages/py03_tf_broadcaster
[0.420s] byte-compiling /home/zhangjinrui/AppDisk/learn_ros2/ROS2/ws04_tools/install/py03_tf_broadcaster/lib/python3.10/site-packages/py03_tf_broadcaster/demo02_tf_dynamic_broadcaster_py.py to demo02_tf_dynamic_broadcaster_py.cpython-310.pyc
[0.420s] running install_data
[0.420s] running install_egg_info
[0.421s] removing '/home/zhangjinrui/AppDisk/learn_ros2/ROS2/ws04_tools/install/py03_tf_broadcaster/lib/python3.10/site-packages/py03_tf_broadcaster-0.0.0-py3.10.egg-info' (and everything under it)
[0.421s] Copying ../../build/py03_tf_broadcaster/py03_tf_broadcaster.egg-info to /home/zhangjinrui/AppDisk/learn_ros2/ROS2/ws04_tools/install/py03_tf_broadcaster/lib/python3.10/site-packages/py03_tf_broadcaster-0.0.0-py3.10.egg-info
[0.421s] running install_scripts
[0.432s] Installing demo01_tf_static_broadcaster_py script to /home/zhangjinrui/AppDisk/learn_ros2/ROS2/ws04_tools/install/py03_tf_broadcaster/lib/py03_tf_broadcaster
[0.432s] Installing demo02_tf_dynamic_broadcaster_py script to /home/zhangjinrui/AppDisk/learn_ros2/ROS2/ws04_tools/install/py03_tf_broadcaster/lib/py03_tf_broadcaster
[0.432s] writing list of installed files to '/home/zhangjinrui/AppDisk/learn_ros2/ROS2/ws04_tools/build/py03_tf_broadcaster/install.log'
[0.445s] Invoked command in '/home/zhangjinrui/AppDisk/learn_ros2/ROS2/ws04_tools/src/py03_tf_broadcaster' returned '0': PYTHONPATH=/home/zhangjinrui/AppDisk/learn_ros2/ROS2/ws04_tools/build/py03_tf_broadcaster/prefix_override:/usr/lib/python3/dist-packages/colcon_core/task/python/colcon_distutils_commands:/home/zhangjinrui/AppDisk/learn_ros2/ROS2/ws04_tools/install/py03_tf_broadcaster/lib/python3.10/site-packages:${PYTHONPATH} /usr/bin/python3 -W ignore:setup.py install is deprecated -W ignore:easy_install command is deprecated setup.py egg_info --egg-base ../../build/py03_tf_broadcaster build --build-base /home/zhangjinrui/AppDisk/learn_ros2/ROS2/ws04_tools/build/py03_tf_broadcaster/build install --record /home/zhangjinrui/AppDisk/learn_ros2/ROS2/ws04_tools/build/py03_tf_broadcaster/install.log --single-version-externally-managed install_data
