[100%] Built target exer06_param
-- Install configuration: ""
-- Up-to-date: /home/zhangjinrui/AppDisk/learn_ros2/ROS2/ws03_exercise/install/cpp04_param_exercise/lib/cpp04_param_exercise/exer06_param
-- Up-to-date: /home/zhangjinrui/AppDisk/learn_ros2/ROS2/ws03_exercise/install/cpp04_param_exercise/share/cpp04_param_exercise/launch
-- Up-to-date: /home/zhangjinrui/AppDisk/learn_ros2/ROS2/ws03_exercise/install/cpp04_param_exercise/share/cpp04_param_exercise/launch/exer06_param_launch.py
-- Up-to-date: /home/zhangjinrui/AppDisk/learn_ros2/ROS2/ws03_exercise/install/cpp04_param_exercise/share/ament_index/resource_index/package_run_dependencies/cpp04_param_exercise
-- Up-to-date: /home/zhangjinrui/AppDisk/learn_ros2/ROS2/ws03_exercise/install/cpp04_param_exercise/share/ament_index/resource_index/parent_prefix_path/cpp04_param_exercise
-- Up-to-date: /home/zhangjinrui/AppDisk/learn_ros2/ROS2/ws03_exercise/install/cpp04_param_exercise/share/cpp04_param_exercise/environment/ament_prefix_path.sh
-- Up-to-date: /home/zhangjinrui/AppDisk/learn_ros2/ROS2/ws03_exercise/install/cpp04_param_exercise/share/cpp04_param_exercise/environment/ament_prefix_path.dsv
-- Up-to-date: /home/zhangjinrui/AppDisk/learn_ros2/ROS2/ws03_exercise/install/cpp04_param_exercise/share/cpp04_param_exercise/environment/path.sh
-- Up-to-date: /home/zhangjinrui/AppDisk/learn_ros2/ROS2/ws03_exercise/install/cpp04_param_exercise/share/cpp04_param_exercise/environment/path.dsv
-- Up-to-date: /home/zhangjinrui/AppDisk/learn_ros2/ROS2/ws03_exercise/install/cpp04_param_exercise/share/cpp04_param_exercise/local_setup.bash
-- Up-to-date: /home/zhangjinrui/AppDisk/learn_ros2/ROS2/ws03_exercise/install/cpp04_param_exercise/share/cpp04_param_exercise/local_setup.sh
-- Up-to-date: /home/zhangjinrui/AppDisk/learn_ros2/ROS2/ws03_exercise/install/cpp04_param_exercise/share/cpp04_param_exercise/local_setup.zsh
-- Up-to-date: /home/zhangjinrui/AppDisk/learn_ros2/ROS2/ws03_exercise/install/cpp04_param_exercise/share/cpp04_param_exercise/local_setup.dsv
-- Installing: /home/zhangjinrui/AppDisk/learn_ros2/ROS2/ws03_exercise/install/cpp04_param_exercise/share/cpp04_param_exercise/package.dsv
-- Up-to-date: /home/zhangjinrui/AppDisk/learn_ros2/ROS2/ws03_exercise/install/cpp04_param_exercise/share/ament_index/resource_index/packages/cpp04_param_exercise
-- Up-to-date: /home/zhangjinrui/AppDisk/learn_ros2/ROS2/ws03_exercise/install/cpp04_param_exercise/share/cpp04_param_exercise/cmake/cpp04_param_exerciseConfig.cmake
-- Up-to-date: /home/zhangjinrui/AppDisk/learn_ros2/ROS2/ws03_exercise/install/cpp04_param_exercise/share/cpp04_param_exercise/cmake/cpp04_param_exerciseConfig-version.cmake
-- Up-to-date: /home/zhangjinrui/AppDisk/learn_ros2/ROS2/ws03_exercise/install/cpp04_param_exercise/share/cpp04_param_exercise/package.xml
