[0.317s] Invoking command in '/home/zhangjinrui/AppDisk/learn_ros2/ROS2/ws02_plumbing/src/py04_param': PYTHONPATH=/home/zhangjinrui/AppDisk/learn_ros2/ROS2/ws02_plumbing/build/py04_param/prefix_override:/usr/lib/python3/dist-packages/colcon_core/task/python/colcon_distutils_commands:/home/zhangjinrui/AppDisk/learn_ros2/ROS2/ws02_plumbing/install/py04_param/lib/python3.10/site-packages:${PYTHONPATH} /usr/bin/python3 -W ignore:setup.py install is deprecated -W ignore:easy_install command is deprecated setup.py egg_info --egg-base ../../build/py04_param build --build-base /home/zhangjinrui/AppDisk/learn_ros2/ROS2/ws02_plumbing/build/py04_param/build install --record /home/zhangjinrui/AppDisk/learn_ros2/ROS2/ws02_plumbing/build/py04_param/install.log --single-version-externally-managed install_data
[0.438s] running egg_info
[0.438s] creating ../../build/py04_param/py04_param.egg-info
[0.438s] writing ../../build/py04_param/py04_param.egg-info/PKG-INFO
[0.438s] writing dependency_links to ../../build/py04_param/py04_param.egg-info/dependency_links.txt
[0.438s] writing entry points to ../../build/py04_param/py04_param.egg-info/entry_points.txt
[0.438s] writing requirements to ../../build/py04_param/py04_param.egg-info/requires.txt
[0.438s] writing top-level names to ../../build/py04_param/py04_param.egg-info/top_level.txt
[0.438s] writing manifest file '../../build/py04_param/py04_param.egg-info/SOURCES.txt'
[0.439s] reading manifest file '../../build/py04_param/py04_param.egg-info/SOURCES.txt'
[0.439s] writing manifest file '../../build/py04_param/py04_param.egg-info/SOURCES.txt'
[0.439s] running build
[0.439s] running build_py
[0.439s] creating /home/zhangjinrui/AppDisk/learn_ros2/ROS2/ws02_plumbing/build/py04_param/build
[0.439s] creating /home/zhangjinrui/AppDisk/learn_ros2/ROS2/ws02_plumbing/build/py04_param/build/lib
[0.440s] creating /home/zhangjinrui/AppDisk/learn_ros2/ROS2/ws02_plumbing/build/py04_param/build/lib/py04_param
[0.440s] copying py04_param/__init__.py -> /home/zhangjinrui/AppDisk/learn_ros2/ROS2/ws02_plumbing/build/py04_param/build/lib/py04_param
[0.440s] copying py04_param/demo00_param.py -> /home/zhangjinrui/AppDisk/learn_ros2/ROS2/ws02_plumbing/build/py04_param/build/lib/py04_param
[0.440s] running install
[0.440s] running install_lib
[0.440s] creating /home/zhangjinrui/AppDisk/learn_ros2/ROS2/ws02_plumbing/install/py04_param/lib/python3.10/site-packages/py04_param
[0.440s] copying /home/zhangjinrui/AppDisk/learn_ros2/ROS2/ws02_plumbing/build/py04_param/build/lib/py04_param/__init__.py -> /home/zhangjinrui/AppDisk/learn_ros2/ROS2/ws02_plumbing/install/py04_param/lib/python3.10/site-packages/py04_param
[0.440s] copying /home/zhangjinrui/AppDisk/learn_ros2/ROS2/ws02_plumbing/build/py04_param/build/lib/py04_param/demo00_param.py -> /home/zhangjinrui/AppDisk/learn_ros2/ROS2/ws02_plumbing/install/py04_param/lib/python3.10/site-packages/py04_param
[0.441s] byte-compiling /home/zhangjinrui/AppDisk/learn_ros2/ROS2/ws02_plumbing/install/py04_param/lib/python3.10/site-packages/py04_param/__init__.py to __init__.cpython-310.pyc
[0.441s] byte-compiling /home/zhangjinrui/AppDisk/learn_ros2/ROS2/ws02_plumbing/install/py04_param/lib/python3.10/site-packages/py04_param/demo00_param.py to demo00_param.cpython-310.pyc
[0.441s] running install_data
[0.441s] creating /home/zhangjinrui/AppDisk/learn_ros2/ROS2/ws02_plumbing/install/py04_param/share/ament_index
[0.441s] creating /home/zhangjinrui/AppDisk/learn_ros2/ROS2/ws02_plumbing/install/py04_param/share/ament_index/resource_index
[0.441s] creating /home/zhangjinrui/AppDisk/learn_ros2/ROS2/ws02_plumbing/install/py04_param/share/ament_index/resource_index/packages
[0.441s] copying resource/py04_param -> /home/zhangjinrui/AppDisk/learn_ros2/ROS2/ws02_plumbing/install/py04_param/share/ament_index/resource_index/packages
[0.441s] copying package.xml -> /home/zhangjinrui/AppDisk/learn_ros2/ROS2/ws02_plumbing/install/py04_param/share/py04_param
[0.441s] running install_egg_info
[0.442s] Copying ../../build/py04_param/py04_param.egg-info to /home/zhangjinrui/AppDisk/learn_ros2/ROS2/ws02_plumbing/install/py04_param/lib/python3.10/site-packages/py04_param-0.0.0-py3.10.egg-info
[0.442s] running install_scripts
[0.453s] Installing demo00_param script to /home/zhangjinrui/AppDisk/learn_ros2/ROS2/ws02_plumbing/install/py04_param/lib/py04_param
[0.453s] writing list of installed files to '/home/zhangjinrui/AppDisk/learn_ros2/ROS2/ws02_plumbing/build/py04_param/install.log'
[0.467s] Invoked command in '/home/zhangjinrui/AppDisk/learn_ros2/ROS2/ws02_plumbing/src/py04_param' returned '0': PYTHONPATH=/home/zhangjinrui/AppDisk/learn_ros2/ROS2/ws02_plumbing/build/py04_param/prefix_override:/usr/lib/python3/dist-packages/colcon_core/task/python/colcon_distutils_commands:/home/zhangjinrui/AppDisk/learn_ros2/ROS2/ws02_plumbing/install/py04_param/lib/python3.10/site-packages:${PYTHONPATH} /usr/bin/python3 -W ignore:setup.py install is deprecated -W ignore:easy_install command is deprecated setup.py egg_info --egg-base ../../build/py04_param build --build-base /home/zhangjinrui/AppDisk/learn_ros2/ROS2/ws02_plumbing/build/py04_param/build install --record /home/zhangjinrui/AppDisk/learn_ros2/ROS2/ws02_plumbing/build/py04_param/install.log --single-version-externally-managed install_data
