[0.357s] Invoking command in '/home/zhangjinrui/AppDisk/learn_ros2/ROS2/ws02_piumbing/src/py01_topic': CMAKE_PREFIX_PATH=/home/zhangjinrui/AppDisk/learn_ros2/ROS2/ws02_piumbing/install/base_interfaces_demo:/home/zhangjinrui/AppDisk/learn_ros2/ROS2/ws01_hello/install/pkg01_hello_cpp:/home/zhangjinrui/AppDisk/learn_ros2/ROS2/ws02_piumbing/install/cpp01_topic:/home/zhangjinrui/ROS2/dev_ws_foxy/install/learning_topic_cpp:/home/zhangjinrui/ROS2/dev_ws_foxy/install/learning_tf_cpp:/home/zhangjinrui/ROS2/dev_ws_foxy/install/learning_service_cpp:/home/zhangjinrui/ROS2/dev_ws_foxy/install/learning_pkg_c:/home/zhangjinrui/ROS2/dev_ws_foxy/install/learning_parameter_cpp:/home/zhangjinrui/ROS2/dev_ws_foxy/install/learning_node_cpp:/home/zhangjinrui/ROS2/dev_ws_foxy/install/learning_action_cpp:/home/zhangjinrui/ROS2/dev_ws_foxy/install/learning_interface PYTHONPATH=/home/zhangjinrui/AppDisk/learn_ros2/ROS2/ws02_piumbing/build/py01_topic/prefix_override:/usr/lib/python3/dist-packages/colcon_core/task/python/colcon_distutils_commands:/home/zhangjinrui/AppDisk/learn_ros2/ROS2/ws02_piumbing/install/py01_topic/lib/python3.10/site-packages:${PYTHONPATH} /usr/bin/python3 -W ignore:setup.py install is deprecated -W ignore:easy_install command is deprecated setup.py egg_info --egg-base ../../build/py01_topic build --build-base /home/zhangjinrui/AppDisk/learn_ros2/ROS2/ws02_piumbing/build/py01_topic/build install --record /home/zhangjinrui/AppDisk/learn_ros2/ROS2/ws02_piumbing/build/py01_topic/install.log --single-version-externally-managed install_data
[0.493s] running egg_info
[0.494s] writing ../../build/py01_topic/py01_topic.egg-info/PKG-INFO
[0.494s] writing dependency_links to ../../build/py01_topic/py01_topic.egg-info/dependency_links.txt
[0.494s] writing entry points to ../../build/py01_topic/py01_topic.egg-info/entry_points.txt
[0.494s] writing requirements to ../../build/py01_topic/py01_topic.egg-info/requires.txt
[0.494s] writing top-level names to ../../build/py01_topic/py01_topic.egg-info/top_level.txt
[0.495s] reading manifest file '../../build/py01_topic/py01_topic.egg-info/SOURCES.txt'
[0.496s] writing manifest file '../../build/py01_topic/py01_topic.egg-info/SOURCES.txt'
[0.496s] running build
[0.496s] running build_py
[0.496s] copying py01_topic/demo03_talker_stu.py -> /home/zhangjinrui/AppDisk/learn_ros2/ROS2/ws02_piumbing/build/py01_topic/build/lib/py01_topic
[0.496s] running install
[0.496s] running install_lib
[0.497s] copying /home/zhangjinrui/AppDisk/learn_ros2/ROS2/ws02_piumbing/build/py01_topic/build/lib/py01_topic/demo03_talker_stu.py -> /home/zhangjinrui/AppDisk/learn_ros2/ROS2/ws02_piumbing/install/py01_topic/lib/python3.10/site-packages/py01_topic
[0.497s] byte-compiling /home/zhangjinrui/AppDisk/learn_ros2/ROS2/ws02_piumbing/install/py01_topic/lib/python3.10/site-packages/py01_topic/demo03_talker_stu.py to demo03_talker_stu.cpython-310.pyc
[0.498s] running install_data
[0.498s] running install_egg_info
[0.499s] removing '/home/zhangjinrui/AppDisk/learn_ros2/ROS2/ws02_piumbing/install/py01_topic/lib/python3.10/site-packages/py01_topic-0.0.0-py3.10.egg-info' (and everything under it)
[0.499s] Copying ../../build/py01_topic/py01_topic.egg-info to /home/zhangjinrui/AppDisk/learn_ros2/ROS2/ws02_piumbing/install/py01_topic/lib/python3.10/site-packages/py01_topic-0.0.0-py3.10.egg-info
[0.500s] running install_scripts
[0.509s] Installing demo01_talker_py script to /home/zhangjinrui/AppDisk/learn_ros2/ROS2/ws02_piumbing/install/py01_topic/lib/py01_topic
[0.510s] Installing demo02_listener_py script to /home/zhangjinrui/AppDisk/learn_ros2/ROS2/ws02_piumbing/install/py01_topic/lib/py01_topic
[0.510s] Installing demo03_talker_stu script to /home/zhangjinrui/AppDisk/learn_ros2/ROS2/ws02_piumbing/install/py01_topic/lib/py01_topic
[0.510s] Installing demo04_listener_stu script to /home/zhangjinrui/AppDisk/learn_ros2/ROS2/ws02_piumbing/install/py01_topic/lib/py01_topic
[0.510s] writing list of installed files to '/home/zhangjinrui/AppDisk/learn_ros2/ROS2/ws02_piumbing/build/py01_topic/install.log'
[0.522s] Invoked command in '/home/zhangjinrui/AppDisk/learn_ros2/ROS2/ws02_piumbing/src/py01_topic' returned '0': CMAKE_PREFIX_PATH=/home/zhangjinrui/AppDisk/learn_ros2/ROS2/ws02_piumbing/install/base_interfaces_demo:/home/zhangjinrui/AppDisk/learn_ros2/ROS2/ws01_hello/install/pkg01_hello_cpp:/home/zhangjinrui/AppDisk/learn_ros2/ROS2/ws02_piumbing/install/cpp01_topic:/home/zhangjinrui/ROS2/dev_ws_foxy/install/learning_topic_cpp:/home/zhangjinrui/ROS2/dev_ws_foxy/install/learning_tf_cpp:/home/zhangjinrui/ROS2/dev_ws_foxy/install/learning_service_cpp:/home/zhangjinrui/ROS2/dev_ws_foxy/install/learning_pkg_c:/home/zhangjinrui/ROS2/dev_ws_foxy/install/learning_parameter_cpp:/home/zhangjinrui/ROS2/dev_ws_foxy/install/learning_node_cpp:/home/zhangjinrui/ROS2/dev_ws_foxy/install/learning_action_cpp:/home/zhangjinrui/ROS2/dev_ws_foxy/install/learning_interface PYTHONPATH=/home/zhangjinrui/AppDisk/learn_ros2/ROS2/ws02_piumbing/build/py01_topic/prefix_override:/usr/lib/python3/dist-packages/colcon_core/task/python/colcon_distutils_commands:/home/zhangjinrui/AppDisk/learn_ros2/ROS2/ws02_piumbing/install/py01_topic/lib/python3.10/site-packages:${PYTHONPATH} /usr/bin/python3 -W ignore:setup.py install is deprecated -W ignore:easy_install command is deprecated setup.py egg_info --egg-base ../../build/py01_topic build --build-base /home/zhangjinrui/AppDisk/learn_ros2/ROS2/ws02_piumbing/build/py01_topic/build install --record /home/zhangjinrui/AppDisk/learn_ros2/ROS2/ws02_piumbing/build/py01_topic/install.log --single-version-externally-managed install_data
