[0.011s] Invoking command in '/home/zhangjinrui/AppDisk/learn_ros2/ROS2/ws02_piumbing/build/cpp03_action': CMAKE_PREFIX_PATH=/home/zhangjinrui/AppDisk/learn_ros2/ROS2/ws02_piumbing/install/base_interfaces_demo:/home/zhangjinrui/AppDisk/learn_ros2/ROS2/ws02_piumbing/install/cpp03_action:/home/zhangjinrui/AppDisk/learn_ros2/ROS2/ws01_hello/install/pkg01_hello_cpp:/home/zhangjinrui/AppDisk/learn_ros2/ROS2/ws02_piumbing/install/cpp02_service:/home/zhangjinrui/AppDisk/learn_ros2/ROS2/ws02_piumbing/install/cpp01_topic:/home/zhangjinrui/ROS2/dev_ws_foxy/install/learning_topic_cpp:/home/zhangjinrui/ROS2/dev_ws_foxy/install/learning_tf_cpp:/home/zhangjinrui/ROS2/dev_ws_foxy/install/learning_service_cpp:/home/zhangjinrui/ROS2/dev_ws_foxy/install/learning_pkg_c:/home/zhangjinrui/ROS2/dev_ws_foxy/install/learning_parameter_cpp:/home/zhangjinrui/ROS2/dev_ws_foxy/install/learning_node_cpp:/home/zhangjinrui/ROS2/dev_ws_foxy/install/learning_action_cpp:/home/zhangjinrui/ROS2/dev_ws_foxy/install/learning_interface:/home/zhangjinrui/AppDisk/learn_ros2/ROS2/ws01_hello/install/pkg02_hello_py:/home/zhangjinrui/AppDisk/learn_ros2/ROS2/ws02_piumbing/install/py02_service:/home/zhangjinrui/AppDisk/learn_ros2/ROS2/ws02_piumbing/install/py01_topic:/opt/ros/humble:/home/zhangjinrui/ROS2/dev_ws_foxy/install/learning_urdf:/home/zhangjinrui/ROS2/dev_ws_foxy/install/learning_topic:/home/zhangjinrui/ROS2/dev_ws_foxy/install/learning_tf:/home/zhangjinrui/ROS2/dev_ws_foxy/install/learning_service:/home/zhangjinrui/ROS2/dev_ws_foxy/install/learning_qos:/home/zhangjinrui/ROS2/dev_ws_foxy/install/learning_pkg_python:/home/zhangjinrui/ROS2/dev_ws_foxy/install/learning_parameter:/home/zhangjinrui/ROS2/dev_ws_foxy/install/learning_node:/home/zhangjinrui/ROS2/dev_ws_foxy/install/learning_launch:/home/zhangjinrui/ROS2/dev_ws_foxy/install/learning_action:/home/zhangjinrui/ROS2/dev_ws_foxy/install/learning_gazebo_harmonic:/home/zhangjinrui/ROS2/dev_ws_foxy/install/learning_gazebo:/home/zhangjinrui/ROS2/dev_ws_foxy/install/learning_cv LD_LIBRARY_PATH=/home/zhangjinrui/AppDisk/learn_ros2/ROS2/ws02_piumbing/install/base_interfaces_demo/lib:/usr/lib/x86_64-linux-gnu:/usr/lib/x86_64-linux-gnu:/opt/ros/humble/opt/rviz_ogre_vendor/lib:/opt/ros/humble/lib/x86_64-linux-gnu:/opt/ros/humble/lib:/usr/lib/x86_64-linux-gnu:/usr/lib/x86_64-linux-gnu:/home/zhangjinrui/ROS2/dev_ws_foxy/install/learning_interface/lib /usr/bin/cmake --build /home/zhangjinrui/AppDisk/learn_ros2/ROS2/ws02_piumbing/build/cpp03_action -- -j24 -l24
[0.035s] [35m[1mConsolidate compiler generated dependencies of target demo02_action_client[0m
[0.043s] [ 25%] [32mBuilding CXX object CMakeFiles/demo01_action_service.dir/src/demo01_action_service.cpp.o[0m
[0.046s] [ 50%] [32mBuilding CXX object CMakeFiles/demo02_action_client.dir/src/demo02_action_client.cpp.o[0m
[1.322s] [01m[K/home/zhangjinrui/AppDisk/learn_ros2/ROS2/ws02_piumbing/src/cpp03_action/src/demo02_action_client.cpp:[m[K In function ‘[01m[Kint main(int, char**)[m[K’:
[1.322s] [01m[K/home/zhangjinrui/AppDisk/learn_ros2/ROS2/ws02_piumbing/src/cpp03_action/src/demo02_action_client.cpp:122:30:[m[K [01;31m[Kerror: [m[Kcast from ‘[01m[Kchar*[m[K’ to ‘[01m[Kint[m[K’ loses precision [[01;31m[K]8;;https://gcc.gnu.org/onlinedocs/gcc/Warning-Options.html#index-fpermissive-fpermissive]8;;[m[K]
[1.322s]   122 |     action_client->send_goal([01;31m[Kint(argv[1])[m[K);
[1.322s]       |                              [01;31m[K^~~~~~~~~~~~[m[K
[1.324s] In file included from [01m[K/opt/ros/humble/include/rclcpp/rclcpp/logging.hpp:24[m[K,
[1.324s]                  from [01m[K/opt/ros/humble/include/rclcpp/rclcpp/client.hpp:40[m[K,
[1.324s]                  from [01m[K/opt/ros/humble/include/rclcpp/rclcpp/callback_group.hpp:24[m[K,
[1.324s]                  from [01m[K/opt/ros/humble/include/rclcpp/rclcpp/any_executable.hpp:20[m[K,
[1.324s]                  from [01m[K/opt/ros/humble/include/rclcpp/rclcpp/memory_strategy.hpp:25[m[K,
[1.324s]                  from [01m[K/opt/ros/humble/include/rclcpp/rclcpp/memory_strategies.hpp:18[m[K,
[1.324s]                  from [01m[K/opt/ros/humble/include/rclcpp/rclcpp/executor_options.hpp:20[m[K,
[1.324s]                  from [01m[K/opt/ros/humble/include/rclcpp/rclcpp/executor.hpp:37[m[K,
[1.324s]                  from [01m[K/opt/ros/humble/include/rclcpp/rclcpp/executors/multi_threaded_executor.hpp:25[m[K,
[1.324s]                  from [01m[K/opt/ros/humble/include/rclcpp/rclcpp/executors.hpp:21[m[K,
[1.324s]                  from [01m[K/opt/ros/humble/include/rclcpp/rclcpp/rclcpp.hpp:155[m[K,
[1.324s]                  from [01m[K/home/zhangjinrui/AppDisk/learn_ros2/ROS2/ws02_piumbing/src/cpp03_action/src/demo01_action_service.cpp:17[m[K:
[1.324s] [01m[K/home/zhangjinrui/AppDisk/learn_ros2/ROS2/ws02_piumbing/src/cpp03_action/src/demo01_action_service.cpp:[m[K In member function ‘[01m[Krclcpp_action::GoalResponse Mynode::handle_goal(const GoalUUID&, std::shared_ptr<const base_interfaces_demo::action::Progress_Goal_<std::allocator<void> > >)[m[K’:
[1.324s] [01m[K/home/zhangjinrui/AppDisk/learn_ros2/ROS2/ws02_piumbing/src/cpp03_action/src/demo01_action_service.cpp:66:37:[m[K [01;35m[Kwarning: [m[Kformat ‘[01m[K%ld[m[K’ expects argument of type ‘[01m[Klong int[m[K’, but argument 5 has type ‘[01m[Kint[m[K’ [[01;35m[K]8;;https://gcc.gnu.org/onlinedocs/gcc/Warning-Options.html#index-Wformat=-Wformat=]8;;[m[K]
[1.324s]    66 | RCLCPP_INFO(this->get_logger(), [01;35m[K"接收到动作客户端请求，请求数字为 %ld"[m[K, [32m[Kgoal->num[m[K);
[1.324s]       |                                 [01;35m[K^~~~~~~~~~~~~~~~~~~~~~~~~~~~~~~~~~~~~~[m[K  [32m[K~~~~~~~~~[m[K
[1.324s]       |                                                                               [32m[K|[m[K
[1.324s]       |                                                                               [32m[Kint[m[K
[1.324s] 
[1.324s] [01m[K/home/zhangjinrui/AppDisk/learn_ros2/ROS2/ws02_piumbing/src/cpp03_action/src/demo01_action_service.cpp:66:73:[m[K [01;36m[Knote: [m[Kformat string is defined here
[1.324s]    66 |  到动作客户端请求，请求数字为 [01;36m[K%ld[m[K", goal->num);
[1.324s]       |                               [01;36m[K~~^[m[K
[1.324s]       |                                 [01;36m[K|[m[K
[1.324s]       |                                 [01;36m[Klong int[m[K
[1.324s]       |                               [32m[K%d[m[K
[1.694s] gmake[2]: *** [CMakeFiles/demo02_action_client.dir/build.make:76：CMakeFiles/demo02_action_client.dir/src/demo02_action_client.cpp.o] 错误 1
[1.695s] gmake[1]: *** [CMakeFiles/Makefile2:165：CMakeFiles/demo02_action_client.dir/all] 错误 2
[1.695s] gmake[1]: *** 正在等待未完成的任务....
[1.976s] [ 75%] [32m[1mLinking CXX executable demo01_action_service[0m
[2.054s] [ 75%] Built target demo01_action_service
[2.055s] gmake: *** [Makefile:146：all] 错误 2
[2.056s] Invoked command in '/home/zhangjinrui/AppDisk/learn_ros2/ROS2/ws02_piumbing/build/cpp03_action' returned '2': CMAKE_PREFIX_PATH=/home/zhangjinrui/AppDisk/learn_ros2/ROS2/ws02_piumbing/install/base_interfaces_demo:/home/zhangjinrui/AppDisk/learn_ros2/ROS2/ws02_piumbing/install/cpp03_action:/home/zhangjinrui/AppDisk/learn_ros2/ROS2/ws01_hello/install/pkg01_hello_cpp:/home/zhangjinrui/AppDisk/learn_ros2/ROS2/ws02_piumbing/install/cpp02_service:/home/zhangjinrui/AppDisk/learn_ros2/ROS2/ws02_piumbing/install/cpp01_topic:/home/zhangjinrui/ROS2/dev_ws_foxy/install/learning_topic_cpp:/home/zhangjinrui/ROS2/dev_ws_foxy/install/learning_tf_cpp:/home/zhangjinrui/ROS2/dev_ws_foxy/install/learning_service_cpp:/home/zhangjinrui/ROS2/dev_ws_foxy/install/learning_pkg_c:/home/zhangjinrui/ROS2/dev_ws_foxy/install/learning_parameter_cpp:/home/zhangjinrui/ROS2/dev_ws_foxy/install/learning_node_cpp:/home/zhangjinrui/ROS2/dev_ws_foxy/install/learning_action_cpp:/home/zhangjinrui/ROS2/dev_ws_foxy/install/learning_interface:/home/zhangjinrui/AppDisk/learn_ros2/ROS2/ws01_hello/install/pkg02_hello_py:/home/zhangjinrui/AppDisk/learn_ros2/ROS2/ws02_piumbing/install/py02_service:/home/zhangjinrui/AppDisk/learn_ros2/ROS2/ws02_piumbing/install/py01_topic:/opt/ros/humble:/home/zhangjinrui/ROS2/dev_ws_foxy/install/learning_urdf:/home/zhangjinrui/ROS2/dev_ws_foxy/install/learning_topic:/home/zhangjinrui/ROS2/dev_ws_foxy/install/learning_tf:/home/zhangjinrui/ROS2/dev_ws_foxy/install/learning_service:/home/zhangjinrui/ROS2/dev_ws_foxy/install/learning_qos:/home/zhangjinrui/ROS2/dev_ws_foxy/install/learning_pkg_python:/home/zhangjinrui/ROS2/dev_ws_foxy/install/learning_parameter:/home/zhangjinrui/ROS2/dev_ws_foxy/install/learning_node:/home/zhangjinrui/ROS2/dev_ws_foxy/install/learning_launch:/home/zhangjinrui/ROS2/dev_ws_foxy/install/learning_action:/home/zhangjinrui/ROS2/dev_ws_foxy/install/learning_gazebo_harmonic:/home/zhangjinrui/ROS2/dev_ws_foxy/install/learning_gazebo:/home/zhangjinrui/ROS2/dev_ws_foxy/install/learning_cv LD_LIBRARY_PATH=/home/zhangjinrui/AppDisk/learn_ros2/ROS2/ws02_piumbing/install/base_interfaces_demo/lib:/usr/lib/x86_64-linux-gnu:/usr/lib/x86_64-linux-gnu:/opt/ros/humble/opt/rviz_ogre_vendor/lib:/opt/ros/humble/lib/x86_64-linux-gnu:/opt/ros/humble/lib:/usr/lib/x86_64-linux-gnu:/usr/lib/x86_64-linux-gnu:/home/zhangjinrui/ROS2/dev_ws_foxy/install/learning_interface/lib /usr/bin/cmake --build /home/zhangjinrui/AppDisk/learn_ros2/ROS2/ws02_piumbing/build/cpp03_action -- -j24 -l24
