[0.377s] Invoking command in '/home/zhangjinrui/AppDisk/learn_ros2/ROS2/ws02_piumbing/src/py03_action': CMAKE_PREFIX_PATH=/home/zhangjinrui/AppDisk/learn_ros2/ROS2/ws02_piumbing/install/base_interfaces_demo:/home/zhangjinrui/AppDisk/learn_ros2/ROS2/ws01_hello/install/pkg01_hello_cpp:/home/zhangjinrui/AppDisk/learn_ros2/ROS2/ws02_piumbing/install/cpp03_action:/home/zhangjinrui/AppDisk/learn_ros2/ROS2/ws02_piumbing/install/cpp02_service:/home/zhangjinrui/AppDisk/learn_ros2/ROS2/ws02_piumbing/install/cpp01_topic:/home/zhangjinrui/ROS2/dev_ws_foxy/install/learning_topic_cpp:/home/zhangjinrui/ROS2/dev_ws_foxy/install/learning_tf_cpp:/home/zhangjinrui/ROS2/dev_ws_foxy/install/learning_service_cpp:/home/zhangjinrui/ROS2/dev_ws_foxy/install/learning_pkg_c:/home/zhangjinrui/ROS2/dev_ws_foxy/install/learning_parameter_cpp:/home/zhangjinrui/ROS2/dev_ws_foxy/install/learning_node_cpp:/home/zhangjinrui/ROS2/dev_ws_foxy/install/learning_action_cpp:/home/zhangjinrui/ROS2/dev_ws_foxy/install/learning_interface LD_LIBRARY_PATH=/home/zhangjinrui/AppDisk/learn_ros2/ROS2/ws02_piumbing/install/base_interfaces_demo/lib:/usr/lib/x86_64-linux-gnu:/usr/lib/x86_64-linux-gnu:/opt/ros/humble/opt/rviz_ogre_vendor/lib:/opt/ros/humble/lib/x86_64-linux-gnu:/opt/ros/humble/lib:/usr/lib/x86_64-linux-gnu:/usr/lib/x86_64-linux-gnu:/home/zhangjinrui/ROS2/dev_ws_foxy/install/learning_interface/lib PYTHONPATH=/home/zhangjinrui/AppDisk/learn_ros2/ROS2/ws02_piumbing/build/py03_action/prefix_override:/usr/lib/python3/dist-packages/colcon_core/task/python/colcon_distutils_commands:/home/zhangjinrui/AppDisk/learn_ros2/ROS2/ws02_piumbing/install/py03_action/lib/python3.10/site-packages:${PYTHONPATH} /usr/bin/python3 -W ignore:setup.py install is deprecated -W ignore:easy_install command is deprecated setup.py egg_info --egg-base ../../build/py03_action build --build-base /home/zhangjinrui/AppDisk/learn_ros2/ROS2/ws02_piumbing/build/py03_action/build install --record /home/zhangjinrui/AppDisk/learn_ros2/ROS2/ws02_piumbing/build/py03_action/install.log --single-version-externally-managed install_data
[0.502s] running egg_info
[0.503s] creating ../../build/py03_action/py03_action.egg-info
[0.503s] writing ../../build/py03_action/py03_action.egg-info/PKG-INFO
[0.503s] writing dependency_links to ../../build/py03_action/py03_action.egg-info/dependency_links.txt
[0.503s] writing entry points to ../../build/py03_action/py03_action.egg-info/entry_points.txt
[0.503s] writing requirements to ../../build/py03_action/py03_action.egg-info/requires.txt
[0.503s] writing top-level names to ../../build/py03_action/py03_action.egg-info/top_level.txt
[0.503s] writing manifest file '../../build/py03_action/py03_action.egg-info/SOURCES.txt'
[0.504s] reading manifest file '../../build/py03_action/py03_action.egg-info/SOURCES.txt'
[0.504s] writing manifest file '../../build/py03_action/py03_action.egg-info/SOURCES.txt'
[0.504s] running build
[0.504s] running build_py
[0.504s] creating /home/zhangjinrui/AppDisk/learn_ros2/ROS2/ws02_piumbing/build/py03_action/build
[0.504s] creating /home/zhangjinrui/AppDisk/learn_ros2/ROS2/ws02_piumbing/build/py03_action/build/lib
[0.504s] creating /home/zhangjinrui/AppDisk/learn_ros2/ROS2/ws02_piumbing/build/py03_action/build/lib/py03_action
[0.504s] copying py03_action/demo02_action_client.py -> /home/zhangjinrui/AppDisk/learn_ros2/ROS2/ws02_piumbing/build/py03_action/build/lib/py03_action
[0.504s] copying py03_action/__init__.py -> /home/zhangjinrui/AppDisk/learn_ros2/ROS2/ws02_piumbing/build/py03_action/build/lib/py03_action
[0.504s] copying py03_action/demo01_action_service.py -> /home/zhangjinrui/AppDisk/learn_ros2/ROS2/ws02_piumbing/build/py03_action/build/lib/py03_action
[0.504s] running install
[0.505s] running install_lib
[0.505s] creating /home/zhangjinrui/AppDisk/learn_ros2/ROS2/ws02_piumbing/install/py03_action/lib/python3.10/site-packages/py03_action
[0.505s] copying /home/zhangjinrui/AppDisk/learn_ros2/ROS2/ws02_piumbing/build/py03_action/build/lib/py03_action/demo02_action_client.py -> /home/zhangjinrui/AppDisk/learn_ros2/ROS2/ws02_piumbing/install/py03_action/lib/python3.10/site-packages/py03_action
[0.505s] copying /home/zhangjinrui/AppDisk/learn_ros2/ROS2/ws02_piumbing/build/py03_action/build/lib/py03_action/__init__.py -> /home/zhangjinrui/AppDisk/learn_ros2/ROS2/ws02_piumbing/install/py03_action/lib/python3.10/site-packages/py03_action
[0.505s] copying /home/zhangjinrui/AppDisk/learn_ros2/ROS2/ws02_piumbing/build/py03_action/build/lib/py03_action/demo01_action_service.py -> /home/zhangjinrui/AppDisk/learn_ros2/ROS2/ws02_piumbing/install/py03_action/lib/python3.10/site-packages/py03_action
[0.505s] byte-compiling /home/zhangjinrui/AppDisk/learn_ros2/ROS2/ws02_piumbing/install/py03_action/lib/python3.10/site-packages/py03_action/demo02_action_client.py to demo02_action_client.cpython-310.pyc
[0.506s] byte-compiling /home/zhangjinrui/AppDisk/learn_ros2/ROS2/ws02_piumbing/install/py03_action/lib/python3.10/site-packages/py03_action/__init__.py to __init__.cpython-310.pyc
[0.506s] byte-compiling /home/zhangjinrui/AppDisk/learn_ros2/ROS2/ws02_piumbing/install/py03_action/lib/python3.10/site-packages/py03_action/demo01_action_service.py to demo01_action_service.cpython-310.pyc
[0.506s] running install_data
[0.506s] creating /home/zhangjinrui/AppDisk/learn_ros2/ROS2/ws02_piumbing/install/py03_action/share/ament_index
[0.506s] creating /home/zhangjinrui/AppDisk/learn_ros2/ROS2/ws02_piumbing/install/py03_action/share/ament_index/resource_index
[0.506s] creating /home/zhangjinrui/AppDisk/learn_ros2/ROS2/ws02_piumbing/install/py03_action/share/ament_index/resource_index/packages
[0.506s] copying resource/py03_action -> /home/zhangjinrui/AppDisk/learn_ros2/ROS2/ws02_piumbing/install/py03_action/share/ament_index/resource_index/packages
[0.506s] copying package.xml -> /home/zhangjinrui/AppDisk/learn_ros2/ROS2/ws02_piumbing/install/py03_action/share/py03_action
[0.506s] running install_egg_info
[0.507s] Copying ../../build/py03_action/py03_action.egg-info to /home/zhangjinrui/AppDisk/learn_ros2/ROS2/ws02_piumbing/install/py03_action/lib/python3.10/site-packages/py03_action-0.0.0-py3.10.egg-info
[0.508s] running install_scripts
[0.517s] Installing demo01_action_service script to /home/zhangjinrui/AppDisk/learn_ros2/ROS2/ws02_piumbing/install/py03_action/lib/py03_action
[0.518s] Installing demo02_action_client script to /home/zhangjinrui/AppDisk/learn_ros2/ROS2/ws02_piumbing/install/py03_action/lib/py03_action
[0.518s] writing list of installed files to '/home/zhangjinrui/AppDisk/learn_ros2/ROS2/ws02_piumbing/build/py03_action/install.log'
[0.529s] Invoked command in '/home/zhangjinrui/AppDisk/learn_ros2/ROS2/ws02_piumbing/src/py03_action' returned '0': CMAKE_PREFIX_PATH=/home/zhangjinrui/AppDisk/learn_ros2/ROS2/ws02_piumbing/install/base_interfaces_demo:/home/zhangjinrui/AppDisk/learn_ros2/ROS2/ws01_hello/install/pkg01_hello_cpp:/home/zhangjinrui/AppDisk/learn_ros2/ROS2/ws02_piumbing/install/cpp03_action:/home/zhangjinrui/AppDisk/learn_ros2/ROS2/ws02_piumbing/install/cpp02_service:/home/zhangjinrui/AppDisk/learn_ros2/ROS2/ws02_piumbing/install/cpp01_topic:/home/zhangjinrui/ROS2/dev_ws_foxy/install/learning_topic_cpp:/home/zhangjinrui/ROS2/dev_ws_foxy/install/learning_tf_cpp:/home/zhangjinrui/ROS2/dev_ws_foxy/install/learning_service_cpp:/home/zhangjinrui/ROS2/dev_ws_foxy/install/learning_pkg_c:/home/zhangjinrui/ROS2/dev_ws_foxy/install/learning_parameter_cpp:/home/zhangjinrui/ROS2/dev_ws_foxy/install/learning_node_cpp:/home/zhangjinrui/ROS2/dev_ws_foxy/install/learning_action_cpp:/home/zhangjinrui/ROS2/dev_ws_foxy/install/learning_interface LD_LIBRARY_PATH=/home/zhangjinrui/AppDisk/learn_ros2/ROS2/ws02_piumbing/install/base_interfaces_demo/lib:/usr/lib/x86_64-linux-gnu:/usr/lib/x86_64-linux-gnu:/opt/ros/humble/opt/rviz_ogre_vendor/lib:/opt/ros/humble/lib/x86_64-linux-gnu:/opt/ros/humble/lib:/usr/lib/x86_64-linux-gnu:/usr/lib/x86_64-linux-gnu:/home/zhangjinrui/ROS2/dev_ws_foxy/install/learning_interface/lib PYTHONPATH=/home/zhangjinrui/AppDisk/learn_ros2/ROS2/ws02_piumbing/build/py03_action/prefix_override:/usr/lib/python3/dist-packages/colcon_core/task/python/colcon_distutils_commands:/home/zhangjinrui/AppDisk/learn_ros2/ROS2/ws02_piumbing/install/py03_action/lib/python3.10/site-packages:${PYTHONPATH} /usr/bin/python3 -W ignore:setup.py install is deprecated -W ignore:easy_install command is deprecated setup.py egg_info --egg-base ../../build/py03_action build --build-base /home/zhangjinrui/AppDisk/learn_ros2/ROS2/ws02_piumbing/build/py03_action/build install --record /home/zhangjinrui/AppDisk/learn_ros2/ROS2/ws02_piumbing/build/py03_action/install.log --single-version-externally-managed install_data
