[0.361s] Invoking command in '/home/zhangjinrui/AppDisk/learn_ros2/ROS2/ws02_piumbing/build/py01_topic': CMAKE_PREFIX_PATH=/home/zhangjinrui/AppDisk/learn_ros2/ROS2/ws02_piumbing/install/base_interfaces_demo:/home/zhangjinrui/AppDisk/learn_ros2/ROS2/ws01_hello/install/pkg01_hello_cpp:/home/zhangjinrui/AppDisk/learn_ros2/ROS2/ws02_piumbing/install/cpp01_topic:/home/zhangjinrui/ROS2/dev_ws_foxy/install/learning_topic_cpp:/home/zhangjinrui/ROS2/dev_ws_foxy/install/learning_tf_cpp:/home/zhangjinrui/ROS2/dev_ws_foxy/install/learning_service_cpp:/home/zhangjinrui/ROS2/dev_ws_foxy/install/learning_pkg_c:/home/zhangjinrui/ROS2/dev_ws_foxy/install/learning_parameter_cpp:/home/zhangjinrui/ROS2/dev_ws_foxy/install/learning_node_cpp:/home/zhangjinrui/ROS2/dev_ws_foxy/install/learning_action_cpp:/home/zhangjinrui/ROS2/dev_ws_foxy/install/learning_interface PYTHONPATH=/home/zhangjinrui/AppDisk/learn_ros2/ROS2/ws02_piumbing/build/py01_topic/prefix_override:/usr/lib/python3/dist-packages/colcon_core/task/python/colcon_distutils_commands:/home/zhangjinrui/AppDisk/learn_ros2/ROS2/ws02_piumbing/install/py01_topic/lib/python3.10/site-packages:${PYTHONPATH} /usr/bin/python3 -W ignore:setup.py install is deprecated -W ignore:easy_install command is deprecated setup.py develop --uninstall --editable --build-directory /home/zhangjinrui/AppDisk/learn_ros2/ROS2/ws02_piumbing/build/py01_topic/build
[0.516s] running develop
[0.550s] /usr/lib/python3/dist-packages/pkg_resources/__init__.py:116: PkgResourcesDeprecationWarning: 1.12.1-git20200711.33e2d80-dfsg1-0.6 is an invalid version and will not be supported in a future release
[0.550s]   warnings.warn(
[0.603s] Removing /home/zhangjinrui/AppDisk/learn_ros2/ROS2/ws02_piumbing/install/py01_topic/lib/python3.10/site-packages/py01-topic.egg-link (link to .)
[0.618s] Invoked command in '/home/zhangjinrui/AppDisk/learn_ros2/ROS2/ws02_piumbing/build/py01_topic' returned '0': CMAKE_PREFIX_PATH=/home/zhangjinrui/AppDisk/learn_ros2/ROS2/ws02_piumbing/install/base_interfaces_demo:/home/zhangjinrui/AppDisk/learn_ros2/ROS2/ws01_hello/install/pkg01_hello_cpp:/home/zhangjinrui/AppDisk/learn_ros2/ROS2/ws02_piumbing/install/cpp01_topic:/home/zhangjinrui/ROS2/dev_ws_foxy/install/learning_topic_cpp:/home/zhangjinrui/ROS2/dev_ws_foxy/install/learning_tf_cpp:/home/zhangjinrui/ROS2/dev_ws_foxy/install/learning_service_cpp:/home/zhangjinrui/ROS2/dev_ws_foxy/install/learning_pkg_c:/home/zhangjinrui/ROS2/dev_ws_foxy/install/learning_parameter_cpp:/home/zhangjinrui/ROS2/dev_ws_foxy/install/learning_node_cpp:/home/zhangjinrui/ROS2/dev_ws_foxy/install/learning_action_cpp:/home/zhangjinrui/ROS2/dev_ws_foxy/install/learning_interface PYTHONPATH=/home/zhangjinrui/AppDisk/learn_ros2/ROS2/ws02_piumbing/build/py01_topic/prefix_override:/usr/lib/python3/dist-packages/colcon_core/task/python/colcon_distutils_commands:/home/zhangjinrui/AppDisk/learn_ros2/ROS2/ws02_piumbing/install/py01_topic/lib/python3.10/site-packages:${PYTHONPATH} /usr/bin/python3 -W ignore:setup.py install is deprecated -W ignore:easy_install command is deprecated setup.py develop --uninstall --editable --build-directory /home/zhangjinrui/AppDisk/learn_ros2/ROS2/ws02_piumbing/build/py01_topic/build
[0.619s] Invoking command in '/home/zhangjinrui/AppDisk/learn_ros2/ROS2/ws02_piumbing/src/py01_topic': CMAKE_PREFIX_PATH=/home/zhangjinrui/AppDisk/learn_ros2/ROS2/ws02_piumbing/install/base_interfaces_demo:/home/zhangjinrui/AppDisk/learn_ros2/ROS2/ws01_hello/install/pkg01_hello_cpp:/home/zhangjinrui/AppDisk/learn_ros2/ROS2/ws02_piumbing/install/cpp01_topic:/home/zhangjinrui/ROS2/dev_ws_foxy/install/learning_topic_cpp:/home/zhangjinrui/ROS2/dev_ws_foxy/install/learning_tf_cpp:/home/zhangjinrui/ROS2/dev_ws_foxy/install/learning_service_cpp:/home/zhangjinrui/ROS2/dev_ws_foxy/install/learning_pkg_c:/home/zhangjinrui/ROS2/dev_ws_foxy/install/learning_parameter_cpp:/home/zhangjinrui/ROS2/dev_ws_foxy/install/learning_node_cpp:/home/zhangjinrui/ROS2/dev_ws_foxy/install/learning_action_cpp:/home/zhangjinrui/ROS2/dev_ws_foxy/install/learning_interface PYTHONPATH=/home/zhangjinrui/AppDisk/learn_ros2/ROS2/ws02_piumbing/build/py01_topic/prefix_override:/usr/lib/python3/dist-packages/colcon_core/task/python/colcon_distutils_commands:/home/zhangjinrui/AppDisk/learn_ros2/ROS2/ws02_piumbing/install/py01_topic/lib/python3.10/site-packages:${PYTHONPATH} /usr/bin/python3 -W ignore:setup.py install is deprecated -W ignore:easy_install command is deprecated setup.py egg_info --egg-base ../../build/py01_topic build --build-base /home/zhangjinrui/AppDisk/learn_ros2/ROS2/ws02_piumbing/build/py01_topic/build install --record /home/zhangjinrui/AppDisk/learn_ros2/ROS2/ws02_piumbing/build/py01_topic/install.log --single-version-externally-managed install_data --force
[0.743s] running egg_info
[0.743s] writing ../../build/py01_topic/py01_topic.egg-info/PKG-INFO
[0.743s] writing dependency_links to ../../build/py01_topic/py01_topic.egg-info/dependency_links.txt
[0.744s] writing entry points to ../../build/py01_topic/py01_topic.egg-info/entry_points.txt
[0.744s] writing requirements to ../../build/py01_topic/py01_topic.egg-info/requires.txt
[0.744s] writing top-level names to ../../build/py01_topic/py01_topic.egg-info/top_level.txt
[0.744s] reading manifest file '../../build/py01_topic/py01_topic.egg-info/SOURCES.txt'
[0.745s] writing manifest file '../../build/py01_topic/py01_topic.egg-info/SOURCES.txt'
[0.745s] running build
[0.745s] running build_py
[0.745s] creating /home/zhangjinrui/AppDisk/learn_ros2/ROS2/ws02_piumbing/build/py01_topic/build
[0.745s] creating /home/zhangjinrui/AppDisk/learn_ros2/ROS2/ws02_piumbing/build/py01_topic/build/lib
[0.745s] creating /home/zhangjinrui/AppDisk/learn_ros2/ROS2/ws02_piumbing/build/py01_topic/build/lib/py01_topic
[0.745s] copying py01_topic/demo03_talker_stu.py -> /home/zhangjinrui/AppDisk/learn_ros2/ROS2/ws02_piumbing/build/py01_topic/build/lib/py01_topic
[0.745s] copying py01_topic/demo04_listener_stu.py -> /home/zhangjinrui/AppDisk/learn_ros2/ROS2/ws02_piumbing/build/py01_topic/build/lib/py01_topic
[0.745s] copying py01_topic/demo01_talker_py.py -> /home/zhangjinrui/AppDisk/learn_ros2/ROS2/ws02_piumbing/build/py01_topic/build/lib/py01_topic
[0.745s] copying py01_topic/__init__.py -> /home/zhangjinrui/AppDisk/learn_ros2/ROS2/ws02_piumbing/build/py01_topic/build/lib/py01_topic
[0.745s] copying py01_topic/demo02_listener_py.py -> /home/zhangjinrui/AppDisk/learn_ros2/ROS2/ws02_piumbing/build/py01_topic/build/lib/py01_topic
[0.745s] running install
[0.746s] running install_lib
[0.746s] creating /home/zhangjinrui/AppDisk/learn_ros2/ROS2/ws02_piumbing/install/py01_topic/lib/python3.10/site-packages/py01_topic
[0.746s] copying /home/zhangjinrui/AppDisk/learn_ros2/ROS2/ws02_piumbing/build/py01_topic/build/lib/py01_topic/demo03_talker_stu.py -> /home/zhangjinrui/AppDisk/learn_ros2/ROS2/ws02_piumbing/install/py01_topic/lib/python3.10/site-packages/py01_topic
[0.746s] copying /home/zhangjinrui/AppDisk/learn_ros2/ROS2/ws02_piumbing/build/py01_topic/build/lib/py01_topic/demo04_listener_stu.py -> /home/zhangjinrui/AppDisk/learn_ros2/ROS2/ws02_piumbing/install/py01_topic/lib/python3.10/site-packages/py01_topic
[0.746s] copying /home/zhangjinrui/AppDisk/learn_ros2/ROS2/ws02_piumbing/build/py01_topic/build/lib/py01_topic/demo01_talker_py.py -> /home/zhangjinrui/AppDisk/learn_ros2/ROS2/ws02_piumbing/install/py01_topic/lib/python3.10/site-packages/py01_topic
[0.746s] copying /home/zhangjinrui/AppDisk/learn_ros2/ROS2/ws02_piumbing/build/py01_topic/build/lib/py01_topic/__init__.py -> /home/zhangjinrui/AppDisk/learn_ros2/ROS2/ws02_piumbing/install/py01_topic/lib/python3.10/site-packages/py01_topic
[0.746s] copying /home/zhangjinrui/AppDisk/learn_ros2/ROS2/ws02_piumbing/build/py01_topic/build/lib/py01_topic/demo02_listener_py.py -> /home/zhangjinrui/AppDisk/learn_ros2/ROS2/ws02_piumbing/install/py01_topic/lib/python3.10/site-packages/py01_topic
[0.746s] byte-compiling /home/zhangjinrui/AppDisk/learn_ros2/ROS2/ws02_piumbing/install/py01_topic/lib/python3.10/site-packages/py01_topic/demo03_talker_stu.py to demo03_talker_stu.cpython-310.pyc
[0.747s] byte-compiling /home/zhangjinrui/AppDisk/learn_ros2/ROS2/ws02_piumbing/install/py01_topic/lib/python3.10/site-packages/py01_topic/demo04_listener_stu.py to demo04_listener_stu.cpython-310.pyc
[0.747s] byte-compiling /home/zhangjinrui/AppDisk/learn_ros2/ROS2/ws02_piumbing/install/py01_topic/lib/python3.10/site-packages/py01_topic/demo01_talker_py.py to demo01_talker_py.cpython-310.pyc
[0.747s] byte-compiling /home/zhangjinrui/AppDisk/learn_ros2/ROS2/ws02_piumbing/install/py01_topic/lib/python3.10/site-packages/py01_topic/__init__.py to __init__.cpython-310.pyc
[0.747s] byte-compiling /home/zhangjinrui/AppDisk/learn_ros2/ROS2/ws02_piumbing/install/py01_topic/lib/python3.10/site-packages/py01_topic/demo02_listener_py.py to demo02_listener_py.cpython-310.pyc
[0.747s] running install_data
[0.747s] copying resource/py01_topic -> /home/zhangjinrui/AppDisk/learn_ros2/ROS2/ws02_piumbing/install/py01_topic/share/ament_index/resource_index/packages
[0.747s] copying package.xml -> /home/zhangjinrui/AppDisk/learn_ros2/ROS2/ws02_piumbing/install/py01_topic/share/py01_topic
[0.747s] running install_egg_info
[0.749s] Copying ../../build/py01_topic/py01_topic.egg-info to /home/zhangjinrui/AppDisk/learn_ros2/ROS2/ws02_piumbing/install/py01_topic/lib/python3.10/site-packages/py01_topic-0.0.0-py3.10.egg-info
[0.749s] running install_scripts
[0.759s] Installing demo01_talker_py script to /home/zhangjinrui/AppDisk/learn_ros2/ROS2/ws02_piumbing/install/py01_topic/lib/py01_topic
[0.759s] Installing demo02_listener_py script to /home/zhangjinrui/AppDisk/learn_ros2/ROS2/ws02_piumbing/install/py01_topic/lib/py01_topic
[0.759s] Installing demo03_talker_stu script to /home/zhangjinrui/AppDisk/learn_ros2/ROS2/ws02_piumbing/install/py01_topic/lib/py01_topic
[0.759s] Installing demo04_listener_stu script to /home/zhangjinrui/AppDisk/learn_ros2/ROS2/ws02_piumbing/install/py01_topic/lib/py01_topic
[0.759s] writing list of installed files to '/home/zhangjinrui/AppDisk/learn_ros2/ROS2/ws02_piumbing/build/py01_topic/install.log'
[0.771s] Invoked command in '/home/zhangjinrui/AppDisk/learn_ros2/ROS2/ws02_piumbing/src/py01_topic' returned '0': CMAKE_PREFIX_PATH=/home/zhangjinrui/AppDisk/learn_ros2/ROS2/ws02_piumbing/install/base_interfaces_demo:/home/zhangjinrui/AppDisk/learn_ros2/ROS2/ws01_hello/install/pkg01_hello_cpp:/home/zhangjinrui/AppDisk/learn_ros2/ROS2/ws02_piumbing/install/cpp01_topic:/home/zhangjinrui/ROS2/dev_ws_foxy/install/learning_topic_cpp:/home/zhangjinrui/ROS2/dev_ws_foxy/install/learning_tf_cpp:/home/zhangjinrui/ROS2/dev_ws_foxy/install/learning_service_cpp:/home/zhangjinrui/ROS2/dev_ws_foxy/install/learning_pkg_c:/home/zhangjinrui/ROS2/dev_ws_foxy/install/learning_parameter_cpp:/home/zhangjinrui/ROS2/dev_ws_foxy/install/learning_node_cpp:/home/zhangjinrui/ROS2/dev_ws_foxy/install/learning_action_cpp:/home/zhangjinrui/ROS2/dev_ws_foxy/install/learning_interface PYTHONPATH=/home/zhangjinrui/AppDisk/learn_ros2/ROS2/ws02_piumbing/build/py01_topic/prefix_override:/usr/lib/python3/dist-packages/colcon_core/task/python/colcon_distutils_commands:/home/zhangjinrui/AppDisk/learn_ros2/ROS2/ws02_piumbing/install/py01_topic/lib/python3.10/site-packages:${PYTHONPATH} /usr/bin/python3 -W ignore:setup.py install is deprecated -W ignore:easy_install command is deprecated setup.py egg_info --egg-base ../../build/py01_topic build --build-base /home/zhangjinrui/AppDisk/learn_ros2/ROS2/ws02_piumbing/build/py01_topic/build install --record /home/zhangjinrui/AppDisk/learn_ros2/ROS2/ws02_piumbing/build/py01_topic/install.log --single-version-externally-managed install_data --force
