-- The C compiler identification is GNU 11.4.0
-- The CXX compiler identification is GNU 11.4.0
-- Detecting C compiler ABI info
-- Detecting C compiler ABI info - done
-- Check for working C compiler: /usr/bin/cc - skipped
-- Detecting C compile features
-- Detecting C compile features - done
-- Detecting CXX compiler ABI info
-- Detecting CXX compiler ABI info - done
-- Check for working CXX compiler: /usr/bin/c++ - skipped
-- Detecting CXX compile features
-- Detecting CXX compile features - done
-- Found ament_cmake: 1.3.12 (/opt/ros/humble/share/ament_cmake/cmake)
-- Found Python3: /home/zhangjinrui/AppDisk/anaconda3/bin/python3 (found version "3.13.5") found components: Interpreter 
-- Found rclcpp: 16.0.14 (/opt/ros/humble/share/rclcpp/cmake)
-- Found rosidl_generator_c: 3.1.7 (/opt/ros/humble/share/rosidl_generator_c/cmake)
-- Found rosidl_adapter: 3.1.7 (/opt/ros/humble/share/rosidl_adapter/cmake)
-- Found rosidl_generator_cpp: 3.1.7 (/opt/ros/humble/share/rosidl_generator_cpp/cmake)
-- Using all available rosidl_typesupport_c: rosidl_typesupport_fastrtps_c;rosidl_typesupport_introspection_c
-- Using all available rosidl_typesupport_cpp: rosidl_typesupport_fastrtps_cpp;rosidl_typesupport_introspection_cpp
-- Found rmw_implementation_cmake: 6.1.2 (/opt/ros/humble/share/rmw_implementation_cmake/cmake)
-- Found rmw_fastrtps_cpp: 6.2.8 (/opt/ros/humble/share/rmw_fastrtps_cpp/cmake)
-- Found OpenSSL: /usr/lib/x86_64-linux-gnu/libcrypto.so (found version "3.0.2")  
-- Found FastRTPS: /opt/ros/humble/include  
-- Using RMW implementation 'rmw_fastrtps_cpp' as default
-- Performing Test CMAKE_HAVE_LIBC_PTHREAD
-- Performing Test CMAKE_HAVE_LIBC_PTHREAD - Success
-- Found Threads: TRUE  
-- Found turtlesim: 1.4.2 (/opt/ros/humble/share/turtlesim/cmake)
-- Found geometry_msgs: 4.9.0 (/opt/ros/humble/share/geometry_msgs/cmake)
-- Found rclcpp_action: 16.0.14 (/opt/ros/humble/share/rclcpp_action/cmake)
-- Found ament_lint_auto: 0.12.14 (/opt/ros/humble/share/ament_lint_auto/cmake)
-- Added test 'cppcheck' to perform static code analysis on C / C++ code
-- Configured cppcheck include dirs: $<BUILD_INTERFACE:/home/zhangjinrui/AppDisk/learn_ros2/ROS2/ws03_exercise/src/cpp01_topic_exercise/include>
-- Configured cppcheck exclude dirs and/or files: 
-- Added test 'flake8' to check Python code syntax and style conventions
-- Added test 'lint_cmake' to check CMake code style
-- Added test 'pep257' to check Python code against some of the docstring style conventions in PEP 257
-- Added test 'uncrustify' to check C / C++ code style
-- Configured uncrustify additional arguments: 
-- Added test 'xmllint' to check XML markup files
-- Configuring done
-- Generating done
-- Build files have been written to: /home/zhangjinrui/AppDisk/learn_ros2/ROS2/ws03_exercise/build/cpp01_topic_exercise
[ 50%] [32mBuilding CXX object CMakeFiles/exer01_pub_sub.dir/src/exer01_pub_sub.cpp.o[0m
[100%] [32m[1mLinking CXX executable exer01_pub_sub[0m
[100%] Built target exer01_pub_sub
-- Install configuration: ""
-- Installing: /home/zhangjinrui/AppDisk/learn_ros2/ROS2/ws03_exercise/install/cpp01_topic_exercise/lib/cpp01_topic_exercise/exer01_pub_sub
-- Set runtime path of "/home/zhangjinrui/AppDisk/learn_ros2/ROS2/ws03_exercise/install/cpp01_topic_exercise/lib/cpp01_topic_exercise/exer01_pub_sub" to ""
-- Installing: /home/zhangjinrui/AppDisk/learn_ros2/ROS2/ws03_exercise/install/cpp01_topic_exercise/share/cpp01_topic_exercise/launch
-- Installing: /home/zhangjinrui/AppDisk/learn_ros2/ROS2/ws03_exercise/install/cpp01_topic_exercise/share/cpp01_topic_exercise/launch/exer01_pub_sub_launch.py
-- Installing: /home/zhangjinrui/AppDisk/learn_ros2/ROS2/ws03_exercise/install/cpp01_topic_exercise/share/ament_index/resource_index/package_run_dependencies/cpp01_topic_exercise
-- Installing: /home/zhangjinrui/AppDisk/learn_ros2/ROS2/ws03_exercise/install/cpp01_topic_exercise/share/ament_index/resource_index/parent_prefix_path/cpp01_topic_exercise
-- Installing: /home/zhangjinrui/AppDisk/learn_ros2/ROS2/ws03_exercise/install/cpp01_topic_exercise/share/cpp01_topic_exercise/environment/ament_prefix_path.sh
-- Installing: /home/zhangjinrui/AppDisk/learn_ros2/ROS2/ws03_exercise/install/cpp01_topic_exercise/share/cpp01_topic_exercise/environment/ament_prefix_path.dsv
-- Installing: /home/zhangjinrui/AppDisk/learn_ros2/ROS2/ws03_exercise/install/cpp01_topic_exercise/share/cpp01_topic_exercise/environment/path.sh
-- Installing: /home/zhangjinrui/AppDisk/learn_ros2/ROS2/ws03_exercise/install/cpp01_topic_exercise/share/cpp01_topic_exercise/environment/path.dsv
-- Installing: /home/zhangjinrui/AppDisk/learn_ros2/ROS2/ws03_exercise/install/cpp01_topic_exercise/share/cpp01_topic_exercise/local_setup.bash
-- Installing: /home/zhangjinrui/AppDisk/learn_ros2/ROS2/ws03_exercise/install/cpp01_topic_exercise/share/cpp01_topic_exercise/local_setup.sh
-- Installing: /home/zhangjinrui/AppDisk/learn_ros2/ROS2/ws03_exercise/install/cpp01_topic_exercise/share/cpp01_topic_exercise/local_setup.zsh
-- Installing: /home/zhangjinrui/AppDisk/learn_ros2/ROS2/ws03_exercise/install/cpp01_topic_exercise/share/cpp01_topic_exercise/local_setup.dsv
-- Installing: /home/zhangjinrui/AppDisk/learn_ros2/ROS2/ws03_exercise/install/cpp01_topic_exercise/share/cpp01_topic_exercise/package.dsv
-- Installing: /home/zhangjinrui/AppDisk/learn_ros2/ROS2/ws03_exercise/install/cpp01_topic_exercise/share/ament_index/resource_index/packages/cpp01_topic_exercise
-- Installing: /home/zhangjinrui/AppDisk/learn_ros2/ROS2/ws03_exercise/install/cpp01_topic_exercise/share/cpp01_topic_exercise/cmake/cpp01_topic_exerciseConfig.cmake
-- Installing: /home/zhangjinrui/AppDisk/learn_ros2/ROS2/ws03_exercise/install/cpp01_topic_exercise/share/cpp01_topic_exercise/cmake/cpp01_topic_exerciseConfig-version.cmake
-- Installing: /home/zhangjinrui/AppDisk/learn_ros2/ROS2/ws03_exercise/install/cpp01_topic_exercise/share/cpp01_topic_exercise/package.xml
