[0.019s] Invoking command in '/home/zhangjinrui/AppDisk/learn_ros2/ROS2/ws02_piumbing/build/base_interfaces_demo': CMAKE_PREFIX_PATH=${CMAKE_PREFIX_PATH}:/home/zhangjinrui/AppDisk/learn_ros2/ROS2/ws01_hello/install/pkg02_hello_py:/home/zhangjinrui/AppDisk/learn_ros2/ROS2/ws02_piumbing/install/py01_topic:/opt/ros/humble:/home/zhangjinrui/ROS2/dev_ws_foxy/install/learning_urdf:/home/zhangjinrui/ROS2/dev_ws_foxy/install/learning_topic:/home/zhangjinrui/ROS2/dev_ws_foxy/install/learning_tf:/home/zhangjinrui/ROS2/dev_ws_foxy/install/learning_service:/home/zhangjinrui/ROS2/dev_ws_foxy/install/learning_qos:/home/zhangjinrui/ROS2/dev_ws_foxy/install/learning_pkg_python:/home/zhangjinrui/ROS2/dev_ws_foxy/install/learning_parameter:/home/zhangjinrui/ROS2/dev_ws_foxy/install/learning_node:/home/zhangjinrui/ROS2/dev_ws_foxy/install/learning_launch:/home/zhangjinrui/ROS2/dev_ws_foxy/install/learning_action:/home/zhangjinrui/ROS2/dev_ws_foxy/install/learning_gazebo_harmonic:/home/zhangjinrui/ROS2/dev_ws_foxy/install/learning_gazebo:/home/zhangjinrui/ROS2/dev_ws_foxy/install/learning_cv /usr/bin/cmake /home/zhangjinrui/AppDisk/learn_ros2/ROS2/ws02_piumbing/src/base_interfaces_demo -DCMAKE_INSTALL_PREFIX=/home/zhangjinrui/AppDisk/learn_ros2/ROS2/ws02_piumbing/install/base_interfaces_demo
[0.034s] -- Found ament_cmake: 1.3.12 (/opt/ros/humble/share/ament_cmake/cmake)
[0.128s] -- Override CMake install command with custom implementation using symlinks instead of copying resources
[0.142s] -- Found rosidl_default_generators: 1.2.0 (/opt/ros/humble/share/rosidl_default_generators/cmake)
[0.146s] -- Using all available rosidl_typesupport_c: rosidl_typesupport_fastrtps_c;rosidl_typesupport_introspection_c
[0.149s] -- Found rosidl_adapter: 3.1.7 (/opt/ros/humble/share/rosidl_adapter/cmake)
[0.179s] -- Using all available rosidl_typesupport_cpp: rosidl_typesupport_fastrtps_cpp;rosidl_typesupport_introspection_cpp
[0.385s] -- Found ament_cmake_ros: 0.10.0 (/opt/ros/humble/share/ament_cmake_ros/cmake)
[0.524s] -- Using all available rosidl_typesupport_c: rosidl_typesupport_fastrtps_c;rosidl_typesupport_introspection_c
[0.699s] -- Using all available rosidl_typesupport_cpp: rosidl_typesupport_fastrtps_cpp;rosidl_typesupport_introspection_cpp
[0.717s] -- Found python_cmake_module: 0.10.0 (/opt/ros/humble/share/python_cmake_module/cmake)
[0.737s] -- Using PYTHON_EXECUTABLE: /usr/bin/python3
[0.737s] -- Using PYTHON_INCLUDE_DIRS: /usr/include/python3.10
[0.737s] -- Using PYTHON_LIBRARIES: /usr/lib/x86_64-linux-gnu/libpython3.10.so
[0.745s] -- Found ament_lint_auto: 0.12.14 (/opt/ros/humble/share/ament_lint_auto/cmake)
[0.754s] -- Configuring done
[0.801s] -- Generating done
[0.807s] -- Build files have been written to: /home/zhangjinrui/AppDisk/learn_ros2/ROS2/ws02_piumbing/build/base_interfaces_demo
[0.812s] Invoked command in '/home/zhangjinrui/AppDisk/learn_ros2/ROS2/ws02_piumbing/build/base_interfaces_demo' returned '0': CMAKE_PREFIX_PATH=${CMAKE_PREFIX_PATH}:/home/zhangjinrui/AppDisk/learn_ros2/ROS2/ws01_hello/install/pkg02_hello_py:/home/zhangjinrui/AppDisk/learn_ros2/ROS2/ws02_piumbing/install/py01_topic:/opt/ros/humble:/home/zhangjinrui/ROS2/dev_ws_foxy/install/learning_urdf:/home/zhangjinrui/ROS2/dev_ws_foxy/install/learning_topic:/home/zhangjinrui/ROS2/dev_ws_foxy/install/learning_tf:/home/zhangjinrui/ROS2/dev_ws_foxy/install/learning_service:/home/zhangjinrui/ROS2/dev_ws_foxy/install/learning_qos:/home/zhangjinrui/ROS2/dev_ws_foxy/install/learning_pkg_python:/home/zhangjinrui/ROS2/dev_ws_foxy/install/learning_parameter:/home/zhangjinrui/ROS2/dev_ws_foxy/install/learning_node:/home/zhangjinrui/ROS2/dev_ws_foxy/install/learning_launch:/home/zhangjinrui/ROS2/dev_ws_foxy/install/learning_action:/home/zhangjinrui/ROS2/dev_ws_foxy/install/learning_gazebo_harmonic:/home/zhangjinrui/ROS2/dev_ws_foxy/install/learning_gazebo:/home/zhangjinrui/ROS2/dev_ws_foxy/install/learning_cv /usr/bin/cmake /home/zhangjinrui/AppDisk/learn_ros2/ROS2/ws02_piumbing/src/base_interfaces_demo -DCMAKE_INSTALL_PREFIX=/home/zhangjinrui/AppDisk/learn_ros2/ROS2/ws02_piumbing/install/base_interfaces_demo
[0.813s] Invoking command in '/home/zhangjinrui/AppDisk/learn_ros2/ROS2/ws02_piumbing/build/base_interfaces_demo': CMAKE_PREFIX_PATH=${CMAKE_PREFIX_PATH}:/home/zhangjinrui/AppDisk/learn_ros2/ROS2/ws01_hello/install/pkg02_hello_py:/home/zhangjinrui/AppDisk/learn_ros2/ROS2/ws02_piumbing/install/py01_topic:/opt/ros/humble:/home/zhangjinrui/ROS2/dev_ws_foxy/install/learning_urdf:/home/zhangjinrui/ROS2/dev_ws_foxy/install/learning_topic:/home/zhangjinrui/ROS2/dev_ws_foxy/install/learning_tf:/home/zhangjinrui/ROS2/dev_ws_foxy/install/learning_service:/home/zhangjinrui/ROS2/dev_ws_foxy/install/learning_qos:/home/zhangjinrui/ROS2/dev_ws_foxy/install/learning_pkg_python:/home/zhangjinrui/ROS2/dev_ws_foxy/install/learning_parameter:/home/zhangjinrui/ROS2/dev_ws_foxy/install/learning_node:/home/zhangjinrui/ROS2/dev_ws_foxy/install/learning_launch:/home/zhangjinrui/ROS2/dev_ws_foxy/install/learning_action:/home/zhangjinrui/ROS2/dev_ws_foxy/install/learning_gazebo_harmonic:/home/zhangjinrui/ROS2/dev_ws_foxy/install/learning_gazebo:/home/zhangjinrui/ROS2/dev_ws_foxy/install/learning_cv /usr/bin/cmake --build /home/zhangjinrui/AppDisk/learn_ros2/ROS2/ws02_piumbing/build/base_interfaces_demo -- -j24 -l24
[0.838s] [  2%] [34m[1mGenerating C code for ROS interfaces[0m
[0.858s] [  5%] [34m[1mGenerating C++ code for ROS interfaces[0m
[0.867s] [  5%] Built target ament_cmake_python_symlink_base_interfaces_demo
[1.000s] [35m[1mConsolidate compiler generated dependencies of target base_interfaces_demo__rosidl_generator_c[0m
[1.001s] running egg_info
[1.001s] writing base_interfaces_demo.egg-info/PKG-INFO
[1.001s] writing dependency_links to base_interfaces_demo.egg-info/dependency_links.txt
[1.001s] writing top-level names to base_interfaces_demo.egg-info/top_level.txt
[1.003s] reading manifest file 'base_interfaces_demo.egg-info/SOURCES.txt'
[1.006s] [ 10%] [32mBuilding C object CMakeFiles/base_interfaces_demo__rosidl_generator_c.dir/rosidl_generator_c/base_interfaces_demo/msg/detail/student__functions.c.o[0m
[1.006s] [ 10%] [32mBuilding C object CMakeFiles/base_interfaces_demo__rosidl_generator_c.dir/rosidl_generator_c/base_interfaces_demo/srv/detail/add_ints__functions.c.o[0m
[1.011s] writing manifest file 'base_interfaces_demo.egg-info/SOURCES.txt'
[1.015s] [ 10%] Built target base_interfaces_demo__cpp
[1.021s] [ 15%] [34m[1mGenerating C++ type support for eProsima Fast-RTPS[0m
[1.021s] [ 17%] [34m[1mGenerating C++ type support dispatch for ROS interfaces[0m
[1.021s] [ 17%] [34m[1mGenerating C++ introspection for ROS interfaces[0m
[1.026s] [ 17%] Built target ament_cmake_python_build_base_interfaces_demo_egg
[1.075s] [ 20%] [32m[1mLinking C shared library libbase_interfaces_demo__rosidl_generator_c.so[0m
[1.102s] [ 20%] Built target base_interfaces_demo__rosidl_generator_c
[1.108s] [ 25%] [34m[1mGenerating C type support dispatch for ROS interfaces[0m
[1.108s] [ 28%] [34m[1mGenerating C type support for eProsima Fast-RTPS[0m
[1.108s] [ 28%] [34m[1mGenerating C introspection for ROS interfaces[0m
[1.153s] [35m[1mConsolidate compiler generated dependencies of target base_interfaces_demo__rosidl_typesupport_cpp[0m
[1.157s] [35m[1mConsolidate compiler generated dependencies of target base_interfaces_demo__rosidl_typesupport_introspection_cpp[0m
[1.159s] [ 33%] [32mBuilding CXX object CMakeFiles/base_interfaces_demo__rosidl_typesupport_cpp.dir/rosidl_typesupport_cpp/base_interfaces_demo/srv/add_ints__type_support.cpp.o[0m
[1.159s] [ 33%] [32mBuilding CXX object CMakeFiles/base_interfaces_demo__rosidl_typesupport_cpp.dir/rosidl_typesupport_cpp/base_interfaces_demo/msg/student__type_support.cpp.o[0m
[1.164s] [ 35%] [32mBuilding CXX object CMakeFiles/base_interfaces_demo__rosidl_typesupport_introspection_cpp.dir/rosidl_typesupport_introspection_cpp/base_interfaces_demo/msg/detail/student__type_support.cpp.o[0m
[1.165s] [ 38%] [32mBuilding CXX object CMakeFiles/base_interfaces_demo__rosidl_typesupport_introspection_cpp.dir/rosidl_typesupport_introspection_cpp/base_interfaces_demo/srv/detail/add_ints__type_support.cpp.o[0m
[1.167s] [35m[1mConsolidate compiler generated dependencies of target base_interfaces_demo__rosidl_typesupport_fastrtps_cpp[0m
[1.175s] [ 43%] [32mBuilding CXX object CMakeFiles/base_interfaces_demo__rosidl_typesupport_fastrtps_cpp.dir/rosidl_typesupport_fastrtps_cpp/base_interfaces_demo/srv/detail/dds_fastrtps/add_ints__type_support.cpp.o[0m
[1.175s] [ 43%] [32mBuilding CXX object CMakeFiles/base_interfaces_demo__rosidl_typesupport_fastrtps_cpp.dir/rosidl_typesupport_fastrtps_cpp/base_interfaces_demo/msg/detail/dds_fastrtps/student__type_support.cpp.o[0m
[1.253s] [35m[1mConsolidate compiler generated dependencies of target base_interfaces_demo__rosidl_typesupport_c[0m
[1.256s] [35m[1mConsolidate compiler generated dependencies of target base_interfaces_demo__rosidl_typesupport_introspection_c[0m
[1.258s] [ 46%] [32mBuilding CXX object CMakeFiles/base_interfaces_demo__rosidl_typesupport_c.dir/rosidl_typesupport_c/base_interfaces_demo/srv/add_ints__type_support.cpp.o[0m
[1.260s] [ 48%] [32mBuilding CXX object CMakeFiles/base_interfaces_demo__rosidl_typesupport_c.dir/rosidl_typesupport_c/base_interfaces_demo/msg/student__type_support.cpp.o[0m
[1.262s] [ 51%] [32mBuilding C object CMakeFiles/base_interfaces_demo__rosidl_typesupport_introspection_c.dir/rosidl_typesupport_introspection_c/base_interfaces_demo/srv/detail/add_ints__type_support.c.o[0m
[1.263s] [ 53%] [32mBuilding C object CMakeFiles/base_interfaces_demo__rosidl_typesupport_introspection_c.dir/rosidl_typesupport_introspection_c/base_interfaces_demo/msg/detail/student__type_support.c.o[0m
[1.269s] [35m[1mConsolidate compiler generated dependencies of target base_interfaces_demo__rosidl_typesupport_fastrtps_c[0m
[1.276s] [ 56%] [32mBuilding CXX object CMakeFiles/base_interfaces_demo__rosidl_typesupport_fastrtps_c.dir/rosidl_typesupport_fastrtps_c/base_interfaces_demo/srv/detail/add_ints__type_support_c.cpp.o[0m
[1.276s] [ 58%] [32mBuilding CXX object CMakeFiles/base_interfaces_demo__rosidl_typesupport_fastrtps_c.dir/rosidl_typesupport_fastrtps_c/base_interfaces_demo/msg/detail/student__type_support_c.cpp.o[0m
[1.281s] [ 61%] [32m[1mLinking CXX shared library libbase_interfaces_demo__rosidl_typesupport_c.so[0m
[1.283s] [ 64%] [32m[1mLinking C shared library libbase_interfaces_demo__rosidl_typesupport_introspection_c.so[0m
[1.302s] [ 64%] Built target base_interfaces_demo__rosidl_typesupport_introspection_c
[1.307s] [ 64%] Built target base_interfaces_demo__rosidl_typesupport_c
[1.323s] [ 66%] [32m[1mLinking CXX shared library libbase_interfaces_demo__rosidl_typesupport_cpp.so[0m
[1.349s] [ 66%] Built target base_interfaces_demo__rosidl_typesupport_cpp
[1.374s] [ 69%] [32m[1mLinking CXX shared library libbase_interfaces_demo__rosidl_typesupport_introspection_cpp.so[0m
[1.386s] [ 71%] [32m[1mLinking CXX shared library libbase_interfaces_demo__rosidl_typesupport_fastrtps_cpp.so[0m
[1.415s] [ 71%] Built target base_interfaces_demo__rosidl_typesupport_introspection_cpp
[1.429s] [ 71%] Built target base_interfaces_demo__rosidl_typesupport_fastrtps_cpp
[1.444s] [ 74%] [32m[1mLinking CXX shared library libbase_interfaces_demo__rosidl_typesupport_fastrtps_c.so[0m
[1.482s] [ 74%] Built target base_interfaces_demo__rosidl_typesupport_fastrtps_c
[1.494s] [ 74%] Built target base_interfaces_demo
[1.521s] [ 76%] [34m[1mGenerating Python code for ROS interfaces[0m
[1.729s] [ 76%] Built target base_interfaces_demo__py
[1.744s] [35m[1mConsolidate compiler generated dependencies of target base_interfaces_demo__rosidl_generator_py[0m
[1.752s] [ 79%] [32mBuilding C object CMakeFiles/base_interfaces_demo__rosidl_generator_py.dir/rosidl_generator_py/base_interfaces_demo/msg/_student_s.c.o[0m
[1.752s] [ 82%] [32mBuilding C object CMakeFiles/base_interfaces_demo__rosidl_generator_py.dir/rosidl_generator_py/base_interfaces_demo/srv/_add_ints_s.c.o[0m
[1.826s] [ 84%] [32m[1mLinking C shared library rosidl_generator_py/base_interfaces_demo/libbase_interfaces_demo__rosidl_generator_py.so[0m
[1.848s] [ 84%] Built target base_interfaces_demo__rosidl_generator_py
[1.854s] [35m[1mConsolidate compiler generated dependencies of target base_interfaces_demo__rosidl_typesupport_fastrtps_c__pyext[0m
[1.854s] [35m[1mConsolidate compiler generated dependencies of target base_interfaces_demo__rosidl_typesupport_c__pyext[0m
[1.855s] [35m[1mConsolidate compiler generated dependencies of target base_interfaces_demo__rosidl_typesupport_introspection_c__pyext[0m
[1.861s] [ 89%] [32mBuilding C object CMakeFiles/base_interfaces_demo__rosidl_typesupport_c__pyext.dir/rosidl_generator_py/base_interfaces_demo/_base_interfaces_demo_s.ep.rosidl_typesupport_c.c.o[0m
[1.861s] [ 89%] [32mBuilding C object CMakeFiles/base_interfaces_demo__rosidl_typesupport_fastrtps_c__pyext.dir/rosidl_generator_py/base_interfaces_demo/_base_interfaces_demo_s.ep.rosidl_typesupport_fastrtps_c.c.o[0m
[1.863s] [ 92%] [32mBuilding C object CMakeFiles/base_interfaces_demo__rosidl_typesupport_introspection_c__pyext.dir/rosidl_generator_py/base_interfaces_demo/_base_interfaces_demo_s.ep.rosidl_typesupport_introspection_c.c.o[0m
[1.913s] [ 94%] [32m[1mLinking C shared library rosidl_generator_py/base_interfaces_demo/base_interfaces_demo_s__rosidl_typesupport_c.cpython-310-x86_64-linux-gnu.so[0m
[1.914s] [100%] [32m[1mLinking C shared library rosidl_generator_py/base_interfaces_demo/base_interfaces_demo_s__rosidl_typesupport_fastrtps_c.cpython-310-x86_64-linux-gnu.so[0m
[1.914s] [100%] [32m[1mLinking C shared library rosidl_generator_py/base_interfaces_demo/base_interfaces_demo_s__rosidl_typesupport_introspection_c.cpython-310-x86_64-linux-gnu.so[0m
[1.932s] [100%] Built target base_interfaces_demo__rosidl_typesupport_c__pyext
[1.934s] [100%] Built target base_interfaces_demo__rosidl_typesupport_introspection_c__pyext
[1.934s] [100%] Built target base_interfaces_demo__rosidl_typesupport_fastrtps_c__pyext
[1.941s] Invoked command in '/home/zhangjinrui/AppDisk/learn_ros2/ROS2/ws02_piumbing/build/base_interfaces_demo' returned '0': CMAKE_PREFIX_PATH=${CMAKE_PREFIX_PATH}:/home/zhangjinrui/AppDisk/learn_ros2/ROS2/ws01_hello/install/pkg02_hello_py:/home/zhangjinrui/AppDisk/learn_ros2/ROS2/ws02_piumbing/install/py01_topic:/opt/ros/humble:/home/zhangjinrui/ROS2/dev_ws_foxy/install/learning_urdf:/home/zhangjinrui/ROS2/dev_ws_foxy/install/learning_topic:/home/zhangjinrui/ROS2/dev_ws_foxy/install/learning_tf:/home/zhangjinrui/ROS2/dev_ws_foxy/install/learning_service:/home/zhangjinrui/ROS2/dev_ws_foxy/install/learning_qos:/home/zhangjinrui/ROS2/dev_ws_foxy/install/learning_pkg_python:/home/zhangjinrui/ROS2/dev_ws_foxy/install/learning_parameter:/home/zhangjinrui/ROS2/dev_ws_foxy/install/learning_node:/home/zhangjinrui/ROS2/dev_ws_foxy/install/learning_launch:/home/zhangjinrui/ROS2/dev_ws_foxy/install/learning_action:/home/zhangjinrui/ROS2/dev_ws_foxy/install/learning_gazebo_harmonic:/home/zhangjinrui/ROS2/dev_ws_foxy/install/learning_gazebo:/home/zhangjinrui/ROS2/dev_ws_foxy/install/learning_cv /usr/bin/cmake --build /home/zhangjinrui/AppDisk/learn_ros2/ROS2/ws02_piumbing/build/base_interfaces_demo -- -j24 -l24
[1.947s] Invoking command in '/home/zhangjinrui/AppDisk/learn_ros2/ROS2/ws02_piumbing/build/base_interfaces_demo': CMAKE_PREFIX_PATH=${CMAKE_PREFIX_PATH}:/home/zhangjinrui/AppDisk/learn_ros2/ROS2/ws01_hello/install/pkg02_hello_py:/home/zhangjinrui/AppDisk/learn_ros2/ROS2/ws02_piumbing/install/py01_topic:/opt/ros/humble:/home/zhangjinrui/ROS2/dev_ws_foxy/install/learning_urdf:/home/zhangjinrui/ROS2/dev_ws_foxy/install/learning_topic:/home/zhangjinrui/ROS2/dev_ws_foxy/install/learning_tf:/home/zhangjinrui/ROS2/dev_ws_foxy/install/learning_service:/home/zhangjinrui/ROS2/dev_ws_foxy/install/learning_qos:/home/zhangjinrui/ROS2/dev_ws_foxy/install/learning_pkg_python:/home/zhangjinrui/ROS2/dev_ws_foxy/install/learning_parameter:/home/zhangjinrui/ROS2/dev_ws_foxy/install/learning_node:/home/zhangjinrui/ROS2/dev_ws_foxy/install/learning_launch:/home/zhangjinrui/ROS2/dev_ws_foxy/install/learning_action:/home/zhangjinrui/ROS2/dev_ws_foxy/install/learning_gazebo_harmonic:/home/zhangjinrui/ROS2/dev_ws_foxy/install/learning_gazebo:/home/zhangjinrui/ROS2/dev_ws_foxy/install/learning_cv /usr/bin/cmake --install /home/zhangjinrui/AppDisk/learn_ros2/ROS2/ws02_piumbing/build/base_interfaces_demo
[1.951s] -- Install configuration: ""
[1.952s] -- Execute custom install script
[1.952s] -- Up-to-date symlink: /home/zhangjinrui/AppDisk/learn_ros2/ROS2/ws02_piumbing/install/base_interfaces_demo/share/ament_index/resource_index/rosidl_interfaces/base_interfaces_demo
[1.952s] -- Up-to-date symlink: /home/zhangjinrui/AppDisk/learn_ros2/ROS2/ws02_piumbing/install/base_interfaces_demo/include/base_interfaces_demo/base_interfaces_demo/msg/detail/student__functions.h
[1.952s] -- Up-to-date symlink: /home/zhangjinrui/AppDisk/learn_ros2/ROS2/ws02_piumbing/install/base_interfaces_demo/include/base_interfaces_demo/base_interfaces_demo/msg/detail/student__struct.h
[1.952s] -- Up-to-date symlink: /home/zhangjinrui/AppDisk/learn_ros2/ROS2/ws02_piumbing/install/base_interfaces_demo/include/base_interfaces_demo/base_interfaces_demo/msg/detail/student__type_support.h
[1.952s] -- Up-to-date symlink: /home/zhangjinrui/AppDisk/learn_ros2/ROS2/ws02_piumbing/install/base_interfaces_demo/include/base_interfaces_demo/base_interfaces_demo/msg/rosidl_generator_c__visibility_control.h
[1.952s] -- Up-to-date symlink: /home/zhangjinrui/AppDisk/learn_ros2/ROS2/ws02_piumbing/install/base_interfaces_demo/include/base_interfaces_demo/base_interfaces_demo/msg/student.h
[1.953s] -- Symlinking: /home/zhangjinrui/AppDisk/learn_ros2/ROS2/ws02_piumbing/install/base_interfaces_demo/include/base_interfaces_demo/base_interfaces_demo/srv/add_ints.h
[1.958s] -- Symlinking: /home/zhangjinrui/AppDisk/learn_ros2/ROS2/ws02_piumbing/install/base_interfaces_demo/include/base_interfaces_demo/base_interfaces_demo/srv/detail/add_ints__functions.h
[1.963s] -- Symlinking: /home/zhangjinrui/AppDisk/learn_ros2/ROS2/ws02_piumbing/install/base_interfaces_demo/include/base_interfaces_demo/base_interfaces_demo/srv/detail/add_ints__struct.h
[1.968s] -- Symlinking: /home/zhangjinrui/AppDisk/learn_ros2/ROS2/ws02_piumbing/install/base_interfaces_demo/include/base_interfaces_demo/base_interfaces_demo/srv/detail/add_ints__type_support.h
[1.973s] -- Up-to-date symlink: /home/zhangjinrui/AppDisk/learn_ros2/ROS2/ws02_piumbing/install/base_interfaces_demo/share/base_interfaces_demo/environment/library_path.sh
[1.973s] -- Up-to-date symlink: /home/zhangjinrui/AppDisk/learn_ros2/ROS2/ws02_piumbing/install/base_interfaces_demo/share/base_interfaces_demo/environment/library_path.dsv
[1.973s] -- Up-to-date symlink: /home/zhangjinrui/AppDisk/learn_ros2/ROS2/ws02_piumbing/install/base_interfaces_demo/include/base_interfaces_demo/base_interfaces_demo/msg/detail/student__rosidl_typesupport_fastrtps_c.h
[1.973s] -- Up-to-date symlink: /home/zhangjinrui/AppDisk/learn_ros2/ROS2/ws02_piumbing/install/base_interfaces_demo/include/base_interfaces_demo/base_interfaces_demo/msg/rosidl_typesupport_fastrtps_c__visibility_control.h
[1.973s] -- Symlinking: /home/zhangjinrui/AppDisk/learn_ros2/ROS2/ws02_piumbing/install/base_interfaces_demo/include/base_interfaces_demo/base_interfaces_demo/srv/detail/add_ints__rosidl_typesupport_fastrtps_c.h
[1.979s] -- Up-to-date symlink: /home/zhangjinrui/AppDisk/learn_ros2/ROS2/ws02_piumbing/install/base_interfaces_demo/include/base_interfaces_demo/base_interfaces_demo/msg/detail/student__rosidl_typesupport_introspection_c.h
[1.979s] -- Up-to-date symlink: /home/zhangjinrui/AppDisk/learn_ros2/ROS2/ws02_piumbing/install/base_interfaces_demo/include/base_interfaces_demo/base_interfaces_demo/msg/rosidl_typesupport_introspection_c__visibility_control.h
[1.979s] -- Symlinking: /home/zhangjinrui/AppDisk/learn_ros2/ROS2/ws02_piumbing/install/base_interfaces_demo/include/base_interfaces_demo/base_interfaces_demo/srv/detail/add_ints__rosidl_typesupport_introspection_c.h
[1.984s] -- Up-to-date symlink: /home/zhangjinrui/AppDisk/learn_ros2/ROS2/ws02_piumbing/install/base_interfaces_demo/include/base_interfaces_demo/base_interfaces_demo/msg/detail/student__builder.hpp
[1.984s] -- Up-to-date symlink: /home/zhangjinrui/AppDisk/learn_ros2/ROS2/ws02_piumbing/install/base_interfaces_demo/include/base_interfaces_demo/base_interfaces_demo/msg/detail/student__struct.hpp
[1.984s] -- Up-to-date symlink: /home/zhangjinrui/AppDisk/learn_ros2/ROS2/ws02_piumbing/install/base_interfaces_demo/include/base_interfaces_demo/base_interfaces_demo/msg/detail/student__traits.hpp
[1.984s] -- Up-to-date symlink: /home/zhangjinrui/AppDisk/learn_ros2/ROS2/ws02_piumbing/install/base_interfaces_demo/include/base_interfaces_demo/base_interfaces_demo/msg/detail/student__type_support.hpp
[1.984s] -- Up-to-date symlink: /home/zhangjinrui/AppDisk/learn_ros2/ROS2/ws02_piumbing/install/base_interfaces_demo/include/base_interfaces_demo/base_interfaces_demo/msg/rosidl_generator_cpp__visibility_control.hpp
[1.984s] -- Up-to-date symlink: /home/zhangjinrui/AppDisk/learn_ros2/ROS2/ws02_piumbing/install/base_interfaces_demo/include/base_interfaces_demo/base_interfaces_demo/msg/student.hpp
[1.984s] -- Symlinking: /home/zhangjinrui/AppDisk/learn_ros2/ROS2/ws02_piumbing/install/base_interfaces_demo/include/base_interfaces_demo/base_interfaces_demo/srv/add_ints.hpp
[1.989s] -- Symlinking: /home/zhangjinrui/AppDisk/learn_ros2/ROS2/ws02_piumbing/install/base_interfaces_demo/include/base_interfaces_demo/base_interfaces_demo/srv/detail/add_ints__builder.hpp
[1.994s] -- Symlinking: /home/zhangjinrui/AppDisk/learn_ros2/ROS2/ws02_piumbing/install/base_interfaces_demo/include/base_interfaces_demo/base_interfaces_demo/srv/detail/add_ints__struct.hpp
[1.999s] -- Symlinking: /home/zhangjinrui/AppDisk/learn_ros2/ROS2/ws02_piumbing/install/base_interfaces_demo/include/base_interfaces_demo/base_interfaces_demo/srv/detail/add_ints__traits.hpp
[2.003s] -- Symlinking: /home/zhangjinrui/AppDisk/learn_ros2/ROS2/ws02_piumbing/install/base_interfaces_demo/include/base_interfaces_demo/base_interfaces_demo/srv/detail/add_ints__type_support.hpp
[2.008s] -- Up-to-date symlink: /home/zhangjinrui/AppDisk/learn_ros2/ROS2/ws02_piumbing/install/base_interfaces_demo/include/base_interfaces_demo/base_interfaces_demo/msg/detail/student__rosidl_typesupport_fastrtps_cpp.hpp
[2.008s] -- Up-to-date symlink: /home/zhangjinrui/AppDisk/learn_ros2/ROS2/ws02_piumbing/install/base_interfaces_demo/include/base_interfaces_demo/base_interfaces_demo/msg/rosidl_typesupport_fastrtps_cpp__visibility_control.h
[2.008s] -- Symlinking: /home/zhangjinrui/AppDisk/learn_ros2/ROS2/ws02_piumbing/install/base_interfaces_demo/include/base_interfaces_demo/base_interfaces_demo/srv/detail/add_ints__rosidl_typesupport_fastrtps_cpp.hpp
[2.013s] -- Up-to-date symlink: /home/zhangjinrui/AppDisk/learn_ros2/ROS2/ws02_piumbing/install/base_interfaces_demo/include/base_interfaces_demo/base_interfaces_demo/msg/detail/student__rosidl_typesupport_introspection_cpp.hpp
[2.013s] -- Symlinking: /home/zhangjinrui/AppDisk/learn_ros2/ROS2/ws02_piumbing/install/base_interfaces_demo/include/base_interfaces_demo/base_interfaces_demo/srv/detail/add_ints__rosidl_typesupport_introspection_cpp.hpp
[2.018s] -- Up-to-date symlink: /home/zhangjinrui/AppDisk/learn_ros2/ROS2/ws02_piumbing/install/base_interfaces_demo/share/base_interfaces_demo/environment/pythonpath.sh
[2.018s] -- Up-to-date symlink: /home/zhangjinrui/AppDisk/learn_ros2/ROS2/ws02_piumbing/install/base_interfaces_demo/share/base_interfaces_demo/environment/pythonpath.dsv
[2.019s] -- Up-to-date symlink: /home/zhangjinrui/AppDisk/learn_ros2/ROS2/ws02_piumbing/install/base_interfaces_demo/local/lib/python3.10/dist-packages/base_interfaces_demo-0.0.0-py3.10.egg-info/PKG-INFO
[2.019s] -- Up-to-date symlink: /home/zhangjinrui/AppDisk/learn_ros2/ROS2/ws02_piumbing/install/base_interfaces_demo/local/lib/python3.10/dist-packages/base_interfaces_demo-0.0.0-py3.10.egg-info/SOURCES.txt
[2.019s] -- Up-to-date symlink: /home/zhangjinrui/AppDisk/learn_ros2/ROS2/ws02_piumbing/install/base_interfaces_demo/local/lib/python3.10/dist-packages/base_interfaces_demo-0.0.0-py3.10.egg-info/dependency_links.txt
[2.019s] -- Up-to-date symlink: /home/zhangjinrui/AppDisk/learn_ros2/ROS2/ws02_piumbing/install/base_interfaces_demo/local/lib/python3.10/dist-packages/base_interfaces_demo-0.0.0-py3.10.egg-info/top_level.txt
[2.019s] -- Up-to-date symlink: /home/zhangjinrui/AppDisk/learn_ros2/ROS2/ws02_piumbing/install/base_interfaces_demo/local/lib/python3.10/dist-packages/base_interfaces_demo/__init__.py
[2.019s] -- Up-to-date symlink: /home/zhangjinrui/AppDisk/learn_ros2/ROS2/ws02_piumbing/install/base_interfaces_demo/local/lib/python3.10/dist-packages/base_interfaces_demo/_base_interfaces_demo_s.ep.rosidl_typesupport_c.c
[2.019s] -- Up-to-date symlink: /home/zhangjinrui/AppDisk/learn_ros2/ROS2/ws02_piumbing/install/base_interfaces_demo/local/lib/python3.10/dist-packages/base_interfaces_demo/_base_interfaces_demo_s.ep.rosidl_typesupport_fastrtps_c.c
[2.019s] -- Up-to-date symlink: /home/zhangjinrui/AppDisk/learn_ros2/ROS2/ws02_piumbing/install/base_interfaces_demo/local/lib/python3.10/dist-packages/base_interfaces_demo/_base_interfaces_demo_s.ep.rosidl_typesupport_introspection_c.c
[2.019s] -- Up-to-date symlink: /home/zhangjinrui/AppDisk/learn_ros2/ROS2/ws02_piumbing/install/base_interfaces_demo/local/lib/python3.10/dist-packages/base_interfaces_demo/base_interfaces_demo_s__rosidl_typesupport_c.cpython-310-x86_64-linux-gnu.so
[2.019s] -- Up-to-date symlink: /home/zhangjinrui/AppDisk/learn_ros2/ROS2/ws02_piumbing/install/base_interfaces_demo/local/lib/python3.10/dist-packages/base_interfaces_demo/base_interfaces_demo_s__rosidl_typesupport_fastrtps_c.cpython-310-x86_64-linux-gnu.so
[2.020s] -- Up-to-date symlink: /home/zhangjinrui/AppDisk/learn_ros2/ROS2/ws02_piumbing/install/base_interfaces_demo/local/lib/python3.10/dist-packages/base_interfaces_demo/base_interfaces_demo_s__rosidl_typesupport_introspection_c.cpython-310-x86_64-linux-gnu.so
[2.020s] -- Up-to-date symlink: /home/zhangjinrui/AppDisk/learn_ros2/ROS2/ws02_piumbing/install/base_interfaces_demo/local/lib/python3.10/dist-packages/base_interfaces_demo/libbase_interfaces_demo__rosidl_generator_py.so
[2.020s] -- Up-to-date symlink: /home/zhangjinrui/AppDisk/learn_ros2/ROS2/ws02_piumbing/install/base_interfaces_demo/local/lib/python3.10/dist-packages/base_interfaces_demo/msg/__init__.py
[2.020s] -- Up-to-date symlink: /home/zhangjinrui/AppDisk/learn_ros2/ROS2/ws02_piumbing/install/base_interfaces_demo/local/lib/python3.10/dist-packages/base_interfaces_demo/msg/_student.py
[2.020s] -- Up-to-date symlink: /home/zhangjinrui/AppDisk/learn_ros2/ROS2/ws02_piumbing/install/base_interfaces_demo/local/lib/python3.10/dist-packages/base_interfaces_demo/msg/_student_s.c
[2.020s] -- Symlinking: /home/zhangjinrui/AppDisk/learn_ros2/ROS2/ws02_piumbing/install/base_interfaces_demo/local/lib/python3.10/dist-packages/base_interfaces_demo/srv/__init__.py
[2.025s] -- Symlinking: /home/zhangjinrui/AppDisk/learn_ros2/ROS2/ws02_piumbing/install/base_interfaces_demo/local/lib/python3.10/dist-packages/base_interfaces_demo/srv/_add_ints.py
[2.029s] -- Symlinking: /home/zhangjinrui/AppDisk/learn_ros2/ROS2/ws02_piumbing/install/base_interfaces_demo/local/lib/python3.10/dist-packages/base_interfaces_demo/srv/_add_ints_s.c
[2.035s] -- Up-to-date symlink: /home/zhangjinrui/AppDisk/learn_ros2/ROS2/ws02_piumbing/install/base_interfaces_demo/local/lib/python3.10/dist-packages/base_interfaces_demo/base_interfaces_demo_s__rosidl_typesupport_fastrtps_c.cpython-310-x86_64-linux-gnu.so
[2.035s] -- Up-to-date symlink: /home/zhangjinrui/AppDisk/learn_ros2/ROS2/ws02_piumbing/install/base_interfaces_demo/local/lib/python3.10/dist-packages/base_interfaces_demo/base_interfaces_demo_s__rosidl_typesupport_introspection_c.cpython-310-x86_64-linux-gnu.so
[2.035s] -- Up-to-date symlink: /home/zhangjinrui/AppDisk/learn_ros2/ROS2/ws02_piumbing/install/base_interfaces_demo/local/lib/python3.10/dist-packages/base_interfaces_demo/base_interfaces_demo_s__rosidl_typesupport_c.cpython-310-x86_64-linux-gnu.so
[2.035s] -- Up-to-date symlink: /home/zhangjinrui/AppDisk/learn_ros2/ROS2/ws02_piumbing/install/base_interfaces_demo/share/base_interfaces_demo/msg/Student.idl
[2.035s] -- Symlinking: /home/zhangjinrui/AppDisk/learn_ros2/ROS2/ws02_piumbing/install/base_interfaces_demo/share/base_interfaces_demo/srv/AddInts.idl
[2.040s] -- Up-to-date symlink: /home/zhangjinrui/AppDisk/learn_ros2/ROS2/ws02_piumbing/install/base_interfaces_demo/share/base_interfaces_demo/msg/Student.msg
[2.040s] -- Symlinking: /home/zhangjinrui/AppDisk/learn_ros2/ROS2/ws02_piumbing/install/base_interfaces_demo/share/base_interfaces_demo/srv/AddInts.srv
[2.046s] -- Symlinking: /home/zhangjinrui/AppDisk/learn_ros2/ROS2/ws02_piumbing/install/base_interfaces_demo/share/base_interfaces_demo/srv/AddInts_Request.msg
[2.051s] -- Symlinking: /home/zhangjinrui/AppDisk/learn_ros2/ROS2/ws02_piumbing/install/base_interfaces_demo/share/base_interfaces_demo/srv/AddInts_Response.msg
[2.056s] -- Up-to-date symlink: /home/zhangjinrui/AppDisk/learn_ros2/ROS2/ws02_piumbing/install/base_interfaces_demo/share/ament_index/resource_index/package_run_dependencies/base_interfaces_demo
[2.056s] -- Up-to-date symlink: /home/zhangjinrui/AppDisk/learn_ros2/ROS2/ws02_piumbing/install/base_interfaces_demo/share/ament_index/resource_index/parent_prefix_path/base_interfaces_demo
[2.056s] -- Up-to-date symlink: /home/zhangjinrui/AppDisk/learn_ros2/ROS2/ws02_piumbing/install/base_interfaces_demo/share/base_interfaces_demo/environment/ament_prefix_path.sh
[2.056s] -- Up-to-date symlink: /home/zhangjinrui/AppDisk/learn_ros2/ROS2/ws02_piumbing/install/base_interfaces_demo/share/base_interfaces_demo/environment/ament_prefix_path.dsv
[2.056s] -- Up-to-date symlink: /home/zhangjinrui/AppDisk/learn_ros2/ROS2/ws02_piumbing/install/base_interfaces_demo/share/base_interfaces_demo/environment/path.sh
[2.056s] -- Up-to-date symlink: /home/zhangjinrui/AppDisk/learn_ros2/ROS2/ws02_piumbing/install/base_interfaces_demo/share/base_interfaces_demo/environment/path.dsv
[2.056s] -- Up-to-date symlink: /home/zhangjinrui/AppDisk/learn_ros2/ROS2/ws02_piumbing/install/base_interfaces_demo/share/base_interfaces_demo/local_setup.bash
[2.056s] -- Up-to-date symlink: /home/zhangjinrui/AppDisk/learn_ros2/ROS2/ws02_piumbing/install/base_interfaces_demo/share/base_interfaces_demo/local_setup.sh
[2.056s] -- Up-to-date symlink: /home/zhangjinrui/AppDisk/learn_ros2/ROS2/ws02_piumbing/install/base_interfaces_demo/share/base_interfaces_demo/local_setup.zsh
[2.057s] -- Up-to-date symlink: /home/zhangjinrui/AppDisk/learn_ros2/ROS2/ws02_piumbing/install/base_interfaces_demo/share/base_interfaces_demo/local_setup.dsv
[2.057s] -- Symlinking: /home/zhangjinrui/AppDisk/learn_ros2/ROS2/ws02_piumbing/install/base_interfaces_demo/share/base_interfaces_demo/package.dsv
[2.061s] -- Up-to-date symlink: /home/zhangjinrui/AppDisk/learn_ros2/ROS2/ws02_piumbing/install/base_interfaces_demo/share/ament_index/resource_index/packages/base_interfaces_demo
[2.061s] -- Up-to-date symlink: /home/zhangjinrui/AppDisk/learn_ros2/ROS2/ws02_piumbing/install/base_interfaces_demo/share/base_interfaces_demo/cmake/rosidl_cmake-extras.cmake
[2.061s] -- Up-to-date symlink: /home/zhangjinrui/AppDisk/learn_ros2/ROS2/ws02_piumbing/install/base_interfaces_demo/share/base_interfaces_demo/cmake/ament_cmake_export_include_directories-extras.cmake
[2.062s] -- Up-to-date symlink: /home/zhangjinrui/AppDisk/learn_ros2/ROS2/ws02_piumbing/install/base_interfaces_demo/share/base_interfaces_demo/cmake/ament_cmake_export_libraries-extras.cmake
[2.062s] -- Up-to-date symlink: /home/zhangjinrui/AppDisk/learn_ros2/ROS2/ws02_piumbing/install/base_interfaces_demo/share/base_interfaces_demo/cmake/ament_cmake_export_targets-extras.cmake
[2.062s] -- Up-to-date symlink: /home/zhangjinrui/AppDisk/learn_ros2/ROS2/ws02_piumbing/install/base_interfaces_demo/share/base_interfaces_demo/cmake/rosidl_cmake_export_typesupport_targets-extras.cmake
[2.062s] -- Up-to-date symlink: /home/zhangjinrui/AppDisk/learn_ros2/ROS2/ws02_piumbing/install/base_interfaces_demo/share/base_interfaces_demo/cmake/ament_cmake_export_dependencies-extras.cmake
[2.062s] -- Up-to-date symlink: /home/zhangjinrui/AppDisk/learn_ros2/ROS2/ws02_piumbing/install/base_interfaces_demo/share/base_interfaces_demo/cmake/rosidl_cmake_export_typesupport_libraries-extras.cmake
[2.062s] -- Up-to-date symlink: /home/zhangjinrui/AppDisk/learn_ros2/ROS2/ws02_piumbing/install/base_interfaces_demo/share/base_interfaces_demo/cmake/base_interfaces_demoConfig.cmake
[2.062s] -- Up-to-date symlink: /home/zhangjinrui/AppDisk/learn_ros2/ROS2/ws02_piumbing/install/base_interfaces_demo/share/base_interfaces_demo/cmake/base_interfaces_demoConfig-version.cmake
[2.062s] -- Up-to-date symlink: /home/zhangjinrui/AppDisk/learn_ros2/ROS2/ws02_piumbing/install/base_interfaces_demo/share/base_interfaces_demo/package.xml
[2.062s] -- Installing: /home/zhangjinrui/AppDisk/learn_ros2/ROS2/ws02_piumbing/install/base_interfaces_demo/lib/libbase_interfaces_demo__rosidl_generator_c.so
[2.063s] -- Set runtime path of "/home/zhangjinrui/AppDisk/learn_ros2/ROS2/ws02_piumbing/install/base_interfaces_demo/lib/libbase_interfaces_demo__rosidl_generator_c.so" to ""
[2.063s] -- Installing: /home/zhangjinrui/AppDisk/learn_ros2/ROS2/ws02_piumbing/install/base_interfaces_demo/lib/libbase_interfaces_demo__rosidl_typesupport_fastrtps_c.so
[2.063s] -- Set runtime path of "/home/zhangjinrui/AppDisk/learn_ros2/ROS2/ws02_piumbing/install/base_interfaces_demo/lib/libbase_interfaces_demo__rosidl_typesupport_fastrtps_c.so" to ""
[2.075s] -- Installing: /home/zhangjinrui/AppDisk/learn_ros2/ROS2/ws02_piumbing/install/base_interfaces_demo/lib/libbase_interfaces_demo__rosidl_typesupport_introspection_c.so
[2.075s] -- Set runtime path of "/home/zhangjinrui/AppDisk/learn_ros2/ROS2/ws02_piumbing/install/base_interfaces_demo/lib/libbase_interfaces_demo__rosidl_typesupport_introspection_c.so" to ""
[2.075s] -- Installing: /home/zhangjinrui/AppDisk/learn_ros2/ROS2/ws02_piumbing/install/base_interfaces_demo/lib/libbase_interfaces_demo__rosidl_typesupport_c.so
[2.075s] -- Set runtime path of "/home/zhangjinrui/AppDisk/learn_ros2/ROS2/ws02_piumbing/install/base_interfaces_demo/lib/libbase_interfaces_demo__rosidl_typesupport_c.so" to ""
[2.076s] -- Installing: /home/zhangjinrui/AppDisk/learn_ros2/ROS2/ws02_piumbing/install/base_interfaces_demo/lib/libbase_interfaces_demo__rosidl_typesupport_fastrtps_cpp.so
[2.076s] -- Set runtime path of "/home/zhangjinrui/AppDisk/learn_ros2/ROS2/ws02_piumbing/install/base_interfaces_demo/lib/libbase_interfaces_demo__rosidl_typesupport_fastrtps_cpp.so" to ""
[2.076s] -- Installing: /home/zhangjinrui/AppDisk/learn_ros2/ROS2/ws02_piumbing/install/base_interfaces_demo/lib/libbase_interfaces_demo__rosidl_typesupport_introspection_cpp.so
[2.077s] -- Set runtime path of "/home/zhangjinrui/AppDisk/learn_ros2/ROS2/ws02_piumbing/install/base_interfaces_demo/lib/libbase_interfaces_demo__rosidl_typesupport_introspection_cpp.so" to ""
[2.077s] -- Installing: /home/zhangjinrui/AppDisk/learn_ros2/ROS2/ws02_piumbing/install/base_interfaces_demo/lib/libbase_interfaces_demo__rosidl_typesupport_cpp.so
[2.077s] -- Set runtime path of "/home/zhangjinrui/AppDisk/learn_ros2/ROS2/ws02_piumbing/install/base_interfaces_demo/lib/libbase_interfaces_demo__rosidl_typesupport_cpp.so" to ""
[2.110s] Listing '/home/zhangjinrui/AppDisk/learn_ros2/ROS2/ws02_piumbing/install/base_interfaces_demo/local/lib/python3.10/dist-packages/base_interfaces_demo'...
[2.110s] Compiling '/home/zhangjinrui/AppDisk/learn_ros2/ROS2/ws02_piumbing/install/base_interfaces_demo/local/lib/python3.10/dist-packages/base_interfaces_demo/__init__.py'...
[2.110s] Listing '/home/zhangjinrui/AppDisk/learn_ros2/ROS2/ws02_piumbing/install/base_interfaces_demo/local/lib/python3.10/dist-packages/base_interfaces_demo/msg'...
[2.110s] Compiling '/home/zhangjinrui/AppDisk/learn_ros2/ROS2/ws02_piumbing/install/base_interfaces_demo/local/lib/python3.10/dist-packages/base_interfaces_demo/msg/__init__.py'...
[2.110s] Compiling '/home/zhangjinrui/AppDisk/learn_ros2/ROS2/ws02_piumbing/install/base_interfaces_demo/local/lib/python3.10/dist-packages/base_interfaces_demo/msg/_student.py'...
[2.110s] Listing '/home/zhangjinrui/AppDisk/learn_ros2/ROS2/ws02_piumbing/install/base_interfaces_demo/local/lib/python3.10/dist-packages/base_interfaces_demo/srv'...
[2.110s] Compiling '/home/zhangjinrui/AppDisk/learn_ros2/ROS2/ws02_piumbing/install/base_interfaces_demo/local/lib/python3.10/dist-packages/base_interfaces_demo/srv/__init__.py'...
[2.110s] Compiling '/home/zhangjinrui/AppDisk/learn_ros2/ROS2/ws02_piumbing/install/base_interfaces_demo/local/lib/python3.10/dist-packages/base_interfaces_demo/srv/_add_ints.py'...
[2.114s] -- Installing: /home/zhangjinrui/AppDisk/learn_ros2/ROS2/ws02_piumbing/install/base_interfaces_demo/lib/libbase_interfaces_demo__rosidl_generator_py.so
[2.114s] -- Set runtime path of "/home/zhangjinrui/AppDisk/learn_ros2/ROS2/ws02_piumbing/install/base_interfaces_demo/lib/libbase_interfaces_demo__rosidl_generator_py.so" to ""
[2.114s] -- Up-to-date: /home/zhangjinrui/AppDisk/learn_ros2/ROS2/ws02_piumbing/install/base_interfaces_demo/share/base_interfaces_demo/cmake/export_base_interfaces_demo__rosidl_generator_cExport.cmake
[2.114s] -- Up-to-date: /home/zhangjinrui/AppDisk/learn_ros2/ROS2/ws02_piumbing/install/base_interfaces_demo/share/base_interfaces_demo/cmake/export_base_interfaces_demo__rosidl_generator_cExport-noconfig.cmake
[2.114s] -- Up-to-date: /home/zhangjinrui/AppDisk/learn_ros2/ROS2/ws02_piumbing/install/base_interfaces_demo/share/base_interfaces_demo/cmake/export_base_interfaces_demo__rosidl_typesupport_fastrtps_cExport.cmake
[2.114s] -- Up-to-date: /home/zhangjinrui/AppDisk/learn_ros2/ROS2/ws02_piumbing/install/base_interfaces_demo/share/base_interfaces_demo/cmake/export_base_interfaces_demo__rosidl_typesupport_fastrtps_cExport-noconfig.cmake
[2.114s] -- Up-to-date: /home/zhangjinrui/AppDisk/learn_ros2/ROS2/ws02_piumbing/install/base_interfaces_demo/share/base_interfaces_demo/cmake/base_interfaces_demo__rosidl_typesupport_introspection_cExport.cmake
[2.115s] -- Up-to-date: /home/zhangjinrui/AppDisk/learn_ros2/ROS2/ws02_piumbing/install/base_interfaces_demo/share/base_interfaces_demo/cmake/base_interfaces_demo__rosidl_typesupport_introspection_cExport-noconfig.cmake
[2.115s] -- Up-to-date: /home/zhangjinrui/AppDisk/learn_ros2/ROS2/ws02_piumbing/install/base_interfaces_demo/share/base_interfaces_demo/cmake/base_interfaces_demo__rosidl_typesupport_cExport.cmake
[2.115s] -- Up-to-date: /home/zhangjinrui/AppDisk/learn_ros2/ROS2/ws02_piumbing/install/base_interfaces_demo/share/base_interfaces_demo/cmake/base_interfaces_demo__rosidl_typesupport_cExport-noconfig.cmake
[2.115s] -- Up-to-date: /home/zhangjinrui/AppDisk/learn_ros2/ROS2/ws02_piumbing/install/base_interfaces_demo/share/base_interfaces_demo/cmake/export_base_interfaces_demo__rosidl_generator_cppExport.cmake
[2.115s] -- Up-to-date: /home/zhangjinrui/AppDisk/learn_ros2/ROS2/ws02_piumbing/install/base_interfaces_demo/share/base_interfaces_demo/cmake/export_base_interfaces_demo__rosidl_typesupport_fastrtps_cppExport.cmake
[2.115s] -- Up-to-date: /home/zhangjinrui/AppDisk/learn_ros2/ROS2/ws02_piumbing/install/base_interfaces_demo/share/base_interfaces_demo/cmake/export_base_interfaces_demo__rosidl_typesupport_fastrtps_cppExport-noconfig.cmake
[2.115s] -- Up-to-date: /home/zhangjinrui/AppDisk/learn_ros2/ROS2/ws02_piumbing/install/base_interfaces_demo/share/base_interfaces_demo/cmake/base_interfaces_demo__rosidl_typesupport_introspection_cppExport.cmake
[2.115s] -- Up-to-date: /home/zhangjinrui/AppDisk/learn_ros2/ROS2/ws02_piumbing/install/base_interfaces_demo/share/base_interfaces_demo/cmake/base_interfaces_demo__rosidl_typesupport_introspection_cppExport-noconfig.cmake
[2.115s] -- Up-to-date: /home/zhangjinrui/AppDisk/learn_ros2/ROS2/ws02_piumbing/install/base_interfaces_demo/share/base_interfaces_demo/cmake/base_interfaces_demo__rosidl_typesupport_cppExport.cmake
[2.115s] -- Up-to-date: /home/zhangjinrui/AppDisk/learn_ros2/ROS2/ws02_piumbing/install/base_interfaces_demo/share/base_interfaces_demo/cmake/base_interfaces_demo__rosidl_typesupport_cppExport-noconfig.cmake
[2.116s] -- Up-to-date: /home/zhangjinrui/AppDisk/learn_ros2/ROS2/ws02_piumbing/install/base_interfaces_demo/share/base_interfaces_demo/cmake/export_base_interfaces_demo__rosidl_generator_pyExport.cmake
[2.116s] -- Up-to-date: /home/zhangjinrui/AppDisk/learn_ros2/ROS2/ws02_piumbing/install/base_interfaces_demo/share/base_interfaces_demo/cmake/export_base_interfaces_demo__rosidl_generator_pyExport-noconfig.cmake
[2.118s] Invoked command in '/home/zhangjinrui/AppDisk/learn_ros2/ROS2/ws02_piumbing/build/base_interfaces_demo' returned '0': CMAKE_PREFIX_PATH=${CMAKE_PREFIX_PATH}:/home/zhangjinrui/AppDisk/learn_ros2/ROS2/ws01_hello/install/pkg02_hello_py:/home/zhangjinrui/AppDisk/learn_ros2/ROS2/ws02_piumbing/install/py01_topic:/opt/ros/humble:/home/zhangjinrui/ROS2/dev_ws_foxy/install/learning_urdf:/home/zhangjinrui/ROS2/dev_ws_foxy/install/learning_topic:/home/zhangjinrui/ROS2/dev_ws_foxy/install/learning_tf:/home/zhangjinrui/ROS2/dev_ws_foxy/install/learning_service:/home/zhangjinrui/ROS2/dev_ws_foxy/install/learning_qos:/home/zhangjinrui/ROS2/dev_ws_foxy/install/learning_pkg_python:/home/zhangjinrui/ROS2/dev_ws_foxy/install/learning_parameter:/home/zhangjinrui/ROS2/dev_ws_foxy/install/learning_node:/home/zhangjinrui/ROS2/dev_ws_foxy/install/learning_launch:/home/zhangjinrui/ROS2/dev_ws_foxy/install/learning_action:/home/zhangjinrui/ROS2/dev_ws_foxy/install/learning_gazebo_harmonic:/home/zhangjinrui/ROS2/dev_ws_foxy/install/learning_gazebo:/home/zhangjinrui/ROS2/dev_ws_foxy/install/learning_cv /usr/bin/cmake --install /home/zhangjinrui/AppDisk/learn_ros2/ROS2/ws02_piumbing/build/base_interfaces_demo
