[0.296s] Invoking command in '/home/ubuntu/my_code/learn_ros2/ROS2/ws02_piumbing/src/py01_topic': AMENT_PREFIX_PATH=/home/ubuntu/my_code/learn_ros2/ROS2/ws02_piumbing/install/base_interfaces_demo:${AMENT_PREFIX_PATH} CMAKE_PREFIX_PATH=/home/ubuntu/my_code/learn_ros2/ROS2/ws02_piumbing/install/base_interfaces_demo:${CMAKE_PREFIX_PATH} PYTHONPATH=/home/ubuntu/my_code/learn_ros2/ROS2/ws02_piumbing/build/py01_topic/prefix_override:/usr/lib/python3/dist-packages/colcon_core/task/python/colcon_distutils_commands:/home/ubuntu/my_code/learn_ros2/ROS2/ws02_piumbing/install/py01_topic/lib/python3.10/site-packages:${PYTHONPATH} /usr/bin/python3 -W ignore:setup.py install is deprecated -W ignore:easy_install command is deprecated setup.py egg_info --egg-base ../../build/py01_topic build --build-base /home/ubuntu/my_code/learn_ros2/ROS2/ws02_piumbing/build/py01_topic/build install --record /home/ubuntu/my_code/learn_ros2/ROS2/ws02_piumbing/build/py01_topic/install.log --single-version-externally-managed install_data
[0.406s] running egg_info
[0.406s] creating ../../build/py01_topic/py01_topic.egg-info
[0.406s] writing ../../build/py01_topic/py01_topic.egg-info/PKG-INFO
[0.406s] writing dependency_links to ../../build/py01_topic/py01_topic.egg-info/dependency_links.txt
[0.406s] writing entry points to ../../build/py01_topic/py01_topic.egg-info/entry_points.txt
[0.406s] writing requirements to ../../build/py01_topic/py01_topic.egg-info/requires.txt
[0.406s] writing top-level names to ../../build/py01_topic/py01_topic.egg-info/top_level.txt
[0.406s] writing manifest file '../../build/py01_topic/py01_topic.egg-info/SOURCES.txt'
[0.407s] reading manifest file '../../build/py01_topic/py01_topic.egg-info/SOURCES.txt'
[0.407s] writing manifest file '../../build/py01_topic/py01_topic.egg-info/SOURCES.txt'
[0.407s] running build
[0.407s] running build_py
[0.407s] creating /home/ubuntu/my_code/learn_ros2/ROS2/ws02_piumbing/build/py01_topic/build
[0.408s] creating /home/ubuntu/my_code/learn_ros2/ROS2/ws02_piumbing/build/py01_topic/build/lib
[0.408s] creating /home/ubuntu/my_code/learn_ros2/ROS2/ws02_piumbing/build/py01_topic/build/lib/py01_topic
[0.408s] copying py01_topic/__init__.py -> /home/ubuntu/my_code/learn_ros2/ROS2/ws02_piumbing/build/py01_topic/build/lib/py01_topic
[0.408s] copying py01_topic/demo01_talker_py.py -> /home/ubuntu/my_code/learn_ros2/ROS2/ws02_piumbing/build/py01_topic/build/lib/py01_topic
[0.408s] running install
[0.408s] running install_lib
[0.408s] creating /home/ubuntu/my_code/learn_ros2/ROS2/ws02_piumbing/install/py01_topic/lib/python3.10/site-packages/py01_topic
[0.408s] copying /home/ubuntu/my_code/learn_ros2/ROS2/ws02_piumbing/build/py01_topic/build/lib/py01_topic/__init__.py -> /home/ubuntu/my_code/learn_ros2/ROS2/ws02_piumbing/install/py01_topic/lib/python3.10/site-packages/py01_topic
[0.408s] copying /home/ubuntu/my_code/learn_ros2/ROS2/ws02_piumbing/build/py01_topic/build/lib/py01_topic/demo01_talker_py.py -> /home/ubuntu/my_code/learn_ros2/ROS2/ws02_piumbing/install/py01_topic/lib/python3.10/site-packages/py01_topic
[0.408s] byte-compiling /home/ubuntu/my_code/learn_ros2/ROS2/ws02_piumbing/install/py01_topic/lib/python3.10/site-packages/py01_topic/__init__.py to __init__.cpython-310.pyc
[0.409s] byte-compiling /home/ubuntu/my_code/learn_ros2/ROS2/ws02_piumbing/install/py01_topic/lib/python3.10/site-packages/py01_topic/demo01_talker_py.py to demo01_talker_py.cpython-310.pyc
[0.409s] running install_data
[0.409s] creating /home/ubuntu/my_code/learn_ros2/ROS2/ws02_piumbing/install/py01_topic/share/ament_index
[0.409s] creating /home/ubuntu/my_code/learn_ros2/ROS2/ws02_piumbing/install/py01_topic/share/ament_index/resource_index
[0.409s] creating /home/ubuntu/my_code/learn_ros2/ROS2/ws02_piumbing/install/py01_topic/share/ament_index/resource_index/packages
[0.409s] copying resource/py01_topic -> /home/ubuntu/my_code/learn_ros2/ROS2/ws02_piumbing/install/py01_topic/share/ament_index/resource_index/packages
[0.409s] copying package.xml -> /home/ubuntu/my_code/learn_ros2/ROS2/ws02_piumbing/install/py01_topic/share/py01_topic
[0.409s] running install_egg_info
[0.410s] Copying ../../build/py01_topic/py01_topic.egg-info to /home/ubuntu/my_code/learn_ros2/ROS2/ws02_piumbing/install/py01_topic/lib/python3.10/site-packages/py01_topic-0.0.0-py3.10.egg-info
[0.410s] running install_scripts
[0.421s] Installing demo01_talker_py script to /home/ubuntu/my_code/learn_ros2/ROS2/ws02_piumbing/install/py01_topic/lib/py01_topic
[0.421s] writing list of installed files to '/home/ubuntu/my_code/learn_ros2/ROS2/ws02_piumbing/build/py01_topic/install.log'
[0.433s] Invoked command in '/home/ubuntu/my_code/learn_ros2/ROS2/ws02_piumbing/src/py01_topic' returned '0': AMENT_PREFIX_PATH=/home/ubuntu/my_code/learn_ros2/ROS2/ws02_piumbing/install/base_interfaces_demo:${AMENT_PREFIX_PATH} CMAKE_PREFIX_PATH=/home/ubuntu/my_code/learn_ros2/ROS2/ws02_piumbing/install/base_interfaces_demo:${CMAKE_PREFIX_PATH} PYTHONPATH=/home/ubuntu/my_code/learn_ros2/ROS2/ws02_piumbing/build/py01_topic/prefix_override:/usr/lib/python3/dist-packages/colcon_core/task/python/colcon_distutils_commands:/home/ubuntu/my_code/learn_ros2/ROS2/ws02_piumbing/install/py01_topic/lib/python3.10/site-packages:${PYTHONPATH} /usr/bin/python3 -W ignore:setup.py install is deprecated -W ignore:easy_install command is deprecated setup.py egg_info --egg-base ../../build/py01_topic build --build-base /home/ubuntu/my_code/learn_ros2/ROS2/ws02_piumbing/build/py01_topic/build install --record /home/ubuntu/my_code/learn_ros2/ROS2/ws02_piumbing/build/py01_topic/install.log --single-version-externally-managed install_data
