[0.326s] Invoking command in '/home/zhangjinrui/AppDisk/learn_ros2/ROS2/ws04_tools/src/py03_tf_broadcaster': PYTHONPATH=/home/zhangjinrui/AppDisk/learn_ros2/ROS2/ws04_tools/build/py03_tf_broadcaster/prefix_override:/usr/lib/python3/dist-packages/colcon_core/task/python/colcon_distutils_commands:/home/zhangjinrui/AppDisk/learn_ros2/ROS2/ws04_tools/install/py03_tf_broadcaster/lib/python3.10/site-packages:${PYTHONPATH} /usr/bin/python3 -W ignore:setup.py install is deprecated -W ignore:easy_install command is deprecated setup.py egg_info --egg-base ../../build/py03_tf_broadcaster build --build-base /home/zhangjinrui/AppDisk/learn_ros2/ROS2/ws04_tools/build/py03_tf_broadcaster/build install --record /home/zhangjinrui/AppDisk/learn_ros2/ROS2/ws04_tools/build/py03_tf_broadcaster/install.log --single-version-externally-managed install_data
[0.441s] running egg_info
[0.441s] creating ../../build/py03_tf_broadcaster/py03_tf_broadcaster.egg-info
[0.441s] writing ../../build/py03_tf_broadcaster/py03_tf_broadcaster.egg-info/PKG-INFO
[0.441s] writing dependency_links to ../../build/py03_tf_broadcaster/py03_tf_broadcaster.egg-info/dependency_links.txt
[0.441s] writing entry points to ../../build/py03_tf_broadcaster/py03_tf_broadcaster.egg-info/entry_points.txt
[0.441s] writing requirements to ../../build/py03_tf_broadcaster/py03_tf_broadcaster.egg-info/requires.txt
[0.441s] writing top-level names to ../../build/py03_tf_broadcaster/py03_tf_broadcaster.egg-info/top_level.txt
[0.441s] writing manifest file '../../build/py03_tf_broadcaster/py03_tf_broadcaster.egg-info/SOURCES.txt'
[0.442s] reading manifest file '../../build/py03_tf_broadcaster/py03_tf_broadcaster.egg-info/SOURCES.txt'
[0.442s] writing manifest file '../../build/py03_tf_broadcaster/py03_tf_broadcaster.egg-info/SOURCES.txt'
[0.442s] running build
[0.442s] running build_py
[0.442s] creating /home/zhangjinrui/AppDisk/learn_ros2/ROS2/ws04_tools/build/py03_tf_broadcaster/build
[0.443s] creating /home/zhangjinrui/AppDisk/learn_ros2/ROS2/ws04_tools/build/py03_tf_broadcaster/build/lib
[0.443s] creating /home/zhangjinrui/AppDisk/learn_ros2/ROS2/ws04_tools/build/py03_tf_broadcaster/build/lib/py03_tf_broadcaster
[0.443s] copying py03_tf_broadcaster/test.py -> /home/zhangjinrui/AppDisk/learn_ros2/ROS2/ws04_tools/build/py03_tf_broadcaster/build/lib/py03_tf_broadcaster
[0.443s] copying py03_tf_broadcaster/demo01_tf_static_broadcaster_py.py -> /home/zhangjinrui/AppDisk/learn_ros2/ROS2/ws04_tools/build/py03_tf_broadcaster/build/lib/py03_tf_broadcaster
[0.443s] copying py03_tf_broadcaster/demo02_tf_dynamic_broadcaster_py.py -> /home/zhangjinrui/AppDisk/learn_ros2/ROS2/ws04_tools/build/py03_tf_broadcaster/build/lib/py03_tf_broadcaster
[0.443s] copying py03_tf_broadcaster/__init__.py -> /home/zhangjinrui/AppDisk/learn_ros2/ROS2/ws04_tools/build/py03_tf_broadcaster/build/lib/py03_tf_broadcaster
[0.443s] running install
[0.443s] running install_lib
[0.443s] creating /home/zhangjinrui/AppDisk/learn_ros2/ROS2/ws04_tools/install/py03_tf_broadcaster/lib/python3.10/site-packages/py03_tf_broadcaster
[0.443s] copying /home/zhangjinrui/AppDisk/learn_ros2/ROS2/ws04_tools/build/py03_tf_broadcaster/build/lib/py03_tf_broadcaster/test.py -> /home/zhangjinrui/AppDisk/learn_ros2/ROS2/ws04_tools/install/py03_tf_broadcaster/lib/python3.10/site-packages/py03_tf_broadcaster
[0.443s] copying /home/zhangjinrui/AppDisk/learn_ros2/ROS2/ws04_tools/build/py03_tf_broadcaster/build/lib/py03_tf_broadcaster/demo01_tf_static_broadcaster_py.py -> /home/zhangjinrui/AppDisk/learn_ros2/ROS2/ws04_tools/install/py03_tf_broadcaster/lib/python3.10/site-packages/py03_tf_broadcaster
[0.443s] copying /home/zhangjinrui/AppDisk/learn_ros2/ROS2/ws04_tools/build/py03_tf_broadcaster/build/lib/py03_tf_broadcaster/demo02_tf_dynamic_broadcaster_py.py -> /home/zhangjinrui/AppDisk/learn_ros2/ROS2/ws04_tools/install/py03_tf_broadcaster/lib/python3.10/site-packages/py03_tf_broadcaster
[0.443s] copying /home/zhangjinrui/AppDisk/learn_ros2/ROS2/ws04_tools/build/py03_tf_broadcaster/build/lib/py03_tf_broadcaster/__init__.py -> /home/zhangjinrui/AppDisk/learn_ros2/ROS2/ws04_tools/install/py03_tf_broadcaster/lib/python3.10/site-packages/py03_tf_broadcaster
[0.444s] byte-compiling /home/zhangjinrui/AppDisk/learn_ros2/ROS2/ws04_tools/install/py03_tf_broadcaster/lib/python3.10/site-packages/py03_tf_broadcaster/test.py to test.cpython-310.pyc
[0.444s] byte-compiling /home/zhangjinrui/AppDisk/learn_ros2/ROS2/ws04_tools/install/py03_tf_broadcaster/lib/python3.10/site-packages/py03_tf_broadcaster/demo01_tf_static_broadcaster_py.py to demo01_tf_static_broadcaster_py.cpython-310.pyc
[0.444s] byte-compiling /home/zhangjinrui/AppDisk/learn_ros2/ROS2/ws04_tools/install/py03_tf_broadcaster/lib/python3.10/site-packages/py03_tf_broadcaster/demo02_tf_dynamic_broadcaster_py.py to demo02_tf_dynamic_broadcaster_py.cpython-310.pyc
[0.444s] byte-compiling /home/zhangjinrui/AppDisk/learn_ros2/ROS2/ws04_tools/install/py03_tf_broadcaster/lib/python3.10/site-packages/py03_tf_broadcaster/__init__.py to __init__.cpython-310.pyc
[0.445s] running install_data
[0.445s] creating /home/zhangjinrui/AppDisk/learn_ros2/ROS2/ws04_tools/install/py03_tf_broadcaster/share/ament_index
[0.445s] creating /home/zhangjinrui/AppDisk/learn_ros2/ROS2/ws04_tools/install/py03_tf_broadcaster/share/ament_index/resource_index
[0.445s] creating /home/zhangjinrui/AppDisk/learn_ros2/ROS2/ws04_tools/install/py03_tf_broadcaster/share/ament_index/resource_index/packages
[0.445s] copying resource/py03_tf_broadcaster -> /home/zhangjinrui/AppDisk/learn_ros2/ROS2/ws04_tools/install/py03_tf_broadcaster/share/ament_index/resource_index/packages
[0.445s] copying package.xml -> /home/zhangjinrui/AppDisk/learn_ros2/ROS2/ws04_tools/install/py03_tf_broadcaster/share/py03_tf_broadcaster
[0.445s] running install_egg_info
[0.446s] Copying ../../build/py03_tf_broadcaster/py03_tf_broadcaster.egg-info to /home/zhangjinrui/AppDisk/learn_ros2/ROS2/ws04_tools/install/py03_tf_broadcaster/lib/python3.10/site-packages/py03_tf_broadcaster-0.0.0-py3.10.egg-info
[0.446s] running install_scripts
[0.456s] Installing demo01_tf_static_broadcaster_py script to /home/zhangjinrui/AppDisk/learn_ros2/ROS2/ws04_tools/install/py03_tf_broadcaster/lib/py03_tf_broadcaster
[0.456s] Installing demo02_tf_dynamic_broadcaster_py script to /home/zhangjinrui/AppDisk/learn_ros2/ROS2/ws04_tools/install/py03_tf_broadcaster/lib/py03_tf_broadcaster
[0.456s] writing list of installed files to '/home/zhangjinrui/AppDisk/learn_ros2/ROS2/ws04_tools/build/py03_tf_broadcaster/install.log'
[0.467s] Invoked command in '/home/zhangjinrui/AppDisk/learn_ros2/ROS2/ws04_tools/src/py03_tf_broadcaster' returned '0': PYTHONPATH=/home/zhangjinrui/AppDisk/learn_ros2/ROS2/ws04_tools/build/py03_tf_broadcaster/prefix_override:/usr/lib/python3/dist-packages/colcon_core/task/python/colcon_distutils_commands:/home/zhangjinrui/AppDisk/learn_ros2/ROS2/ws04_tools/install/py03_tf_broadcaster/lib/python3.10/site-packages:${PYTHONPATH} /usr/bin/python3 -W ignore:setup.py install is deprecated -W ignore:easy_install command is deprecated setup.py egg_info --egg-base ../../build/py03_tf_broadcaster build --build-base /home/zhangjinrui/AppDisk/learn_ros2/ROS2/ws04_tools/build/py03_tf_broadcaster/build install --record /home/zhangjinrui/AppDisk/learn_ros2/ROS2/ws04_tools/build/py03_tf_broadcaster/install.log --single-version-externally-managed install_data
