-- Found ament_cmake: 1.3.12 (/opt/ros/humble/share/ament_cmake/cmake)
-- Found rclcpp: 16.0.14 (/opt/ros/humble/share/rclcpp/cmake)
-- Found rosidl_generator_c: 3.1.7 (/opt/ros/humble/share/rosidl_generator_c/cmake)
-- Found rosidl_adapter: 3.1.7 (/opt/ros/humble/share/rosidl_adapter/cmake)
-- Found rosidl_generator_cpp: 3.1.7 (/opt/ros/humble/share/rosidl_generator_cpp/cmake)
-- Using all available rosidl_typesupport_c: rosidl_typesupport_fastrtps_c;rosidl_typesupport_introspection_c
-- Using all available rosidl_typesupport_cpp: rosidl_typesupport_fastrtps_cpp;rosidl_typesupport_introspection_cpp
-- Found rmw_implementation_cmake: 6.1.2 (/opt/ros/humble/share/rmw_implementation_cmake/cmake)
-- Found rmw_fastrtps_cpp: 6.2.8 (/opt/ros/humble/share/rmw_fastrtps_cpp/cmake)
-- Using RMW implementation 'rmw_fastrtps_cpp' as default
-- Found ament_lint_auto: 0.12.14 (/opt/ros/humble/share/ament_lint_auto/cmake)
-- Added test 'cppcheck' to perform static code analysis on C / C++ code
-- Configured cppcheck include dirs: $<BUILD_INTERFACE:/home/zhangjinrui/AppDisk/learn_ros2/ROS2/ws01_hello/src/pkg01_hello_cpp/include>
-- Configured cppcheck exclude dirs and/or files: 
-- Added test 'lint_cmake' to check CMake code style
-- Added test 'uncrustify' to check C / C++ code style
-- Configured uncrustify additional arguments: 
-- Added test 'xmllint' to check XML markup files
-- Configuring done
-- Generating done
-- Build files have been written to: /home/zhangjinrui/AppDisk/learn_ros2/ROS2/ws01_hello/build/pkg01_hello_cpp
[ 50%] [32mBuilding CXX object CMakeFiles/hello.dir/src/hello.cpp.o[0m
[100%] [32m[1mLinking CXX executable hello[0m
[100%] Built target hello
-- Install configuration: ""
-- Installing: /home/zhangjinrui/AppDisk/learn_ros2/ROS2/ws01_hello/install/pkg01_hello_cpp/lib/pkg01_hello_cpp/hello
-- Set runtime path of "/home/zhangjinrui/AppDisk/learn_ros2/ROS2/ws01_hello/install/pkg01_hello_cpp/lib/pkg01_hello_cpp/hello" to ""
-- Installing: /home/zhangjinrui/AppDisk/learn_ros2/ROS2/ws01_hello/install/pkg01_hello_cpp/share/ament_index/resource_index/package_run_dependencies/pkg01_hello_cpp
-- Installing: /home/zhangjinrui/AppDisk/learn_ros2/ROS2/ws01_hello/install/pkg01_hello_cpp/share/ament_index/resource_index/parent_prefix_path/pkg01_hello_cpp
-- Installing: /home/zhangjinrui/AppDisk/learn_ros2/ROS2/ws01_hello/install/pkg01_hello_cpp/share/pkg01_hello_cpp/environment/ament_prefix_path.sh
-- Installing: /home/zhangjinrui/AppDisk/learn_ros2/ROS2/ws01_hello/install/pkg01_hello_cpp/share/pkg01_hello_cpp/environment/ament_prefix_path.dsv
-- Installing: /home/zhangjinrui/AppDisk/learn_ros2/ROS2/ws01_hello/install/pkg01_hello_cpp/share/pkg01_hello_cpp/environment/path.sh
-- Installing: /home/zhangjinrui/AppDisk/learn_ros2/ROS2/ws01_hello/install/pkg01_hello_cpp/share/pkg01_hello_cpp/environment/path.dsv
-- Installing: /home/zhangjinrui/AppDisk/learn_ros2/ROS2/ws01_hello/install/pkg01_hello_cpp/share/pkg01_hello_cpp/local_setup.bash
-- Installing: /home/zhangjinrui/AppDisk/learn_ros2/ROS2/ws01_hello/install/pkg01_hello_cpp/share/pkg01_hello_cpp/local_setup.sh
-- Installing: /home/zhangjinrui/AppDisk/learn_ros2/ROS2/ws01_hello/install/pkg01_hello_cpp/share/pkg01_hello_cpp/local_setup.zsh
-- Installing: /home/zhangjinrui/AppDisk/learn_ros2/ROS2/ws01_hello/install/pkg01_hello_cpp/share/pkg01_hello_cpp/local_setup.dsv
-- Installing: /home/zhangjinrui/AppDisk/learn_ros2/ROS2/ws01_hello/install/pkg01_hello_cpp/share/pkg01_hello_cpp/package.dsv
-- Installing: /home/zhangjinrui/AppDisk/learn_ros2/ROS2/ws01_hello/install/pkg01_hello_cpp/share/ament_index/resource_index/packages/pkg01_hello_cpp
-- Installing: /home/zhangjinrui/AppDisk/learn_ros2/ROS2/ws01_hello/install/pkg01_hello_cpp/share/pkg01_hello_cpp/cmake/pkg01_hello_cppConfig.cmake
-- Installing: /home/zhangjinrui/AppDisk/learn_ros2/ROS2/ws01_hello/install/pkg01_hello_cpp/share/pkg01_hello_cpp/cmake/pkg01_hello_cppConfig-version.cmake
-- Installing: /home/zhangjinrui/AppDisk/learn_ros2/ROS2/ws01_hello/install/pkg01_hello_cpp/share/pkg01_hello_cpp/package.xml
