[0.007s] Invoking command in '/home/ubuntu/my_code/learn_ros2/ROS2/ws02_piumbing/build/base_interfaces_demo': CMAKE_PREFIX_PATH=${CMAKE_PREFIX_PATH}:/home/ubuntu/my_code/learn_ros2/ROS2/ws02_piumbing/install/py01_topic:/home/ubuntu/my_code/learn_ros2/ROS2/ws01_hello/install/pkg02_hello_py:/opt/ros/humble /usr/bin/cmake --build /home/ubuntu/my_code/learn_ros2/ROS2/ws02_piumbing/build/base_interfaces_demo -- -j20 -l20
[0.028s] Invoked command in '/home/ubuntu/my_code/learn_ros2/ROS2/ws02_piumbing/build/base_interfaces_demo' returned '0': CMAKE_PREFIX_PATH=${CMAKE_PREFIX_PATH}:/home/ubuntu/my_code/learn_ros2/ROS2/ws02_piumbing/install/py01_topic:/home/ubuntu/my_code/learn_ros2/ROS2/ws01_hello/install/pkg02_hello_py:/opt/ros/humble /usr/bin/cmake --build /home/ubuntu/my_code/learn_ros2/ROS2/ws02_piumbing/build/base_interfaces_demo -- -j20 -l20
[0.033s] Invoking command in '/home/ubuntu/my_code/learn_ros2/ROS2/ws02_piumbing/build/base_interfaces_demo': CMAKE_PREFIX_PATH=${CMAKE_PREFIX_PATH}:/home/ubuntu/my_code/learn_ros2/ROS2/ws02_piumbing/install/py01_topic:/home/ubuntu/my_code/learn_ros2/ROS2/ws01_hello/install/pkg02_hello_py:/opt/ros/humble /usr/bin/cmake --install /home/ubuntu/my_code/learn_ros2/ROS2/ws02_piumbing/build/base_interfaces_demo
[0.036s] -- Install configuration: ""
[0.036s] -- Up-to-date: /home/ubuntu/my_code/learn_ros2/ROS2/ws02_piumbing/install/base_interfaces_demo/share/ament_index/resource_index/package_run_dependencies/base_interfaces_demo
[0.037s] -- Up-to-date: /home/ubuntu/my_code/learn_ros2/ROS2/ws02_piumbing/install/base_interfaces_demo/share/ament_index/resource_index/parent_prefix_path/base_interfaces_demo
[0.037s] -- Up-to-date: /home/ubuntu/my_code/learn_ros2/ROS2/ws02_piumbing/install/base_interfaces_demo/share/base_interfaces_demo/environment/ament_prefix_path.sh
[0.037s] -- Up-to-date: /home/ubuntu/my_code/learn_ros2/ROS2/ws02_piumbing/install/base_interfaces_demo/share/base_interfaces_demo/environment/ament_prefix_path.dsv
[0.037s] -- Up-to-date: /home/ubuntu/my_code/learn_ros2/ROS2/ws02_piumbing/install/base_interfaces_demo/share/base_interfaces_demo/environment/path.sh
[0.037s] -- Up-to-date: /home/ubuntu/my_code/learn_ros2/ROS2/ws02_piumbing/install/base_interfaces_demo/share/base_interfaces_demo/environment/path.dsv
[0.037s] -- Up-to-date: /home/ubuntu/my_code/learn_ros2/ROS2/ws02_piumbing/install/base_interfaces_demo/share/base_interfaces_demo/local_setup.bash
[0.037s] -- Up-to-date: /home/ubuntu/my_code/learn_ros2/ROS2/ws02_piumbing/install/base_interfaces_demo/share/base_interfaces_demo/local_setup.sh
[0.037s] -- Up-to-date: /home/ubuntu/my_code/learn_ros2/ROS2/ws02_piumbing/install/base_interfaces_demo/share/base_interfaces_demo/local_setup.zsh
[0.037s] -- Up-to-date: /home/ubuntu/my_code/learn_ros2/ROS2/ws02_piumbing/install/base_interfaces_demo/share/base_interfaces_demo/local_setup.dsv
[0.037s] -- Up-to-date: /home/ubuntu/my_code/learn_ros2/ROS2/ws02_piumbing/install/base_interfaces_demo/share/base_interfaces_demo/package.dsv
[0.037s] -- Up-to-date: /home/ubuntu/my_code/learn_ros2/ROS2/ws02_piumbing/install/base_interfaces_demo/share/ament_index/resource_index/packages/base_interfaces_demo
[0.037s] -- Up-to-date: /home/ubuntu/my_code/learn_ros2/ROS2/ws02_piumbing/install/base_interfaces_demo/share/base_interfaces_demo/cmake/base_interfaces_demoConfig.cmake
[0.037s] -- Up-to-date: /home/ubuntu/my_code/learn_ros2/ROS2/ws02_piumbing/install/base_interfaces_demo/share/base_interfaces_demo/cmake/base_interfaces_demoConfig-version.cmake
[0.037s] -- Up-to-date: /home/ubuntu/my_code/learn_ros2/ROS2/ws02_piumbing/install/base_interfaces_demo/share/base_interfaces_demo/package.xml
[0.037s] Invoked command in '/home/ubuntu/my_code/learn_ros2/ROS2/ws02_piumbing/build/base_interfaces_demo' returned '0': CMAKE_PREFIX_PATH=${CMAKE_PREFIX_PATH}:/home/ubuntu/my_code/learn_ros2/ROS2/ws02_piumbing/install/py01_topic:/home/ubuntu/my_code/learn_ros2/ROS2/ws01_hello/install/pkg02_hello_py:/opt/ros/humble /usr/bin/cmake --install /home/ubuntu/my_code/learn_ros2/ROS2/ws02_piumbing/build/base_interfaces_demo
