[0.298s] Invoking command in '/home/ubuntu/my_code/learn_ros2/ROS2/ws01_hello/src/pkg02_hello_py': PYTHONPATH=/home/ubuntu/my_code/learn_ros2/ROS2/ws01_hello/build/pkg02_hello_py/prefix_override:/usr/lib/python3/dist-packages/colcon_core/task/python/colcon_distutils_commands:/home/ubuntu/my_code/learn_ros2/ROS2/ws01_hello/install/pkg02_hello_py/lib/python3.10/site-packages:${PYTHONPATH} /usr/bin/python3 -W ignore:setup.py install is deprecated -W ignore:easy_install command is deprecated setup.py egg_info --egg-base ../../build/pkg02_hello_py build --build-base /home/ubuntu/my_code/learn_ros2/ROS2/ws01_hello/build/pkg02_hello_py/build install --record /home/ubuntu/my_code/learn_ros2/ROS2/ws01_hello/build/pkg02_hello_py/install.log --single-version-externally-managed install_data
[0.404s] running egg_info
[0.404s] creating ../../build/pkg02_hello_py/pkg02_hello_py.egg-info
[0.404s] writing ../../build/pkg02_hello_py/pkg02_hello_py.egg-info/PKG-INFO
[0.405s] writing dependency_links to ../../build/pkg02_hello_py/pkg02_hello_py.egg-info/dependency_links.txt
[0.405s] writing entry points to ../../build/pkg02_hello_py/pkg02_hello_py.egg-info/entry_points.txt
[0.405s] writing requirements to ../../build/pkg02_hello_py/pkg02_hello_py.egg-info/requires.txt
[0.405s] writing top-level names to ../../build/pkg02_hello_py/pkg02_hello_py.egg-info/top_level.txt
[0.405s] writing manifest file '../../build/pkg02_hello_py/pkg02_hello_py.egg-info/SOURCES.txt'
[0.406s] reading manifest file '../../build/pkg02_hello_py/pkg02_hello_py.egg-info/SOURCES.txt'
[0.406s] writing manifest file '../../build/pkg02_hello_py/pkg02_hello_py.egg-info/SOURCES.txt'
[0.406s] running build
[0.406s] running build_py
[0.406s] creating /home/ubuntu/my_code/learn_ros2/ROS2/ws01_hello/build/pkg02_hello_py/build
[0.406s] creating /home/ubuntu/my_code/learn_ros2/ROS2/ws01_hello/build/pkg02_hello_py/build/lib
[0.406s] creating /home/ubuntu/my_code/learn_ros2/ROS2/ws01_hello/build/pkg02_hello_py/build/lib/pkg02_hello_py
[0.406s] copying pkg02_hello_py/__init__.py -> /home/ubuntu/my_code/learn_ros2/ROS2/ws01_hello/build/pkg02_hello_py/build/lib/pkg02_hello_py
[0.406s] copying pkg02_hello_py/hello.py -> /home/ubuntu/my_code/learn_ros2/ROS2/ws01_hello/build/pkg02_hello_py/build/lib/pkg02_hello_py
[0.406s] running install
[0.406s] running install_lib
[0.407s] creating /home/ubuntu/my_code/learn_ros2/ROS2/ws01_hello/install/pkg02_hello_py/lib/python3.10/site-packages/pkg02_hello_py
[0.407s] copying /home/ubuntu/my_code/learn_ros2/ROS2/ws01_hello/build/pkg02_hello_py/build/lib/pkg02_hello_py/__init__.py -> /home/ubuntu/my_code/learn_ros2/ROS2/ws01_hello/install/pkg02_hello_py/lib/python3.10/site-packages/pkg02_hello_py
[0.407s] copying /home/ubuntu/my_code/learn_ros2/ROS2/ws01_hello/build/pkg02_hello_py/build/lib/pkg02_hello_py/hello.py -> /home/ubuntu/my_code/learn_ros2/ROS2/ws01_hello/install/pkg02_hello_py/lib/python3.10/site-packages/pkg02_hello_py
[0.407s] byte-compiling /home/ubuntu/my_code/learn_ros2/ROS2/ws01_hello/install/pkg02_hello_py/lib/python3.10/site-packages/pkg02_hello_py/__init__.py to __init__.cpython-310.pyc
[0.407s] byte-compiling /home/ubuntu/my_code/learn_ros2/ROS2/ws01_hello/install/pkg02_hello_py/lib/python3.10/site-packages/pkg02_hello_py/hello.py to hello.cpython-310.pyc
[0.407s] running install_data
[0.407s] creating /home/ubuntu/my_code/learn_ros2/ROS2/ws01_hello/install/pkg02_hello_py/share/ament_index
[0.407s] creating /home/ubuntu/my_code/learn_ros2/ROS2/ws01_hello/install/pkg02_hello_py/share/ament_index/resource_index
[0.407s] creating /home/ubuntu/my_code/learn_ros2/ROS2/ws01_hello/install/pkg02_hello_py/share/ament_index/resource_index/packages
[0.407s] copying resource/pkg02_hello_py -> /home/ubuntu/my_code/learn_ros2/ROS2/ws01_hello/install/pkg02_hello_py/share/ament_index/resource_index/packages
[0.407s] copying package.xml -> /home/ubuntu/my_code/learn_ros2/ROS2/ws01_hello/install/pkg02_hello_py/share/pkg02_hello_py
[0.407s] running install_egg_info
[0.408s] Copying ../../build/pkg02_hello_py/pkg02_hello_py.egg-info to /home/ubuntu/my_code/learn_ros2/ROS2/ws01_hello/install/pkg02_hello_py/lib/python3.10/site-packages/pkg02_hello_py-0.0.0-py3.10.egg-info
[0.408s] running install_scripts
[0.419s] Installing hello script to /home/ubuntu/my_code/learn_ros2/ROS2/ws01_hello/install/pkg02_hello_py/lib/pkg02_hello_py
[0.419s] writing list of installed files to '/home/ubuntu/my_code/learn_ros2/ROS2/ws01_hello/build/pkg02_hello_py/install.log'
[0.432s] Invoked command in '/home/ubuntu/my_code/learn_ros2/ROS2/ws01_hello/src/pkg02_hello_py' returned '0': PYTHONPATH=/home/ubuntu/my_code/learn_ros2/ROS2/ws01_hello/build/pkg02_hello_py/prefix_override:/usr/lib/python3/dist-packages/colcon_core/task/python/colcon_distutils_commands:/home/ubuntu/my_code/learn_ros2/ROS2/ws01_hello/install/pkg02_hello_py/lib/python3.10/site-packages:${PYTHONPATH} /usr/bin/python3 -W ignore:setup.py install is deprecated -W ignore:easy_install command is deprecated setup.py egg_info --egg-base ../../build/pkg02_hello_py build --build-base /home/ubuntu/my_code/learn_ros2/ROS2/ws01_hello/build/pkg02_hello_py/build install --record /home/ubuntu/my_code/learn_ros2/ROS2/ws01_hello/build/pkg02_hello_py/install.log --single-version-externally-managed install_data
