[100%] Built target exer01_pub_sub
-- Install configuration: ""
-- Up-to-date: /home/zhangjinrui/AppDisk/learn_ros2/ROS2/ws03_exercise/install/cpp01_topic_exercise/lib/cpp01_topic_exercise/exer01_pub_sub
-- Up-to-date: /home/zhangjinrui/AppDisk/learn_ros2/ROS2/ws03_exercise/install/cpp01_topic_exercise/share/cpp01_topic_exercise/launch
-- Installing: /home/zhangjinrui/AppDisk/learn_ros2/ROS2/ws03_exercise/install/cpp01_topic_exercise/share/cpp01_topic_exercise/launch/exer01_pub_sub_launch.py
-- Up-to-date: /home/zhangjinrui/AppDisk/learn_ros2/ROS2/ws03_exercise/install/cpp01_topic_exercise/share/ament_index/resource_index/package_run_dependencies/cpp01_topic_exercise
-- Up-to-date: /home/zhangjinrui/AppDisk/learn_ros2/ROS2/ws03_exercise/install/cpp01_topic_exercise/share/ament_index/resource_index/parent_prefix_path/cpp01_topic_exercise
-- Up-to-date: /home/zhangjinrui/AppDisk/learn_ros2/ROS2/ws03_exercise/install/cpp01_topic_exercise/share/cpp01_topic_exercise/environment/ament_prefix_path.sh
-- Up-to-date: /home/zhangjinrui/AppDisk/learn_ros2/ROS2/ws03_exercise/install/cpp01_topic_exercise/share/cpp01_topic_exercise/environment/ament_prefix_path.dsv
-- Up-to-date: /home/zhangjinrui/AppDisk/learn_ros2/ROS2/ws03_exercise/install/cpp01_topic_exercise/share/cpp01_topic_exercise/environment/path.sh
-- Up-to-date: /home/zhangjinrui/AppDisk/learn_ros2/ROS2/ws03_exercise/install/cpp01_topic_exercise/share/cpp01_topic_exercise/environment/path.dsv
-- Up-to-date: /home/zhangjinrui/AppDisk/learn_ros2/ROS2/ws03_exercise/install/cpp01_topic_exercise/share/cpp01_topic_exercise/local_setup.bash
-- Up-to-date: /home/zhangjinrui/AppDisk/learn_ros2/ROS2/ws03_exercise/install/cpp01_topic_exercise/share/cpp01_topic_exercise/local_setup.sh
-- Up-to-date: /home/zhangjinrui/AppDisk/learn_ros2/ROS2/ws03_exercise/install/cpp01_topic_exercise/share/cpp01_topic_exercise/local_setup.zsh
-- Up-to-date: /home/zhangjinrui/AppDisk/learn_ros2/ROS2/ws03_exercise/install/cpp01_topic_exercise/share/cpp01_topic_exercise/local_setup.dsv
-- Installing: /home/zhangjinrui/AppDisk/learn_ros2/ROS2/ws03_exercise/install/cpp01_topic_exercise/share/cpp01_topic_exercise/package.dsv
-- Up-to-date: /home/zhangjinrui/AppDisk/learn_ros2/ROS2/ws03_exercise/install/cpp01_topic_exercise/share/ament_index/resource_index/packages/cpp01_topic_exercise
-- Up-to-date: /home/zhangjinrui/AppDisk/learn_ros2/ROS2/ws03_exercise/install/cpp01_topic_exercise/share/cpp01_topic_exercise/cmake/cpp01_topic_exerciseConfig.cmake
-- Up-to-date: /home/zhangjinrui/AppDisk/learn_ros2/ROS2/ws03_exercise/install/cpp01_topic_exercise/share/cpp01_topic_exercise/cmake/cpp01_topic_exerciseConfig-version.cmake
-- Up-to-date: /home/zhangjinrui/AppDisk/learn_ros2/ROS2/ws03_exercise/install/cpp01_topic_exercise/share/cpp01_topic_exercise/package.xml
