[0.609s] Invoking command in '/home/zhangjinrui/AppDisk/learn_ros2/ROS2/ws02_plumbing/src/py03_action': AMENT_PREFIX_PATH=/home/zhangjinrui/AppDisk/learn_ros2/ROS2/ws02_plumbing/install/base_interfaces_demo:${AMENT_PREFIX_PATH} CMAKE_PREFIX_PATH=/home/zhangjinrui/AppDisk/learn_ros2/ROS2/ws02_plumbing/install/base_interfaces_demo:${CMAKE_PREFIX_PATH} LD_LIBRARY_PATH=/home/zhangjinrui/AppDisk/learn_ros2/ROS2/ws02_plumbing/install/base_interfaces_demo/lib:/usr/lib/x86_64-linux-gnu:/home/zhangjinrui/ROS2/dev_ws_humble/install/learning_interface/lib:/opt/ros/humble/opt/rviz_ogre_vendor/lib:/opt/ros/humble/lib/x86_64-linux-gnu:/opt/ros/humble/lib:/usr/lib/x86_64-linux-gnu PYTHONPATH=/home/zhangjinrui/AppDisk/learn_ros2/ROS2/ws02_plumbing/build/py03_action/prefix_override:/usr/lib/python3/dist-packages/colcon_core/task/python/colcon_distutils_commands:/home/zhangjinrui/AppDisk/learn_ros2/ROS2/ws02_plumbing/install/py03_action/lib/python3.10/site-packages:/home/zhangjinrui/AppDisk/learn_ros2/ROS2/ws02_plumbing/install/base_interfaces_demo/lib/python3.13/site-packages:${PYTHONPATH} /usr/bin/python3 -W ignore:setup.py install is deprecated -W ignore:easy_install command is deprecated setup.py egg_info --egg-base ../../build/py03_action build --build-base /home/zhangjinrui/AppDisk/learn_ros2/ROS2/ws02_plumbing/build/py03_action/build install --record /home/zhangjinrui/AppDisk/learn_ros2/ROS2/ws02_plumbing/build/py03_action/install.log --single-version-externally-managed install_data
[0.727s] running egg_info
[0.727s] creating ../../build/py03_action/py03_action.egg-info
[0.727s] writing ../../build/py03_action/py03_action.egg-info/PKG-INFO
[0.727s] writing dependency_links to ../../build/py03_action/py03_action.egg-info/dependency_links.txt
[0.727s] writing entry points to ../../build/py03_action/py03_action.egg-info/entry_points.txt
[0.727s] writing requirements to ../../build/py03_action/py03_action.egg-info/requires.txt
[0.727s] writing top-level names to ../../build/py03_action/py03_action.egg-info/top_level.txt
[0.727s] writing manifest file '../../build/py03_action/py03_action.egg-info/SOURCES.txt'
[0.728s] reading manifest file '../../build/py03_action/py03_action.egg-info/SOURCES.txt'
[0.728s] writing manifest file '../../build/py03_action/py03_action.egg-info/SOURCES.txt'
[0.728s] running build
[0.728s] running build_py
[0.728s] creating /home/zhangjinrui/AppDisk/learn_ros2/ROS2/ws02_plumbing/build/py03_action/build
[0.728s] creating /home/zhangjinrui/AppDisk/learn_ros2/ROS2/ws02_plumbing/build/py03_action/build/lib
[0.728s] creating /home/zhangjinrui/AppDisk/learn_ros2/ROS2/ws02_plumbing/build/py03_action/build/lib/py03_action
[0.728s] copying py03_action/demo02_action_client.py -> /home/zhangjinrui/AppDisk/learn_ros2/ROS2/ws02_plumbing/build/py03_action/build/lib/py03_action
[0.728s] copying py03_action/__init__.py -> /home/zhangjinrui/AppDisk/learn_ros2/ROS2/ws02_plumbing/build/py03_action/build/lib/py03_action
[0.729s] copying py03_action/demo01_action_service.py -> /home/zhangjinrui/AppDisk/learn_ros2/ROS2/ws02_plumbing/build/py03_action/build/lib/py03_action
[0.729s] running install
[0.729s] running install_lib
[0.729s] creating /home/zhangjinrui/AppDisk/learn_ros2/ROS2/ws02_plumbing/install/py03_action/lib/python3.10/site-packages/py03_action
[0.729s] copying /home/zhangjinrui/AppDisk/learn_ros2/ROS2/ws02_plumbing/build/py03_action/build/lib/py03_action/demo02_action_client.py -> /home/zhangjinrui/AppDisk/learn_ros2/ROS2/ws02_plumbing/install/py03_action/lib/python3.10/site-packages/py03_action
[0.729s] copying /home/zhangjinrui/AppDisk/learn_ros2/ROS2/ws02_plumbing/build/py03_action/build/lib/py03_action/__init__.py -> /home/zhangjinrui/AppDisk/learn_ros2/ROS2/ws02_plumbing/install/py03_action/lib/python3.10/site-packages/py03_action
[0.729s] copying /home/zhangjinrui/AppDisk/learn_ros2/ROS2/ws02_plumbing/build/py03_action/build/lib/py03_action/demo01_action_service.py -> /home/zhangjinrui/AppDisk/learn_ros2/ROS2/ws02_plumbing/install/py03_action/lib/python3.10/site-packages/py03_action
[0.730s] byte-compiling /home/zhangjinrui/AppDisk/learn_ros2/ROS2/ws02_plumbing/install/py03_action/lib/python3.10/site-packages/py03_action/demo02_action_client.py to demo02_action_client.cpython-310.pyc
[0.730s] byte-compiling /home/zhangjinrui/AppDisk/learn_ros2/ROS2/ws02_plumbing/install/py03_action/lib/python3.10/site-packages/py03_action/__init__.py to __init__.cpython-310.pyc
[0.730s] byte-compiling /home/zhangjinrui/AppDisk/learn_ros2/ROS2/ws02_plumbing/install/py03_action/lib/python3.10/site-packages/py03_action/demo01_action_service.py to demo01_action_service.cpython-310.pyc
[0.730s] running install_data
[0.730s] creating /home/zhangjinrui/AppDisk/learn_ros2/ROS2/ws02_plumbing/install/py03_action/share/ament_index
[0.730s] creating /home/zhangjinrui/AppDisk/learn_ros2/ROS2/ws02_plumbing/install/py03_action/share/ament_index/resource_index
[0.731s] creating /home/zhangjinrui/AppDisk/learn_ros2/ROS2/ws02_plumbing/install/py03_action/share/ament_index/resource_index/packages
[0.731s] copying resource/py03_action -> /home/zhangjinrui/AppDisk/learn_ros2/ROS2/ws02_plumbing/install/py03_action/share/ament_index/resource_index/packages
[0.731s] copying package.xml -> /home/zhangjinrui/AppDisk/learn_ros2/ROS2/ws02_plumbing/install/py03_action/share/py03_action
[0.731s] running install_egg_info
[0.732s] Copying ../../build/py03_action/py03_action.egg-info to /home/zhangjinrui/AppDisk/learn_ros2/ROS2/ws02_plumbing/install/py03_action/lib/python3.10/site-packages/py03_action-0.0.0-py3.10.egg-info
[0.732s] running install_scripts
[0.743s] Installing demo01_action_service script to /home/zhangjinrui/AppDisk/learn_ros2/ROS2/ws02_plumbing/install/py03_action/lib/py03_action
[0.743s] Installing demo02_action_client script to /home/zhangjinrui/AppDisk/learn_ros2/ROS2/ws02_plumbing/install/py03_action/lib/py03_action
[0.743s] writing list of installed files to '/home/zhangjinrui/AppDisk/learn_ros2/ROS2/ws02_plumbing/build/py03_action/install.log'
[0.760s] Invoked command in '/home/zhangjinrui/AppDisk/learn_ros2/ROS2/ws02_plumbing/src/py03_action' returned '0': AMENT_PREFIX_PATH=/home/zhangjinrui/AppDisk/learn_ros2/ROS2/ws02_plumbing/install/base_interfaces_demo:${AMENT_PREFIX_PATH} CMAKE_PREFIX_PATH=/home/zhangjinrui/AppDisk/learn_ros2/ROS2/ws02_plumbing/install/base_interfaces_demo:${CMAKE_PREFIX_PATH} LD_LIBRARY_PATH=/home/zhangjinrui/AppDisk/learn_ros2/ROS2/ws02_plumbing/install/base_interfaces_demo/lib:/usr/lib/x86_64-linux-gnu:/home/zhangjinrui/ROS2/dev_ws_humble/install/learning_interface/lib:/opt/ros/humble/opt/rviz_ogre_vendor/lib:/opt/ros/humble/lib/x86_64-linux-gnu:/opt/ros/humble/lib:/usr/lib/x86_64-linux-gnu PYTHONPATH=/home/zhangjinrui/AppDisk/learn_ros2/ROS2/ws02_plumbing/build/py03_action/prefix_override:/usr/lib/python3/dist-packages/colcon_core/task/python/colcon_distutils_commands:/home/zhangjinrui/AppDisk/learn_ros2/ROS2/ws02_plumbing/install/py03_action/lib/python3.10/site-packages:/home/zhangjinrui/AppDisk/learn_ros2/ROS2/ws02_plumbing/install/base_interfaces_demo/lib/python3.13/site-packages:${PYTHONPATH} /usr/bin/python3 -W ignore:setup.py install is deprecated -W ignore:easy_install command is deprecated setup.py egg_info --egg-base ../../build/py03_action build --build-base /home/zhangjinrui/AppDisk/learn_ros2/ROS2/ws02_plumbing/build/py03_action/build install --record /home/zhangjinrui/AppDisk/learn_ros2/ROS2/ws02_plumbing/build/py03_action/install.log --single-version-externally-managed install_data
