[35m[1mConsolidate compiler generated dependencies of target demo02_param_client[0m
[35m[1mConsolidate compiler generated dependencies of target demo01_param_service[0m
[ 16%] [32mBuilding CXX object CMakeFiles/demo01_param_service.dir/src/demo01_param_service.cpp.o[0m
[ 33%] [32mBuilding CXX object CMakeFiles/demo02_param_client.dir/src/demo02_param_client.cpp.o[0m
[ 66%] Built target demo00_param
[ 83%] [32m[1mLinking CXX executable demo01_param_service[0m
[ 83%] Built target demo01_param_service
[100%] [32m[1mLinking CXX executable demo02_param_client[0m
[100%] Built target demo02_param_client
-- Install configuration: ""
-- Up-to-date: /home/zhangjinrui/AppDisk/learn_ros2/ROS2/ws02_plumbing/install/cpp04_param/lib/cpp04_param/demo00_param
-- Installing: /home/zhangjinrui/AppDisk/learn_ros2/ROS2/ws02_plumbing/install/cpp04_param/lib/cpp04_param/demo01_param_service
-- Set runtime path of "/home/zhangjinrui/AppDisk/learn_ros2/ROS2/ws02_plumbing/install/cpp04_param/lib/cpp04_param/demo01_param_service" to ""
-- Installing: /home/zhangjinrui/AppDisk/learn_ros2/ROS2/ws02_plumbing/install/cpp04_param/lib/cpp04_param/demo02_param_client
-- Set runtime path of "/home/zhangjinrui/AppDisk/learn_ros2/ROS2/ws02_plumbing/install/cpp04_param/lib/cpp04_param/demo02_param_client" to ""
-- Up-to-date: /home/zhangjinrui/AppDisk/learn_ros2/ROS2/ws02_plumbing/install/cpp04_param/share/ament_index/resource_index/package_run_dependencies/cpp04_param
-- Installing: /home/zhangjinrui/AppDisk/learn_ros2/ROS2/ws02_plumbing/install/cpp04_param/share/ament_index/resource_index/parent_prefix_path/cpp04_param
-- Up-to-date: /home/zhangjinrui/AppDisk/learn_ros2/ROS2/ws02_plumbing/install/cpp04_param/share/cpp04_param/environment/ament_prefix_path.sh
-- Installing: /home/zhangjinrui/AppDisk/learn_ros2/ROS2/ws02_plumbing/install/cpp04_param/share/cpp04_param/environment/ament_prefix_path.dsv
-- Up-to-date: /home/zhangjinrui/AppDisk/learn_ros2/ROS2/ws02_plumbing/install/cpp04_param/share/cpp04_param/environment/path.sh
-- Installing: /home/zhangjinrui/AppDisk/learn_ros2/ROS2/ws02_plumbing/install/cpp04_param/share/cpp04_param/environment/path.dsv
-- Up-to-date: /home/zhangjinrui/AppDisk/learn_ros2/ROS2/ws02_plumbing/install/cpp04_param/share/cpp04_param/local_setup.bash
-- Up-to-date: /home/zhangjinrui/AppDisk/learn_ros2/ROS2/ws02_plumbing/install/cpp04_param/share/cpp04_param/local_setup.sh
-- Up-to-date: /home/zhangjinrui/AppDisk/learn_ros2/ROS2/ws02_plumbing/install/cpp04_param/share/cpp04_param/local_setup.zsh
-- Installing: /home/zhangjinrui/AppDisk/learn_ros2/ROS2/ws02_plumbing/install/cpp04_param/share/cpp04_param/local_setup.dsv
-- Up-to-date: /home/zhangjinrui/AppDisk/learn_ros2/ROS2/ws02_plumbing/install/cpp04_param/share/cpp04_param/package.dsv
-- Up-to-date: /home/zhangjinrui/AppDisk/learn_ros2/ROS2/ws02_plumbing/install/cpp04_param/share/ament_index/resource_index/packages/cpp04_param
-- Up-to-date: /home/zhangjinrui/AppDisk/learn_ros2/ROS2/ws02_plumbing/install/cpp04_param/share/cpp04_param/cmake/cpp04_paramConfig.cmake
-- Up-to-date: /home/zhangjinrui/AppDisk/learn_ros2/ROS2/ws02_plumbing/install/cpp04_param/share/cpp04_param/cmake/cpp04_paramConfig-version.cmake
-- Up-to-date: /home/zhangjinrui/AppDisk/learn_ros2/ROS2/ws02_plumbing/install/cpp04_param/share/cpp04_param/package.xml
