[0.009s] Invoking command in '/home/zhangjinrui/AppDisk/learn_ros2/ROS2/ws02_plumbing/build/cpp04_param': CMAKE_PREFIX_PATH=${CMAKE_PREFIX_PATH}:/home/zhangjinrui/AppDisk/learn_ros2/ROS2/ws01_hello/install/pkg02_hello_py:/home/zhangjinrui/ROS2/dev_ws_humble/install/learning_urdf:/home/zhangjinrui/ROS2/dev_ws_humble/install/learning_topic:/home/zhangjinrui/ROS2/dev_ws_humble/install/learning_tf:/home/zhangjinrui/ROS2/dev_ws_humble/install/learning_service:/home/zhangjinrui/ROS2/dev_ws_humble/install/learning_qos:/home/zhangjinrui/ROS2/dev_ws_humble/install/learning_pkg_python:/home/zhangjinrui/ROS2/dev_ws_humble/install/learning_parameter:/home/zhangjinrui/ROS2/dev_ws_humble/install/learning_node:/home/zhangjinrui/ROS2/dev_ws_humble/install/learning_launch:/home/zhangjinrui/ROS2/dev_ws_humble/install/learning_action:/home/zhangjinrui/ROS2/dev_ws_humble/install/learning_gazebo_harmonic:/home/zhangjinrui/ROS2/dev_ws_humble/install/learning_gazebo:/home/zhangjinrui/ROS2/dev_ws_humble/install/learning_cv:/home/zhangjinrui/AppDisk/learn_ros2/ROS2/ws02_plumbing/install/py04_param:/home/zhangjinrui/AppDisk/learn_ros2/ROS2/ws02_plumbing/install/py03_action:/home/zhangjinrui/AppDisk/learn_ros2/ROS2/ws02_plumbing/install/py02_service:/home/zhangjinrui/AppDisk/learn_ros2/ROS2/ws02_plumbing/install/py01_topic:/opt/ros/humble /usr/local/bin/cmake --build /home/zhangjinrui/AppDisk/learn_ros2/ROS2/ws02_plumbing/build/cpp04_param -- -j24 -l24
[0.029s] [35m[1mConsolidate compiler generated dependencies of target demo02_param_client[0m
[0.029s] [35m[1mConsolidate compiler generated dependencies of target demo01_param_service[0m
[0.034s] [ 16%] [32mBuilding CXX object CMakeFiles/demo01_param_service.dir/src/demo01_param_service.cpp.o[0m
[0.034s] [ 33%] [32mBuilding CXX object CMakeFiles/demo02_param_client.dir/src/demo02_param_client.cpp.o[0m
[0.037s] [ 66%] Built target demo00_param
[1.521s] [ 83%] [32m[1mLinking CXX executable demo01_param_service[0m
[1.577s] [ 83%] Built target demo01_param_service
[1.622s] [100%] [32m[1mLinking CXX executable demo02_param_client[0m
[1.683s] [100%] Built target demo02_param_client
[1.690s] Invoked command in '/home/zhangjinrui/AppDisk/learn_ros2/ROS2/ws02_plumbing/build/cpp04_param' returned '0': CMAKE_PREFIX_PATH=${CMAKE_PREFIX_PATH}:/home/zhangjinrui/AppDisk/learn_ros2/ROS2/ws01_hello/install/pkg02_hello_py:/home/zhangjinrui/ROS2/dev_ws_humble/install/learning_urdf:/home/zhangjinrui/ROS2/dev_ws_humble/install/learning_topic:/home/zhangjinrui/ROS2/dev_ws_humble/install/learning_tf:/home/zhangjinrui/ROS2/dev_ws_humble/install/learning_service:/home/zhangjinrui/ROS2/dev_ws_humble/install/learning_qos:/home/zhangjinrui/ROS2/dev_ws_humble/install/learning_pkg_python:/home/zhangjinrui/ROS2/dev_ws_humble/install/learning_parameter:/home/zhangjinrui/ROS2/dev_ws_humble/install/learning_node:/home/zhangjinrui/ROS2/dev_ws_humble/install/learning_launch:/home/zhangjinrui/ROS2/dev_ws_humble/install/learning_action:/home/zhangjinrui/ROS2/dev_ws_humble/install/learning_gazebo_harmonic:/home/zhangjinrui/ROS2/dev_ws_humble/install/learning_gazebo:/home/zhangjinrui/ROS2/dev_ws_humble/install/learning_cv:/home/zhangjinrui/AppDisk/learn_ros2/ROS2/ws02_plumbing/install/py04_param:/home/zhangjinrui/AppDisk/learn_ros2/ROS2/ws02_plumbing/install/py03_action:/home/zhangjinrui/AppDisk/learn_ros2/ROS2/ws02_plumbing/install/py02_service:/home/zhangjinrui/AppDisk/learn_ros2/ROS2/ws02_plumbing/install/py01_topic:/opt/ros/humble /usr/local/bin/cmake --build /home/zhangjinrui/AppDisk/learn_ros2/ROS2/ws02_plumbing/build/cpp04_param -- -j24 -l24
[1.693s] Invoking command in '/home/zhangjinrui/AppDisk/learn_ros2/ROS2/ws02_plumbing/build/cpp04_param': CMAKE_PREFIX_PATH=${CMAKE_PREFIX_PATH}:/home/zhangjinrui/AppDisk/learn_ros2/ROS2/ws01_hello/install/pkg02_hello_py:/home/zhangjinrui/ROS2/dev_ws_humble/install/learning_urdf:/home/zhangjinrui/ROS2/dev_ws_humble/install/learning_topic:/home/zhangjinrui/ROS2/dev_ws_humble/install/learning_tf:/home/zhangjinrui/ROS2/dev_ws_humble/install/learning_service:/home/zhangjinrui/ROS2/dev_ws_humble/install/learning_qos:/home/zhangjinrui/ROS2/dev_ws_humble/install/learning_pkg_python:/home/zhangjinrui/ROS2/dev_ws_humble/install/learning_parameter:/home/zhangjinrui/ROS2/dev_ws_humble/install/learning_node:/home/zhangjinrui/ROS2/dev_ws_humble/install/learning_launch:/home/zhangjinrui/ROS2/dev_ws_humble/install/learning_action:/home/zhangjinrui/ROS2/dev_ws_humble/install/learning_gazebo_harmonic:/home/zhangjinrui/ROS2/dev_ws_humble/install/learning_gazebo:/home/zhangjinrui/ROS2/dev_ws_humble/install/learning_cv:/home/zhangjinrui/AppDisk/learn_ros2/ROS2/ws02_plumbing/install/py04_param:/home/zhangjinrui/AppDisk/learn_ros2/ROS2/ws02_plumbing/install/py03_action:/home/zhangjinrui/AppDisk/learn_ros2/ROS2/ws02_plumbing/install/py02_service:/home/zhangjinrui/AppDisk/learn_ros2/ROS2/ws02_plumbing/install/py01_topic:/opt/ros/humble /usr/local/bin/cmake --install /home/zhangjinrui/AppDisk/learn_ros2/ROS2/ws02_plumbing/build/cpp04_param
[1.700s] -- Install configuration: ""
[1.708s] -- Up-to-date: /home/zhangjinrui/AppDisk/learn_ros2/ROS2/ws02_plumbing/install/cpp04_param/lib/cpp04_param/demo00_param
[1.708s] -- Installing: /home/zhangjinrui/AppDisk/learn_ros2/ROS2/ws02_plumbing/install/cpp04_param/lib/cpp04_param/demo01_param_service
[1.708s] -- Set runtime path of "/home/zhangjinrui/AppDisk/learn_ros2/ROS2/ws02_plumbing/install/cpp04_param/lib/cpp04_param/demo01_param_service" to ""
[1.708s] -- Installing: /home/zhangjinrui/AppDisk/learn_ros2/ROS2/ws02_plumbing/install/cpp04_param/lib/cpp04_param/demo02_param_client
[1.709s] -- Set runtime path of "/home/zhangjinrui/AppDisk/learn_ros2/ROS2/ws02_plumbing/install/cpp04_param/lib/cpp04_param/demo02_param_client" to ""
[1.709s] -- Up-to-date: /home/zhangjinrui/AppDisk/learn_ros2/ROS2/ws02_plumbing/install/cpp04_param/share/ament_index/resource_index/package_run_dependencies/cpp04_param
[1.709s] -- Installing: /home/zhangjinrui/AppDisk/learn_ros2/ROS2/ws02_plumbing/install/cpp04_param/share/ament_index/resource_index/parent_prefix_path/cpp04_param
[1.709s] -- Up-to-date: /home/zhangjinrui/AppDisk/learn_ros2/ROS2/ws02_plumbing/install/cpp04_param/share/cpp04_param/environment/ament_prefix_path.sh
[1.709s] -- Installing: /home/zhangjinrui/AppDisk/learn_ros2/ROS2/ws02_plumbing/install/cpp04_param/share/cpp04_param/environment/ament_prefix_path.dsv
[1.709s] -- Up-to-date: /home/zhangjinrui/AppDisk/learn_ros2/ROS2/ws02_plumbing/install/cpp04_param/share/cpp04_param/environment/path.sh
[1.709s] -- Installing: /home/zhangjinrui/AppDisk/learn_ros2/ROS2/ws02_plumbing/install/cpp04_param/share/cpp04_param/environment/path.dsv
[1.709s] -- Up-to-date: /home/zhangjinrui/AppDisk/learn_ros2/ROS2/ws02_plumbing/install/cpp04_param/share/cpp04_param/local_setup.bash
[1.709s] -- Up-to-date: /home/zhangjinrui/AppDisk/learn_ros2/ROS2/ws02_plumbing/install/cpp04_param/share/cpp04_param/local_setup.sh
[1.709s] -- Up-to-date: /home/zhangjinrui/AppDisk/learn_ros2/ROS2/ws02_plumbing/install/cpp04_param/share/cpp04_param/local_setup.zsh
[1.709s] -- Installing: /home/zhangjinrui/AppDisk/learn_ros2/ROS2/ws02_plumbing/install/cpp04_param/share/cpp04_param/local_setup.dsv
[1.710s] -- Up-to-date: /home/zhangjinrui/AppDisk/learn_ros2/ROS2/ws02_plumbing/install/cpp04_param/share/cpp04_param/package.dsv
[1.710s] -- Up-to-date: /home/zhangjinrui/AppDisk/learn_ros2/ROS2/ws02_plumbing/install/cpp04_param/share/ament_index/resource_index/packages/cpp04_param
[1.710s] -- Up-to-date: /home/zhangjinrui/AppDisk/learn_ros2/ROS2/ws02_plumbing/install/cpp04_param/share/cpp04_param/cmake/cpp04_paramConfig.cmake
[1.710s] -- Up-to-date: /home/zhangjinrui/AppDisk/learn_ros2/ROS2/ws02_plumbing/install/cpp04_param/share/cpp04_param/cmake/cpp04_paramConfig-version.cmake
[1.710s] -- Up-to-date: /home/zhangjinrui/AppDisk/learn_ros2/ROS2/ws02_plumbing/install/cpp04_param/share/cpp04_param/package.xml
[1.711s] Invoked command in '/home/zhangjinrui/AppDisk/learn_ros2/ROS2/ws02_plumbing/build/cpp04_param' returned '0': CMAKE_PREFIX_PATH=${CMAKE_PREFIX_PATH}:/home/zhangjinrui/AppDisk/learn_ros2/ROS2/ws01_hello/install/pkg02_hello_py:/home/zhangjinrui/ROS2/dev_ws_humble/install/learning_urdf:/home/zhangjinrui/ROS2/dev_ws_humble/install/learning_topic:/home/zhangjinrui/ROS2/dev_ws_humble/install/learning_tf:/home/zhangjinrui/ROS2/dev_ws_humble/install/learning_service:/home/zhangjinrui/ROS2/dev_ws_humble/install/learning_qos:/home/zhangjinrui/ROS2/dev_ws_humble/install/learning_pkg_python:/home/zhangjinrui/ROS2/dev_ws_humble/install/learning_parameter:/home/zhangjinrui/ROS2/dev_ws_humble/install/learning_node:/home/zhangjinrui/ROS2/dev_ws_humble/install/learning_launch:/home/zhangjinrui/ROS2/dev_ws_humble/install/learning_action:/home/zhangjinrui/ROS2/dev_ws_humble/install/learning_gazebo_harmonic:/home/zhangjinrui/ROS2/dev_ws_humble/install/learning_gazebo:/home/zhangjinrui/ROS2/dev_ws_humble/install/learning_cv:/home/zhangjinrui/AppDisk/learn_ros2/ROS2/ws02_plumbing/install/py04_param:/home/zhangjinrui/AppDisk/learn_ros2/ROS2/ws02_plumbing/install/py03_action:/home/zhangjinrui/AppDisk/learn_ros2/ROS2/ws02_plumbing/install/py02_service:/home/zhangjinrui/AppDisk/learn_ros2/ROS2/ws02_plumbing/install/py01_topic:/opt/ros/humble /usr/local/bin/cmake --install /home/zhangjinrui/AppDisk/learn_ros2/ROS2/ws02_plumbing/build/cpp04_param
