[0.005s] Invoking command in '/home/ubuntu/my_code/learn_ros2/ws01_hello/build/pkg01_hello_cpp': CMAKE_PREFIX_PATH=/opt/ros/humble /usr/bin/cmake /home/ubuntu/my_code/learn_ros2/ws01_hello/src/pkg01_hello_cpp -DCMAKE_INSTALL_PREFIX=/home/ubuntu/my_code/learn_ros2/ws01_hello/install/pkg01_hello_cpp
[0.085s] -- The C compiler identification is GNU 11.4.0
[0.138s] -- The CXX compiler identification is GNU 11.4.0
[0.144s] -- Detecting C compiler ABI info
[0.188s] -- Detecting C compiler ABI info - done
[0.192s] -- Check for working C compiler: /usr/bin/cc - skipped
[0.192s] -- Detecting C compile features
[0.193s] -- Detecting C compile features - done
[0.195s] -- Detecting CXX compiler ABI info
[0.241s] -- Detecting CXX compiler ABI info - done
[0.246s] -- Check for working CXX compiler: /usr/bin/g++-11 - skipped
[0.246s] -- Detecting CXX compile features
[0.247s] -- Detecting CXX compile features - done
[0.248s] -- Found ament_cmake: 1.3.12 (/opt/ros/humble/share/ament_cmake/cmake)
[0.331s] -- Found Python3: /usr/bin/python3 (found version "3.10.12") found components: Interpreter 
[0.374s] -- Found rclcpp: 16.0.14 (/opt/ros/humble/share/rclcpp/cmake)
[0.393s] -- Found rosidl_generator_c: 3.1.7 (/opt/ros/humble/share/rosidl_generator_c/cmake)
[0.395s] -- Found rosidl_adapter: 3.1.7 (/opt/ros/humble/share/rosidl_adapter/cmake)
[0.399s] -- Found rosidl_generator_cpp: 3.1.7 (/opt/ros/humble/share/rosidl_generator_cpp/cmake)
[0.404s] -- Using all available rosidl_typesupport_c: rosidl_typesupport_fastrtps_c;rosidl_typesupport_introspection_c
[0.412s] -- Using all available rosidl_typesupport_cpp: rosidl_typesupport_fastrtps_cpp;rosidl_typesupport_introspection_cpp
[0.432s] -- Found rmw_implementation_cmake: 6.1.2 (/opt/ros/humble/share/rmw_implementation_cmake/cmake)
[0.433s] -- Found rmw_fastrtps_cpp: 6.2.8 (/opt/ros/humble/share/rmw_fastrtps_cpp/cmake)
[0.484s] -- Found OpenSSL: /usr/lib/x86_64-linux-gnu/libcrypto.so (found version "3.0.2")  
[0.498s] -- Found FastRTPS: /opt/ros/humble/include  
[0.520s] -- Using RMW implementation 'rmw_fastrtps_cpp' as default
[0.524s] -- Looking for pthread.h
[0.565s] -- Looking for pthread.h - found
[0.565s] -- Performing Test CMAKE_HAVE_LIBC_PTHREAD
[0.605s] -- Performing Test CMAKE_HAVE_LIBC_PTHREAD - Success
[0.606s] -- Found Threads: TRUE  
[0.631s] -- Found ament_lint_auto: 0.12.14 (/opt/ros/humble/share/ament_lint_auto/cmake)
[0.671s] -- Added test 'cppcheck' to perform static code analysis on C / C++ code
[0.671s] -- Configured cppcheck include dirs: $<BUILD_INTERFACE:/home/ubuntu/my_code/learn_ros2/ws01_hello/src/pkg01_hello_cpp/include>
[0.671s] -- Configured cppcheck exclude dirs and/or files: 
[0.672s] -- Added test 'lint_cmake' to check CMake code style
[0.672s] -- Added test 'uncrustify' to check C / C++ code style
[0.672s] -- Configured uncrustify additional arguments: 
[0.672s] -- Added test 'xmllint' to check XML markup files
[0.673s] -- Configuring done
[0.677s] -- Generating done
[0.678s] -- Build files have been written to: /home/ubuntu/my_code/learn_ros2/ws01_hello/build/pkg01_hello_cpp
[0.683s] Invoked command in '/home/ubuntu/my_code/learn_ros2/ws01_hello/build/pkg01_hello_cpp' returned '0': CMAKE_PREFIX_PATH=/opt/ros/humble /usr/bin/cmake /home/ubuntu/my_code/learn_ros2/ws01_hello/src/pkg01_hello_cpp -DCMAKE_INSTALL_PREFIX=/home/ubuntu/my_code/learn_ros2/ws01_hello/install/pkg01_hello_cpp
[0.684s] Invoking command in '/home/ubuntu/my_code/learn_ros2/ws01_hello/build/pkg01_hello_cpp': CMAKE_PREFIX_PATH=/opt/ros/humble /usr/bin/cmake --build /home/ubuntu/my_code/learn_ros2/ws01_hello/build/pkg01_hello_cpp -- -j20 -l20
[0.713s] [ 50%] [32mBuilding CXX object CMakeFiles/hello.dir/src/hello.cpp.o[0m
[2.078s] [100%] [32m[1mLinking CXX executable hello[0m
[2.137s] [100%] Built target hello
[2.144s] Invoked command in '/home/ubuntu/my_code/learn_ros2/ws01_hello/build/pkg01_hello_cpp' returned '0': CMAKE_PREFIX_PATH=/opt/ros/humble /usr/bin/cmake --build /home/ubuntu/my_code/learn_ros2/ws01_hello/build/pkg01_hello_cpp -- -j20 -l20
[2.149s] Invoking command in '/home/ubuntu/my_code/learn_ros2/ws01_hello/build/pkg01_hello_cpp': CMAKE_PREFIX_PATH=/opt/ros/humble /usr/bin/cmake --install /home/ubuntu/my_code/learn_ros2/ws01_hello/build/pkg01_hello_cpp
[2.152s] -- Install configuration: ""
[2.152s] -- Installing: /home/ubuntu/my_code/learn_ros2/ws01_hello/install/pkg01_hello_cpp/lib/pkg01_hello_cpp/hello
[2.152s] -- Set runtime path of "/home/ubuntu/my_code/learn_ros2/ws01_hello/install/pkg01_hello_cpp/lib/pkg01_hello_cpp/hello" to ""
[2.152s] -- Installing: /home/ubuntu/my_code/learn_ros2/ws01_hello/install/pkg01_hello_cpp/share/ament_index/resource_index/package_run_dependencies/pkg01_hello_cpp
[2.152s] -- Installing: /home/ubuntu/my_code/learn_ros2/ws01_hello/install/pkg01_hello_cpp/share/ament_index/resource_index/parent_prefix_path/pkg01_hello_cpp
[2.152s] -- Installing: /home/ubuntu/my_code/learn_ros2/ws01_hello/install/pkg01_hello_cpp/share/pkg01_hello_cpp/environment/ament_prefix_path.sh
[2.152s] -- Installing: /home/ubuntu/my_code/learn_ros2/ws01_hello/install/pkg01_hello_cpp/share/pkg01_hello_cpp/environment/ament_prefix_path.dsv
[2.153s] -- Installing: /home/ubuntu/my_code/learn_ros2/ws01_hello/install/pkg01_hello_cpp/share/pkg01_hello_cpp/environment/path.sh
[2.153s] -- Installing: /home/ubuntu/my_code/learn_ros2/ws01_hello/install/pkg01_hello_cpp/share/pkg01_hello_cpp/environment/path.dsv
[2.153s] -- Installing: /home/ubuntu/my_code/learn_ros2/ws01_hello/install/pkg01_hello_cpp/share/pkg01_hello_cpp/local_setup.bash
[2.153s] -- Installing: /home/ubuntu/my_code/learn_ros2/ws01_hello/install/pkg01_hello_cpp/share/pkg01_hello_cpp/local_setup.sh
[2.153s] -- Installing: /home/ubuntu/my_code/learn_ros2/ws01_hello/install/pkg01_hello_cpp/share/pkg01_hello_cpp/local_setup.zsh
[2.153s] -- Installing: /home/ubuntu/my_code/learn_ros2/ws01_hello/install/pkg01_hello_cpp/share/pkg01_hello_cpp/local_setup.dsv
[2.153s] -- Installing: /home/ubuntu/my_code/learn_ros2/ws01_hello/install/pkg01_hello_cpp/share/pkg01_hello_cpp/package.dsv
[2.153s] -- Installing: /home/ubuntu/my_code/learn_ros2/ws01_hello/install/pkg01_hello_cpp/share/ament_index/resource_index/packages/pkg01_hello_cpp
[2.153s] -- Installing: /home/ubuntu/my_code/learn_ros2/ws01_hello/install/pkg01_hello_cpp/share/pkg01_hello_cpp/cmake/pkg01_hello_cppConfig.cmake
[2.153s] -- Installing: /home/ubuntu/my_code/learn_ros2/ws01_hello/install/pkg01_hello_cpp/share/pkg01_hello_cpp/cmake/pkg01_hello_cppConfig-version.cmake
[2.153s] -- Installing: /home/ubuntu/my_code/learn_ros2/ws01_hello/install/pkg01_hello_cpp/share/pkg01_hello_cpp/package.xml
[2.154s] Invoked command in '/home/ubuntu/my_code/learn_ros2/ws01_hello/build/pkg01_hello_cpp' returned '0': CMAKE_PREFIX_PATH=/opt/ros/humble /usr/bin/cmake --install /home/ubuntu/my_code/learn_ros2/ws01_hello/build/pkg01_hello_cpp
