[0.007s] Invoking command in '/home/ubuntu/my_code/learn_ros2/ROS2/ws01_hello/build/pkg01_hello_cpp': CMAKE_PREFIX_PATH=${CMAKE_PREFIX_PATH}:/opt/ros/humble /usr/bin/cmake /home/ubuntu/my_code/learn_ros2/ROS2/ws01_hello/src/pkg01_hello_cpp -DCMAKE_INSTALL_PREFIX=/home/ubuntu/my_code/learn_ros2/ROS2/ws01_hello/install/pkg01_hello_cpp
[0.039s] -- The C compiler identification is GNU 11.4.0
[0.072s] -- The CXX compiler identification is GNU 11.4.0
[0.076s] -- Detecting C compiler ABI info
[0.118s] -- Detecting C compiler ABI info - done
[0.122s] -- Check for working C compiler: /usr/bin/cc - skipped
[0.122s] -- Detecting C compile features
[0.122s] -- Detecting C compile features - done
[0.124s] -- Detecting CXX compiler ABI info
[0.171s] -- Detecting CXX compiler ABI info - done
[0.176s] -- Check for working CXX compiler: /usr/bin/g++-11 - skipped
[0.176s] -- Detecting CXX compile features
[0.176s] -- Detecting CXX compile features - done
[0.177s] -- Found ament_cmake: 1.3.12 (/opt/ros/humble/share/ament_cmake/cmake)
[0.268s] -- Found Python3: /usr/bin/python3 (found version "3.10.12") found components: Interpreter 
[0.312s] -- Found rclcpp: 16.0.14 (/opt/ros/humble/share/rclcpp/cmake)
[0.331s] -- Found rosidl_generator_c: 3.1.7 (/opt/ros/humble/share/rosidl_generator_c/cmake)
[0.333s] -- Found rosidl_adapter: 3.1.7 (/opt/ros/humble/share/rosidl_adapter/cmake)
[0.338s] -- Found rosidl_generator_cpp: 3.1.7 (/opt/ros/humble/share/rosidl_generator_cpp/cmake)
[0.344s] -- Using all available rosidl_typesupport_c: rosidl_typesupport_fastrtps_c;rosidl_typesupport_introspection_c
[0.352s] -- Using all available rosidl_typesupport_cpp: rosidl_typesupport_fastrtps_cpp;rosidl_typesupport_introspection_cpp
[0.372s] -- Found rmw_implementation_cmake: 6.1.2 (/opt/ros/humble/share/rmw_implementation_cmake/cmake)
[0.373s] -- Found rmw_fastrtps_cpp: 6.2.8 (/opt/ros/humble/share/rmw_fastrtps_cpp/cmake)
[0.421s] -- Found OpenSSL: /usr/lib/x86_64-linux-gnu/libcrypto.so (found version "3.0.2")  
[0.436s] -- Found FastRTPS: /opt/ros/humble/include  
[0.457s] -- Using RMW implementation 'rmw_fastrtps_cpp' as default
[0.461s] -- Looking for pthread.h
[0.508s] -- Looking for pthread.h - found
[0.508s] -- Performing Test CMAKE_HAVE_LIBC_PTHREAD
[0.550s] -- Performing Test CMAKE_HAVE_LIBC_PTHREAD - Success
[0.551s] -- Found Threads: TRUE  
[0.576s] -- Found ament_lint_auto: 0.12.14 (/opt/ros/humble/share/ament_lint_auto/cmake)
[0.614s] -- Added test 'cppcheck' to perform static code analysis on C / C++ code
[0.614s] -- Configured cppcheck include dirs: $<BUILD_INTERFACE:/home/ubuntu/my_code/learn_ros2/ROS2/ws01_hello/src/pkg01_hello_cpp/include>
[0.614s] -- Configured cppcheck exclude dirs and/or files: 
[0.614s] -- Added test 'lint_cmake' to check CMake code style
[0.615s] -- Added test 'uncrustify' to check C / C++ code style
[0.615s] -- Configured uncrustify additional arguments: 
[0.615s] -- Added test 'xmllint' to check XML markup files
[0.615s] -- Configuring done
[0.619s] -- Generating done
[0.621s] -- Build files have been written to: /home/ubuntu/my_code/learn_ros2/ROS2/ws01_hello/build/pkg01_hello_cpp
[0.625s] Invoked command in '/home/ubuntu/my_code/learn_ros2/ROS2/ws01_hello/build/pkg01_hello_cpp' returned '0': CMAKE_PREFIX_PATH=${CMAKE_PREFIX_PATH}:/opt/ros/humble /usr/bin/cmake /home/ubuntu/my_code/learn_ros2/ROS2/ws01_hello/src/pkg01_hello_cpp -DCMAKE_INSTALL_PREFIX=/home/ubuntu/my_code/learn_ros2/ROS2/ws01_hello/install/pkg01_hello_cpp
[0.627s] Invoking command in '/home/ubuntu/my_code/learn_ros2/ROS2/ws01_hello/build/pkg01_hello_cpp': CMAKE_PREFIX_PATH=${CMAKE_PREFIX_PATH}:/opt/ros/humble /usr/bin/cmake --build /home/ubuntu/my_code/learn_ros2/ROS2/ws01_hello/build/pkg01_hello_cpp -- -j20 -l20
[0.656s] [ 50%] [32mBuilding CXX object CMakeFiles/hello.dir/src/hello.cpp.o[0m
[1.926s] [100%] [32m[1mLinking CXX executable hello[0m
[1.983s] [100%] Built target hello
[1.990s] Invoked command in '/home/ubuntu/my_code/learn_ros2/ROS2/ws01_hello/build/pkg01_hello_cpp' returned '0': CMAKE_PREFIX_PATH=${CMAKE_PREFIX_PATH}:/opt/ros/humble /usr/bin/cmake --build /home/ubuntu/my_code/learn_ros2/ROS2/ws01_hello/build/pkg01_hello_cpp -- -j20 -l20
[1.995s] Invoking command in '/home/ubuntu/my_code/learn_ros2/ROS2/ws01_hello/build/pkg01_hello_cpp': CMAKE_PREFIX_PATH=${CMAKE_PREFIX_PATH}:/opt/ros/humble /usr/bin/cmake --install /home/ubuntu/my_code/learn_ros2/ROS2/ws01_hello/build/pkg01_hello_cpp
[2.000s] -- Install configuration: ""
[2.000s] -- Installing: /home/ubuntu/my_code/learn_ros2/ROS2/ws01_hello/install/pkg01_hello_cpp/lib/pkg01_hello_cpp/hello
[2.001s] -- Set runtime path of "/home/ubuntu/my_code/learn_ros2/ROS2/ws01_hello/install/pkg01_hello_cpp/lib/pkg01_hello_cpp/hello" to ""
[2.001s] -- Installing: /home/ubuntu/my_code/learn_ros2/ROS2/ws01_hello/install/pkg01_hello_cpp/share/ament_index/resource_index/package_run_dependencies/pkg01_hello_cpp
[2.001s] -- Installing: /home/ubuntu/my_code/learn_ros2/ROS2/ws01_hello/install/pkg01_hello_cpp/share/ament_index/resource_index/parent_prefix_path/pkg01_hello_cpp
[2.001s] -- Up-to-date: /home/ubuntu/my_code/learn_ros2/ROS2/ws01_hello/install/pkg01_hello_cpp/share/pkg01_hello_cpp/environment/ament_prefix_path.sh
[2.001s] -- Installing: /home/ubuntu/my_code/learn_ros2/ROS2/ws01_hello/install/pkg01_hello_cpp/share/pkg01_hello_cpp/environment/ament_prefix_path.dsv
[2.001s] -- Up-to-date: /home/ubuntu/my_code/learn_ros2/ROS2/ws01_hello/install/pkg01_hello_cpp/share/pkg01_hello_cpp/environment/path.sh
[2.001s] -- Installing: /home/ubuntu/my_code/learn_ros2/ROS2/ws01_hello/install/pkg01_hello_cpp/share/pkg01_hello_cpp/environment/path.dsv
[2.001s] -- Installing: /home/ubuntu/my_code/learn_ros2/ROS2/ws01_hello/install/pkg01_hello_cpp/share/pkg01_hello_cpp/local_setup.bash
[2.001s] -- Installing: /home/ubuntu/my_code/learn_ros2/ROS2/ws01_hello/install/pkg01_hello_cpp/share/pkg01_hello_cpp/local_setup.sh
[2.001s] -- Installing: /home/ubuntu/my_code/learn_ros2/ROS2/ws01_hello/install/pkg01_hello_cpp/share/pkg01_hello_cpp/local_setup.zsh
[2.001s] -- Installing: /home/ubuntu/my_code/learn_ros2/ROS2/ws01_hello/install/pkg01_hello_cpp/share/pkg01_hello_cpp/local_setup.dsv
[2.001s] -- Installing: /home/ubuntu/my_code/learn_ros2/ROS2/ws01_hello/install/pkg01_hello_cpp/share/pkg01_hello_cpp/package.dsv
[2.001s] -- Installing: /home/ubuntu/my_code/learn_ros2/ROS2/ws01_hello/install/pkg01_hello_cpp/share/ament_index/resource_index/packages/pkg01_hello_cpp
[2.001s] -- Installing: /home/ubuntu/my_code/learn_ros2/ROS2/ws01_hello/install/pkg01_hello_cpp/share/pkg01_hello_cpp/cmake/pkg01_hello_cppConfig.cmake
[2.001s] -- Installing: /home/ubuntu/my_code/learn_ros2/ROS2/ws01_hello/install/pkg01_hello_cpp/share/pkg01_hello_cpp/cmake/pkg01_hello_cppConfig-version.cmake
[2.001s] -- Up-to-date: /home/ubuntu/my_code/learn_ros2/ROS2/ws01_hello/install/pkg01_hello_cpp/share/pkg01_hello_cpp/package.xml
[2.002s] Invoked command in '/home/ubuntu/my_code/learn_ros2/ROS2/ws01_hello/build/pkg01_hello_cpp' returned '0': CMAKE_PREFIX_PATH=${CMAKE_PREFIX_PATH}:/opt/ros/humble /usr/bin/cmake --install /home/ubuntu/my_code/learn_ros2/ROS2/ws01_hello/build/pkg01_hello_cpp
