[0.343s] Invoking command in '/home/zhangjinrui/AppDisk/learn_ros2/ROS2/ws02_piumbing/src/py03_action': CMAKE_PREFIX_PATH=/home/zhangjinrui/AppDisk/learn_ros2/ROS2/ws02_piumbing/install/base_interfaces_demo:/home/zhangjinrui/AppDisk/learn_ros2/ROS2/ws01_hello/install/pkg01_hello_cpp:/home/zhangjinrui/AppDisk/learn_ros2/ROS2/ws02_piumbing/install/cpp03_action:/home/zhangjinrui/AppDisk/learn_ros2/ROS2/ws02_piumbing/install/cpp02_service:/home/zhangjinrui/AppDisk/learn_ros2/ROS2/ws02_piumbing/install/cpp01_topic:/home/zhangjinrui/ROS2/dev_ws_foxy/install/learning_topic_cpp:/home/zhangjinrui/ROS2/dev_ws_foxy/install/learning_tf_cpp:/home/zhangjinrui/ROS2/dev_ws_foxy/install/learning_service_cpp:/home/zhangjinrui/ROS2/dev_ws_foxy/install/learning_pkg_c:/home/zhangjinrui/ROS2/dev_ws_foxy/install/learning_parameter_cpp:/home/zhangjinrui/ROS2/dev_ws_foxy/install/learning_node_cpp:/home/zhangjinrui/ROS2/dev_ws_foxy/install/learning_action_cpp:/home/zhangjinrui/ROS2/dev_ws_foxy/install/learning_interface LD_LIBRARY_PATH=/home/zhangjinrui/AppDisk/learn_ros2/ROS2/ws02_piumbing/install/base_interfaces_demo/lib:/usr/lib/x86_64-linux-gnu:/usr/lib/x86_64-linux-gnu:/opt/ros/humble/opt/rviz_ogre_vendor/lib:/opt/ros/humble/lib/x86_64-linux-gnu:/opt/ros/humble/lib:/usr/lib/x86_64-linux-gnu:/usr/lib/x86_64-linux-gnu:/home/zhangjinrui/ROS2/dev_ws_foxy/install/learning_interface/lib PYTHONPATH=/home/zhangjinrui/AppDisk/learn_ros2/ROS2/ws02_piumbing/build/py03_action/prefix_override:/usr/lib/python3/dist-packages/colcon_core/task/python/colcon_distutils_commands:/home/zhangjinrui/AppDisk/learn_ros2/ROS2/ws02_piumbing/install/py03_action/lib/python3.10/site-packages:${PYTHONPATH} /usr/bin/python3 -W ignore:setup.py install is deprecated -W ignore:easy_install command is deprecated setup.py egg_info --egg-base ../../build/py03_action build --build-base /home/zhangjinrui/AppDisk/learn_ros2/ROS2/ws02_piumbing/build/py03_action/build install --record /home/zhangjinrui/AppDisk/learn_ros2/ROS2/ws02_piumbing/build/py03_action/install.log --single-version-externally-managed install_data
[0.475s] running egg_info
[0.475s] writing ../../build/py03_action/py03_action.egg-info/PKG-INFO
[0.475s] writing dependency_links to ../../build/py03_action/py03_action.egg-info/dependency_links.txt
[0.475s] writing entry points to ../../build/py03_action/py03_action.egg-info/entry_points.txt
[0.475s] writing requirements to ../../build/py03_action/py03_action.egg-info/requires.txt
[0.475s] writing top-level names to ../../build/py03_action/py03_action.egg-info/top_level.txt
[0.476s] reading manifest file '../../build/py03_action/py03_action.egg-info/SOURCES.txt'
[0.477s] writing manifest file '../../build/py03_action/py03_action.egg-info/SOURCES.txt'
[0.477s] running build
[0.477s] running build_py
[0.477s] copying py03_action/demo01_action_service.py -> /home/zhangjinrui/AppDisk/learn_ros2/ROS2/ws02_piumbing/build/py03_action/build/lib/py03_action
[0.477s] running install
[0.477s] running install_lib
[0.477s] copying /home/zhangjinrui/AppDisk/learn_ros2/ROS2/ws02_piumbing/build/py03_action/build/lib/py03_action/demo01_action_service.py -> /home/zhangjinrui/AppDisk/learn_ros2/ROS2/ws02_piumbing/install/py03_action/lib/python3.10/site-packages/py03_action
[0.478s] byte-compiling /home/zhangjinrui/AppDisk/learn_ros2/ROS2/ws02_piumbing/install/py03_action/lib/python3.10/site-packages/py03_action/demo01_action_service.py to demo01_action_service.cpython-310.pyc
[0.478s] running install_data
[0.478s] running install_egg_info
[0.480s] removing '/home/zhangjinrui/AppDisk/learn_ros2/ROS2/ws02_piumbing/install/py03_action/lib/python3.10/site-packages/py03_action-0.0.0-py3.10.egg-info' (and everything under it)
[0.480s] Copying ../../build/py03_action/py03_action.egg-info to /home/zhangjinrui/AppDisk/learn_ros2/ROS2/ws02_piumbing/install/py03_action/lib/python3.10/site-packages/py03_action-0.0.0-py3.10.egg-info
[0.481s] running install_scripts
[0.493s] Installing demo01_action_service script to /home/zhangjinrui/AppDisk/learn_ros2/ROS2/ws02_piumbing/install/py03_action/lib/py03_action
[0.493s] Installing demo02_action_client script to /home/zhangjinrui/AppDisk/learn_ros2/ROS2/ws02_piumbing/install/py03_action/lib/py03_action
[0.494s] writing list of installed files to '/home/zhangjinrui/AppDisk/learn_ros2/ROS2/ws02_piumbing/build/py03_action/install.log'
[0.513s] Invoked command in '/home/zhangjinrui/AppDisk/learn_ros2/ROS2/ws02_piumbing/src/py03_action' returned '0': CMAKE_PREFIX_PATH=/home/zhangjinrui/AppDisk/learn_ros2/ROS2/ws02_piumbing/install/base_interfaces_demo:/home/zhangjinrui/AppDisk/learn_ros2/ROS2/ws01_hello/install/pkg01_hello_cpp:/home/zhangjinrui/AppDisk/learn_ros2/ROS2/ws02_piumbing/install/cpp03_action:/home/zhangjinrui/AppDisk/learn_ros2/ROS2/ws02_piumbing/install/cpp02_service:/home/zhangjinrui/AppDisk/learn_ros2/ROS2/ws02_piumbing/install/cpp01_topic:/home/zhangjinrui/ROS2/dev_ws_foxy/install/learning_topic_cpp:/home/zhangjinrui/ROS2/dev_ws_foxy/install/learning_tf_cpp:/home/zhangjinrui/ROS2/dev_ws_foxy/install/learning_service_cpp:/home/zhangjinrui/ROS2/dev_ws_foxy/install/learning_pkg_c:/home/zhangjinrui/ROS2/dev_ws_foxy/install/learning_parameter_cpp:/home/zhangjinrui/ROS2/dev_ws_foxy/install/learning_node_cpp:/home/zhangjinrui/ROS2/dev_ws_foxy/install/learning_action_cpp:/home/zhangjinrui/ROS2/dev_ws_foxy/install/learning_interface LD_LIBRARY_PATH=/home/zhangjinrui/AppDisk/learn_ros2/ROS2/ws02_piumbing/install/base_interfaces_demo/lib:/usr/lib/x86_64-linux-gnu:/usr/lib/x86_64-linux-gnu:/opt/ros/humble/opt/rviz_ogre_vendor/lib:/opt/ros/humble/lib/x86_64-linux-gnu:/opt/ros/humble/lib:/usr/lib/x86_64-linux-gnu:/usr/lib/x86_64-linux-gnu:/home/zhangjinrui/ROS2/dev_ws_foxy/install/learning_interface/lib PYTHONPATH=/home/zhangjinrui/AppDisk/learn_ros2/ROS2/ws02_piumbing/build/py03_action/prefix_override:/usr/lib/python3/dist-packages/colcon_core/task/python/colcon_distutils_commands:/home/zhangjinrui/AppDisk/learn_ros2/ROS2/ws02_piumbing/install/py03_action/lib/python3.10/site-packages:${PYTHONPATH} /usr/bin/python3 -W ignore:setup.py install is deprecated -W ignore:easy_install command is deprecated setup.py egg_info --egg-base ../../build/py03_action build --build-base /home/zhangjinrui/AppDisk/learn_ros2/ROS2/ws02_piumbing/build/py03_action/build install --record /home/zhangjinrui/AppDisk/learn_ros2/ROS2/ws02_piumbing/build/py03_action/install.log --single-version-externally-managed install_data
