[ 33%] Built target demo00_param
[100%] Built target demo01_param_service
[100%] Built target demo02_param_client
-- Install configuration: ""
-- Installing: /home/zhangjinrui/AppDisk/learn_ros2/ROS2/ws02_plumbing/install/cpp04_param/lib/cpp04_param/demo00_param
-- Set runtime path of "/home/zhangjinrui/AppDisk/learn_ros2/ROS2/ws02_plumbing/install/cpp04_param/lib/cpp04_param/demo00_param" to ""
-- Installing: /home/zhangjinrui/AppDisk/learn_ros2/ROS2/ws02_plumbing/install/cpp04_param/lib/cpp04_param/demo01_param_service
-- Set runtime path of "/home/zhangjinrui/AppDisk/learn_ros2/ROS2/ws02_plumbing/install/cpp04_param/lib/cpp04_param/demo01_param_service" to ""
-- Installing: /home/zhangjinrui/AppDisk/learn_ros2/ROS2/ws02_plumbing/install/cpp04_param/lib/cpp04_param/demo02_param_client
-- Set runtime path of "/home/zhangjinrui/AppDisk/learn_ros2/ROS2/ws02_plumbing/install/cpp04_param/lib/cpp04_param/demo02_param_client" to ""
-- Installing: /home/zhangjinrui/AppDisk/learn_ros2/ROS2/ws02_plumbing/install/cpp04_param/share/ament_index/resource_index/package_run_dependencies/cpp04_param
-- Installing: /home/zhangjinrui/AppDisk/learn_ros2/ROS2/ws02_plumbing/install/cpp04_param/share/ament_index/resource_index/parent_prefix_path/cpp04_param
-- Installing: /home/zhangjinrui/AppDisk/learn_ros2/ROS2/ws02_plumbing/install/cpp04_param/share/cpp04_param/environment/ament_prefix_path.sh
-- Installing: /home/zhangjinrui/AppDisk/learn_ros2/ROS2/ws02_plumbing/install/cpp04_param/share/cpp04_param/environment/ament_prefix_path.dsv
-- Installing: /home/zhangjinrui/AppDisk/learn_ros2/ROS2/ws02_plumbing/install/cpp04_param/share/cpp04_param/environment/path.sh
-- Installing: /home/zhangjinrui/AppDisk/learn_ros2/ROS2/ws02_plumbing/install/cpp04_param/share/cpp04_param/environment/path.dsv
-- Installing: /home/zhangjinrui/AppDisk/learn_ros2/ROS2/ws02_plumbing/install/cpp04_param/share/cpp04_param/local_setup.bash
-- Installing: /home/zhangjinrui/AppDisk/learn_ros2/ROS2/ws02_plumbing/install/cpp04_param/share/cpp04_param/local_setup.sh
-- Installing: /home/zhangjinrui/AppDisk/learn_ros2/ROS2/ws02_plumbing/install/cpp04_param/share/cpp04_param/local_setup.zsh
-- Installing: /home/zhangjinrui/AppDisk/learn_ros2/ROS2/ws02_plumbing/install/cpp04_param/share/cpp04_param/local_setup.dsv
-- Installing: /home/zhangjinrui/AppDisk/learn_ros2/ROS2/ws02_plumbing/install/cpp04_param/share/cpp04_param/package.dsv
-- Installing: /home/zhangjinrui/AppDisk/learn_ros2/ROS2/ws02_plumbing/install/cpp04_param/share/ament_index/resource_index/packages/cpp04_param
-- Installing: /home/zhangjinrui/AppDisk/learn_ros2/ROS2/ws02_plumbing/install/cpp04_param/share/cpp04_param/cmake/cpp04_paramConfig.cmake
-- Installing: /home/zhangjinrui/AppDisk/learn_ros2/ROS2/ws02_plumbing/install/cpp04_param/share/cpp04_param/cmake/cpp04_paramConfig-version.cmake
-- Installing: /home/zhangjinrui/AppDisk/learn_ros2/ROS2/ws02_plumbing/install/cpp04_param/share/cpp04_param/package.xml
