[0.008s] Invoking command in '/home/zhangjinrui/AppDisk/learn_ros2/ROS2/ws02_piumbing/build/cpp01_topic': CMAKE_PREFIX_PATH=/home/zhangjinrui/AppDisk/learn_ros2/ROS2/ws02_piumbing/install/base_interfaces_demo:/home/zhangjinrui/AppDisk/learn_ros2/ROS2/ws01_hello/install/pkg01_hello_cpp:/home/zhangjinrui/AppDisk/learn_ros2/ROS2/ws02_piumbing/install/cpp01_topic:/home/zhangjinrui/ROS2/dev_ws_foxy/install/learning_topic_cpp:/home/zhangjinrui/ROS2/dev_ws_foxy/install/learning_tf_cpp:/home/zhangjinrui/ROS2/dev_ws_foxy/install/learning_service_cpp:/home/zhangjinrui/ROS2/dev_ws_foxy/install/learning_pkg_c:/home/zhangjinrui/ROS2/dev_ws_foxy/install/learning_parameter_cpp:/home/zhangjinrui/ROS2/dev_ws_foxy/install/learning_node_cpp:/home/zhangjinrui/ROS2/dev_ws_foxy/install/learning_action_cpp:/home/zhangjinrui/ROS2/dev_ws_foxy/install/learning_interface:/home/zhangjinrui/AppDisk/learn_ros2/ROS2/ws01_hello/install/pkg02_hello_py:/home/zhangjinrui/AppDisk/learn_ros2/ROS2/ws02_piumbing/install/py01_topic:/opt/ros/humble:/home/zhangjinrui/ROS2/dev_ws_foxy/install/learning_urdf:/home/zhangjinrui/ROS2/dev_ws_foxy/install/learning_topic:/home/zhangjinrui/ROS2/dev_ws_foxy/install/learning_tf:/home/zhangjinrui/ROS2/dev_ws_foxy/install/learning_service:/home/zhangjinrui/ROS2/dev_ws_foxy/install/learning_qos:/home/zhangjinrui/ROS2/dev_ws_foxy/install/learning_pkg_python:/home/zhangjinrui/ROS2/dev_ws_foxy/install/learning_parameter:/home/zhangjinrui/ROS2/dev_ws_foxy/install/learning_node:/home/zhangjinrui/ROS2/dev_ws_foxy/install/learning_launch:/home/zhangjinrui/ROS2/dev_ws_foxy/install/learning_action:/home/zhangjinrui/ROS2/dev_ws_foxy/install/learning_gazebo_harmonic:/home/zhangjinrui/ROS2/dev_ws_foxy/install/learning_gazebo:/home/zhangjinrui/ROS2/dev_ws_foxy/install/learning_cv /usr/bin/cmake /home/zhangjinrui/AppDisk/learn_ros2/ROS2/ws02_piumbing/src/cpp01_topic -DAMENT_CMAKE_SYMLINK_INSTALL=1 -DCMAKE_INSTALL_PREFIX=/home/zhangjinrui/AppDisk/learn_ros2/ROS2/ws02_piumbing/install/cpp01_topic
[0.043s] -- The C compiler identification is GNU 11.4.0
[0.075s] -- The CXX compiler identification is GNU 11.4.0
[0.079s] -- Detecting C compiler ABI info
[0.120s] -- Detecting C compiler ABI info - done
[0.124s] -- Check for working C compiler: /usr/bin/cc - skipped
[0.124s] -- Detecting C compile features
[0.125s] -- Detecting C compile features - done
[0.126s] -- Detecting CXX compiler ABI info
[0.172s] -- Detecting CXX compiler ABI info - done
[0.175s] -- Check for working CXX compiler: /usr/bin/c++ - skipped
[0.175s] -- Detecting CXX compile features
[0.176s] -- Detecting CXX compile features - done
[0.178s] -- Found ament_cmake: 1.3.12 (/opt/ros/humble/share/ament_cmake/cmake)
[0.291s] -- Found Python3: /usr/bin/python3 (found version "3.10.18") found components: Interpreter 
[0.333s] -- Override CMake install command with custom implementation using symlinks instead of copying resources
[0.357s] -- Found rclcpp: 16.0.14 (/opt/ros/humble/share/rclcpp/cmake)
[0.387s] -- Found rosidl_generator_c: 3.1.7 (/opt/ros/humble/share/rosidl_generator_c/cmake)
[0.391s] -- Found rosidl_adapter: 3.1.7 (/opt/ros/humble/share/rosidl_adapter/cmake)
[0.397s] -- Found rosidl_generator_cpp: 3.1.7 (/opt/ros/humble/share/rosidl_generator_cpp/cmake)
[0.404s] -- Using all available rosidl_typesupport_c: rosidl_typesupport_fastrtps_c;rosidl_typesupport_introspection_c
[0.414s] -- Using all available rosidl_typesupport_cpp: rosidl_typesupport_fastrtps_cpp;rosidl_typesupport_introspection_cpp
[0.443s] -- Found rmw_implementation_cmake: 6.1.2 (/opt/ros/humble/share/rmw_implementation_cmake/cmake)
[0.446s] -- Found rmw_fastrtps_cpp: 6.2.8 (/opt/ros/humble/share/rmw_fastrtps_cpp/cmake)
[0.511s] -- Found OpenSSL: /usr/lib/x86_64-linux-gnu/libcrypto.so (found version "3.0.2")  
[0.533s] -- Found FastRTPS: /opt/ros/humble/include  
[0.566s] -- Using RMW implementation 'rmw_fastrtps_cpp' as default
[0.573s] -- Looking for pthread.h
[0.616s] -- Looking for pthread.h - found
[0.616s] -- Performing Test CMAKE_HAVE_LIBC_PTHREAD
[0.660s] -- Performing Test CMAKE_HAVE_LIBC_PTHREAD - Success
[0.661s] -- Found Threads: TRUE  
[0.690s] -- Found base_interfaces_demo: 0.0.0 (/home/zhangjinrui/AppDisk/learn_ros2/ROS2/ws02_piumbing/install/base_interfaces_demo/share/base_interfaces_demo/cmake)
[0.698s] -- Found ament_lint_auto: 0.12.14 (/opt/ros/humble/share/ament_lint_auto/cmake)
[0.754s] -- Added test 'cppcheck' to perform static code analysis on C / C++ code
[0.754s] -- Configured cppcheck include dirs: $<BUILD_INTERFACE:/home/zhangjinrui/AppDisk/learn_ros2/ROS2/ws02_piumbing/src/cpp01_topic/include>
[0.754s] -- Configured cppcheck exclude dirs and/or files: 
[0.754s] -- Added test 'lint_cmake' to check CMake code style
[0.755s] -- Added test 'uncrustify' to check C / C++ code style
[0.755s] -- Configured uncrustify additional arguments: 
[0.756s] -- Added test 'xmllint' to check XML markup files
[0.757s] -- Configuring done
[0.767s] -- Generating done
[0.770s] -- Build files have been written to: /home/zhangjinrui/AppDisk/learn_ros2/ROS2/ws02_piumbing/build/cpp01_topic
[0.777s] Invoked command in '/home/zhangjinrui/AppDisk/learn_ros2/ROS2/ws02_piumbing/build/cpp01_topic' returned '0': CMAKE_PREFIX_PATH=/home/zhangjinrui/AppDisk/learn_ros2/ROS2/ws02_piumbing/install/base_interfaces_demo:/home/zhangjinrui/AppDisk/learn_ros2/ROS2/ws01_hello/install/pkg01_hello_cpp:/home/zhangjinrui/AppDisk/learn_ros2/ROS2/ws02_piumbing/install/cpp01_topic:/home/zhangjinrui/ROS2/dev_ws_foxy/install/learning_topic_cpp:/home/zhangjinrui/ROS2/dev_ws_foxy/install/learning_tf_cpp:/home/zhangjinrui/ROS2/dev_ws_foxy/install/learning_service_cpp:/home/zhangjinrui/ROS2/dev_ws_foxy/install/learning_pkg_c:/home/zhangjinrui/ROS2/dev_ws_foxy/install/learning_parameter_cpp:/home/zhangjinrui/ROS2/dev_ws_foxy/install/learning_node_cpp:/home/zhangjinrui/ROS2/dev_ws_foxy/install/learning_action_cpp:/home/zhangjinrui/ROS2/dev_ws_foxy/install/learning_interface:/home/zhangjinrui/AppDisk/learn_ros2/ROS2/ws01_hello/install/pkg02_hello_py:/home/zhangjinrui/AppDisk/learn_ros2/ROS2/ws02_piumbing/install/py01_topic:/opt/ros/humble:/home/zhangjinrui/ROS2/dev_ws_foxy/install/learning_urdf:/home/zhangjinrui/ROS2/dev_ws_foxy/install/learning_topic:/home/zhangjinrui/ROS2/dev_ws_foxy/install/learning_tf:/home/zhangjinrui/ROS2/dev_ws_foxy/install/learning_service:/home/zhangjinrui/ROS2/dev_ws_foxy/install/learning_qos:/home/zhangjinrui/ROS2/dev_ws_foxy/install/learning_pkg_python:/home/zhangjinrui/ROS2/dev_ws_foxy/install/learning_parameter:/home/zhangjinrui/ROS2/dev_ws_foxy/install/learning_node:/home/zhangjinrui/ROS2/dev_ws_foxy/install/learning_launch:/home/zhangjinrui/ROS2/dev_ws_foxy/install/learning_action:/home/zhangjinrui/ROS2/dev_ws_foxy/install/learning_gazebo_harmonic:/home/zhangjinrui/ROS2/dev_ws_foxy/install/learning_gazebo:/home/zhangjinrui/ROS2/dev_ws_foxy/install/learning_cv /usr/bin/cmake /home/zhangjinrui/AppDisk/learn_ros2/ROS2/ws02_piumbing/src/cpp01_topic -DAMENT_CMAKE_SYMLINK_INSTALL=1 -DCMAKE_INSTALL_PREFIX=/home/zhangjinrui/AppDisk/learn_ros2/ROS2/ws02_piumbing/install/cpp01_topic
[0.777s] Invoking command in '/home/zhangjinrui/AppDisk/learn_ros2/ROS2/ws02_piumbing/build/cpp01_topic': CMAKE_PREFIX_PATH=/home/zhangjinrui/AppDisk/learn_ros2/ROS2/ws02_piumbing/install/base_interfaces_demo:/home/zhangjinrui/AppDisk/learn_ros2/ROS2/ws01_hello/install/pkg01_hello_cpp:/home/zhangjinrui/AppDisk/learn_ros2/ROS2/ws02_piumbing/install/cpp01_topic:/home/zhangjinrui/ROS2/dev_ws_foxy/install/learning_topic_cpp:/home/zhangjinrui/ROS2/dev_ws_foxy/install/learning_tf_cpp:/home/zhangjinrui/ROS2/dev_ws_foxy/install/learning_service_cpp:/home/zhangjinrui/ROS2/dev_ws_foxy/install/learning_pkg_c:/home/zhangjinrui/ROS2/dev_ws_foxy/install/learning_parameter_cpp:/home/zhangjinrui/ROS2/dev_ws_foxy/install/learning_node_cpp:/home/zhangjinrui/ROS2/dev_ws_foxy/install/learning_action_cpp:/home/zhangjinrui/ROS2/dev_ws_foxy/install/learning_interface:/home/zhangjinrui/AppDisk/learn_ros2/ROS2/ws01_hello/install/pkg02_hello_py:/home/zhangjinrui/AppDisk/learn_ros2/ROS2/ws02_piumbing/install/py01_topic:/opt/ros/humble:/home/zhangjinrui/ROS2/dev_ws_foxy/install/learning_urdf:/home/zhangjinrui/ROS2/dev_ws_foxy/install/learning_topic:/home/zhangjinrui/ROS2/dev_ws_foxy/install/learning_tf:/home/zhangjinrui/ROS2/dev_ws_foxy/install/learning_service:/home/zhangjinrui/ROS2/dev_ws_foxy/install/learning_qos:/home/zhangjinrui/ROS2/dev_ws_foxy/install/learning_pkg_python:/home/zhangjinrui/ROS2/dev_ws_foxy/install/learning_parameter:/home/zhangjinrui/ROS2/dev_ws_foxy/install/learning_node:/home/zhangjinrui/ROS2/dev_ws_foxy/install/learning_launch:/home/zhangjinrui/ROS2/dev_ws_foxy/install/learning_action:/home/zhangjinrui/ROS2/dev_ws_foxy/install/learning_gazebo_harmonic:/home/zhangjinrui/ROS2/dev_ws_foxy/install/learning_gazebo:/home/zhangjinrui/ROS2/dev_ws_foxy/install/learning_cv /usr/bin/cmake --build /home/zhangjinrui/AppDisk/learn_ros2/ROS2/ws02_piumbing/build/cpp01_topic -- -j24 -l24
[0.809s] [ 12%] [32mBuilding CXX object CMakeFiles/demo02_listener_cpp.dir/src/demo02_listener_cpp.cpp.o[0m
[0.809s] [ 25%] [32mBuilding CXX object CMakeFiles/demo03_talker_stu.dir/src/demo03_talker_stu.cpp.o[0m
[0.809s] [ 50%] [32mBuilding CXX object CMakeFiles/demo04_listener_stu.dir/src/demo04_listener_stu.cpp.o[0m
[0.809s] [ 50%] [32mBuilding CXX object CMakeFiles/demo01_talker_cpp.dir/src/demo01_talker_cpp.cpp.o[0m
[3.075s] [ 62%] [32m[1mLinking CXX executable demo03_talker_stu[0m
[3.080s] [ 75%] [32m[1mLinking CXX executable demo01_talker_cpp[0m
[3.169s] [ 75%] Built target demo03_talker_stu
[3.176s] [ 75%] Built target demo01_talker_cpp
[5.036s] [ 87%] [32m[1mLinking CXX executable demo02_listener_cpp[0m
[5.047s] [100%] [32m[1mLinking CXX executable demo04_listener_stu[0m
[5.223s] [100%] Built target demo02_listener_cpp
[5.228s] [100%] Built target demo04_listener_stu
[5.234s] Invoked command in '/home/zhangjinrui/AppDisk/learn_ros2/ROS2/ws02_piumbing/build/cpp01_topic' returned '0': CMAKE_PREFIX_PATH=/home/zhangjinrui/AppDisk/learn_ros2/ROS2/ws02_piumbing/install/base_interfaces_demo:/home/zhangjinrui/AppDisk/learn_ros2/ROS2/ws01_hello/install/pkg01_hello_cpp:/home/zhangjinrui/AppDisk/learn_ros2/ROS2/ws02_piumbing/install/cpp01_topic:/home/zhangjinrui/ROS2/dev_ws_foxy/install/learning_topic_cpp:/home/zhangjinrui/ROS2/dev_ws_foxy/install/learning_tf_cpp:/home/zhangjinrui/ROS2/dev_ws_foxy/install/learning_service_cpp:/home/zhangjinrui/ROS2/dev_ws_foxy/install/learning_pkg_c:/home/zhangjinrui/ROS2/dev_ws_foxy/install/learning_parameter_cpp:/home/zhangjinrui/ROS2/dev_ws_foxy/install/learning_node_cpp:/home/zhangjinrui/ROS2/dev_ws_foxy/install/learning_action_cpp:/home/zhangjinrui/ROS2/dev_ws_foxy/install/learning_interface:/home/zhangjinrui/AppDisk/learn_ros2/ROS2/ws01_hello/install/pkg02_hello_py:/home/zhangjinrui/AppDisk/learn_ros2/ROS2/ws02_piumbing/install/py01_topic:/opt/ros/humble:/home/zhangjinrui/ROS2/dev_ws_foxy/install/learning_urdf:/home/zhangjinrui/ROS2/dev_ws_foxy/install/learning_topic:/home/zhangjinrui/ROS2/dev_ws_foxy/install/learning_tf:/home/zhangjinrui/ROS2/dev_ws_foxy/install/learning_service:/home/zhangjinrui/ROS2/dev_ws_foxy/install/learning_qos:/home/zhangjinrui/ROS2/dev_ws_foxy/install/learning_pkg_python:/home/zhangjinrui/ROS2/dev_ws_foxy/install/learning_parameter:/home/zhangjinrui/ROS2/dev_ws_foxy/install/learning_node:/home/zhangjinrui/ROS2/dev_ws_foxy/install/learning_launch:/home/zhangjinrui/ROS2/dev_ws_foxy/install/learning_action:/home/zhangjinrui/ROS2/dev_ws_foxy/install/learning_gazebo_harmonic:/home/zhangjinrui/ROS2/dev_ws_foxy/install/learning_gazebo:/home/zhangjinrui/ROS2/dev_ws_foxy/install/learning_cv /usr/bin/cmake --build /home/zhangjinrui/AppDisk/learn_ros2/ROS2/ws02_piumbing/build/cpp01_topic -- -j24 -l24
[5.235s] Invoking command in '/home/zhangjinrui/AppDisk/learn_ros2/ROS2/ws02_piumbing/build/cpp01_topic': CMAKE_PREFIX_PATH=/home/zhangjinrui/AppDisk/learn_ros2/ROS2/ws02_piumbing/install/base_interfaces_demo:/home/zhangjinrui/AppDisk/learn_ros2/ROS2/ws01_hello/install/pkg01_hello_cpp:/home/zhangjinrui/AppDisk/learn_ros2/ROS2/ws02_piumbing/install/cpp01_topic:/home/zhangjinrui/ROS2/dev_ws_foxy/install/learning_topic_cpp:/home/zhangjinrui/ROS2/dev_ws_foxy/install/learning_tf_cpp:/home/zhangjinrui/ROS2/dev_ws_foxy/install/learning_service_cpp:/home/zhangjinrui/ROS2/dev_ws_foxy/install/learning_pkg_c:/home/zhangjinrui/ROS2/dev_ws_foxy/install/learning_parameter_cpp:/home/zhangjinrui/ROS2/dev_ws_foxy/install/learning_node_cpp:/home/zhangjinrui/ROS2/dev_ws_foxy/install/learning_action_cpp:/home/zhangjinrui/ROS2/dev_ws_foxy/install/learning_interface:/home/zhangjinrui/AppDisk/learn_ros2/ROS2/ws01_hello/install/pkg02_hello_py:/home/zhangjinrui/AppDisk/learn_ros2/ROS2/ws02_piumbing/install/py01_topic:/opt/ros/humble:/home/zhangjinrui/ROS2/dev_ws_foxy/install/learning_urdf:/home/zhangjinrui/ROS2/dev_ws_foxy/install/learning_topic:/home/zhangjinrui/ROS2/dev_ws_foxy/install/learning_tf:/home/zhangjinrui/ROS2/dev_ws_foxy/install/learning_service:/home/zhangjinrui/ROS2/dev_ws_foxy/install/learning_qos:/home/zhangjinrui/ROS2/dev_ws_foxy/install/learning_pkg_python:/home/zhangjinrui/ROS2/dev_ws_foxy/install/learning_parameter:/home/zhangjinrui/ROS2/dev_ws_foxy/install/learning_node:/home/zhangjinrui/ROS2/dev_ws_foxy/install/learning_launch:/home/zhangjinrui/ROS2/dev_ws_foxy/install/learning_action:/home/zhangjinrui/ROS2/dev_ws_foxy/install/learning_gazebo_harmonic:/home/zhangjinrui/ROS2/dev_ws_foxy/install/learning_gazebo:/home/zhangjinrui/ROS2/dev_ws_foxy/install/learning_cv /usr/bin/cmake --install /home/zhangjinrui/AppDisk/learn_ros2/ROS2/ws02_piumbing/build/cpp01_topic
[5.239s] -- Install configuration: ""
[5.239s] -- Execute custom install script
[5.240s] -- Symlinking: /home/zhangjinrui/AppDisk/learn_ros2/ROS2/ws02_piumbing/install/cpp01_topic/lib/cpp01_topic/demo01_talker_cpp
[5.245s] -- Symlinking: /home/zhangjinrui/AppDisk/learn_ros2/ROS2/ws02_piumbing/install/cpp01_topic/lib/cpp01_topic/demo02_listener_cpp
[5.249s] -- Symlinking: /home/zhangjinrui/AppDisk/learn_ros2/ROS2/ws02_piumbing/install/cpp01_topic/lib/cpp01_topic/demo03_talker_stu
[5.254s] -- Symlinking: /home/zhangjinrui/AppDisk/learn_ros2/ROS2/ws02_piumbing/install/cpp01_topic/lib/cpp01_topic/demo04_listener_stu
[5.258s] -- Symlinking: /home/zhangjinrui/AppDisk/learn_ros2/ROS2/ws02_piumbing/install/cpp01_topic/share/ament_index/resource_index/package_run_dependencies/cpp01_topic
[5.264s] -- Symlinking: /home/zhangjinrui/AppDisk/learn_ros2/ROS2/ws02_piumbing/install/cpp01_topic/share/ament_index/resource_index/parent_prefix_path/cpp01_topic
[5.270s] -- Symlinking: /home/zhangjinrui/AppDisk/learn_ros2/ROS2/ws02_piumbing/install/cpp01_topic/share/cpp01_topic/environment/ament_prefix_path.sh
[5.275s] -- Symlinking: /home/zhangjinrui/AppDisk/learn_ros2/ROS2/ws02_piumbing/install/cpp01_topic/share/cpp01_topic/environment/ament_prefix_path.dsv
[5.280s] -- Symlinking: /home/zhangjinrui/AppDisk/learn_ros2/ROS2/ws02_piumbing/install/cpp01_topic/share/cpp01_topic/environment/path.sh
[5.285s] -- Symlinking: /home/zhangjinrui/AppDisk/learn_ros2/ROS2/ws02_piumbing/install/cpp01_topic/share/cpp01_topic/environment/path.dsv
[5.290s] -- Symlinking: /home/zhangjinrui/AppDisk/learn_ros2/ROS2/ws02_piumbing/install/cpp01_topic/share/cpp01_topic/local_setup.bash
[5.294s] -- Symlinking: /home/zhangjinrui/AppDisk/learn_ros2/ROS2/ws02_piumbing/install/cpp01_topic/share/cpp01_topic/local_setup.sh
[5.299s] -- Symlinking: /home/zhangjinrui/AppDisk/learn_ros2/ROS2/ws02_piumbing/install/cpp01_topic/share/cpp01_topic/local_setup.zsh
[5.304s] -- Symlinking: /home/zhangjinrui/AppDisk/learn_ros2/ROS2/ws02_piumbing/install/cpp01_topic/share/cpp01_topic/local_setup.dsv
[5.309s] -- Symlinking: /home/zhangjinrui/AppDisk/learn_ros2/ROS2/ws02_piumbing/install/cpp01_topic/share/cpp01_topic/package.dsv
[5.314s] -- Symlinking: /home/zhangjinrui/AppDisk/learn_ros2/ROS2/ws02_piumbing/install/cpp01_topic/share/ament_index/resource_index/packages/cpp01_topic
[5.319s] -- Symlinking: /home/zhangjinrui/AppDisk/learn_ros2/ROS2/ws02_piumbing/install/cpp01_topic/share/cpp01_topic/cmake/cpp01_topicConfig.cmake
[5.323s] -- Symlinking: /home/zhangjinrui/AppDisk/learn_ros2/ROS2/ws02_piumbing/install/cpp01_topic/share/cpp01_topic/cmake/cpp01_topicConfig-version.cmake
[5.328s] -- Symlinking: /home/zhangjinrui/AppDisk/learn_ros2/ROS2/ws02_piumbing/install/cpp01_topic/share/cpp01_topic/package.xml
[5.334s] Invoked command in '/home/zhangjinrui/AppDisk/learn_ros2/ROS2/ws02_piumbing/build/cpp01_topic' returned '0': CMAKE_PREFIX_PATH=/home/zhangjinrui/AppDisk/learn_ros2/ROS2/ws02_piumbing/install/base_interfaces_demo:/home/zhangjinrui/AppDisk/learn_ros2/ROS2/ws01_hello/install/pkg01_hello_cpp:/home/zhangjinrui/AppDisk/learn_ros2/ROS2/ws02_piumbing/install/cpp01_topic:/home/zhangjinrui/ROS2/dev_ws_foxy/install/learning_topic_cpp:/home/zhangjinrui/ROS2/dev_ws_foxy/install/learning_tf_cpp:/home/zhangjinrui/ROS2/dev_ws_foxy/install/learning_service_cpp:/home/zhangjinrui/ROS2/dev_ws_foxy/install/learning_pkg_c:/home/zhangjinrui/ROS2/dev_ws_foxy/install/learning_parameter_cpp:/home/zhangjinrui/ROS2/dev_ws_foxy/install/learning_node_cpp:/home/zhangjinrui/ROS2/dev_ws_foxy/install/learning_action_cpp:/home/zhangjinrui/ROS2/dev_ws_foxy/install/learning_interface:/home/zhangjinrui/AppDisk/learn_ros2/ROS2/ws01_hello/install/pkg02_hello_py:/home/zhangjinrui/AppDisk/learn_ros2/ROS2/ws02_piumbing/install/py01_topic:/opt/ros/humble:/home/zhangjinrui/ROS2/dev_ws_foxy/install/learning_urdf:/home/zhangjinrui/ROS2/dev_ws_foxy/install/learning_topic:/home/zhangjinrui/ROS2/dev_ws_foxy/install/learning_tf:/home/zhangjinrui/ROS2/dev_ws_foxy/install/learning_service:/home/zhangjinrui/ROS2/dev_ws_foxy/install/learning_qos:/home/zhangjinrui/ROS2/dev_ws_foxy/install/learning_pkg_python:/home/zhangjinrui/ROS2/dev_ws_foxy/install/learning_parameter:/home/zhangjinrui/ROS2/dev_ws_foxy/install/learning_node:/home/zhangjinrui/ROS2/dev_ws_foxy/install/learning_launch:/home/zhangjinrui/ROS2/dev_ws_foxy/install/learning_action:/home/zhangjinrui/ROS2/dev_ws_foxy/install/learning_gazebo_harmonic:/home/zhangjinrui/ROS2/dev_ws_foxy/install/learning_gazebo:/home/zhangjinrui/ROS2/dev_ws_foxy/install/learning_cv /usr/bin/cmake --install /home/zhangjinrui/AppDisk/learn_ros2/ROS2/ws02_piumbing/build/cpp01_topic
