[0.013s] Invoking command in '/home/zhangjinrui/AppDisk/learn_ros2/ROS2/ws02_plumbing/build/cpp02_service': AMENT_PREFIX_PATH=/home/zhangjinrui/AppDisk/learn_ros2/ROS2/ws02_plumbing/install/base_interfaces_demo:${AMENT_PREFIX_PATH} CMAKE_PREFIX_PATH=/home/zhangjinrui/AppDisk/learn_ros2/ROS2/ws02_plumbing/install/base_interfaces_demo:/home/zhangjinrui/AppDisk/learn_ros2/ROS2/ws01_hello/install/pkg01_hello_cpp:/home/zhangjinrui/AppDisk/learn_ros2/ROS2/ws02_piumbing/install/cpp03_action:/home/zhangjinrui/AppDisk/learn_ros2/ROS2/ws02_piumbing/install/cpp02_service:/home/zhangjinrui/AppDisk/learn_ros2/ROS2/ws02_piumbing/install/cpp01_topic:/home/zhangjinrui/AppDisk/learn_ros2/ROS2/ws02_piumbing/install/base_interfaces_demo:/home/zhangjinrui/ROS2/dev_ws_foxy/install/learning_topic_cpp:/home/zhangjinrui/ROS2/dev_ws_foxy/install/learning_tf_cpp:/home/zhangjinrui/ROS2/dev_ws_foxy/install/learning_service_cpp:/home/zhangjinrui/ROS2/dev_ws_foxy/install/learning_pkg_c:/home/zhangjinrui/ROS2/dev_ws_foxy/install/learning_parameter_cpp:/home/zhangjinrui/ROS2/dev_ws_foxy/install/learning_node_cpp:/home/zhangjinrui/ROS2/dev_ws_foxy/install/learning_action_cpp:/home/zhangjinrui/ROS2/dev_ws_foxy/install/learning_interface:/home/zhangjinrui/AppDisk/learn_ros2/ROS2/ws01_hello/install/pkg02_hello_py:/home/zhangjinrui/AppDisk/learn_ros2/ROS2/ws02_piumbing/install/py02_service:/home/zhangjinrui/AppDisk/learn_ros2/ROS2/ws02_piumbing/install/py01_topic:/opt/ros/humble:/home/zhangjinrui/ROS2/dev_ws_foxy/install/learning_urdf:/home/zhangjinrui/ROS2/dev_ws_foxy/install/learning_topic:/home/zhangjinrui/ROS2/dev_ws_foxy/install/learning_tf:/home/zhangjinrui/ROS2/dev_ws_foxy/install/learning_service:/home/zhangjinrui/ROS2/dev_ws_foxy/install/learning_qos:/home/zhangjinrui/ROS2/dev_ws_foxy/install/learning_pkg_python:/home/zhangjinrui/ROS2/dev_ws_foxy/install/learning_parameter:/home/zhangjinrui/ROS2/dev_ws_foxy/install/learning_node:/home/zhangjinrui/ROS2/dev_ws_foxy/install/learning_launch:/home/zhangjinrui/ROS2/dev_ws_foxy/install/learning_action:/home/zhangjinrui/ROS2/dev_ws_foxy/install/learning_gazebo_harmonic:/home/zhangjinrui/ROS2/dev_ws_foxy/install/learning_gazebo:/home/zhangjinrui/ROS2/dev_ws_foxy/install/learning_cv LD_LIBRARY_PATH=/home/zhangjinrui/AppDisk/learn_ros2/ROS2/ws02_plumbing/install/base_interfaces_demo/lib:${LD_LIBRARY_PATH} PYTHONPATH=/home/zhangjinrui/AppDisk/learn_ros2/ROS2/ws02_plumbing/install/base_interfaces_demo/local/lib/python3.10/dist-packages:${PYTHONPATH} /usr/bin/cmake /home/zhangjinrui/AppDisk/learn_ros2/ROS2/ws02_plumbing/src/cpp02_service -DCMAKE_INSTALL_PREFIX=/home/zhangjinrui/AppDisk/learn_ros2/ROS2/ws02_plumbing/install/cpp02_service
[0.283s] -- The C compiler identification is GNU 11.4.0
[0.283s] -- The CXX compiler identification is GNU 11.4.0
[0.283s] -- Detecting C compiler ABI info
[0.283s] -- Detecting C compiler ABI info - done
[0.283s] -- Check for working C compiler: /usr/bin/cc - skipped
[0.283s] -- Detecting C compile features
[0.283s] -- Detecting C compile features - done
[0.283s] -- Detecting CXX compiler ABI info
[0.283s] -- Detecting CXX compiler ABI info - done
[0.283s] -- Check for working CXX compiler: /usr/bin/c++ - skipped
[0.283s] -- Detecting CXX compile features
[0.283s] -- Detecting CXX compile features - done
[0.283s] -- Found ament_cmake: 1.3.12 (/opt/ros/humble/share/ament_cmake/cmake)
[0.293s] -- Found Python3: /usr/bin/python3 (found version "3.10.18") found components: Interpreter 
[0.346s] -- Found rclcpp: 16.0.14 (/opt/ros/humble/share/rclcpp/cmake)
[0.369s] -- Found rosidl_generator_c: 3.1.7 (/opt/ros/humble/share/rosidl_generator_c/cmake)
[0.371s] -- Found rosidl_adapter: 3.1.7 (/opt/ros/humble/share/rosidl_adapter/cmake)
[0.375s] -- Found rosidl_generator_cpp: 3.1.7 (/opt/ros/humble/share/rosidl_generator_cpp/cmake)
[0.382s] -- Using all available rosidl_typesupport_c: rosidl_typesupport_fastrtps_c;rosidl_typesupport_introspection_c
[0.391s] -- Using all available rosidl_typesupport_cpp: rosidl_typesupport_fastrtps_cpp;rosidl_typesupport_introspection_cpp
[0.413s] -- Found rmw_implementation_cmake: 6.1.2 (/opt/ros/humble/share/rmw_implementation_cmake/cmake)
[0.414s] -- Found rmw_fastrtps_cpp: 6.2.8 (/opt/ros/humble/share/rmw_fastrtps_cpp/cmake)
[0.472s] -- Found OpenSSL: /usr/lib/x86_64-linux-gnu/libcrypto.so (found version "3.0.2")  
[0.493s] -- Found FastRTPS: /opt/ros/humble/include  
[0.526s] -- Using RMW implementation 'rmw_fastrtps_cpp' as default
[0.531s] -- Looking for pthread.h
[0.575s] -- Looking for pthread.h - found
[0.575s] -- Performing Test CMAKE_HAVE_LIBC_PTHREAD
[0.622s] -- Performing Test CMAKE_HAVE_LIBC_PTHREAD - Success
[0.622s] -- Found Threads: TRUE  
[0.648s] -- Found base_interfaces_demo: 0.0.0 (/home/zhangjinrui/AppDisk/learn_ros2/ROS2/ws02_plumbing/install/base_interfaces_demo/share/base_interfaces_demo/cmake)
[0.669s] -- Found ament_lint_auto: 0.12.14 (/opt/ros/humble/share/ament_lint_auto/cmake)
[0.719s] -- Added test 'cppcheck' to perform static code analysis on C / C++ code
[0.719s] -- Configured cppcheck include dirs: $<BUILD_INTERFACE:/home/zhangjinrui/AppDisk/learn_ros2/ROS2/ws02_plumbing/src/cpp02_service/include>
[0.719s] -- Configured cppcheck exclude dirs and/or files: 
[0.719s] -- Added test 'lint_cmake' to check CMake code style
[0.720s] -- Added test 'uncrustify' to check C / C++ code style
[0.720s] -- Configured uncrustify additional arguments: 
[0.720s] -- Added test 'xmllint' to check XML markup files
[0.722s] -- Configuring done
[0.729s] -- Generating done
[0.732s] -- Build files have been written to: /home/zhangjinrui/AppDisk/learn_ros2/ROS2/ws02_plumbing/build/cpp02_service
[0.741s] Invoked command in '/home/zhangjinrui/AppDisk/learn_ros2/ROS2/ws02_plumbing/build/cpp02_service' returned '0': AMENT_PREFIX_PATH=/home/zhangjinrui/AppDisk/learn_ros2/ROS2/ws02_plumbing/install/base_interfaces_demo:${AMENT_PREFIX_PATH} CMAKE_PREFIX_PATH=/home/zhangjinrui/AppDisk/learn_ros2/ROS2/ws02_plumbing/install/base_interfaces_demo:/home/zhangjinrui/AppDisk/learn_ros2/ROS2/ws01_hello/install/pkg01_hello_cpp:/home/zhangjinrui/AppDisk/learn_ros2/ROS2/ws02_piumbing/install/cpp03_action:/home/zhangjinrui/AppDisk/learn_ros2/ROS2/ws02_piumbing/install/cpp02_service:/home/zhangjinrui/AppDisk/learn_ros2/ROS2/ws02_piumbing/install/cpp01_topic:/home/zhangjinrui/AppDisk/learn_ros2/ROS2/ws02_piumbing/install/base_interfaces_demo:/home/zhangjinrui/ROS2/dev_ws_foxy/install/learning_topic_cpp:/home/zhangjinrui/ROS2/dev_ws_foxy/install/learning_tf_cpp:/home/zhangjinrui/ROS2/dev_ws_foxy/install/learning_service_cpp:/home/zhangjinrui/ROS2/dev_ws_foxy/install/learning_pkg_c:/home/zhangjinrui/ROS2/dev_ws_foxy/install/learning_parameter_cpp:/home/zhangjinrui/ROS2/dev_ws_foxy/install/learning_node_cpp:/home/zhangjinrui/ROS2/dev_ws_foxy/install/learning_action_cpp:/home/zhangjinrui/ROS2/dev_ws_foxy/install/learning_interface:/home/zhangjinrui/AppDisk/learn_ros2/ROS2/ws01_hello/install/pkg02_hello_py:/home/zhangjinrui/AppDisk/learn_ros2/ROS2/ws02_piumbing/install/py02_service:/home/zhangjinrui/AppDisk/learn_ros2/ROS2/ws02_piumbing/install/py01_topic:/opt/ros/humble:/home/zhangjinrui/ROS2/dev_ws_foxy/install/learning_urdf:/home/zhangjinrui/ROS2/dev_ws_foxy/install/learning_topic:/home/zhangjinrui/ROS2/dev_ws_foxy/install/learning_tf:/home/zhangjinrui/ROS2/dev_ws_foxy/install/learning_service:/home/zhangjinrui/ROS2/dev_ws_foxy/install/learning_qos:/home/zhangjinrui/ROS2/dev_ws_foxy/install/learning_pkg_python:/home/zhangjinrui/ROS2/dev_ws_foxy/install/learning_parameter:/home/zhangjinrui/ROS2/dev_ws_foxy/install/learning_node:/home/zhangjinrui/ROS2/dev_ws_foxy/install/learning_launch:/home/zhangjinrui/ROS2/dev_ws_foxy/install/learning_action:/home/zhangjinrui/ROS2/dev_ws_foxy/install/learning_gazebo_harmonic:/home/zhangjinrui/ROS2/dev_ws_foxy/install/learning_gazebo:/home/zhangjinrui/ROS2/dev_ws_foxy/install/learning_cv LD_LIBRARY_PATH=/home/zhangjinrui/AppDisk/learn_ros2/ROS2/ws02_plumbing/install/base_interfaces_demo/lib:${LD_LIBRARY_PATH} PYTHONPATH=/home/zhangjinrui/AppDisk/learn_ros2/ROS2/ws02_plumbing/install/base_interfaces_demo/local/lib/python3.10/dist-packages:${PYTHONPATH} /usr/bin/cmake /home/zhangjinrui/AppDisk/learn_ros2/ROS2/ws02_plumbing/src/cpp02_service -DCMAKE_INSTALL_PREFIX=/home/zhangjinrui/AppDisk/learn_ros2/ROS2/ws02_plumbing/install/cpp02_service
[0.742s] Invoking command in '/home/zhangjinrui/AppDisk/learn_ros2/ROS2/ws02_plumbing/build/cpp02_service': AMENT_PREFIX_PATH=/home/zhangjinrui/AppDisk/learn_ros2/ROS2/ws02_plumbing/install/base_interfaces_demo:${AMENT_PREFIX_PATH} CMAKE_PREFIX_PATH=/home/zhangjinrui/AppDisk/learn_ros2/ROS2/ws02_plumbing/install/base_interfaces_demo:/home/zhangjinrui/AppDisk/learn_ros2/ROS2/ws01_hello/install/pkg01_hello_cpp:/home/zhangjinrui/AppDisk/learn_ros2/ROS2/ws02_piumbing/install/cpp03_action:/home/zhangjinrui/AppDisk/learn_ros2/ROS2/ws02_piumbing/install/cpp02_service:/home/zhangjinrui/AppDisk/learn_ros2/ROS2/ws02_piumbing/install/cpp01_topic:/home/zhangjinrui/AppDisk/learn_ros2/ROS2/ws02_piumbing/install/base_interfaces_demo:/home/zhangjinrui/ROS2/dev_ws_foxy/install/learning_topic_cpp:/home/zhangjinrui/ROS2/dev_ws_foxy/install/learning_tf_cpp:/home/zhangjinrui/ROS2/dev_ws_foxy/install/learning_service_cpp:/home/zhangjinrui/ROS2/dev_ws_foxy/install/learning_pkg_c:/home/zhangjinrui/ROS2/dev_ws_foxy/install/learning_parameter_cpp:/home/zhangjinrui/ROS2/dev_ws_foxy/install/learning_node_cpp:/home/zhangjinrui/ROS2/dev_ws_foxy/install/learning_action_cpp:/home/zhangjinrui/ROS2/dev_ws_foxy/install/learning_interface:/home/zhangjinrui/AppDisk/learn_ros2/ROS2/ws01_hello/install/pkg02_hello_py:/home/zhangjinrui/AppDisk/learn_ros2/ROS2/ws02_piumbing/install/py02_service:/home/zhangjinrui/AppDisk/learn_ros2/ROS2/ws02_piumbing/install/py01_topic:/opt/ros/humble:/home/zhangjinrui/ROS2/dev_ws_foxy/install/learning_urdf:/home/zhangjinrui/ROS2/dev_ws_foxy/install/learning_topic:/home/zhangjinrui/ROS2/dev_ws_foxy/install/learning_tf:/home/zhangjinrui/ROS2/dev_ws_foxy/install/learning_service:/home/zhangjinrui/ROS2/dev_ws_foxy/install/learning_qos:/home/zhangjinrui/ROS2/dev_ws_foxy/install/learning_pkg_python:/home/zhangjinrui/ROS2/dev_ws_foxy/install/learning_parameter:/home/zhangjinrui/ROS2/dev_ws_foxy/install/learning_node:/home/zhangjinrui/ROS2/dev_ws_foxy/install/learning_launch:/home/zhangjinrui/ROS2/dev_ws_foxy/install/learning_action:/home/zhangjinrui/ROS2/dev_ws_foxy/install/learning_gazebo_harmonic:/home/zhangjinrui/ROS2/dev_ws_foxy/install/learning_gazebo:/home/zhangjinrui/ROS2/dev_ws_foxy/install/learning_cv LD_LIBRARY_PATH=/home/zhangjinrui/AppDisk/learn_ros2/ROS2/ws02_plumbing/install/base_interfaces_demo/lib:${LD_LIBRARY_PATH} PYTHONPATH=/home/zhangjinrui/AppDisk/learn_ros2/ROS2/ws02_plumbing/install/base_interfaces_demo/local/lib/python3.10/dist-packages:${PYTHONPATH} /usr/bin/cmake --build /home/zhangjinrui/AppDisk/learn_ros2/ROS2/ws02_plumbing/build/cpp02_service -- -j24 -l24
[0.773s] [ 25%] [32mBuilding CXX object CMakeFiles/demo01_service.dir/src/demo01_service.cpp.o[0m
[0.774s] [ 50%] [32mBuilding CXX object CMakeFiles/demo02_client.dir/src/demo02_client.cpp.o[0m
[2.773s] [ 75%] [32m[1mLinking CXX executable demo01_service[0m
[2.833s] [100%] [32m[1mLinking CXX executable demo02_client[0m
[2.853s] [100%] Built target demo01_service
[2.916s] [100%] Built target demo02_client
[2.923s] Invoked command in '/home/zhangjinrui/AppDisk/learn_ros2/ROS2/ws02_plumbing/build/cpp02_service' returned '0': AMENT_PREFIX_PATH=/home/zhangjinrui/AppDisk/learn_ros2/ROS2/ws02_plumbing/install/base_interfaces_demo:${AMENT_PREFIX_PATH} CMAKE_PREFIX_PATH=/home/zhangjinrui/AppDisk/learn_ros2/ROS2/ws02_plumbing/install/base_interfaces_demo:/home/zhangjinrui/AppDisk/learn_ros2/ROS2/ws01_hello/install/pkg01_hello_cpp:/home/zhangjinrui/AppDisk/learn_ros2/ROS2/ws02_piumbing/install/cpp03_action:/home/zhangjinrui/AppDisk/learn_ros2/ROS2/ws02_piumbing/install/cpp02_service:/home/zhangjinrui/AppDisk/learn_ros2/ROS2/ws02_piumbing/install/cpp01_topic:/home/zhangjinrui/AppDisk/learn_ros2/ROS2/ws02_piumbing/install/base_interfaces_demo:/home/zhangjinrui/ROS2/dev_ws_foxy/install/learning_topic_cpp:/home/zhangjinrui/ROS2/dev_ws_foxy/install/learning_tf_cpp:/home/zhangjinrui/ROS2/dev_ws_foxy/install/learning_service_cpp:/home/zhangjinrui/ROS2/dev_ws_foxy/install/learning_pkg_c:/home/zhangjinrui/ROS2/dev_ws_foxy/install/learning_parameter_cpp:/home/zhangjinrui/ROS2/dev_ws_foxy/install/learning_node_cpp:/home/zhangjinrui/ROS2/dev_ws_foxy/install/learning_action_cpp:/home/zhangjinrui/ROS2/dev_ws_foxy/install/learning_interface:/home/zhangjinrui/AppDisk/learn_ros2/ROS2/ws01_hello/install/pkg02_hello_py:/home/zhangjinrui/AppDisk/learn_ros2/ROS2/ws02_piumbing/install/py02_service:/home/zhangjinrui/AppDisk/learn_ros2/ROS2/ws02_piumbing/install/py01_topic:/opt/ros/humble:/home/zhangjinrui/ROS2/dev_ws_foxy/install/learning_urdf:/home/zhangjinrui/ROS2/dev_ws_foxy/install/learning_topic:/home/zhangjinrui/ROS2/dev_ws_foxy/install/learning_tf:/home/zhangjinrui/ROS2/dev_ws_foxy/install/learning_service:/home/zhangjinrui/ROS2/dev_ws_foxy/install/learning_qos:/home/zhangjinrui/ROS2/dev_ws_foxy/install/learning_pkg_python:/home/zhangjinrui/ROS2/dev_ws_foxy/install/learning_parameter:/home/zhangjinrui/ROS2/dev_ws_foxy/install/learning_node:/home/zhangjinrui/ROS2/dev_ws_foxy/install/learning_launch:/home/zhangjinrui/ROS2/dev_ws_foxy/install/learning_action:/home/zhangjinrui/ROS2/dev_ws_foxy/install/learning_gazebo_harmonic:/home/zhangjinrui/ROS2/dev_ws_foxy/install/learning_gazebo:/home/zhangjinrui/ROS2/dev_ws_foxy/install/learning_cv LD_LIBRARY_PATH=/home/zhangjinrui/AppDisk/learn_ros2/ROS2/ws02_plumbing/install/base_interfaces_demo/lib:${LD_LIBRARY_PATH} PYTHONPATH=/home/zhangjinrui/AppDisk/learn_ros2/ROS2/ws02_plumbing/install/base_interfaces_demo/local/lib/python3.10/dist-packages:${PYTHONPATH} /usr/bin/cmake --build /home/zhangjinrui/AppDisk/learn_ros2/ROS2/ws02_plumbing/build/cpp02_service -- -j24 -l24
[2.924s] Invoking command in '/home/zhangjinrui/AppDisk/learn_ros2/ROS2/ws02_plumbing/build/cpp02_service': AMENT_PREFIX_PATH=/home/zhangjinrui/AppDisk/learn_ros2/ROS2/ws02_plumbing/install/base_interfaces_demo:${AMENT_PREFIX_PATH} CMAKE_PREFIX_PATH=/home/zhangjinrui/AppDisk/learn_ros2/ROS2/ws02_plumbing/install/base_interfaces_demo:/home/zhangjinrui/AppDisk/learn_ros2/ROS2/ws01_hello/install/pkg01_hello_cpp:/home/zhangjinrui/AppDisk/learn_ros2/ROS2/ws02_piumbing/install/cpp03_action:/home/zhangjinrui/AppDisk/learn_ros2/ROS2/ws02_piumbing/install/cpp02_service:/home/zhangjinrui/AppDisk/learn_ros2/ROS2/ws02_piumbing/install/cpp01_topic:/home/zhangjinrui/AppDisk/learn_ros2/ROS2/ws02_piumbing/install/base_interfaces_demo:/home/zhangjinrui/ROS2/dev_ws_foxy/install/learning_topic_cpp:/home/zhangjinrui/ROS2/dev_ws_foxy/install/learning_tf_cpp:/home/zhangjinrui/ROS2/dev_ws_foxy/install/learning_service_cpp:/home/zhangjinrui/ROS2/dev_ws_foxy/install/learning_pkg_c:/home/zhangjinrui/ROS2/dev_ws_foxy/install/learning_parameter_cpp:/home/zhangjinrui/ROS2/dev_ws_foxy/install/learning_node_cpp:/home/zhangjinrui/ROS2/dev_ws_foxy/install/learning_action_cpp:/home/zhangjinrui/ROS2/dev_ws_foxy/install/learning_interface:/home/zhangjinrui/AppDisk/learn_ros2/ROS2/ws01_hello/install/pkg02_hello_py:/home/zhangjinrui/AppDisk/learn_ros2/ROS2/ws02_piumbing/install/py02_service:/home/zhangjinrui/AppDisk/learn_ros2/ROS2/ws02_piumbing/install/py01_topic:/opt/ros/humble:/home/zhangjinrui/ROS2/dev_ws_foxy/install/learning_urdf:/home/zhangjinrui/ROS2/dev_ws_foxy/install/learning_topic:/home/zhangjinrui/ROS2/dev_ws_foxy/install/learning_tf:/home/zhangjinrui/ROS2/dev_ws_foxy/install/learning_service:/home/zhangjinrui/ROS2/dev_ws_foxy/install/learning_qos:/home/zhangjinrui/ROS2/dev_ws_foxy/install/learning_pkg_python:/home/zhangjinrui/ROS2/dev_ws_foxy/install/learning_parameter:/home/zhangjinrui/ROS2/dev_ws_foxy/install/learning_node:/home/zhangjinrui/ROS2/dev_ws_foxy/install/learning_launch:/home/zhangjinrui/ROS2/dev_ws_foxy/install/learning_action:/home/zhangjinrui/ROS2/dev_ws_foxy/install/learning_gazebo_harmonic:/home/zhangjinrui/ROS2/dev_ws_foxy/install/learning_gazebo:/home/zhangjinrui/ROS2/dev_ws_foxy/install/learning_cv LD_LIBRARY_PATH=/home/zhangjinrui/AppDisk/learn_ros2/ROS2/ws02_plumbing/install/base_interfaces_demo/lib:${LD_LIBRARY_PATH} PYTHONPATH=/home/zhangjinrui/AppDisk/learn_ros2/ROS2/ws02_plumbing/install/base_interfaces_demo/local/lib/python3.10/dist-packages:${PYTHONPATH} /usr/bin/cmake --install /home/zhangjinrui/AppDisk/learn_ros2/ROS2/ws02_plumbing/build/cpp02_service
[2.928s] -- Install configuration: ""
[2.928s] -- Installing: /home/zhangjinrui/AppDisk/learn_ros2/ROS2/ws02_plumbing/install/cpp02_service/lib/cpp02_service/demo01_service
[2.929s] -- Set runtime path of "/home/zhangjinrui/AppDisk/learn_ros2/ROS2/ws02_plumbing/install/cpp02_service/lib/cpp02_service/demo01_service" to ""
[2.929s] -- Installing: /home/zhangjinrui/AppDisk/learn_ros2/ROS2/ws02_plumbing/install/cpp02_service/lib/cpp02_service/demo02_client
[2.929s] -- Set runtime path of "/home/zhangjinrui/AppDisk/learn_ros2/ROS2/ws02_plumbing/install/cpp02_service/lib/cpp02_service/demo02_client" to ""
[2.929s] -- Installing: /home/zhangjinrui/AppDisk/learn_ros2/ROS2/ws02_plumbing/install/cpp02_service/share/ament_index/resource_index/package_run_dependencies/cpp02_service
[2.930s] -- Installing: /home/zhangjinrui/AppDisk/learn_ros2/ROS2/ws02_plumbing/install/cpp02_service/share/ament_index/resource_index/parent_prefix_path/cpp02_service
[2.930s] -- Installing: /home/zhangjinrui/AppDisk/learn_ros2/ROS2/ws02_plumbing/install/cpp02_service/share/cpp02_service/environment/ament_prefix_path.sh
[2.930s] -- Installing: /home/zhangjinrui/AppDisk/learn_ros2/ROS2/ws02_plumbing/install/cpp02_service/share/cpp02_service/environment/ament_prefix_path.dsv
[2.930s] -- Installing: /home/zhangjinrui/AppDisk/learn_ros2/ROS2/ws02_plumbing/install/cpp02_service/share/cpp02_service/environment/path.sh
[2.930s] -- Installing: /home/zhangjinrui/AppDisk/learn_ros2/ROS2/ws02_plumbing/install/cpp02_service/share/cpp02_service/environment/path.dsv
[2.930s] -- Installing: /home/zhangjinrui/AppDisk/learn_ros2/ROS2/ws02_plumbing/install/cpp02_service/share/cpp02_service/local_setup.bash
[2.930s] -- Installing: /home/zhangjinrui/AppDisk/learn_ros2/ROS2/ws02_plumbing/install/cpp02_service/share/cpp02_service/local_setup.sh
[2.930s] -- Installing: /home/zhangjinrui/AppDisk/learn_ros2/ROS2/ws02_plumbing/install/cpp02_service/share/cpp02_service/local_setup.zsh
[2.930s] -- Installing: /home/zhangjinrui/AppDisk/learn_ros2/ROS2/ws02_plumbing/install/cpp02_service/share/cpp02_service/local_setup.dsv
[2.930s] -- Installing: /home/zhangjinrui/AppDisk/learn_ros2/ROS2/ws02_plumbing/install/cpp02_service/share/cpp02_service/package.dsv
[2.931s] -- Installing: /home/zhangjinrui/AppDisk/learn_ros2/ROS2/ws02_plumbing/install/cpp02_service/share/ament_index/resource_index/packages/cpp02_service
[2.931s] -- Installing: /home/zhangjinrui/AppDisk/learn_ros2/ROS2/ws02_plumbing/install/cpp02_service/share/cpp02_service/cmake/cpp02_serviceConfig.cmake
[2.931s] -- Installing: /home/zhangjinrui/AppDisk/learn_ros2/ROS2/ws02_plumbing/install/cpp02_service/share/cpp02_service/cmake/cpp02_serviceConfig-version.cmake
[2.931s] -- Installing: /home/zhangjinrui/AppDisk/learn_ros2/ROS2/ws02_plumbing/install/cpp02_service/share/cpp02_service/package.xml
[2.933s] Invoked command in '/home/zhangjinrui/AppDisk/learn_ros2/ROS2/ws02_plumbing/build/cpp02_service' returned '0': AMENT_PREFIX_PATH=/home/zhangjinrui/AppDisk/learn_ros2/ROS2/ws02_plumbing/install/base_interfaces_demo:${AMENT_PREFIX_PATH} CMAKE_PREFIX_PATH=/home/zhangjinrui/AppDisk/learn_ros2/ROS2/ws02_plumbing/install/base_interfaces_demo:/home/zhangjinrui/AppDisk/learn_ros2/ROS2/ws01_hello/install/pkg01_hello_cpp:/home/zhangjinrui/AppDisk/learn_ros2/ROS2/ws02_piumbing/install/cpp03_action:/home/zhangjinrui/AppDisk/learn_ros2/ROS2/ws02_piumbing/install/cpp02_service:/home/zhangjinrui/AppDisk/learn_ros2/ROS2/ws02_piumbing/install/cpp01_topic:/home/zhangjinrui/AppDisk/learn_ros2/ROS2/ws02_piumbing/install/base_interfaces_demo:/home/zhangjinrui/ROS2/dev_ws_foxy/install/learning_topic_cpp:/home/zhangjinrui/ROS2/dev_ws_foxy/install/learning_tf_cpp:/home/zhangjinrui/ROS2/dev_ws_foxy/install/learning_service_cpp:/home/zhangjinrui/ROS2/dev_ws_foxy/install/learning_pkg_c:/home/zhangjinrui/ROS2/dev_ws_foxy/install/learning_parameter_cpp:/home/zhangjinrui/ROS2/dev_ws_foxy/install/learning_node_cpp:/home/zhangjinrui/ROS2/dev_ws_foxy/install/learning_action_cpp:/home/zhangjinrui/ROS2/dev_ws_foxy/install/learning_interface:/home/zhangjinrui/AppDisk/learn_ros2/ROS2/ws01_hello/install/pkg02_hello_py:/home/zhangjinrui/AppDisk/learn_ros2/ROS2/ws02_piumbing/install/py02_service:/home/zhangjinrui/AppDisk/learn_ros2/ROS2/ws02_piumbing/install/py01_topic:/opt/ros/humble:/home/zhangjinrui/ROS2/dev_ws_foxy/install/learning_urdf:/home/zhangjinrui/ROS2/dev_ws_foxy/install/learning_topic:/home/zhangjinrui/ROS2/dev_ws_foxy/install/learning_tf:/home/zhangjinrui/ROS2/dev_ws_foxy/install/learning_service:/home/zhangjinrui/ROS2/dev_ws_foxy/install/learning_qos:/home/zhangjinrui/ROS2/dev_ws_foxy/install/learning_pkg_python:/home/zhangjinrui/ROS2/dev_ws_foxy/install/learning_parameter:/home/zhangjinrui/ROS2/dev_ws_foxy/install/learning_node:/home/zhangjinrui/ROS2/dev_ws_foxy/install/learning_launch:/home/zhangjinrui/ROS2/dev_ws_foxy/install/learning_action:/home/zhangjinrui/ROS2/dev_ws_foxy/install/learning_gazebo_harmonic:/home/zhangjinrui/ROS2/dev_ws_foxy/install/learning_gazebo:/home/zhangjinrui/ROS2/dev_ws_foxy/install/learning_cv LD_LIBRARY_PATH=/home/zhangjinrui/AppDisk/learn_ros2/ROS2/ws02_plumbing/install/base_interfaces_demo/lib:${LD_LIBRARY_PATH} PYTHONPATH=/home/zhangjinrui/AppDisk/learn_ros2/ROS2/ws02_plumbing/install/base_interfaces_demo/local/lib/python3.10/dist-packages:${PYTHONPATH} /usr/bin/cmake --install /home/zhangjinrui/AppDisk/learn_ros2/ROS2/ws02_plumbing/build/cpp02_service
