[0.453s] Invoking command in '/home/zhangjinrui/AppDisk/learn_ros2/ROS2/ws02_plumbing/src/py05_names': PYTHONPATH=/home/zhangjinrui/AppDisk/learn_ros2/ROS2/ws02_plumbing/build/py05_names/prefix_override:/usr/lib/python3/dist-packages/colcon_core/task/python/colcon_distutils_commands:/home/zhangjinrui/AppDisk/learn_ros2/ROS2/ws02_plumbing/install/py05_names/lib/python3.10/site-packages:${PYTHONPATH} /usr/bin/python3 -W ignore:setup.py install is deprecated -W ignore:easy_install command is deprecated setup.py egg_info --egg-base ../../build/py05_names build --build-base /home/zhangjinrui/AppDisk/learn_ros2/ROS2/ws02_plumbing/build/py05_names/build install --record /home/zhangjinrui/AppDisk/learn_ros2/ROS2/ws02_plumbing/build/py05_names/install.log --single-version-externally-managed install_data
[0.568s] running egg_info
[0.569s] creating ../../build/py05_names/py05_names.egg-info
[0.569s] writing ../../build/py05_names/py05_names.egg-info/PKG-INFO
[0.569s] writing dependency_links to ../../build/py05_names/py05_names.egg-info/dependency_links.txt
[0.569s] writing entry points to ../../build/py05_names/py05_names.egg-info/entry_points.txt
[0.569s] writing requirements to ../../build/py05_names/py05_names.egg-info/requires.txt
[0.569s] writing top-level names to ../../build/py05_names/py05_names.egg-info/top_level.txt
[0.569s] writing manifest file '../../build/py05_names/py05_names.egg-info/SOURCES.txt'
[0.570s] reading manifest file '../../build/py05_names/py05_names.egg-info/SOURCES.txt'
[0.570s] writing manifest file '../../build/py05_names/py05_names.egg-info/SOURCES.txt'
[0.570s] running build
[0.570s] running build_py
[0.570s] creating /home/zhangjinrui/AppDisk/learn_ros2/ROS2/ws02_plumbing/build/py05_names/build
[0.570s] creating /home/zhangjinrui/AppDisk/learn_ros2/ROS2/ws02_plumbing/build/py05_names/build/lib
[0.570s] creating /home/zhangjinrui/AppDisk/learn_ros2/ROS2/ws02_plumbing/build/py05_names/build/lib/py05_names
[0.570s] copying py05_names/demo01_names_py.py -> /home/zhangjinrui/AppDisk/learn_ros2/ROS2/ws02_plumbing/build/py05_names/build/lib/py05_names
[0.570s] copying py05_names/__init__.py -> /home/zhangjinrui/AppDisk/learn_ros2/ROS2/ws02_plumbing/build/py05_names/build/lib/py05_names
[0.570s] running install
[0.570s] running install_lib
[0.571s] creating /home/zhangjinrui/AppDisk/learn_ros2/ROS2/ws02_plumbing/install/py05_names/lib/python3.10/site-packages/py05_names
[0.571s] copying /home/zhangjinrui/AppDisk/learn_ros2/ROS2/ws02_plumbing/build/py05_names/build/lib/py05_names/demo01_names_py.py -> /home/zhangjinrui/AppDisk/learn_ros2/ROS2/ws02_plumbing/install/py05_names/lib/python3.10/site-packages/py05_names
[0.571s] copying /home/zhangjinrui/AppDisk/learn_ros2/ROS2/ws02_plumbing/build/py05_names/build/lib/py05_names/__init__.py -> /home/zhangjinrui/AppDisk/learn_ros2/ROS2/ws02_plumbing/install/py05_names/lib/python3.10/site-packages/py05_names
[0.571s] byte-compiling /home/zhangjinrui/AppDisk/learn_ros2/ROS2/ws02_plumbing/install/py05_names/lib/python3.10/site-packages/py05_names/demo01_names_py.py to demo01_names_py.cpython-310.pyc
[0.571s] byte-compiling /home/zhangjinrui/AppDisk/learn_ros2/ROS2/ws02_plumbing/install/py05_names/lib/python3.10/site-packages/py05_names/__init__.py to __init__.cpython-310.pyc
[0.571s] running install_data
[0.571s] creating /home/zhangjinrui/AppDisk/learn_ros2/ROS2/ws02_plumbing/install/py05_names/share/ament_index
[0.571s] creating /home/zhangjinrui/AppDisk/learn_ros2/ROS2/ws02_plumbing/install/py05_names/share/ament_index/resource_index
[0.572s] creating /home/zhangjinrui/AppDisk/learn_ros2/ROS2/ws02_plumbing/install/py05_names/share/ament_index/resource_index/packages
[0.572s] copying resource/py05_names -> /home/zhangjinrui/AppDisk/learn_ros2/ROS2/ws02_plumbing/install/py05_names/share/ament_index/resource_index/packages
[0.572s] copying package.xml -> /home/zhangjinrui/AppDisk/learn_ros2/ROS2/ws02_plumbing/install/py05_names/share/py05_names
[0.572s] running install_egg_info
[0.572s] Copying ../../build/py05_names/py05_names.egg-info to /home/zhangjinrui/AppDisk/learn_ros2/ROS2/ws02_plumbing/install/py05_names/lib/python3.10/site-packages/py05_names-0.1.0-py3.10.egg-info
[0.573s] running install_scripts
[0.584s] Installing demo01_names_py script to /home/zhangjinrui/AppDisk/learn_ros2/ROS2/ws02_plumbing/install/py05_names/lib/py05_names
[0.584s] writing list of installed files to '/home/zhangjinrui/AppDisk/learn_ros2/ROS2/ws02_plumbing/build/py05_names/install.log'
[0.603s] Invoked command in '/home/zhangjinrui/AppDisk/learn_ros2/ROS2/ws02_plumbing/src/py05_names' returned '0': PYTHONPATH=/home/zhangjinrui/AppDisk/learn_ros2/ROS2/ws02_plumbing/build/py05_names/prefix_override:/usr/lib/python3/dist-packages/colcon_core/task/python/colcon_distutils_commands:/home/zhangjinrui/AppDisk/learn_ros2/ROS2/ws02_plumbing/install/py05_names/lib/python3.10/site-packages:${PYTHONPATH} /usr/bin/python3 -W ignore:setup.py install is deprecated -W ignore:easy_install command is deprecated setup.py egg_info --egg-base ../../build/py05_names build --build-base /home/zhangjinrui/AppDisk/learn_ros2/ROS2/ws02_plumbing/build/py05_names/build install --record /home/zhangjinrui/AppDisk/learn_ros2/ROS2/ws02_plumbing/build/py05_names/install.log --single-version-externally-managed install_data
