[0.005s] Invoking command in '/home/ubuntu/my_code/learn_ros2/ROS2/ws02_piumbing/build/base_interfaces_demo': CMAKE_PREFIX_PATH=${CMAKE_PREFIX_PATH}:/home/ubuntu/my_code/learn_ros2/ROS2/ws01_hello/install/pkg02_hello_py:/opt/ros/humble /usr/bin/cmake /home/ubuntu/my_code/learn_ros2/ROS2/ws02_piumbing/src/base_interfaces_demo -DCMAKE_INSTALL_PREFIX=/home/ubuntu/my_code/learn_ros2/ROS2/ws02_piumbing/install/base_interfaces_demo
[0.035s] -- The C compiler identification is GNU 11.4.0
[0.064s] -- The CXX compiler identification is GNU 11.4.0
[0.068s] -- Detecting C compiler ABI info
[0.109s] -- Detecting C compiler ABI info - done
[0.113s] -- Check for working C compiler: /usr/bin/cc - skipped
[0.113s] -- Detecting C compile features
[0.113s] -- Detecting C compile features - done
[0.115s] -- Detecting CXX compiler ABI info
[0.163s] -- Detecting CXX compiler ABI info - done
[0.167s] -- Check for working CXX compiler: /usr/bin/g++-11 - skipped
[0.167s] -- Detecting CXX compile features
[0.167s] -- Detecting CXX compile features - done
[0.168s] -- Found ament_cmake: 1.3.12 (/opt/ros/humble/share/ament_cmake/cmake)
[0.256s] -- Found Python3: /usr/bin/python3 (found version "3.10.12") found components: Interpreter 
[0.303s] -- Found ament_lint_auto: 0.12.14 (/opt/ros/humble/share/ament_lint_auto/cmake)
[0.344s] -- Added test 'lint_cmake' to check CMake code style
[0.344s] -- Added test 'xmllint' to check XML markup files
[0.345s] -- Configuring done
[0.346s] -- Generating done
[0.347s] -- Build files have been written to: /home/ubuntu/my_code/learn_ros2/ROS2/ws02_piumbing/build/base_interfaces_demo
[0.349s] Invoked command in '/home/ubuntu/my_code/learn_ros2/ROS2/ws02_piumbing/build/base_interfaces_demo' returned '0': CMAKE_PREFIX_PATH=${CMAKE_PREFIX_PATH}:/home/ubuntu/my_code/learn_ros2/ROS2/ws01_hello/install/pkg02_hello_py:/opt/ros/humble /usr/bin/cmake /home/ubuntu/my_code/learn_ros2/ROS2/ws02_piumbing/src/base_interfaces_demo -DCMAKE_INSTALL_PREFIX=/home/ubuntu/my_code/learn_ros2/ROS2/ws02_piumbing/install/base_interfaces_demo
[0.350s] Invoking command in '/home/ubuntu/my_code/learn_ros2/ROS2/ws02_piumbing/build/base_interfaces_demo': CMAKE_PREFIX_PATH=${CMAKE_PREFIX_PATH}:/home/ubuntu/my_code/learn_ros2/ROS2/ws01_hello/install/pkg02_hello_py:/opt/ros/humble /usr/bin/cmake --build /home/ubuntu/my_code/learn_ros2/ROS2/ws02_piumbing/build/base_interfaces_demo -- -j20 -l20
[0.375s] Invoked command in '/home/ubuntu/my_code/learn_ros2/ROS2/ws02_piumbing/build/base_interfaces_demo' returned '0': CMAKE_PREFIX_PATH=${CMAKE_PREFIX_PATH}:/home/ubuntu/my_code/learn_ros2/ROS2/ws01_hello/install/pkg02_hello_py:/opt/ros/humble /usr/bin/cmake --build /home/ubuntu/my_code/learn_ros2/ROS2/ws02_piumbing/build/base_interfaces_demo -- -j20 -l20
[0.381s] Invoking command in '/home/ubuntu/my_code/learn_ros2/ROS2/ws02_piumbing/build/base_interfaces_demo': CMAKE_PREFIX_PATH=${CMAKE_PREFIX_PATH}:/home/ubuntu/my_code/learn_ros2/ROS2/ws01_hello/install/pkg02_hello_py:/opt/ros/humble /usr/bin/cmake --install /home/ubuntu/my_code/learn_ros2/ROS2/ws02_piumbing/build/base_interfaces_demo
[0.385s] -- Install configuration: ""
[0.385s] -- Installing: /home/ubuntu/my_code/learn_ros2/ROS2/ws02_piumbing/install/base_interfaces_demo/share/ament_index/resource_index/package_run_dependencies/base_interfaces_demo
[0.385s] -- Installing: /home/ubuntu/my_code/learn_ros2/ROS2/ws02_piumbing/install/base_interfaces_demo/share/ament_index/resource_index/parent_prefix_path/base_interfaces_demo
[0.385s] -- Installing: /home/ubuntu/my_code/learn_ros2/ROS2/ws02_piumbing/install/base_interfaces_demo/share/base_interfaces_demo/environment/ament_prefix_path.sh
[0.385s] -- Installing: /home/ubuntu/my_code/learn_ros2/ROS2/ws02_piumbing/install/base_interfaces_demo/share/base_interfaces_demo/environment/ament_prefix_path.dsv
[0.385s] -- Installing: /home/ubuntu/my_code/learn_ros2/ROS2/ws02_piumbing/install/base_interfaces_demo/share/base_interfaces_demo/environment/path.sh
[0.385s] -- Installing: /home/ubuntu/my_code/learn_ros2/ROS2/ws02_piumbing/install/base_interfaces_demo/share/base_interfaces_demo/environment/path.dsv
[0.385s] -- Installing: /home/ubuntu/my_code/learn_ros2/ROS2/ws02_piumbing/install/base_interfaces_demo/share/base_interfaces_demo/local_setup.bash
[0.385s] -- Installing: /home/ubuntu/my_code/learn_ros2/ROS2/ws02_piumbing/install/base_interfaces_demo/share/base_interfaces_demo/local_setup.sh
[0.385s] -- Installing: /home/ubuntu/my_code/learn_ros2/ROS2/ws02_piumbing/install/base_interfaces_demo/share/base_interfaces_demo/local_setup.zsh
[0.385s] -- Installing: /home/ubuntu/my_code/learn_ros2/ROS2/ws02_piumbing/install/base_interfaces_demo/share/base_interfaces_demo/local_setup.dsv
[0.385s] -- Installing: /home/ubuntu/my_code/learn_ros2/ROS2/ws02_piumbing/install/base_interfaces_demo/share/base_interfaces_demo/package.dsv
[0.385s] -- Installing: /home/ubuntu/my_code/learn_ros2/ROS2/ws02_piumbing/install/base_interfaces_demo/share/ament_index/resource_index/packages/base_interfaces_demo
[0.385s] -- Installing: /home/ubuntu/my_code/learn_ros2/ROS2/ws02_piumbing/install/base_interfaces_demo/share/base_interfaces_demo/cmake/base_interfaces_demoConfig.cmake
[0.385s] -- Installing: /home/ubuntu/my_code/learn_ros2/ROS2/ws02_piumbing/install/base_interfaces_demo/share/base_interfaces_demo/cmake/base_interfaces_demoConfig-version.cmake
[0.385s] -- Installing: /home/ubuntu/my_code/learn_ros2/ROS2/ws02_piumbing/install/base_interfaces_demo/share/base_interfaces_demo/package.xml
[0.386s] Invoked command in '/home/ubuntu/my_code/learn_ros2/ROS2/ws02_piumbing/build/base_interfaces_demo' returned '0': CMAKE_PREFIX_PATH=${CMAKE_PREFIX_PATH}:/home/ubuntu/my_code/learn_ros2/ROS2/ws01_hello/install/pkg02_hello_py:/opt/ros/humble /usr/bin/cmake --install /home/ubuntu/my_code/learn_ros2/ROS2/ws02_piumbing/build/base_interfaces_demo
