[0.005s] Invoking command in '/home/ubuntu/my_code/learn_ros2/ROS2/ws02_piumbing/build/cpp01_topic': AMENT_PREFIX_PATH=/home/ubuntu/my_code/learn_ros2/ROS2/ws02_piumbing/install/base_interfaces_demo:${AMENT_PREFIX_PATH} CMAKE_PREFIX_PATH=/home/ubuntu/my_code/learn_ros2/ROS2/ws02_piumbing/install/base_interfaces_demo:/home/ubuntu/my_code/learn_ros2/ROS2/ws01_hello/install/pkg01_hello_cpp:/home/ubuntu/my_code/learn_ros2/ROS2/ws01_hello/install/pkg02_hello_py:/opt/ros/humble /usr/bin/cmake /home/ubuntu/my_code/learn_ros2/ROS2/ws02_piumbing/src/cpp01_topic -DCMAKE_INSTALL_PREFIX=/home/ubuntu/my_code/learn_ros2/ROS2/ws02_piumbing/install/cpp01_topic
[0.034s] -- The C compiler identification is GNU 11.4.0
[0.064s] -- The CXX compiler identification is GNU 11.4.0
[0.069s] -- Detecting C compiler ABI info
[0.108s] -- Detecting C compiler ABI info - done
[0.112s] -- Check for working C compiler: /usr/bin/cc - skipped
[0.112s] -- Detecting C compile features
[0.112s] -- Detecting C compile features - done
[0.114s] -- Detecting CXX compiler ABI info
[0.160s] -- Detecting CXX compiler ABI info - done
[0.164s] -- Check for working CXX compiler: /usr/bin/g++-11 - skipped
[0.164s] -- Detecting CXX compile features
[0.164s] -- Detecting CXX compile features - done
[0.166s] -- Found ament_cmake: 1.3.12 (/opt/ros/humble/share/ament_cmake/cmake)
[0.253s] -- Found Python3: /usr/bin/python3 (found version "3.10.12") found components: Interpreter 
[0.301s] -- Found rclcpp: 16.0.14 (/opt/ros/humble/share/rclcpp/cmake)
[0.320s] -- Found rosidl_generator_c: 3.1.7 (/opt/ros/humble/share/rosidl_generator_c/cmake)
[0.323s] -- Found rosidl_adapter: 3.1.7 (/opt/ros/humble/share/rosidl_adapter/cmake)
[0.326s] -- Found rosidl_generator_cpp: 3.1.7 (/opt/ros/humble/share/rosidl_generator_cpp/cmake)
[0.332s] -- Using all available rosidl_typesupport_c: rosidl_typesupport_fastrtps_c;rosidl_typesupport_introspection_c
[0.340s] -- Using all available rosidl_typesupport_cpp: rosidl_typesupport_fastrtps_cpp;rosidl_typesupport_introspection_cpp
[0.361s] -- Found rmw_implementation_cmake: 6.1.2 (/opt/ros/humble/share/rmw_implementation_cmake/cmake)
[0.363s] -- Found rmw_fastrtps_cpp: 6.2.8 (/opt/ros/humble/share/rmw_fastrtps_cpp/cmake)
[0.409s] -- Found OpenSSL: /usr/lib/x86_64-linux-gnu/libcrypto.so (found version "3.0.2")  
[0.423s] -- Found FastRTPS: /opt/ros/humble/include  
[0.447s] -- Using RMW implementation 'rmw_fastrtps_cpp' as default
[0.450s] -- Looking for pthread.h
[0.492s] -- Looking for pthread.h - found
[0.492s] -- Performing Test CMAKE_HAVE_LIBC_PTHREAD
[0.536s] -- Performing Test CMAKE_HAVE_LIBC_PTHREAD - Success
[0.536s] -- Found Threads: TRUE  
[0.562s] -- Found base_interfaces_demo: 0.0.0 (/home/ubuntu/my_code/learn_ros2/ROS2/ws02_piumbing/install/base_interfaces_demo/share/base_interfaces_demo/cmake)
[0.563s] -- Found ament_lint_auto: 0.12.14 (/opt/ros/humble/share/ament_lint_auto/cmake)
[0.602s] -- Added test 'cppcheck' to perform static code analysis on C / C++ code
[0.602s] -- Configured cppcheck include dirs: $<BUILD_INTERFACE:/home/ubuntu/my_code/learn_ros2/ROS2/ws02_piumbing/src/cpp01_topic/include>
[0.602s] -- Configured cppcheck exclude dirs and/or files: 
[0.603s] -- Added test 'lint_cmake' to check CMake code style
[0.603s] -- Added test 'uncrustify' to check C / C++ code style
[0.603s] -- Configured uncrustify additional arguments: 
[0.603s] -- Added test 'xmllint' to check XML markup files
[0.604s] -- Configuring done
[0.608s] -- Generating done
[0.609s] -- Build files have been written to: /home/ubuntu/my_code/learn_ros2/ROS2/ws02_piumbing/build/cpp01_topic
[0.615s] Invoked command in '/home/ubuntu/my_code/learn_ros2/ROS2/ws02_piumbing/build/cpp01_topic' returned '0': AMENT_PREFIX_PATH=/home/ubuntu/my_code/learn_ros2/ROS2/ws02_piumbing/install/base_interfaces_demo:${AMENT_PREFIX_PATH} CMAKE_PREFIX_PATH=/home/ubuntu/my_code/learn_ros2/ROS2/ws02_piumbing/install/base_interfaces_demo:/home/ubuntu/my_code/learn_ros2/ROS2/ws01_hello/install/pkg01_hello_cpp:/home/ubuntu/my_code/learn_ros2/ROS2/ws01_hello/install/pkg02_hello_py:/opt/ros/humble /usr/bin/cmake /home/ubuntu/my_code/learn_ros2/ROS2/ws02_piumbing/src/cpp01_topic -DCMAKE_INSTALL_PREFIX=/home/ubuntu/my_code/learn_ros2/ROS2/ws02_piumbing/install/cpp01_topic
[0.615s] Invoking command in '/home/ubuntu/my_code/learn_ros2/ROS2/ws02_piumbing/build/cpp01_topic': AMENT_PREFIX_PATH=/home/ubuntu/my_code/learn_ros2/ROS2/ws02_piumbing/install/base_interfaces_demo:${AMENT_PREFIX_PATH} CMAKE_PREFIX_PATH=/home/ubuntu/my_code/learn_ros2/ROS2/ws02_piumbing/install/base_interfaces_demo:/home/ubuntu/my_code/learn_ros2/ROS2/ws01_hello/install/pkg01_hello_cpp:/home/ubuntu/my_code/learn_ros2/ROS2/ws01_hello/install/pkg02_hello_py:/opt/ros/humble /usr/bin/cmake --build /home/ubuntu/my_code/learn_ros2/ROS2/ws02_piumbing/build/cpp01_topic -- -j20 -l20
[0.643s] [ 50%] [32mBuilding CXX object CMakeFiles/demo01_talker_cpp.dir/src/demo01_talker_cpp.cpp.o[0m
[2.684s] [100%] [32m[1mLinking CXX executable demo01_talker_cpp[0m
[2.779s] [100%] Built target demo01_talker_cpp
[2.785s] Invoked command in '/home/ubuntu/my_code/learn_ros2/ROS2/ws02_piumbing/build/cpp01_topic' returned '0': AMENT_PREFIX_PATH=/home/ubuntu/my_code/learn_ros2/ROS2/ws02_piumbing/install/base_interfaces_demo:${AMENT_PREFIX_PATH} CMAKE_PREFIX_PATH=/home/ubuntu/my_code/learn_ros2/ROS2/ws02_piumbing/install/base_interfaces_demo:/home/ubuntu/my_code/learn_ros2/ROS2/ws01_hello/install/pkg01_hello_cpp:/home/ubuntu/my_code/learn_ros2/ROS2/ws01_hello/install/pkg02_hello_py:/opt/ros/humble /usr/bin/cmake --build /home/ubuntu/my_code/learn_ros2/ROS2/ws02_piumbing/build/cpp01_topic -- -j20 -l20
[2.786s] Invoking command in '/home/ubuntu/my_code/learn_ros2/ROS2/ws02_piumbing/build/cpp01_topic': AMENT_PREFIX_PATH=/home/ubuntu/my_code/learn_ros2/ROS2/ws02_piumbing/install/base_interfaces_demo:${AMENT_PREFIX_PATH} CMAKE_PREFIX_PATH=/home/ubuntu/my_code/learn_ros2/ROS2/ws02_piumbing/install/base_interfaces_demo:/home/ubuntu/my_code/learn_ros2/ROS2/ws01_hello/install/pkg01_hello_cpp:/home/ubuntu/my_code/learn_ros2/ROS2/ws01_hello/install/pkg02_hello_py:/opt/ros/humble /usr/bin/cmake --install /home/ubuntu/my_code/learn_ros2/ROS2/ws02_piumbing/build/cpp01_topic
[2.790s] -- Install configuration: ""
[2.790s] -- Installing: /home/ubuntu/my_code/learn_ros2/ROS2/ws02_piumbing/install/cpp01_topic/lib/cpp01_topic/demo01_talker_cpp
[2.791s] -- Set runtime path of "/home/ubuntu/my_code/learn_ros2/ROS2/ws02_piumbing/install/cpp01_topic/lib/cpp01_topic/demo01_talker_cpp" to ""
[2.791s] -- Installing: /home/ubuntu/my_code/learn_ros2/ROS2/ws02_piumbing/install/cpp01_topic/share/ament_index/resource_index/package_run_dependencies/cpp01_topic
[2.791s] -- Installing: /home/ubuntu/my_code/learn_ros2/ROS2/ws02_piumbing/install/cpp01_topic/share/ament_index/resource_index/parent_prefix_path/cpp01_topic
[2.791s] -- Installing: /home/ubuntu/my_code/learn_ros2/ROS2/ws02_piumbing/install/cpp01_topic/share/cpp01_topic/environment/ament_prefix_path.sh
[2.791s] -- Installing: /home/ubuntu/my_code/learn_ros2/ROS2/ws02_piumbing/install/cpp01_topic/share/cpp01_topic/environment/ament_prefix_path.dsv
[2.791s] -- Installing: /home/ubuntu/my_code/learn_ros2/ROS2/ws02_piumbing/install/cpp01_topic/share/cpp01_topic/environment/path.sh
[2.791s] -- Installing: /home/ubuntu/my_code/learn_ros2/ROS2/ws02_piumbing/install/cpp01_topic/share/cpp01_topic/environment/path.dsv
[2.791s] -- Installing: /home/ubuntu/my_code/learn_ros2/ROS2/ws02_piumbing/install/cpp01_topic/share/cpp01_topic/local_setup.bash
[2.791s] -- Installing: /home/ubuntu/my_code/learn_ros2/ROS2/ws02_piumbing/install/cpp01_topic/share/cpp01_topic/local_setup.sh
[2.791s] -- Installing: /home/ubuntu/my_code/learn_ros2/ROS2/ws02_piumbing/install/cpp01_topic/share/cpp01_topic/local_setup.zsh
[2.791s] -- Installing: /home/ubuntu/my_code/learn_ros2/ROS2/ws02_piumbing/install/cpp01_topic/share/cpp01_topic/local_setup.dsv
[2.791s] -- Installing: /home/ubuntu/my_code/learn_ros2/ROS2/ws02_piumbing/install/cpp01_topic/share/cpp01_topic/package.dsv
[2.791s] -- Installing: /home/ubuntu/my_code/learn_ros2/ROS2/ws02_piumbing/install/cpp01_topic/share/ament_index/resource_index/packages/cpp01_topic
[2.792s] -- Installing: /home/ubuntu/my_code/learn_ros2/ROS2/ws02_piumbing/install/cpp01_topic/share/cpp01_topic/cmake/cpp01_topicConfig.cmake
[2.792s] -- Installing: /home/ubuntu/my_code/learn_ros2/ROS2/ws02_piumbing/install/cpp01_topic/share/cpp01_topic/cmake/cpp01_topicConfig-version.cmake
[2.792s] -- Installing: /home/ubuntu/my_code/learn_ros2/ROS2/ws02_piumbing/install/cpp01_topic/share/cpp01_topic/package.xml
[2.793s] Invoked command in '/home/ubuntu/my_code/learn_ros2/ROS2/ws02_piumbing/build/cpp01_topic' returned '0': AMENT_PREFIX_PATH=/home/ubuntu/my_code/learn_ros2/ROS2/ws02_piumbing/install/base_interfaces_demo:${AMENT_PREFIX_PATH} CMAKE_PREFIX_PATH=/home/ubuntu/my_code/learn_ros2/ROS2/ws02_piumbing/install/base_interfaces_demo:/home/ubuntu/my_code/learn_ros2/ROS2/ws01_hello/install/pkg01_hello_cpp:/home/ubuntu/my_code/learn_ros2/ROS2/ws01_hello/install/pkg02_hello_py:/opt/ros/humble /usr/bin/cmake --install /home/ubuntu/my_code/learn_ros2/ROS2/ws02_piumbing/build/cpp01_topic
