[100%] Built target exer03_client
[100%] Built target exer02_server
-- Install configuration: ""
-- Up-to-date: /home/zhangjinrui/AppDisk/learn_ros2/ROS2/ws03_exercise/install/cpp02_service_exercise/lib/cpp02_service_exercise/exer02_server
-- Up-to-date: /home/zhangjinrui/AppDisk/learn_ros2/ROS2/ws03_exercise/install/cpp02_service_exercise/lib/cpp02_service_exercise/exer03_client
-- Up-to-date: /home/zhangjinrui/AppDisk/learn_ros2/ROS2/ws03_exercise/install/cpp02_service_exercise/share/cpp02_service_exercise/launch
-- Up-to-date: /home/zhangjinrui/AppDisk/learn_ros2/ROS2/ws03_exercise/install/cpp02_service_exercise/share/cpp02_service_exercise/launch/exer02_server_launch.py
-- Up-to-date: /home/zhangjinrui/AppDisk/learn_ros2/ROS2/ws03_exercise/install/cpp02_service_exercise/share/cpp02_service_exercise/launch/exer03_client_launch.py
-- Up-to-date: /home/zhangjinrui/AppDisk/learn_ros2/ROS2/ws03_exercise/install/cpp02_service_exercise/share/ament_index/resource_index/package_run_dependencies/cpp02_service_exercise
-- Up-to-date: /home/zhangjinrui/AppDisk/learn_ros2/ROS2/ws03_exercise/install/cpp02_service_exercise/share/ament_index/resource_index/parent_prefix_path/cpp02_service_exercise
-- Up-to-date: /home/zhangjinrui/AppDisk/learn_ros2/ROS2/ws03_exercise/install/cpp02_service_exercise/share/cpp02_service_exercise/environment/ament_prefix_path.sh
-- Up-to-date: /home/zhangjinrui/AppDisk/learn_ros2/ROS2/ws03_exercise/install/cpp02_service_exercise/share/cpp02_service_exercise/environment/ament_prefix_path.dsv
-- Up-to-date: /home/zhangjinrui/AppDisk/learn_ros2/ROS2/ws03_exercise/install/cpp02_service_exercise/share/cpp02_service_exercise/environment/path.sh
-- Up-to-date: /home/zhangjinrui/AppDisk/learn_ros2/ROS2/ws03_exercise/install/cpp02_service_exercise/share/cpp02_service_exercise/environment/path.dsv
-- Up-to-date: /home/zhangjinrui/AppDisk/learn_ros2/ROS2/ws03_exercise/install/cpp02_service_exercise/share/cpp02_service_exercise/local_setup.bash
-- Up-to-date: /home/zhangjinrui/AppDisk/learn_ros2/ROS2/ws03_exercise/install/cpp02_service_exercise/share/cpp02_service_exercise/local_setup.sh
-- Up-to-date: /home/zhangjinrui/AppDisk/learn_ros2/ROS2/ws03_exercise/install/cpp02_service_exercise/share/cpp02_service_exercise/local_setup.zsh
-- Up-to-date: /home/zhangjinrui/AppDisk/learn_ros2/ROS2/ws03_exercise/install/cpp02_service_exercise/share/cpp02_service_exercise/local_setup.dsv
-- Installing: /home/zhangjinrui/AppDisk/learn_ros2/ROS2/ws03_exercise/install/cpp02_service_exercise/share/cpp02_service_exercise/package.dsv
-- Up-to-date: /home/zhangjinrui/AppDisk/learn_ros2/ROS2/ws03_exercise/install/cpp02_service_exercise/share/ament_index/resource_index/packages/cpp02_service_exercise
-- Up-to-date: /home/zhangjinrui/AppDisk/learn_ros2/ROS2/ws03_exercise/install/cpp02_service_exercise/share/cpp02_service_exercise/cmake/cpp02_service_exerciseConfig.cmake
-- Up-to-date: /home/zhangjinrui/AppDisk/learn_ros2/ROS2/ws03_exercise/install/cpp02_service_exercise/share/cpp02_service_exercise/cmake/cpp02_service_exerciseConfig-version.cmake
-- Up-to-date: /home/zhangjinrui/AppDisk/learn_ros2/ROS2/ws03_exercise/install/cpp02_service_exercise/share/cpp02_service_exercise/package.xml
