[0.000000] (-) TimerEvent: {}
[0.000184] (pkg01_hello_cpp) JobQueued: {'identifier': 'pkg01_hello_cpp', 'dependencies': OrderedDict()}
[0.000205] (pkg02_hello_py) JobQueued: {'identifier': 'pkg02_hello_py', 'dependencies': OrderedDict()}
[0.000485] (pkg01_hello_cpp) JobStarted: {'identifier': 'pkg01_hello_cpp'}
[0.005781] (pkg02_hello_py) JobStarted: {'identifier': 'pkg02_hello_py'}
[0.009666] (pkg01_hello_cpp) JobProgress: {'identifier': 'pkg01_hello_cpp', 'progress': 'cmake'}
[0.009915] (pkg01_hello_cpp) Command: {'cmd': ['/usr/local/bin/cmake', '/home/zhangjinrui/AppDisk/learn_ros2/ROS2/ws01_hello/src/pkg01_hello_cpp', '-DCMAKE_INSTALL_PREFIX=/home/zhangjinrui/AppDisk/learn_ros2/ROS2/ws01_hello/install/pkg01_hello_cpp'], 'cwd': '/home/zhangjinrui/AppDisk/learn_ros2/ROS2/ws01_hello/build/pkg01_hello_cpp', 'env': OrderedDict([('LANGUAGE', 'zh_CN:zh'), ('USER', 'zhangjinrui'), ('XDG_SESSION_TYPE', 'x11'), ('SHLVL', '1'), ('LD_LIBRARY_PATH', '/home/zhangjinrui/ROS2/dev_ws_humble/install/learning_interface/lib:/home/zhangjinrui/AppDisk/learn_ros2/ROS2/ws02_plumbing/install/base_interfaces_demo/lib:/opt/ros/humble/opt/rviz_ogre_vendor/lib:/opt/ros/humble/lib/x86_64-linux-gnu:/opt/ros/humble/lib:/usr/lib/x86_64-linux-gnu:'), ('HOME', '/home/zhangjinrui'), ('CONDA_SHLVL', '0'), ('DESKTOP_SESSION', 'ubuntu'), ('ROS_PYTHON_VERSION', '3'), ('GNOME_SHELL_SESSION_MODE', 'ubuntu'), ('GTK_MODULES', 'gail:atk-bridge'), ('DBUS_STARTER_BUS_TYPE', 'session'), ('SYSTEMD_EXEC_PID', '1768'), ('DBUS_SESSION_BUS_ADDRESS', 'unix:path=/run/user/1000/bus,guid=e74b62fc8e6e380153288b0d68954e9b'), ('COLORTERM', 'truecolor'), ('_CE_M', ''), ('CARLA_ROOT', '/home/zhangjinrui/AppDisk/carla_ros/CARLA_0.9.15'), ('IM_CONFIG_PHASE', '1'), ('COLCON_PREFIX_PATH', '/home/zhangjinrui/ROS2/dev_ws_humble/install:/home/zhangjinrui/AppDisk/learn_ros2/ROS2/ws02_plumbing/install'), ('ROS_DISTRO', 'humble'), ('GTK_IM_MODULE', 'ibus'), ('LOGNAME', 'zhangjinrui'), ('CONDA_ROOT', '/home/zhangjinrui/AppDisk/anaconda3'), ('_', '/usr/bin/colcon'), ('ROS_VERSION', '2'), ('XDG_SESSION_CLASS', 'user'), ('USERNAME', 'zhangjinrui'), ('TERM', 'xterm-256color'), ('GNOME_DESKTOP_SESSION_ID', 'this-is-deprecated'), ('_CE_CONDA', ''), ('ROS_LOCALHOST_ONLY', '0'), ('WINDOWPATH', '2'), ('PATH', '/home/zhangjinrui/.fishros/bin:/home/zhangjinrui/.docker/setup:/opt/ros/humble/bin:/home/zhangjinrui/AppDisk/anaconda3/bin:/usr/local/bin:/usr/bin:/bin:/usr/local/sbin:/usr/sbin:/sbin:/home/zhangjinrui/.local/bin:/home/zhangjinrui/AppDisk/anaconda3/condabin:/usr/games:/usr/local/games:/snap/bin'), ('SESSION_MANAGER', 'local/MSI:@/tmp/.ICE-unix/1768,unix/MSI:/tmp/.ICE-unix/1768'), ('XDG_MENU_PREFIX', 'gnome-'), ('GNOME_TERMINAL_SCREEN', '/org/gnome/Terminal/screen/6db93f61_427a_445a_895f_de51a232642a'), ('XDG_RUNTIME_DIR', '/run/user/1000'), ('DISPLAY', ':0'), ('LANG', 'zh_CN.UTF-8'), ('XDG_CURRENT_DESKTOP', 'ubuntu:GNOME'), ('XMODIFIERS', '@im=ibus'), ('XDG_SESSION_DESKTOP', 'ubuntu'), ('XAUTHORITY', '/run/user/1000/gdm/Xauthority'), ('GNOME_TERMINAL_SERVICE', ':1.183'), ('SSH_AGENT_LAUNCHER', 'gnome-keyring'), ('SSH_AUTH_SOCK', '/run/user/1000/keyring/ssh'), ('AMENT_PREFIX_PATH', '/home/zhangjinrui/ROS2/dev_ws_humble/install/learning_urdf:/home/zhangjinrui/ROS2/dev_ws_humble/install/learning_topic_cpp:/home/zhangjinrui/ROS2/dev_ws_humble/install/learning_topic:/home/zhangjinrui/ROS2/dev_ws_humble/install/learning_tf_cpp:/home/zhangjinrui/ROS2/dev_ws_humble/install/learning_tf:/home/zhangjinrui/ROS2/dev_ws_humble/install/learning_service_cpp:/home/zhangjinrui/ROS2/dev_ws_humble/install/learning_service:/home/zhangjinrui/ROS2/dev_ws_humble/install/learning_qos:/home/zhangjinrui/ROS2/dev_ws_humble/install/learning_pkg_python:/home/zhangjinrui/ROS2/dev_ws_humble/install/learning_pkg_c:/home/zhangjinrui/ROS2/dev_ws_humble/install/learning_parameter_cpp:/home/zhangjinrui/ROS2/dev_ws_humble/install/learning_parameter:/home/zhangjinrui/ROS2/dev_ws_humble/install/learning_node_cpp:/home/zhangjinrui/ROS2/dev_ws_humble/install/learning_node:/home/zhangjinrui/ROS2/dev_ws_humble/install/learning_launch:/home/zhangjinrui/ROS2/dev_ws_humble/install/learning_action_cpp:/home/zhangjinrui/ROS2/dev_ws_humble/install/learning_action:/home/zhangjinrui/ROS2/dev_ws_humble/install/learning_interface:/home/zhangjinrui/ROS2/dev_ws_humble/install/learning_gazebo_harmonic:/home/zhangjinrui/ROS2/dev_ws_humble/install/learning_gazebo:/home/zhangjinrui/ROS2/dev_ws_humble/install/learning_cv:/home/zhangjinrui/AppDisk/learn_ros2/ROS2/ws02_plumbing/install/py04_param:/home/zhangjinrui/AppDisk/learn_ros2/ROS2/ws02_plumbing/install/py03_action:/home/zhangjinrui/AppDisk/learn_ros2/ROS2/ws02_plumbing/install/py02_service:/home/zhangjinrui/AppDisk/learn_ros2/ROS2/ws02_plumbing/install/py01_topic:/home/zhangjinrui/AppDisk/learn_ros2/ROS2/ws02_plumbing/install/cpp04_param:/home/zhangjinrui/AppDisk/learn_ros2/ROS2/ws02_plumbing/install/cpp03_action:/home/zhangjinrui/AppDisk/learn_ros2/ROS2/ws02_plumbing/install/cpp02_service:/home/zhangjinrui/AppDisk/learn_ros2/ROS2/ws02_plumbing/install/cpp01_topic:/home/zhangjinrui/AppDisk/learn_ros2/ROS2/ws02_plumbing/install/base_interfaces_demo:/opt/ros/humble'), ('CONDA_PYTHON_EXE', '/home/zhangjinrui/AppDisk/anaconda3/bin/python'), ('SHELL', '/bin/bash'), ('QT_ACCESSIBILITY', '1'), ('GDMSESSION', 'ubuntu'), ('GPG_AGENT_INFO', '/run/user/1000/gnupg/S.gpg-agent:0:1'), ('QT_IM_MODULE', 'ibus'), ('PWD', '/home/zhangjinrui/AppDisk/learn_ros2/ROS2/ws01_hello/build/pkg01_hello_cpp'), ('XDG_CONFIG_DIRS', '/etc/xdg/xdg-ubuntu:/etc/xdg'), ('CONDA_EXE', '/home/zhangjinrui/AppDisk/anaconda3/bin/conda'), ('DBUS_STARTER_ADDRESS', 'unix:path=/run/user/1000/bus,guid=e74b62fc8e6e380153288b0d68954e9b'), ('XDG_DATA_DIRS', '/usr/share/ubuntu:/usr/share/gnome:/usr/local/share/:/usr/share/:/var/lib/snapd/desktop'), ('UE4_ROOT', '/home/zhangjinrui/AppDisk/UnrealEngine_4.26'), ('PYTHONPATH', '/home/zhangjinrui/ROS2/dev_ws_humble/install/learning_urdf/lib/python3.10/site-packages:/home/zhangjinrui/ROS2/dev_ws_humble/install/learning_topic/lib/python3.10/site-packages:/home/zhangjinrui/ROS2/dev_ws_humble/install/learning_tf/lib/python3.10/site-packages:/home/zhangjinrui/ROS2/dev_ws_humble/install/learning_service/lib/python3.10/site-packages:/home/zhangjinrui/ROS2/dev_ws_humble/install/learning_qos/lib/python3.10/site-packages:/home/zhangjinrui/ROS2/dev_ws_humble/install/learning_pkg_python/lib/python3.10/site-packages:/home/zhangjinrui/ROS2/dev_ws_humble/install/learning_parameter/lib/python3.10/site-packages:/home/zhangjinrui/ROS2/dev_ws_humble/install/learning_node/lib/python3.10/site-packages:/home/zhangjinrui/ROS2/dev_ws_humble/install/learning_launch/lib/python3.10/site-packages:/home/zhangjinrui/ROS2/dev_ws_humble/install/learning_action/lib/python3.10/site-packages:/home/zhangjinrui/ROS2/dev_ws_humble/install/learning_interface/local/lib/python3.10/dist-packages:/home/zhangjinrui/ROS2/dev_ws_humble/install/learning_gazebo_harmonic/lib/python3.10/site-packages:/home/zhangjinrui/ROS2/dev_ws_humble/install/learning_gazebo/lib/python3.10/site-packages:/home/zhangjinrui/ROS2/dev_ws_humble/install/learning_cv/lib/python3.10/site-packages:/home/zhangjinrui/AppDisk/learn_ros2/ROS2/ws02_plumbing/install/py04_param/lib/python3.10/site-packages:/home/zhangjinrui/AppDisk/learn_ros2/ROS2/ws02_plumbing/install/py03_action/lib/python3.10/site-packages:/home/zhangjinrui/AppDisk/learn_ros2/ROS2/ws02_plumbing/install/py02_service/lib/python3.10/site-packages:/home/zhangjinrui/AppDisk/learn_ros2/ROS2/ws02_plumbing/install/py01_topic/lib/python3.10/site-packages:/home/zhangjinrui/AppDisk/learn_ros2/ROS2/ws02_plumbing/install/base_interfaces_demo/local/lib/python3.10/dist-packages:/opt/ros/humble/lib/python3.10/site-packages:/opt/ros/humble/local/lib/python3.10/dist-packages:/home/zhangjinrui/AppDisk/carla_ros/CARLA_0.9.15/PythonAPI/carla/dist/carla-0.9.15-py3.7-linux-x86_64.egg:/home/zhangjinrui/AppDisk/carla_ros/CARLA_0.9.15/PythonAPI/carla:'), ('COLCON', '1'), ('VTE_VERSION', '6800'), ('CMAKE_PREFIX_PATH', '/home/zhangjinrui/ROS2/dev_ws_humble/install/learning_topic_cpp:/home/zhangjinrui/ROS2/dev_ws_humble/install/learning_tf_cpp:/home/zhangjinrui/ROS2/dev_ws_humble/install/learning_service_cpp:/home/zhangjinrui/ROS2/dev_ws_humble/install/learning_pkg_c:/home/zhangjinrui/ROS2/dev_ws_humble/install/learning_parameter_cpp:/home/zhangjinrui/ROS2/dev_ws_humble/install/learning_node_cpp:/home/zhangjinrui/ROS2/dev_ws_humble/install/learning_action_cpp:/home/zhangjinrui/ROS2/dev_ws_humble/install/learning_interface:/home/zhangjinrui/AppDisk/learn_ros2/ROS2/ws02_plumbing/install/cpp04_param:/home/zhangjinrui/AppDisk/learn_ros2/ROS2/ws02_plumbing/install/cpp03_action:/home/zhangjinrui/AppDisk/learn_ros2/ROS2/ws02_plumbing/install/cpp02_service:/home/zhangjinrui/AppDisk/learn_ros2/ROS2/ws02_plumbing/install/cpp01_topic:/home/zhangjinrui/AppDisk/learn_ros2/ROS2/ws02_plumbing/install/base_interfaces_demo:/home/zhangjinrui/ROS2/dev_ws_humble/install/learning_urdf:/home/zhangjinrui/ROS2/dev_ws_humble/install/learning_topic:/home/zhangjinrui/ROS2/dev_ws_humble/install/learning_tf:/home/zhangjinrui/ROS2/dev_ws_humble/install/learning_service:/home/zhangjinrui/ROS2/dev_ws_humble/install/learning_qos:/home/zhangjinrui/ROS2/dev_ws_humble/install/learning_pkg_python:/home/zhangjinrui/ROS2/dev_ws_humble/install/learning_parameter:/home/zhangjinrui/ROS2/dev_ws_humble/install/learning_node:/home/zhangjinrui/ROS2/dev_ws_humble/install/learning_launch:/home/zhangjinrui/ROS2/dev_ws_humble/install/learning_action:/home/zhangjinrui/ROS2/dev_ws_humble/install/learning_gazebo_harmonic:/home/zhangjinrui/ROS2/dev_ws_humble/install/learning_gazebo:/home/zhangjinrui/ROS2/dev_ws_humble/install/learning_cv:/home/zhangjinrui/AppDisk/learn_ros2/ROS2/ws02_plumbing/install/py04_param:/home/zhangjinrui/AppDisk/learn_ros2/ROS2/ws02_plumbing/install/py03_action:/home/zhangjinrui/AppDisk/learn_ros2/ROS2/ws02_plumbing/install/py02_service:/home/zhangjinrui/AppDisk/learn_ros2/ROS2/ws02_plumbing/install/py01_topic:/opt/ros/humble')]), 'shell': False}
[0.041254] (pkg01_hello_cpp) StdoutLine: {'line': b'-- The C compiler identification is GNU 11.4.0\n'}
[0.072167] (pkg01_hello_cpp) StdoutLine: {'line': b'-- The CXX compiler identification is GNU 11.4.0\n'}
[0.077941] (pkg01_hello_cpp) StdoutLine: {'line': b'-- Detecting C compiler ABI info\n'}
[0.099848] (-) TimerEvent: {}
[0.111157] (pkg01_hello_cpp) StdoutLine: {'line': b'-- Detecting C compiler ABI info - done\n'}
[0.115600] (pkg01_hello_cpp) StdoutLine: {'line': b'-- Check for working C compiler: /usr/bin/cc - skipped\n'}
[0.115750] (pkg01_hello_cpp) StdoutLine: {'line': b'-- Detecting C compile features\n'}
[0.115951] (pkg01_hello_cpp) StdoutLine: {'line': b'-- Detecting C compile features - done\n'}
[0.117584] (pkg01_hello_cpp) StdoutLine: {'line': b'-- Detecting CXX compiler ABI info\n'}
[0.158036] (pkg01_hello_cpp) StdoutLine: {'line': b'-- Detecting CXX compiler ABI info - done\n'}
[0.162505] (pkg01_hello_cpp) StdoutLine: {'line': b'-- Check for working CXX compiler: /usr/bin/c++ - skipped\n'}
[0.162700] (pkg01_hello_cpp) StdoutLine: {'line': b'-- Detecting CXX compile features\n'}
[0.162943] (pkg01_hello_cpp) StdoutLine: {'line': b'-- Detecting CXX compile features - done\n'}
[0.165962] (pkg01_hello_cpp) StdoutLine: {'line': b'-- Found ament_cmake: 1.3.12 (/opt/ros/humble/share/ament_cmake/cmake)\n'}
[0.199941] (-) TimerEvent: {}
[0.300175] (-) TimerEvent: {}
[0.327435] (pkg02_hello_py) Command: {'cmd': ['/usr/bin/python3', '-W', 'ignore:setup.py install is deprecated', '-W', 'ignore:easy_install command is deprecated', 'setup.py', 'egg_info', '--egg-base', '../../build/pkg02_hello_py', 'build', '--build-base', '/home/zhangjinrui/AppDisk/learn_ros2/ROS2/ws01_hello/build/pkg02_hello_py/build', 'install', '--record', '/home/zhangjinrui/AppDisk/learn_ros2/ROS2/ws01_hello/build/pkg02_hello_py/install.log', '--single-version-externally-managed', 'install_data'], 'cwd': '/home/zhangjinrui/AppDisk/learn_ros2/ROS2/ws01_hello/src/pkg02_hello_py', 'env': {'LANGUAGE': 'zh_CN:zh', 'USER': 'zhangjinrui', 'XDG_SESSION_TYPE': 'x11', 'SHLVL': '1', 'LD_LIBRARY_PATH': '/home/zhangjinrui/ROS2/dev_ws_humble/install/learning_interface/lib:/home/zhangjinrui/AppDisk/learn_ros2/ROS2/ws02_plumbing/install/base_interfaces_demo/lib:/opt/ros/humble/opt/rviz_ogre_vendor/lib:/opt/ros/humble/lib/x86_64-linux-gnu:/opt/ros/humble/lib:/usr/lib/x86_64-linux-gnu:', 'HOME': '/home/zhangjinrui', 'CONDA_SHLVL': '0', 'DESKTOP_SESSION': 'ubuntu', 'ROS_PYTHON_VERSION': '3', 'GNOME_SHELL_SESSION_MODE': 'ubuntu', 'GTK_MODULES': 'gail:atk-bridge', 'DBUS_STARTER_BUS_TYPE': 'session', 'SYSTEMD_EXEC_PID': '1768', 'DBUS_SESSION_BUS_ADDRESS': 'unix:path=/run/user/1000/bus,guid=e74b62fc8e6e380153288b0d68954e9b', 'COLORTERM': 'truecolor', '_CE_M': '', 'CARLA_ROOT': '/home/zhangjinrui/AppDisk/carla_ros/CARLA_0.9.15', 'IM_CONFIG_PHASE': '1', 'COLCON_PREFIX_PATH': '/home/zhangjinrui/ROS2/dev_ws_humble/install:/home/zhangjinrui/AppDisk/learn_ros2/ROS2/ws02_plumbing/install', 'ROS_DISTRO': 'humble', 'GTK_IM_MODULE': 'ibus', 'LOGNAME': 'zhangjinrui', 'CONDA_ROOT': '/home/zhangjinrui/AppDisk/anaconda3', '_': '/usr/bin/colcon', 'ROS_VERSION': '2', 'XDG_SESSION_CLASS': 'user', 'USERNAME': 'zhangjinrui', 'TERM': 'xterm-256color', 'GNOME_DESKTOP_SESSION_ID': 'this-is-deprecated', '_CE_CONDA': '', 'ROS_LOCALHOST_ONLY': '0', 'WINDOWPATH': '2', 'PATH': '/home/zhangjinrui/.fishros/bin:/home/zhangjinrui/.docker/setup:/opt/ros/humble/bin:/home/zhangjinrui/AppDisk/anaconda3/bin:/usr/local/bin:/usr/bin:/bin:/usr/local/sbin:/usr/sbin:/sbin:/home/zhangjinrui/.local/bin:/home/zhangjinrui/AppDisk/anaconda3/condabin:/usr/games:/usr/local/games:/snap/bin', 'SESSION_MANAGER': 'local/MSI:@/tmp/.ICE-unix/1768,unix/MSI:/tmp/.ICE-unix/1768', 'XDG_MENU_PREFIX': 'gnome-', 'GNOME_TERMINAL_SCREEN': '/org/gnome/Terminal/screen/6db93f61_427a_445a_895f_de51a232642a', 'XDG_RUNTIME_DIR': '/run/user/1000', 'DISPLAY': ':0', 'LANG': 'zh_CN.UTF-8', 'XDG_CURRENT_DESKTOP': 'ubuntu:GNOME', 'XMODIFIERS': '@im=ibus', 'XDG_SESSION_DESKTOP': 'ubuntu', 'XAUTHORITY': '/run/user/1000/gdm/Xauthority', 'GNOME_TERMINAL_SERVICE': ':1.183', 'SSH_AGENT_LAUNCHER': 'gnome-keyring', 'SSH_AUTH_SOCK': '/run/user/1000/keyring/ssh', 'AMENT_PREFIX_PATH': '/home/zhangjinrui/ROS2/dev_ws_humble/install/learning_urdf:/home/zhangjinrui/ROS2/dev_ws_humble/install/learning_topic_cpp:/home/zhangjinrui/ROS2/dev_ws_humble/install/learning_topic:/home/zhangjinrui/ROS2/dev_ws_humble/install/learning_tf_cpp:/home/zhangjinrui/ROS2/dev_ws_humble/install/learning_tf:/home/zhangjinrui/ROS2/dev_ws_humble/install/learning_service_cpp:/home/zhangjinrui/ROS2/dev_ws_humble/install/learning_service:/home/zhangjinrui/ROS2/dev_ws_humble/install/learning_qos:/home/zhangjinrui/ROS2/dev_ws_humble/install/learning_pkg_python:/home/zhangjinrui/ROS2/dev_ws_humble/install/learning_pkg_c:/home/zhangjinrui/ROS2/dev_ws_humble/install/learning_parameter_cpp:/home/zhangjinrui/ROS2/dev_ws_humble/install/learning_parameter:/home/zhangjinrui/ROS2/dev_ws_humble/install/learning_node_cpp:/home/zhangjinrui/ROS2/dev_ws_humble/install/learning_node:/home/zhangjinrui/ROS2/dev_ws_humble/install/learning_launch:/home/zhangjinrui/ROS2/dev_ws_humble/install/learning_action_cpp:/home/zhangjinrui/ROS2/dev_ws_humble/install/learning_action:/home/zhangjinrui/ROS2/dev_ws_humble/install/learning_interface:/home/zhangjinrui/ROS2/dev_ws_humble/install/learning_gazebo_harmonic:/home/zhangjinrui/ROS2/dev_ws_humble/install/learning_gazebo:/home/zhangjinrui/ROS2/dev_ws_humble/install/learning_cv:/home/zhangjinrui/AppDisk/learn_ros2/ROS2/ws02_plumbing/install/py04_param:/home/zhangjinrui/AppDisk/learn_ros2/ROS2/ws02_plumbing/install/py03_action:/home/zhangjinrui/AppDisk/learn_ros2/ROS2/ws02_plumbing/install/py02_service:/home/zhangjinrui/AppDisk/learn_ros2/ROS2/ws02_plumbing/install/py01_topic:/home/zhangjinrui/AppDisk/learn_ros2/ROS2/ws02_plumbing/install/cpp04_param:/home/zhangjinrui/AppDisk/learn_ros2/ROS2/ws02_plumbing/install/cpp03_action:/home/zhangjinrui/AppDisk/learn_ros2/ROS2/ws02_plumbing/install/cpp02_service:/home/zhangjinrui/AppDisk/learn_ros2/ROS2/ws02_plumbing/install/cpp01_topic:/home/zhangjinrui/AppDisk/learn_ros2/ROS2/ws02_plumbing/install/base_interfaces_demo:/opt/ros/humble', 'CONDA_PYTHON_EXE': '/home/zhangjinrui/AppDisk/anaconda3/bin/python', 'SHELL': '/bin/bash', 'QT_ACCESSIBILITY': '1', 'GDMSESSION': 'ubuntu', 'GPG_AGENT_INFO': '/run/user/1000/gnupg/S.gpg-agent:0:1', 'QT_IM_MODULE': 'ibus', 'PWD': '/home/zhangjinrui/AppDisk/learn_ros2/ROS2/ws01_hello/build/pkg02_hello_py', 'XDG_CONFIG_DIRS': '/etc/xdg/xdg-ubuntu:/etc/xdg', 'CONDA_EXE': '/home/zhangjinrui/AppDisk/anaconda3/bin/conda', 'DBUS_STARTER_ADDRESS': 'unix:path=/run/user/1000/bus,guid=e74b62fc8e6e380153288b0d68954e9b', 'XDG_DATA_DIRS': '/usr/share/ubuntu:/usr/share/gnome:/usr/local/share/:/usr/share/:/var/lib/snapd/desktop', 'UE4_ROOT': '/home/zhangjinrui/AppDisk/UnrealEngine_4.26', 'PYTHONPATH': '/home/zhangjinrui/AppDisk/learn_ros2/ROS2/ws01_hello/build/pkg02_hello_py/prefix_override:/usr/lib/python3/dist-packages/colcon_core/task/python/colcon_distutils_commands:/home/zhangjinrui/AppDisk/learn_ros2/ROS2/ws01_hello/install/pkg02_hello_py/lib/python3.10/site-packages:/home/zhangjinrui/ROS2/dev_ws_humble/install/learning_urdf/lib/python3.10/site-packages:/home/zhangjinrui/ROS2/dev_ws_humble/install/learning_topic/lib/python3.10/site-packages:/home/zhangjinrui/ROS2/dev_ws_humble/install/learning_tf/lib/python3.10/site-packages:/home/zhangjinrui/ROS2/dev_ws_humble/install/learning_service/lib/python3.10/site-packages:/home/zhangjinrui/ROS2/dev_ws_humble/install/learning_qos/lib/python3.10/site-packages:/home/zhangjinrui/ROS2/dev_ws_humble/install/learning_pkg_python/lib/python3.10/site-packages:/home/zhangjinrui/ROS2/dev_ws_humble/install/learning_parameter/lib/python3.10/site-packages:/home/zhangjinrui/ROS2/dev_ws_humble/install/learning_node/lib/python3.10/site-packages:/home/zhangjinrui/ROS2/dev_ws_humble/install/learning_launch/lib/python3.10/site-packages:/home/zhangjinrui/ROS2/dev_ws_humble/install/learning_action/lib/python3.10/site-packages:/home/zhangjinrui/ROS2/dev_ws_humble/install/learning_interface/local/lib/python3.10/dist-packages:/home/zhangjinrui/ROS2/dev_ws_humble/install/learning_gazebo_harmonic/lib/python3.10/site-packages:/home/zhangjinrui/ROS2/dev_ws_humble/install/learning_gazebo/lib/python3.10/site-packages:/home/zhangjinrui/ROS2/dev_ws_humble/install/learning_cv/lib/python3.10/site-packages:/home/zhangjinrui/AppDisk/learn_ros2/ROS2/ws02_plumbing/install/py04_param/lib/python3.10/site-packages:/home/zhangjinrui/AppDisk/learn_ros2/ROS2/ws02_plumbing/install/py03_action/lib/python3.10/site-packages:/home/zhangjinrui/AppDisk/learn_ros2/ROS2/ws02_plumbing/install/py02_service/lib/python3.10/site-packages:/home/zhangjinrui/AppDisk/learn_ros2/ROS2/ws02_plumbing/install/py01_topic/lib/python3.10/site-packages:/home/zhangjinrui/AppDisk/learn_ros2/ROS2/ws02_plumbing/install/base_interfaces_demo/local/lib/python3.10/dist-packages:/opt/ros/humble/lib/python3.10/site-packages:/opt/ros/humble/local/lib/python3.10/dist-packages:/home/zhangjinrui/AppDisk/carla_ros/CARLA_0.9.15/PythonAPI/carla/dist/carla-0.9.15-py3.7-linux-x86_64.egg:/home/zhangjinrui/AppDisk/carla_ros/CARLA_0.9.15/PythonAPI/carla:', 'COLCON': '1', 'VTE_VERSION': '6800', 'CMAKE_PREFIX_PATH': '/home/zhangjinrui/ROS2/dev_ws_humble/install/learning_topic_cpp:/home/zhangjinrui/ROS2/dev_ws_humble/install/learning_tf_cpp:/home/zhangjinrui/ROS2/dev_ws_humble/install/learning_service_cpp:/home/zhangjinrui/ROS2/dev_ws_humble/install/learning_pkg_c:/home/zhangjinrui/ROS2/dev_ws_humble/install/learning_parameter_cpp:/home/zhangjinrui/ROS2/dev_ws_humble/install/learning_node_cpp:/home/zhangjinrui/ROS2/dev_ws_humble/install/learning_action_cpp:/home/zhangjinrui/ROS2/dev_ws_humble/install/learning_interface:/home/zhangjinrui/AppDisk/learn_ros2/ROS2/ws02_plumbing/install/cpp04_param:/home/zhangjinrui/AppDisk/learn_ros2/ROS2/ws02_plumbing/install/cpp03_action:/home/zhangjinrui/AppDisk/learn_ros2/ROS2/ws02_plumbing/install/cpp02_service:/home/zhangjinrui/AppDisk/learn_ros2/ROS2/ws02_plumbing/install/cpp01_topic:/home/zhangjinrui/AppDisk/learn_ros2/ROS2/ws02_plumbing/install/base_interfaces_demo'}, 'shell': False}
[0.368308] (pkg01_hello_cpp) StdoutLine: {'line': b'-- Found Python3: /home/zhangjinrui/AppDisk/anaconda3/bin/python3 (found version "3.13.5") found components: Interpreter \n'}
[0.400235] (-) TimerEvent: {}
[0.453427] (pkg01_hello_cpp) StdoutLine: {'line': b'-- Found rclcpp: 16.0.14 (/opt/ros/humble/share/rclcpp/cmake)\n'}
[0.457012] (pkg02_hello_py) StdoutLine: {'line': b'running egg_info\n'}
[0.457280] (pkg02_hello_py) StdoutLine: {'line': b'creating ../../build/pkg02_hello_py/pkg02_hello_py.egg-info\n'}
[0.457361] (pkg02_hello_py) StdoutLine: {'line': b'writing ../../build/pkg02_hello_py/pkg02_hello_py.egg-info/PKG-INFO\n'}
[0.457471] (pkg02_hello_py) StdoutLine: {'line': b'writing dependency_links to ../../build/pkg02_hello_py/pkg02_hello_py.egg-info/dependency_links.txt\n'}
[0.457526] (pkg02_hello_py) StdoutLine: {'line': b'writing entry points to ../../build/pkg02_hello_py/pkg02_hello_py.egg-info/entry_points.txt\n'}
[0.457586] (pkg02_hello_py) StdoutLine: {'line': b'writing requirements to ../../build/pkg02_hello_py/pkg02_hello_py.egg-info/requires.txt\n'}
[0.457639] (pkg02_hello_py) StdoutLine: {'line': b'writing top-level names to ../../build/pkg02_hello_py/pkg02_hello_py.egg-info/top_level.txt\n'}
[0.457716] (pkg02_hello_py) StdoutLine: {'line': b"writing manifest file '../../build/pkg02_hello_py/pkg02_hello_py.egg-info/SOURCES.txt'\n"}
[0.458400] (pkg02_hello_py) StdoutLine: {'line': b"reading manifest file '../../build/pkg02_hello_py/pkg02_hello_py.egg-info/SOURCES.txt'\n"}
[0.458811] (pkg02_hello_py) StdoutLine: {'line': b"writing manifest file '../../build/pkg02_hello_py/pkg02_hello_py.egg-info/SOURCES.txt'\n"}
[0.458885] (pkg02_hello_py) StdoutLine: {'line': b'running build\n'}
[0.458911] (pkg02_hello_py) StdoutLine: {'line': b'running build_py\n'}
[0.458958] (pkg02_hello_py) StdoutLine: {'line': b'creating /home/zhangjinrui/AppDisk/learn_ros2/ROS2/ws01_hello/build/pkg02_hello_py/build\n'}
[0.459003] (pkg02_hello_py) StdoutLine: {'line': b'creating /home/zhangjinrui/AppDisk/learn_ros2/ROS2/ws01_hello/build/pkg02_hello_py/build/lib\n'}
[0.459051] (pkg02_hello_py) StdoutLine: {'line': b'creating /home/zhangjinrui/AppDisk/learn_ros2/ROS2/ws01_hello/build/pkg02_hello_py/build/lib/pkg02_hello_py\n'}
[0.459105] (pkg02_hello_py) StdoutLine: {'line': b'copying pkg02_hello_py/__init__.py -> /home/zhangjinrui/AppDisk/learn_ros2/ROS2/ws01_hello/build/pkg02_hello_py/build/lib/pkg02_hello_py\n'}
[0.459131] (pkg02_hello_py) StdoutLine: {'line': b'copying pkg02_hello_py/hello.py -> /home/zhangjinrui/AppDisk/learn_ros2/ROS2/ws01_hello/build/pkg02_hello_py/build/lib/pkg02_hello_py\n'}
[0.459192] (pkg02_hello_py) StdoutLine: {'line': b'running install\n'}
[0.459325] (pkg02_hello_py) StdoutLine: {'line': b'running install_lib\n'}
[0.459640] (pkg02_hello_py) StdoutLine: {'line': b'creating /home/zhangjinrui/AppDisk/learn_ros2/ROS2/ws01_hello/install/pkg02_hello_py/lib/python3.10/site-packages/pkg02_hello_py\n'}
[0.459698] (pkg02_hello_py) StdoutLine: {'line': b'copying /home/zhangjinrui/AppDisk/learn_ros2/ROS2/ws01_hello/build/pkg02_hello_py/build/lib/pkg02_hello_py/__init__.py -> /home/zhangjinrui/AppDisk/learn_ros2/ROS2/ws01_hello/install/pkg02_hello_py/lib/python3.10/site-packages/pkg02_hello_py\n'}
[0.459755] (pkg02_hello_py) StdoutLine: {'line': b'copying /home/zhangjinrui/AppDisk/learn_ros2/ROS2/ws01_hello/build/pkg02_hello_py/build/lib/pkg02_hello_py/hello.py -> /home/zhangjinrui/AppDisk/learn_ros2/ROS2/ws01_hello/install/pkg02_hello_py/lib/python3.10/site-packages/pkg02_hello_py\n'}
[0.460073] (pkg02_hello_py) StdoutLine: {'line': b'byte-compiling /home/zhangjinrui/AppDisk/learn_ros2/ROS2/ws01_hello/install/pkg02_hello_py/lib/python3.10/site-packages/pkg02_hello_py/__init__.py to __init__.cpython-310.pyc\n'}
[0.460194] (pkg02_hello_py) StdoutLine: {'line': b'byte-compiling /home/zhangjinrui/AppDisk/learn_ros2/ROS2/ws01_hello/install/pkg02_hello_py/lib/python3.10/site-packages/pkg02_hello_py/hello.py to hello.cpython-310.pyc\n'}
[0.460336] (pkg02_hello_py) StdoutLine: {'line': b'running install_data\n'}
[0.460382] (pkg02_hello_py) StdoutLine: {'line': b'creating /home/zhangjinrui/AppDisk/learn_ros2/ROS2/ws01_hello/install/pkg02_hello_py/share/ament_index\n'}
[0.460438] (pkg02_hello_py) StdoutLine: {'line': b'creating /home/zhangjinrui/AppDisk/learn_ros2/ROS2/ws01_hello/install/pkg02_hello_py/share/ament_index/resource_index\n'}
[0.460486] (pkg02_hello_py) StdoutLine: {'line': b'creating /home/zhangjinrui/AppDisk/learn_ros2/ROS2/ws01_hello/install/pkg02_hello_py/share/ament_index/resource_index/packages\n'}
[0.460546] (pkg02_hello_py) StdoutLine: {'line': b'copying resource/pkg02_hello_py -> /home/zhangjinrui/AppDisk/learn_ros2/ROS2/ws01_hello/install/pkg02_hello_py/share/ament_index/resource_index/packages\n'}
[0.460581] (pkg02_hello_py) StdoutLine: {'line': b'copying package.xml -> /home/zhangjinrui/AppDisk/learn_ros2/ROS2/ws01_hello/install/pkg02_hello_py/share/pkg02_hello_py\n'}
[0.460630] (pkg02_hello_py) StdoutLine: {'line': b'running install_egg_info\n'}
[0.462033] (pkg02_hello_py) StdoutLine: {'line': b'Copying ../../build/pkg02_hello_py/pkg02_hello_py.egg-info to /home/zhangjinrui/AppDisk/learn_ros2/ROS2/ws01_hello/install/pkg02_hello_py/lib/python3.10/site-packages/pkg02_hello_py-0.0.0-py3.10.egg-info\n'}
[0.462641] (pkg02_hello_py) StdoutLine: {'line': b'running install_scripts\n'}
[0.472778] (pkg02_hello_py) StdoutLine: {'line': b'Installing hello script to /home/zhangjinrui/AppDisk/learn_ros2/ROS2/ws01_hello/install/pkg02_hello_py/lib/pkg02_hello_py\n'}
[0.472933] (pkg02_hello_py) StdoutLine: {'line': b"writing list of installed files to '/home/zhangjinrui/AppDisk/learn_ros2/ROS2/ws01_hello/build/pkg02_hello_py/install.log'\n"}
[0.485511] (pkg02_hello_py) CommandEnded: {'returncode': 0}
[0.491848] (pkg02_hello_py) JobEnded: {'identifier': 'pkg02_hello_py', 'rc': 0}
[0.495455] (pkg01_hello_cpp) StdoutLine: {'line': b'-- Found rosidl_generator_c: 3.1.7 (/opt/ros/humble/share/rosidl_generator_c/cmake)\n'}
[0.500301] (-) TimerEvent: {}
[0.501237] (pkg01_hello_cpp) StdoutLine: {'line': b'-- Found rosidl_adapter: 3.1.7 (/opt/ros/humble/share/rosidl_adapter/cmake)\n'}
[0.508951] (pkg01_hello_cpp) StdoutLine: {'line': b'-- Found rosidl_generator_cpp: 3.1.7 (/opt/ros/humble/share/rosidl_generator_cpp/cmake)\n'}
[0.518897] (pkg01_hello_cpp) StdoutLine: {'line': b'-- Using all available rosidl_typesupport_c: rosidl_typesupport_fastrtps_c;rosidl_typesupport_introspection_c\n'}
[0.534118] (pkg01_hello_cpp) StdoutLine: {'line': b'-- Using all available rosidl_typesupport_cpp: rosidl_typesupport_fastrtps_cpp;rosidl_typesupport_introspection_cpp\n'}
[0.574027] (pkg01_hello_cpp) StdoutLine: {'line': b'-- Found rmw_implementation_cmake: 6.1.2 (/opt/ros/humble/share/rmw_implementation_cmake/cmake)\n'}
[0.577560] (pkg01_hello_cpp) StdoutLine: {'line': b'-- Found rmw_fastrtps_cpp: 6.2.8 (/opt/ros/humble/share/rmw_fastrtps_cpp/cmake)\n'}
[0.600384] (-) TimerEvent: {}
[0.645007] (pkg01_hello_cpp) StdoutLine: {'line': b'-- Found OpenSSL: /usr/lib/x86_64-linux-gnu/libcrypto.so (found version "3.0.2")  \n'}
[0.666710] (pkg01_hello_cpp) StdoutLine: {'line': b'-- Found FastRTPS: /opt/ros/humble/include  \n'}
[0.699708] (pkg01_hello_cpp) StdoutLine: {'line': b"-- Using RMW implementation 'rmw_fastrtps_cpp' as default\n"}
[0.700435] (-) TimerEvent: {}
[0.708941] (pkg01_hello_cpp) StdoutLine: {'line': b'-- Performing Test CMAKE_HAVE_LIBC_PTHREAD\n'}
[0.749358] (pkg01_hello_cpp) StdoutLine: {'line': b'-- Performing Test CMAKE_HAVE_LIBC_PTHREAD - Success\n'}
[0.749998] (pkg01_hello_cpp) StdoutLine: {'line': b'-- Found Threads: TRUE  \n'}
[0.785041] (pkg01_hello_cpp) StdoutLine: {'line': b'-- Found ament_lint_auto: 0.12.14 (/opt/ros/humble/share/ament_lint_auto/cmake)\n'}
[0.800509] (-) TimerEvent: {}
[0.802576] (pkg01_hello_cpp) StderrLine: {'line': b'Traceback (most recent call last):\n'}
[0.803914] (pkg01_hello_cpp) StderrLine: {'line': b'  File "/opt/ros/humble/share/ament_cmake_core/cmake/core/package_xml_2_cmake.py", line 22, in <module>\n'}
[0.803988] (pkg01_hello_cpp) StderrLine: {'line': b'    from catkin_pkg.package import parse_package_string\n'}
[0.804036] (pkg01_hello_cpp) StderrLine: {'line': b"ModuleNotFoundError: No module named 'catkin_pkg'\n"}
[0.806777] (pkg01_hello_cpp) StdoutLine: {'line': b'-- Configuring incomplete, errors occurred!\n'}
[0.806855] (pkg01_hello_cpp) StdoutLine: {'line': b'See also "/home/zhangjinrui/AppDisk/learn_ros2/ROS2/ws01_hello/build/pkg01_hello_cpp/CMakeFiles/CMakeOutput.log".\n'}
[0.806888] (pkg01_hello_cpp) StderrLine: {'line': b'\x1b[31mCMake Error at /opt/ros/humble/share/ament_cmake_core/cmake/core/ament_package_xml.cmake:95 (message):\n'}
[0.806918] (pkg01_hello_cpp) StderrLine: {'line': b'  execute_process(/home/zhangjinrui/AppDisk/anaconda3/bin/python3\n'}
[0.806951] (pkg01_hello_cpp) StderrLine: {'line': b'  /opt/ros/humble/share/ament_cmake_core/cmake/core/package_xml_2_cmake.py\n'}
[0.806976] (pkg01_hello_cpp) StderrLine: {'line': b'  /home/zhangjinrui/AppDisk/learn_ros2/ROS2/ws01_hello/src/pkg01_hello_cpp/package.xml\n'}
[0.807001] (pkg01_hello_cpp) StderrLine: {'line': b'  /home/zhangjinrui/AppDisk/learn_ros2/ROS2/ws01_hello/build/pkg01_hello_cpp/ament_cmake_core/package.cmake)\n'}
[0.807024] (pkg01_hello_cpp) StderrLine: {'line': b'  returned error code 1\n'}
[0.807045] (pkg01_hello_cpp) StderrLine: {'line': b'Call Stack (most recent call first):\n'}
[0.807067] (pkg01_hello_cpp) StderrLine: {'line': b'  /opt/ros/humble/share/ament_cmake_core/cmake/core/ament_package_xml.cmake:49 (_ament_package_xml)\n'}
[0.807089] (pkg01_hello_cpp) StderrLine: {'line': b'  /opt/ros/humble/share/ament_lint_auto/cmake/ament_lint_auto_find_test_dependencies.cmake:31 (ament_package_xml)\n'}
[0.807109] (pkg01_hello_cpp) StderrLine: {'line': b'  CMakeLists.txt:34 (ament_lint_auto_find_test_dependencies)\n'}
[0.807130] (pkg01_hello_cpp) StderrLine: {'line': b'\n'}
[0.807151] (pkg01_hello_cpp) StderrLine: {'line': b'\x1b[0m\n'}
[0.813081] (pkg01_hello_cpp) CommandEnded: {'returncode': 1}
[0.819563] (pkg01_hello_cpp) JobEnded: {'identifier': 'pkg01_hello_cpp', 'rc': 1}
[0.829839] (-) EventReactorShutdown: {}
