[0.000000] (-) TimerEvent: {}
[0.000281] (-) JobUnselected: {'identifier': 'base_interfaces_demo'}
[0.000298] (-) JobUnselected: {'identifier': 'cpp01_topic'}
[0.000308] (-) JobUnselected: {'identifier': 'cpp02_service'}
[0.000316] (-) JobUnselected: {'identifier': 'cpp03_action'}
[0.000324] (-) JobUnselected: {'identifier': 'py01_topic'}
[0.000334] (-) JobUnselected: {'identifier': 'py02_service'}
[0.000342] (-) JobUnselected: {'identifier': 'py03_action'}
[0.000350] (-) JobUnselected: {'identifier': 'py04_param'}
[0.000360] (cpp04_param) JobQueued: {'identifier': 'cpp04_param', 'dependencies': OrderedDict()}
[0.000371] (cpp04_param) JobStarted: {'identifier': 'cpp04_param'}
[0.008264] (cpp04_param) JobProgress: {'identifier': 'cpp04_param', 'progress': 'cmake'}
[0.015901] (cpp04_param) JobProgress: {'identifier': 'cpp04_param', 'progress': 'build'}
[0.016253] (cpp04_param) Command: {'cmd': ['/usr/local/bin/cmake', '--build', '/home/zhangjinrui/AppDisk/learn_ros2/ROS2/ws02_plumbing/build/cpp04_param', '--', '-j24', '-l24'], 'cwd': '/home/zhangjinrui/AppDisk/learn_ros2/ROS2/ws02_plumbing/build/cpp04_param', 'env': OrderedDict([('LANGUAGE', 'zh_CN:zh'), ('USER', 'zhangjinrui'), ('XDG_SESSION_TYPE', 'x11'), ('GIT_ASKPASS', '/usr/share/code/resources/app/extensions/git/dist/askpass.sh'), ('SHLVL', '2'), ('LD_LIBRARY_PATH', '/usr/lib/x86_64-linux-gnu:/home/zhangjinrui/ROS2/dev_ws_humble/install/learning_interface/lib:/home/zhangjinrui/AppDisk/learn_ros2/ROS2/ws02_plumbing/install/base_interfaces_demo/lib:/opt/ros/humble/opt/rviz_ogre_vendor/lib:/opt/ros/humble/lib/x86_64-linux-gnu:/opt/ros/humble/lib:/usr/lib/x86_64-linux-gnu:'), ('HOME', '/home/zhangjinrui'), ('CHROME_DESKTOP', 'code.desktop'), ('CONDA_SHLVL', '0'), ('TERM_PROGRAM_VERSION', '1.102.3'), ('DESKTOP_SESSION', 'ubuntu'), ('ROS_PYTHON_VERSION', '3'), ('GNOME_SHELL_SESSION_MODE', 'ubuntu'), ('GTK_MODULES', 'gail:atk-bridge'), ('VSCODE_GIT_ASKPASS_MAIN', '/usr/share/code/resources/app/extensions/git/dist/askpass-main.js'), ('VSCODE_GIT_ASKPASS_NODE', '/usr/share/code/code'), ('PYDEVD_DISABLE_FILE_VALIDATION', '1'), ('DBUS_STARTER_BUS_TYPE', 'session'), ('SYSTEMD_EXEC_PID', '1769'), ('BUNDLED_DEBUGPY_PATH', '/home/zhangjinrui/.vscode/extensions/ms-python.debugpy-2025.10.0-linux-x64/bundled/libs/debugpy'), ('DBUS_SESSION_BUS_ADDRESS', 'unix:path=/run/user/1000/bus,guid=525bfe7dc08c1aca790038f468969ec2'), ('COLORTERM', 'truecolor'), ('_CE_M', ''), ('CARLA_ROOT', '/home/zhangjinrui/AppDisk/carla_ros/CARLA_0.9.15'), ('IM_CONFIG_PHASE', '1'), ('COLCON_PREFIX_PATH', '/home/zhangjinrui/ROS2/dev_ws_humble/install:/home/zhangjinrui/AppDisk/learn_ros2/ROS2/ws02_plumbing/install:/home/zhangjinrui/AppDisk/learn_ros2/ROS2/ws01_hello/install'), ('ROS_DISTRO', 'humble'), ('GTK_IM_MODULE', 'ibus'), ('LOGNAME', 'zhangjinrui'), ('CONDA_ROOT', '/home/zhangjinrui/AppDisk/anaconda3'), ('_', '/usr/bin/colcon'), ('ROS_VERSION', '2'), ('XDG_SESSION_CLASS', 'user'), ('USERNAME', 'zhangjinrui'), ('TERM', 'xterm-256color'), ('GNOME_DESKTOP_SESSION_ID', 'this-is-deprecated'), ('_CE_CONDA', ''), ('ROS_LOCALHOST_ONLY', '0'), ('WINDOWPATH', '2'), ('PATH', '/home/zhangjinrui/.fishros/bin:/home/zhangjinrui/.docker/setup:/home/zhangjinrui/AppDisk/anaconda3/bin:/usr/local/bin:/usr/bin:/bin:/usr/local/sbin:/usr/sbin:/sbin:/opt/ros/humble/bin:/home/zhangjinrui/.local/bin:/home/zhangjinrui/AppDisk/anaconda3/condabin:/usr/games:/usr/local/games:/snap/bin:/home/zhangjinrui/.vscode/extensions/ms-python.debugpy-2025.10.0-linux-x64/bundled/scripts/noConfigScripts'), ('SESSION_MANAGER', 'local/MSI:@/tmp/.ICE-unix/1769,unix/MSI:/tmp/.ICE-unix/1769'), ('XDG_MENU_PREFIX', 'gnome-'), ('GNOME_TERMINAL_SCREEN', '/org/gnome/Terminal/screen/8b64923c_7314_4546_b86c_525148249b50'), ('XDG_RUNTIME_DIR', '/run/user/1000'), ('GDK_BACKEND', 'x11'), ('DISPLAY', ':0'), ('VSCODE_DEBUGPY_ADAPTER_ENDPOINTS', '/home/zhangjinrui/.vscode/extensions/ms-python.debugpy-2025.10.0-linux-x64/.noConfigDebugAdapterEndpoints/endpoint-9d0467edc75af6de.txt'), ('LANG', 'zh_CN.UTF-8'), ('XDG_CURRENT_DESKTOP', 'Unity'), ('XMODIFIERS', '@im=ibus'), ('XDG_SESSION_DESKTOP', 'ubuntu'), ('XAUTHORITY', '/run/user/1000/gdm/Xauthority'), ('VSCODE_GIT_IPC_HANDLE', '/run/user/1000/vscode-git-dc32d8e6fd.sock'), ('GNOME_TERMINAL_SERVICE', ':1.107'), ('TERM_PROGRAM', 'vscode'), ('SSH_AGENT_LAUNCHER', 'gnome-keyring'), ('SSH_AUTH_SOCK', '/run/user/1000/keyring/ssh'), ('AMENT_PREFIX_PATH', '/home/zhangjinrui/AppDisk/learn_ros2/ROS2/ws01_hello/install/pkg02_hello_py:/home/zhangjinrui/AppDisk/learn_ros2/ROS2/ws01_hello/install/pkg01_hello_cpp:/home/zhangjinrui/ROS2/dev_ws_humble/install/learning_urdf:/home/zhangjinrui/ROS2/dev_ws_humble/install/learning_topic_cpp:/home/zhangjinrui/ROS2/dev_ws_humble/install/learning_topic:/home/zhangjinrui/ROS2/dev_ws_humble/install/learning_tf_cpp:/home/zhangjinrui/ROS2/dev_ws_humble/install/learning_tf:/home/zhangjinrui/ROS2/dev_ws_humble/install/learning_service_cpp:/home/zhangjinrui/ROS2/dev_ws_humble/install/learning_service:/home/zhangjinrui/ROS2/dev_ws_humble/install/learning_qos:/home/zhangjinrui/ROS2/dev_ws_humble/install/learning_pkg_python:/home/zhangjinrui/ROS2/dev_ws_humble/install/learning_pkg_c:/home/zhangjinrui/ROS2/dev_ws_humble/install/learning_parameter_cpp:/home/zhangjinrui/ROS2/dev_ws_humble/install/learning_parameter:/home/zhangjinrui/ROS2/dev_ws_humble/install/learning_node_cpp:/home/zhangjinrui/ROS2/dev_ws_humble/install/learning_node:/home/zhangjinrui/ROS2/dev_ws_humble/install/learning_launch:/home/zhangjinrui/ROS2/dev_ws_humble/install/learning_action_cpp:/home/zhangjinrui/ROS2/dev_ws_humble/install/learning_action:/home/zhangjinrui/ROS2/dev_ws_humble/install/learning_interface:/home/zhangjinrui/ROS2/dev_ws_humble/install/learning_gazebo_harmonic:/home/zhangjinrui/ROS2/dev_ws_humble/install/learning_gazebo:/home/zhangjinrui/ROS2/dev_ws_humble/install/learning_cv:/home/zhangjinrui/AppDisk/learn_ros2/ROS2/ws02_plumbing/install/py04_param:/home/zhangjinrui/AppDisk/learn_ros2/ROS2/ws02_plumbing/install/py03_action:/home/zhangjinrui/AppDisk/learn_ros2/ROS2/ws02_plumbing/install/py02_service:/home/zhangjinrui/AppDisk/learn_ros2/ROS2/ws02_plumbing/install/py01_topic:/home/zhangjinrui/AppDisk/learn_ros2/ROS2/ws02_plumbing/install/cpp04_param:/home/zhangjinrui/AppDisk/learn_ros2/ROS2/ws02_plumbing/install/cpp03_action:/home/zhangjinrui/AppDisk/learn_ros2/ROS2/ws02_plumbing/install/cpp02_service:/home/zhangjinrui/AppDisk/learn_ros2/ROS2/ws02_plumbing/install/cpp01_topic:/home/zhangjinrui/AppDisk/learn_ros2/ROS2/ws02_plumbing/install/base_interfaces_demo:/opt/ros/humble'), ('CONDA_PYTHON_EXE', '/home/zhangjinrui/AppDisk/anaconda3/bin/python'), ('ORIGINAL_XDG_CURRENT_DESKTOP', 'ubuntu:GNOME'), ('SHELL', '/bin/bash'), ('QT_ACCESSIBILITY', '1'), ('GDMSESSION', 'ubuntu'), ('GPG_AGENT_INFO', '/run/user/1000/gnupg/S.gpg-agent:0:1'), ('VSCODE_GIT_ASKPASS_EXTRA_ARGS', ''), ('QT_IM_MODULE', 'ibus'), ('PWD', '/home/zhangjinrui/AppDisk/learn_ros2/ROS2/ws02_plumbing/build/cpp04_param'), ('XDG_CONFIG_DIRS', '/etc/xdg/xdg-ubuntu:/etc/xdg'), ('CONDA_EXE', '/home/zhangjinrui/AppDisk/anaconda3/bin/conda'), ('DBUS_STARTER_ADDRESS', 'unix:path=/run/user/1000/bus,guid=525bfe7dc08c1aca790038f468969ec2'), ('XDG_DATA_DIRS', '/usr/share/ubuntu:/usr/share/gnome:/usr/local/share/:/usr/share/:/var/lib/snapd/desktop'), ('UE4_ROOT', '/home/zhangjinrui/AppDisk/UnrealEngine_4.26'), ('PYTHONPATH', '/home/zhangjinrui/AppDisk/carla_ros/CARLA_0.9.15/PythonAPI/carla/dist/carla-0.9.15-py3.7-linux-x86_64.egg:/home/zhangjinrui/AppDisk/carla_ros/CARLA_0.9.15/PythonAPI/carla:/home/zhangjinrui/AppDisk/learn_ros2/ROS2/ws01_hello/install/pkg02_hello_py/lib/python3.10/site-packages:/home/zhangjinrui/ROS2/dev_ws_humble/install/learning_urdf/lib/python3.10/site-packages:/home/zhangjinrui/ROS2/dev_ws_humble/install/learning_topic/lib/python3.10/site-packages:/home/zhangjinrui/ROS2/dev_ws_humble/install/learning_tf/lib/python3.10/site-packages:/home/zhangjinrui/ROS2/dev_ws_humble/install/learning_service/lib/python3.10/site-packages:/home/zhangjinrui/ROS2/dev_ws_humble/install/learning_qos/lib/python3.10/site-packages:/home/zhangjinrui/ROS2/dev_ws_humble/install/learning_pkg_python/lib/python3.10/site-packages:/home/zhangjinrui/ROS2/dev_ws_humble/install/learning_parameter/lib/python3.10/site-packages:/home/zhangjinrui/ROS2/dev_ws_humble/install/learning_node/lib/python3.10/site-packages:/home/zhangjinrui/ROS2/dev_ws_humble/install/learning_launch/lib/python3.10/site-packages:/home/zhangjinrui/ROS2/dev_ws_humble/install/learning_action/lib/python3.10/site-packages:/home/zhangjinrui/ROS2/dev_ws_humble/install/learning_interface/local/lib/python3.10/dist-packages:/home/zhangjinrui/ROS2/dev_ws_humble/install/learning_gazebo_harmonic/lib/python3.10/site-packages:/home/zhangjinrui/ROS2/dev_ws_humble/install/learning_gazebo/lib/python3.10/site-packages:/home/zhangjinrui/ROS2/dev_ws_humble/install/learning_cv/lib/python3.10/site-packages:/home/zhangjinrui/AppDisk/learn_ros2/ROS2/ws02_plumbing/install/py04_param/lib/python3.10/site-packages:/home/zhangjinrui/AppDisk/learn_ros2/ROS2/ws02_plumbing/install/py03_action/lib/python3.10/site-packages:/home/zhangjinrui/AppDisk/learn_ros2/ROS2/ws02_plumbing/install/py02_service/lib/python3.10/site-packages:/home/zhangjinrui/AppDisk/learn_ros2/ROS2/ws02_plumbing/install/py01_topic/lib/python3.10/site-packages:/home/zhangjinrui/AppDisk/learn_ros2/ROS2/ws02_plumbing/install/base_interfaces_demo/local/lib/python3.10/dist-packages:/opt/ros/humble/lib/python3.10/site-packages:/opt/ros/humble/local/lib/python3.10/dist-packages:/home/zhangjinrui/AppDisk/carla_ros/CARLA_0.9.15/PythonAPI/carla/dist/carla-0.9.15-py3.7-linux-x86_64.egg:/home/zhangjinrui/AppDisk/carla_ros/CARLA_0.9.15/PythonAPI/carla:'), ('COLCON', '1'), ('VTE_VERSION', '6800'), ('CMAKE_PREFIX_PATH', '/home/zhangjinrui/AppDisk/learn_ros2/ROS2/ws01_hello/install/pkg01_hello_cpp:/home/zhangjinrui/ROS2/dev_ws_humble/install/learning_topic_cpp:/home/zhangjinrui/ROS2/dev_ws_humble/install/learning_tf_cpp:/home/zhangjinrui/ROS2/dev_ws_humble/install/learning_service_cpp:/home/zhangjinrui/ROS2/dev_ws_humble/install/learning_pkg_c:/home/zhangjinrui/ROS2/dev_ws_humble/install/learning_parameter_cpp:/home/zhangjinrui/ROS2/dev_ws_humble/install/learning_node_cpp:/home/zhangjinrui/ROS2/dev_ws_humble/install/learning_action_cpp:/home/zhangjinrui/ROS2/dev_ws_humble/install/learning_interface:/home/zhangjinrui/AppDisk/learn_ros2/ROS2/ws02_plumbing/install/cpp04_param:/home/zhangjinrui/AppDisk/learn_ros2/ROS2/ws02_plumbing/install/cpp03_action:/home/zhangjinrui/AppDisk/learn_ros2/ROS2/ws02_plumbing/install/cpp02_service:/home/zhangjinrui/AppDisk/learn_ros2/ROS2/ws02_plumbing/install/cpp01_topic:/home/zhangjinrui/AppDisk/learn_ros2/ROS2/ws02_plumbing/install/base_interfaces_demo:/home/zhangjinrui/AppDisk/learn_ros2/ROS2/ws01_hello/install/pkg02_hello_py:/home/zhangjinrui/ROS2/dev_ws_humble/install/learning_urdf:/home/zhangjinrui/ROS2/dev_ws_humble/install/learning_topic:/home/zhangjinrui/ROS2/dev_ws_humble/install/learning_tf:/home/zhangjinrui/ROS2/dev_ws_humble/install/learning_service:/home/zhangjinrui/ROS2/dev_ws_humble/install/learning_qos:/home/zhangjinrui/ROS2/dev_ws_humble/install/learning_pkg_python:/home/zhangjinrui/ROS2/dev_ws_humble/install/learning_parameter:/home/zhangjinrui/ROS2/dev_ws_humble/install/learning_node:/home/zhangjinrui/ROS2/dev_ws_humble/install/learning_launch:/home/zhangjinrui/ROS2/dev_ws_humble/install/learning_action:/home/zhangjinrui/ROS2/dev_ws_humble/install/learning_gazebo_harmonic:/home/zhangjinrui/ROS2/dev_ws_humble/install/learning_gazebo:/home/zhangjinrui/ROS2/dev_ws_humble/install/learning_cv:/home/zhangjinrui/AppDisk/learn_ros2/ROS2/ws02_plumbing/install/py04_param:/home/zhangjinrui/AppDisk/learn_ros2/ROS2/ws02_plumbing/install/py03_action:/home/zhangjinrui/AppDisk/learn_ros2/ROS2/ws02_plumbing/install/py02_service:/home/zhangjinrui/AppDisk/learn_ros2/ROS2/ws02_plumbing/install/py01_topic:/opt/ros/humble')]), 'shell': False}
[0.075215] (cpp04_param) StdoutLine: {'line': b'-- Found ament_cmake: 1.3.12 (/opt/ros/humble/share/ament_cmake/cmake)\n'}
[0.099842] (-) TimerEvent: {}
[0.165568] (cpp04_param) StdoutLine: {'line': b'-- Found rclcpp: 16.0.14 (/opt/ros/humble/share/rclcpp/cmake)\n'}
[0.189444] (cpp04_param) StdoutLine: {'line': b'-- Found rosidl_generator_c: 3.1.7 (/opt/ros/humble/share/rosidl_generator_c/cmake)\n'}
[0.191212] (cpp04_param) StdoutLine: {'line': b'-- Found rosidl_adapter: 3.1.7 (/opt/ros/humble/share/rosidl_adapter/cmake)\n'}
[0.195211] (cpp04_param) StdoutLine: {'line': b'-- Found rosidl_generator_cpp: 3.1.7 (/opt/ros/humble/share/rosidl_generator_cpp/cmake)\n'}
[0.199925] (-) TimerEvent: {}
[0.201878] (cpp04_param) StdoutLine: {'line': b'-- Using all available rosidl_typesupport_c: rosidl_typesupport_fastrtps_c;rosidl_typesupport_introspection_c\n'}
[0.210350] (cpp04_param) StdoutLine: {'line': b'-- Using all available rosidl_typesupport_cpp: rosidl_typesupport_fastrtps_cpp;rosidl_typesupport_introspection_cpp\n'}
[0.233487] (cpp04_param) StdoutLine: {'line': b'-- Found rmw_implementation_cmake: 6.1.2 (/opt/ros/humble/share/rmw_implementation_cmake/cmake)\n'}
[0.235391] (cpp04_param) StdoutLine: {'line': b'-- Found rmw_fastrtps_cpp: 6.2.8 (/opt/ros/humble/share/rmw_fastrtps_cpp/cmake)\n'}
[0.300019] (-) TimerEvent: {}
[0.356389] (cpp04_param) StdoutLine: {'line': b"-- Using RMW implementation 'rmw_fastrtps_cpp' as default\n"}
[0.393071] (cpp04_param) StdoutLine: {'line': b'-- Found ament_lint_auto: 0.12.14 (/opt/ros/humble/share/ament_lint_auto/cmake)\n'}
[0.400097] (-) TimerEvent: {}
[0.462647] (cpp04_param) StdoutLine: {'line': b"-- Added test 'cppcheck' to perform static code analysis on C / C++ code\n"}
[0.462771] (cpp04_param) StdoutLine: {'line': b'-- Configured cppcheck include dirs: $<BUILD_INTERFACE:/home/zhangjinrui/AppDisk/learn_ros2/ROS2/ws02_plumbing/src/cpp04_param/include>\n'}
[0.462804] (cpp04_param) StdoutLine: {'line': b'-- Configured cppcheck exclude dirs and/or files: \n'}
[0.463244] (cpp04_param) StdoutLine: {'line': b"-- Added test 'lint_cmake' to check CMake code style\n"}
[0.464010] (cpp04_param) StdoutLine: {'line': b"-- Added test 'uncrustify' to check C / C++ code style\n"}
[0.464065] (cpp04_param) StdoutLine: {'line': b'-- Configured uncrustify additional arguments: \n'}
[0.464282] (cpp04_param) StdoutLine: {'line': b"-- Added test 'xmllint' to check XML markup files\n"}
[0.465269] (cpp04_param) StdoutLine: {'line': b'-- Configuring done\n'}
[0.474694] (cpp04_param) StdoutLine: {'line': b'-- Generating done\n'}
[0.477528] (cpp04_param) StdoutLine: {'line': b'-- Build files have been written to: /home/zhangjinrui/AppDisk/learn_ros2/ROS2/ws02_plumbing/build/cpp04_param\n'}
[0.495776] (cpp04_param) StdoutLine: {'line': b'\x1b[35m\x1b[1mConsolidate compiler generated dependencies of target demo00_param\x1b[0m\n'}
[0.498456] (cpp04_param) StdoutLine: {'line': b'[ 16%] \x1b[32mBuilding CXX object CMakeFiles/demo02_param_client.dir/src/demo02_param_client.cpp.o\x1b[0m\n'}
[0.498920] (cpp04_param) StdoutLine: {'line': b'[ 33%] \x1b[32mBuilding CXX object CMakeFiles/demo01_param_service.dir/src/demo01_param_service.cpp.o\x1b[0m\n'}
[0.500157] (-) TimerEvent: {}
[0.505849] (cpp04_param) StdoutLine: {'line': b'[ 66%] Built target demo00_param\n'}
[0.519549] (cpp04_param) StdoutLine: {'line': b'[ 83%] \x1b[32m\x1b[1mLinking CXX executable demo01_param_service\x1b[0m\n'}
[0.520054] (cpp04_param) StdoutLine: {'line': b'[100%] \x1b[32m\x1b[1mLinking CXX executable demo02_param_client\x1b[0m\n'}
[0.569597] (cpp04_param) StderrLine: {'line': b"/usr/bin/ld: /usr/bin/ld/usr/lib/gcc/x86_64-linux-gnu/11/../../../x86_64-linux-gnu/Scrt1.o: : in function `_start':\n"}
[0.569785] (cpp04_param) StderrLine: {'line': b"/usr/lib/gcc/x86_64-linux-gnu/11/../../../x86_64-linux-gnu/Scrt1.o(: in function `.text+0x_start1b':\n"}
[0.569837] (cpp04_param) StderrLine: {'line': b")(: undefined reference to `.textmain+0x'\n"}
[0.569881] (cpp04_param) StderrLine: {'line': b"1b): undefined reference to `main'\n"}
[0.571071] (cpp04_param) StderrLine: {'line': b'collect2: error: ld returned 1 exit status\n'}
[0.571127] (cpp04_param) StderrLine: {'line': b'collect2: error: ld returned 1 exit status\n'}
[0.572402] (cpp04_param) StderrLine: {'line': b'gmake[2]: *** [CMakeFiles/demo01_param_service.dir/build.make:151\xef\xbc\x9ademo01_param_service] \xe9\x94\x99\xe8\xaf\xaf 1\n'}
[0.572601] (cpp04_param) StderrLine: {'line': b'gmake[1]: *** [CMakeFiles/Makefile2:167\xef\xbc\x9aCMakeFiles/demo01_param_service.dir/all] \xe9\x94\x99\xe8\xaf\xaf 2\n'}
[0.572633] (cpp04_param) StderrLine: {'line': b'gmake[1]: *** \xe6\xad\xa3\xe5\x9c\xa8\xe7\xad\x89\xe5\xbe\x85\xe6\x9c\xaa\xe5\xae\x8c\xe6\x88\x90\xe7\x9a\x84\xe4\xbb\xbb\xe5\x8a\xa1....\n'}
[0.573043] (cpp04_param) StderrLine: {'line': b'gmake[2]: *** [CMakeFiles/demo02_param_client.dir/build.make:151\xef\xbc\x9ademo02_param_client] \xe9\x94\x99\xe8\xaf\xaf 1\n'}
[0.573181] (cpp04_param) StderrLine: {'line': b'gmake[1]: *** [CMakeFiles/Makefile2:193\xef\xbc\x9aCMakeFiles/demo02_param_client.dir/all] \xe9\x94\x99\xe8\xaf\xaf 2\n'}
[0.573369] (cpp04_param) StderrLine: {'line': b'gmake: *** [Makefile:146\xef\xbc\x9aall] \xe9\x94\x99\xe8\xaf\xaf 2\n'}
[0.574739] (cpp04_param) CommandEnded: {'returncode': 2}
[0.583061] (cpp04_param) JobEnded: {'identifier': 'cpp04_param', 'rc': 2}
[0.593328] (-) EventReactorShutdown: {}
