[0.009s] Invoking command in '/home/zhangjinrui/AppDisk/learn_ros2/ROS2/ws03_exercise/build/base_interfaces_demo': CMAKE_PREFIX_PATH=${CMAKE_PREFIX_PATH}:/home/zhangjinrui/AppDisk/learn_ros2/ROS2/ws01_hello/install/pkg02_hello_py:/home/zhangjinrui/ROS2/dev_ws_humble/install/learning_urdf:/home/zhangjinrui/ROS2/dev_ws_humble/install/learning_topic:/home/zhangjinrui/ROS2/dev_ws_humble/install/learning_tf:/home/zhangjinrui/ROS2/dev_ws_humble/install/learning_service:/home/zhangjinrui/ROS2/dev_ws_humble/install/learning_qos:/home/zhangjinrui/ROS2/dev_ws_humble/install/learning_pkg_python:/home/zhangjinrui/ROS2/dev_ws_humble/install/learning_parameter:/home/zhangjinrui/ROS2/dev_ws_humble/install/learning_node:/home/zhangjinrui/ROS2/dev_ws_humble/install/learning_launch:/home/zhangjinrui/ROS2/dev_ws_humble/install/learning_action:/home/zhangjinrui/ROS2/dev_ws_humble/install/learning_gazebo_harmonic:/home/zhangjinrui/ROS2/dev_ws_humble/install/learning_gazebo:/home/zhangjinrui/ROS2/dev_ws_humble/install/learning_cv:/opt/ros/humble /usr/local/bin/cmake --build /home/zhangjinrui/AppDisk/learn_ros2/ROS2/ws03_exercise/build/base_interfaces_demo -- -j24 -l24
[0.024s] [  2%] Built target base_interfaces_demo__cpp
[0.025s] [ 12%] Built target base_interfaces_demo__rosidl_generator_c
[0.027s] [ 12%] Built target ament_cmake_python_copy_base_interfaces_demo
[0.033s] [ 23%] Built target base_interfaces_demo__rosidl_typesupport_introspection_c
[0.033s] [ 33%] Built target base_interfaces_demo__rosidl_typesupport_c
[0.033s] [ 43%] Built target base_interfaces_demo__rosidl_typesupport_cpp
[0.034s] [ 53%] Built target base_interfaces_demo__rosidl_typesupport_introspection_cpp
[0.034s] [ 64%] Built target base_interfaces_demo__rosidl_typesupport_fastrtps_c
[0.035s] [ 74%] Built target base_interfaces_demo__rosidl_typesupport_fastrtps_cpp
[0.041s] [ 74%] Built target base_interfaces_demo
[0.047s] [ 76%] Built target base_interfaces_demo__py
[0.055s] [ 84%] Built target base_interfaces_demo__rosidl_generator_py
[0.063s] [ 94%] Built target base_interfaces_demo__rosidl_typesupport_introspection_c__pyext
[0.063s] [ 94%] Built target base_interfaces_demo__rosidl_typesupport_fastrtps_c__pyext
[0.064s] [100%] Built target base_interfaces_demo__rosidl_typesupport_c__pyext
[0.157s] running egg_info
[0.168s] writing base_interfaces_demo.egg-info/PKG-INFO
[0.168s] writing dependency_links to base_interfaces_demo.egg-info/dependency_links.txt
[0.168s] writing top-level names to base_interfaces_demo.egg-info/top_level.txt
[0.199s] reading manifest file 'base_interfaces_demo.egg-info/SOURCES.txt'
[0.199s] writing manifest file 'base_interfaces_demo.egg-info/SOURCES.txt'
[0.213s] [100%] Built target ament_cmake_python_build_base_interfaces_demo_egg
[0.217s] Invoked command in '/home/zhangjinrui/AppDisk/learn_ros2/ROS2/ws03_exercise/build/base_interfaces_demo' returned '0': CMAKE_PREFIX_PATH=${CMAKE_PREFIX_PATH}:/home/zhangjinrui/AppDisk/learn_ros2/ROS2/ws01_hello/install/pkg02_hello_py:/home/zhangjinrui/ROS2/dev_ws_humble/install/learning_urdf:/home/zhangjinrui/ROS2/dev_ws_humble/install/learning_topic:/home/zhangjinrui/ROS2/dev_ws_humble/install/learning_tf:/home/zhangjinrui/ROS2/dev_ws_humble/install/learning_service:/home/zhangjinrui/ROS2/dev_ws_humble/install/learning_qos:/home/zhangjinrui/ROS2/dev_ws_humble/install/learning_pkg_python:/home/zhangjinrui/ROS2/dev_ws_humble/install/learning_parameter:/home/zhangjinrui/ROS2/dev_ws_humble/install/learning_node:/home/zhangjinrui/ROS2/dev_ws_humble/install/learning_launch:/home/zhangjinrui/ROS2/dev_ws_humble/install/learning_action:/home/zhangjinrui/ROS2/dev_ws_humble/install/learning_gazebo_harmonic:/home/zhangjinrui/ROS2/dev_ws_humble/install/learning_gazebo:/home/zhangjinrui/ROS2/dev_ws_humble/install/learning_cv:/opt/ros/humble /usr/local/bin/cmake --build /home/zhangjinrui/AppDisk/learn_ros2/ROS2/ws03_exercise/build/base_interfaces_demo -- -j24 -l24
[0.218s] Invoking command in '/home/zhangjinrui/AppDisk/learn_ros2/ROS2/ws03_exercise/build/base_interfaces_demo': CMAKE_PREFIX_PATH=${CMAKE_PREFIX_PATH}:/home/zhangjinrui/AppDisk/learn_ros2/ROS2/ws01_hello/install/pkg02_hello_py:/home/zhangjinrui/ROS2/dev_ws_humble/install/learning_urdf:/home/zhangjinrui/ROS2/dev_ws_humble/install/learning_topic:/home/zhangjinrui/ROS2/dev_ws_humble/install/learning_tf:/home/zhangjinrui/ROS2/dev_ws_humble/install/learning_service:/home/zhangjinrui/ROS2/dev_ws_humble/install/learning_qos:/home/zhangjinrui/ROS2/dev_ws_humble/install/learning_pkg_python:/home/zhangjinrui/ROS2/dev_ws_humble/install/learning_parameter:/home/zhangjinrui/ROS2/dev_ws_humble/install/learning_node:/home/zhangjinrui/ROS2/dev_ws_humble/install/learning_launch:/home/zhangjinrui/ROS2/dev_ws_humble/install/learning_action:/home/zhangjinrui/ROS2/dev_ws_humble/install/learning_gazebo_harmonic:/home/zhangjinrui/ROS2/dev_ws_humble/install/learning_gazebo:/home/zhangjinrui/ROS2/dev_ws_humble/install/learning_cv:/opt/ros/humble /usr/local/bin/cmake --install /home/zhangjinrui/AppDisk/learn_ros2/ROS2/ws03_exercise/build/base_interfaces_demo
[0.220s] -- Install configuration: ""
[0.220s] -- Up-to-date: /home/zhangjinrui/AppDisk/learn_ros2/ROS2/ws03_exercise/install/base_interfaces_demo/share/ament_index/resource_index/rosidl_interfaces/base_interfaces_demo
[0.220s] -- Up-to-date: /home/zhangjinrui/AppDisk/learn_ros2/ROS2/ws03_exercise/install/base_interfaces_demo/include/base_interfaces_demo/base_interfaces_demo
[0.220s] -- Up-to-date: /home/zhangjinrui/AppDisk/learn_ros2/ROS2/ws03_exercise/install/base_interfaces_demo/include/base_interfaces_demo/base_interfaces_demo/srv
[0.220s] -- Up-to-date: /home/zhangjinrui/AppDisk/learn_ros2/ROS2/ws03_exercise/install/base_interfaces_demo/include/base_interfaces_demo/base_interfaces_demo/srv/detail
[0.220s] -- Up-to-date: /home/zhangjinrui/AppDisk/learn_ros2/ROS2/ws03_exercise/install/base_interfaces_demo/include/base_interfaces_demo/base_interfaces_demo/srv/detail/distance__functions.h
[0.220s] -- Up-to-date: /home/zhangjinrui/AppDisk/learn_ros2/ROS2/ws03_exercise/install/base_interfaces_demo/include/base_interfaces_demo/base_interfaces_demo/srv/detail/distance__type_support.h
[0.220s] -- Up-to-date: /home/zhangjinrui/AppDisk/learn_ros2/ROS2/ws03_exercise/install/base_interfaces_demo/include/base_interfaces_demo/base_interfaces_demo/srv/detail/distance__struct.h
[0.220s] -- Up-to-date: /home/zhangjinrui/AppDisk/learn_ros2/ROS2/ws03_exercise/install/base_interfaces_demo/include/base_interfaces_demo/base_interfaces_demo/srv/detail/distance__functions.c
[0.220s] -- Up-to-date: /home/zhangjinrui/AppDisk/learn_ros2/ROS2/ws03_exercise/install/base_interfaces_demo/include/base_interfaces_demo/base_interfaces_demo/srv/distance.h
[0.220s] -- Up-to-date: /home/zhangjinrui/AppDisk/learn_ros2/ROS2/ws03_exercise/install/base_interfaces_demo/include/base_interfaces_demo/base_interfaces_demo/msg
[0.220s] -- Up-to-date: /home/zhangjinrui/AppDisk/learn_ros2/ROS2/ws03_exercise/install/base_interfaces_demo/include/base_interfaces_demo/base_interfaces_demo/msg/rosidl_generator_c__visibility_control.h
[0.220s] -- Up-to-date: /home/zhangjinrui/AppDisk/learn_ros2/ROS2/ws03_exercise/install/base_interfaces_demo/include/base_interfaces_demo/base_interfaces_demo/action
[0.220s] -- Up-to-date: /home/zhangjinrui/AppDisk/learn_ros2/ROS2/ws03_exercise/install/base_interfaces_demo/include/base_interfaces_demo/base_interfaces_demo/action/nav.h
[0.220s] -- Up-to-date: /home/zhangjinrui/AppDisk/learn_ros2/ROS2/ws03_exercise/install/base_interfaces_demo/include/base_interfaces_demo/base_interfaces_demo/action/detail
[0.220s] -- Up-to-date: /home/zhangjinrui/AppDisk/learn_ros2/ROS2/ws03_exercise/install/base_interfaces_demo/include/base_interfaces_demo/base_interfaces_demo/action/detail/nav__type_support.h
[0.220s] -- Up-to-date: /home/zhangjinrui/AppDisk/learn_ros2/ROS2/ws03_exercise/install/base_interfaces_demo/include/base_interfaces_demo/base_interfaces_demo/action/detail/nav__struct.h
[0.220s] -- Up-to-date: /home/zhangjinrui/AppDisk/learn_ros2/ROS2/ws03_exercise/install/base_interfaces_demo/include/base_interfaces_demo/base_interfaces_demo/action/detail/nav__functions.c
[0.220s] -- Up-to-date: /home/zhangjinrui/AppDisk/learn_ros2/ROS2/ws03_exercise/install/base_interfaces_demo/include/base_interfaces_demo/base_interfaces_demo/action/detail/nav__functions.h
[0.221s] -- Up-to-date: /home/zhangjinrui/AppDisk/learn_ros2/ROS2/ws03_exercise/install/base_interfaces_demo/share/base_interfaces_demo/environment/library_path.sh
[0.221s] -- Up-to-date: /home/zhangjinrui/AppDisk/learn_ros2/ROS2/ws03_exercise/install/base_interfaces_demo/share/base_interfaces_demo/environment/library_path.dsv
[0.221s] -- Up-to-date: /home/zhangjinrui/AppDisk/learn_ros2/ROS2/ws03_exercise/install/base_interfaces_demo/lib/libbase_interfaces_demo__rosidl_generator_c.so
[0.221s] -- Up-to-date: /home/zhangjinrui/AppDisk/learn_ros2/ROS2/ws03_exercise/install/base_interfaces_demo/include/base_interfaces_demo/base_interfaces_demo
[0.221s] -- Up-to-date: /home/zhangjinrui/AppDisk/learn_ros2/ROS2/ws03_exercise/install/base_interfaces_demo/include/base_interfaces_demo/base_interfaces_demo/srv
[0.221s] -- Up-to-date: /home/zhangjinrui/AppDisk/learn_ros2/ROS2/ws03_exercise/install/base_interfaces_demo/include/base_interfaces_demo/base_interfaces_demo/srv/detail
[0.221s] -- Up-to-date: /home/zhangjinrui/AppDisk/learn_ros2/ROS2/ws03_exercise/install/base_interfaces_demo/include/base_interfaces_demo/base_interfaces_demo/srv/detail/distance__rosidl_typesupport_fastrtps_c.h
[0.221s] -- Up-to-date: /home/zhangjinrui/AppDisk/learn_ros2/ROS2/ws03_exercise/install/base_interfaces_demo/include/base_interfaces_demo/base_interfaces_demo/msg
[0.221s] -- Up-to-date: /home/zhangjinrui/AppDisk/learn_ros2/ROS2/ws03_exercise/install/base_interfaces_demo/include/base_interfaces_demo/base_interfaces_demo/msg/rosidl_typesupport_fastrtps_c__visibility_control.h
[0.221s] -- Up-to-date: /home/zhangjinrui/AppDisk/learn_ros2/ROS2/ws03_exercise/install/base_interfaces_demo/include/base_interfaces_demo/base_interfaces_demo/action
[0.221s] -- Up-to-date: /home/zhangjinrui/AppDisk/learn_ros2/ROS2/ws03_exercise/install/base_interfaces_demo/include/base_interfaces_demo/base_interfaces_demo/action/detail
[0.221s] -- Up-to-date: /home/zhangjinrui/AppDisk/learn_ros2/ROS2/ws03_exercise/install/base_interfaces_demo/include/base_interfaces_demo/base_interfaces_demo/action/detail/nav__rosidl_typesupport_fastrtps_c.h
[0.221s] -- Up-to-date: /home/zhangjinrui/AppDisk/learn_ros2/ROS2/ws03_exercise/install/base_interfaces_demo/lib/libbase_interfaces_demo__rosidl_typesupport_fastrtps_c.so
[0.221s] -- Up-to-date: /home/zhangjinrui/AppDisk/learn_ros2/ROS2/ws03_exercise/install/base_interfaces_demo/include/base_interfaces_demo/base_interfaces_demo
[0.221s] -- Up-to-date: /home/zhangjinrui/AppDisk/learn_ros2/ROS2/ws03_exercise/install/base_interfaces_demo/include/base_interfaces_demo/base_interfaces_demo/srv
[0.221s] -- Up-to-date: /home/zhangjinrui/AppDisk/learn_ros2/ROS2/ws03_exercise/install/base_interfaces_demo/include/base_interfaces_demo/base_interfaces_demo/srv/detail
[0.221s] -- Up-to-date: /home/zhangjinrui/AppDisk/learn_ros2/ROS2/ws03_exercise/install/base_interfaces_demo/include/base_interfaces_demo/base_interfaces_demo/srv/detail/distance__rosidl_typesupport_introspection_c.h
[0.221s] -- Up-to-date: /home/zhangjinrui/AppDisk/learn_ros2/ROS2/ws03_exercise/install/base_interfaces_demo/include/base_interfaces_demo/base_interfaces_demo/srv/detail/distance__type_support.c
[0.221s] -- Up-to-date: /home/zhangjinrui/AppDisk/learn_ros2/ROS2/ws03_exercise/install/base_interfaces_demo/include/base_interfaces_demo/base_interfaces_demo/msg
[0.221s] -- Up-to-date: /home/zhangjinrui/AppDisk/learn_ros2/ROS2/ws03_exercise/install/base_interfaces_demo/include/base_interfaces_demo/base_interfaces_demo/msg/rosidl_typesupport_introspection_c__visibility_control.h
[0.221s] -- Up-to-date: /home/zhangjinrui/AppDisk/learn_ros2/ROS2/ws03_exercise/install/base_interfaces_demo/include/base_interfaces_demo/base_interfaces_demo/action
[0.221s] -- Up-to-date: /home/zhangjinrui/AppDisk/learn_ros2/ROS2/ws03_exercise/install/base_interfaces_demo/include/base_interfaces_demo/base_interfaces_demo/action/detail
[0.221s] -- Up-to-date: /home/zhangjinrui/AppDisk/learn_ros2/ROS2/ws03_exercise/install/base_interfaces_demo/include/base_interfaces_demo/base_interfaces_demo/action/detail/nav__type_support.c
[0.221s] -- Up-to-date: /home/zhangjinrui/AppDisk/learn_ros2/ROS2/ws03_exercise/install/base_interfaces_demo/include/base_interfaces_demo/base_interfaces_demo/action/detail/nav__rosidl_typesupport_introspection_c.h
[0.221s] -- Up-to-date: /home/zhangjinrui/AppDisk/learn_ros2/ROS2/ws03_exercise/install/base_interfaces_demo/lib/libbase_interfaces_demo__rosidl_typesupport_introspection_c.so
[0.221s] -- Up-to-date: /home/zhangjinrui/AppDisk/learn_ros2/ROS2/ws03_exercise/install/base_interfaces_demo/lib/libbase_interfaces_demo__rosidl_typesupport_c.so
[0.221s] -- Up-to-date: /home/zhangjinrui/AppDisk/learn_ros2/ROS2/ws03_exercise/install/base_interfaces_demo/include/base_interfaces_demo/base_interfaces_demo
[0.221s] -- Up-to-date: /home/zhangjinrui/AppDisk/learn_ros2/ROS2/ws03_exercise/install/base_interfaces_demo/include/base_interfaces_demo/base_interfaces_demo/srv
[0.221s] -- Up-to-date: /home/zhangjinrui/AppDisk/learn_ros2/ROS2/ws03_exercise/install/base_interfaces_demo/include/base_interfaces_demo/base_interfaces_demo/srv/distance.hpp
[0.222s] -- Up-to-date: /home/zhangjinrui/AppDisk/learn_ros2/ROS2/ws03_exercise/install/base_interfaces_demo/include/base_interfaces_demo/base_interfaces_demo/srv/detail
[0.222s] -- Up-to-date: /home/zhangjinrui/AppDisk/learn_ros2/ROS2/ws03_exercise/install/base_interfaces_demo/include/base_interfaces_demo/base_interfaces_demo/srv/detail/distance__struct.hpp
[0.222s] -- Up-to-date: /home/zhangjinrui/AppDisk/learn_ros2/ROS2/ws03_exercise/install/base_interfaces_demo/include/base_interfaces_demo/base_interfaces_demo/srv/detail/distance__builder.hpp
[0.222s] -- Up-to-date: /home/zhangjinrui/AppDisk/learn_ros2/ROS2/ws03_exercise/install/base_interfaces_demo/include/base_interfaces_demo/base_interfaces_demo/srv/detail/distance__traits.hpp
[0.222s] -- Up-to-date: /home/zhangjinrui/AppDisk/learn_ros2/ROS2/ws03_exercise/install/base_interfaces_demo/include/base_interfaces_demo/base_interfaces_demo/srv/detail/distance__type_support.hpp
[0.222s] -- Up-to-date: /home/zhangjinrui/AppDisk/learn_ros2/ROS2/ws03_exercise/install/base_interfaces_demo/include/base_interfaces_demo/base_interfaces_demo/msg
[0.222s] -- Up-to-date: /home/zhangjinrui/AppDisk/learn_ros2/ROS2/ws03_exercise/install/base_interfaces_demo/include/base_interfaces_demo/base_interfaces_demo/msg/rosidl_generator_cpp__visibility_control.hpp
[0.222s] -- Up-to-date: /home/zhangjinrui/AppDisk/learn_ros2/ROS2/ws03_exercise/install/base_interfaces_demo/include/base_interfaces_demo/base_interfaces_demo/action
[0.222s] -- Up-to-date: /home/zhangjinrui/AppDisk/learn_ros2/ROS2/ws03_exercise/install/base_interfaces_demo/include/base_interfaces_demo/base_interfaces_demo/action/nav.hpp
[0.222s] -- Up-to-date: /home/zhangjinrui/AppDisk/learn_ros2/ROS2/ws03_exercise/install/base_interfaces_demo/include/base_interfaces_demo/base_interfaces_demo/action/detail
[0.222s] -- Up-to-date: /home/zhangjinrui/AppDisk/learn_ros2/ROS2/ws03_exercise/install/base_interfaces_demo/include/base_interfaces_demo/base_interfaces_demo/action/detail/nav__type_support.hpp
[0.222s] -- Up-to-date: /home/zhangjinrui/AppDisk/learn_ros2/ROS2/ws03_exercise/install/base_interfaces_demo/include/base_interfaces_demo/base_interfaces_demo/action/detail/nav__traits.hpp
[0.222s] -- Up-to-date: /home/zhangjinrui/AppDisk/learn_ros2/ROS2/ws03_exercise/install/base_interfaces_demo/include/base_interfaces_demo/base_interfaces_demo/action/detail/nav__struct.hpp
[0.222s] -- Up-to-date: /home/zhangjinrui/AppDisk/learn_ros2/ROS2/ws03_exercise/install/base_interfaces_demo/include/base_interfaces_demo/base_interfaces_demo/action/detail/nav__builder.hpp
[0.222s] -- Up-to-date: /home/zhangjinrui/AppDisk/learn_ros2/ROS2/ws03_exercise/install/base_interfaces_demo/include/base_interfaces_demo/base_interfaces_demo
[0.222s] -- Up-to-date: /home/zhangjinrui/AppDisk/learn_ros2/ROS2/ws03_exercise/install/base_interfaces_demo/include/base_interfaces_demo/base_interfaces_demo/srv
[0.222s] -- Up-to-date: /home/zhangjinrui/AppDisk/learn_ros2/ROS2/ws03_exercise/install/base_interfaces_demo/include/base_interfaces_demo/base_interfaces_demo/srv/detail
[0.222s] -- Up-to-date: /home/zhangjinrui/AppDisk/learn_ros2/ROS2/ws03_exercise/install/base_interfaces_demo/include/base_interfaces_demo/base_interfaces_demo/srv/detail/distance__rosidl_typesupport_fastrtps_cpp.hpp
[0.222s] -- Up-to-date: /home/zhangjinrui/AppDisk/learn_ros2/ROS2/ws03_exercise/install/base_interfaces_demo/include/base_interfaces_demo/base_interfaces_demo/srv/detail/dds_fastrtps
[0.222s] -- Up-to-date: /home/zhangjinrui/AppDisk/learn_ros2/ROS2/ws03_exercise/install/base_interfaces_demo/include/base_interfaces_demo/base_interfaces_demo/msg
[0.222s] -- Up-to-date: /home/zhangjinrui/AppDisk/learn_ros2/ROS2/ws03_exercise/install/base_interfaces_demo/include/base_interfaces_demo/base_interfaces_demo/msg/rosidl_typesupport_fastrtps_cpp__visibility_control.h
[0.222s] -- Up-to-date: /home/zhangjinrui/AppDisk/learn_ros2/ROS2/ws03_exercise/install/base_interfaces_demo/include/base_interfaces_demo/base_interfaces_demo/action
[0.222s] -- Up-to-date: /home/zhangjinrui/AppDisk/learn_ros2/ROS2/ws03_exercise/install/base_interfaces_demo/include/base_interfaces_demo/base_interfaces_demo/action/detail
[0.222s] -- Up-to-date: /home/zhangjinrui/AppDisk/learn_ros2/ROS2/ws03_exercise/install/base_interfaces_demo/include/base_interfaces_demo/base_interfaces_demo/action/detail/nav__rosidl_typesupport_fastrtps_cpp.hpp
[0.222s] -- Up-to-date: /home/zhangjinrui/AppDisk/learn_ros2/ROS2/ws03_exercise/install/base_interfaces_demo/include/base_interfaces_demo/base_interfaces_demo/action/detail/dds_fastrtps
[0.222s] -- Up-to-date: /home/zhangjinrui/AppDisk/learn_ros2/ROS2/ws03_exercise/install/base_interfaces_demo/lib/libbase_interfaces_demo__rosidl_typesupport_fastrtps_cpp.so
[0.222s] -- Up-to-date: /home/zhangjinrui/AppDisk/learn_ros2/ROS2/ws03_exercise/install/base_interfaces_demo/include/base_interfaces_demo/base_interfaces_demo
[0.222s] -- Up-to-date: /home/zhangjinrui/AppDisk/learn_ros2/ROS2/ws03_exercise/install/base_interfaces_demo/include/base_interfaces_demo/base_interfaces_demo/srv
[0.222s] -- Up-to-date: /home/zhangjinrui/AppDisk/learn_ros2/ROS2/ws03_exercise/install/base_interfaces_demo/include/base_interfaces_demo/base_interfaces_demo/srv/detail
[0.222s] -- Up-to-date: /home/zhangjinrui/AppDisk/learn_ros2/ROS2/ws03_exercise/install/base_interfaces_demo/include/base_interfaces_demo/base_interfaces_demo/srv/detail/distance__rosidl_typesupport_introspection_cpp.hpp
[0.222s] -- Up-to-date: /home/zhangjinrui/AppDisk/learn_ros2/ROS2/ws03_exercise/install/base_interfaces_demo/include/base_interfaces_demo/base_interfaces_demo/srv/detail/distance__type_support.cpp
[0.222s] -- Up-to-date: /home/zhangjinrui/AppDisk/learn_ros2/ROS2/ws03_exercise/install/base_interfaces_demo/include/base_interfaces_demo/base_interfaces_demo/action
[0.222s] -- Up-to-date: /home/zhangjinrui/AppDisk/learn_ros2/ROS2/ws03_exercise/install/base_interfaces_demo/include/base_interfaces_demo/base_interfaces_demo/action/detail
[0.222s] -- Up-to-date: /home/zhangjinrui/AppDisk/learn_ros2/ROS2/ws03_exercise/install/base_interfaces_demo/include/base_interfaces_demo/base_interfaces_demo/action/detail/nav__rosidl_typesupport_introspection_cpp.hpp
[0.222s] -- Up-to-date: /home/zhangjinrui/AppDisk/learn_ros2/ROS2/ws03_exercise/install/base_interfaces_demo/include/base_interfaces_demo/base_interfaces_demo/action/detail/nav__type_support.cpp
[0.223s] -- Up-to-date: /home/zhangjinrui/AppDisk/learn_ros2/ROS2/ws03_exercise/install/base_interfaces_demo/lib/libbase_interfaces_demo__rosidl_typesupport_introspection_cpp.so
[0.223s] -- Up-to-date: /home/zhangjinrui/AppDisk/learn_ros2/ROS2/ws03_exercise/install/base_interfaces_demo/lib/libbase_interfaces_demo__rosidl_typesupport_cpp.so
[0.223s] -- Up-to-date: /home/zhangjinrui/AppDisk/learn_ros2/ROS2/ws03_exercise/install/base_interfaces_demo/share/base_interfaces_demo/environment/pythonpath.sh
[0.223s] -- Up-to-date: /home/zhangjinrui/AppDisk/learn_ros2/ROS2/ws03_exercise/install/base_interfaces_demo/share/base_interfaces_demo/environment/pythonpath.dsv
[0.223s] -- Up-to-date: /home/zhangjinrui/AppDisk/learn_ros2/ROS2/ws03_exercise/install/base_interfaces_demo/lib/python3.13/site-packages/base_interfaces_demo-0.1.0-py3.13.egg-info
[0.223s] -- Installing: /home/zhangjinrui/AppDisk/learn_ros2/ROS2/ws03_exercise/install/base_interfaces_demo/lib/python3.13/site-packages/base_interfaces_demo-0.1.0-py3.13.egg-info/top_level.txt
[0.223s] -- Installing: /home/zhangjinrui/AppDisk/learn_ros2/ROS2/ws03_exercise/install/base_interfaces_demo/lib/python3.13/site-packages/base_interfaces_demo-0.1.0-py3.13.egg-info/SOURCES.txt
[0.223s] -- Installing: /home/zhangjinrui/AppDisk/learn_ros2/ROS2/ws03_exercise/install/base_interfaces_demo/lib/python3.13/site-packages/base_interfaces_demo-0.1.0-py3.13.egg-info/PKG-INFO
[0.223s] -- Installing: /home/zhangjinrui/AppDisk/learn_ros2/ROS2/ws03_exercise/install/base_interfaces_demo/lib/python3.13/site-packages/base_interfaces_demo-0.1.0-py3.13.egg-info/dependency_links.txt
[0.223s] -- Up-to-date: /home/zhangjinrui/AppDisk/learn_ros2/ROS2/ws03_exercise/install/base_interfaces_demo/lib/python3.13/site-packages/base_interfaces_demo
[0.223s] -- Up-to-date: /home/zhangjinrui/AppDisk/learn_ros2/ROS2/ws03_exercise/install/base_interfaces_demo/lib/python3.13/site-packages/base_interfaces_demo/base_interfaces_demo_s__rosidl_typesupport_c.cpython-313-x86_64-linux-gnu.so
[0.223s] -- Up-to-date: /home/zhangjinrui/AppDisk/learn_ros2/ROS2/ws03_exercise/install/base_interfaces_demo/lib/python3.13/site-packages/base_interfaces_demo/srv
[0.223s] -- Up-to-date: /home/zhangjinrui/AppDisk/learn_ros2/ROS2/ws03_exercise/install/base_interfaces_demo/lib/python3.13/site-packages/base_interfaces_demo/srv/_distance.py
[0.223s] -- Up-to-date: /home/zhangjinrui/AppDisk/learn_ros2/ROS2/ws03_exercise/install/base_interfaces_demo/lib/python3.13/site-packages/base_interfaces_demo/srv/__init__.py
[0.223s] -- Up-to-date: /home/zhangjinrui/AppDisk/learn_ros2/ROS2/ws03_exercise/install/base_interfaces_demo/lib/python3.13/site-packages/base_interfaces_demo/srv/_distance_s.c
[0.223s] -- Up-to-date: /home/zhangjinrui/AppDisk/learn_ros2/ROS2/ws03_exercise/install/base_interfaces_demo/lib/python3.13/site-packages/base_interfaces_demo/action
[0.223s] -- Up-to-date: /home/zhangjinrui/AppDisk/learn_ros2/ROS2/ws03_exercise/install/base_interfaces_demo/lib/python3.13/site-packages/base_interfaces_demo/action/_nav.py
[0.223s] -- Up-to-date: /home/zhangjinrui/AppDisk/learn_ros2/ROS2/ws03_exercise/install/base_interfaces_demo/lib/python3.13/site-packages/base_interfaces_demo/action/_nav_s.c
[0.223s] -- Up-to-date: /home/zhangjinrui/AppDisk/learn_ros2/ROS2/ws03_exercise/install/base_interfaces_demo/lib/python3.13/site-packages/base_interfaces_demo/action/__init__.py
[0.223s] -- Up-to-date: /home/zhangjinrui/AppDisk/learn_ros2/ROS2/ws03_exercise/install/base_interfaces_demo/lib/python3.13/site-packages/base_interfaces_demo/_base_interfaces_demo_s.ep.rosidl_typesupport_introspection_c.c
[0.223s] -- Up-to-date: /home/zhangjinrui/AppDisk/learn_ros2/ROS2/ws03_exercise/install/base_interfaces_demo/lib/python3.13/site-packages/base_interfaces_demo/__init__.py
[0.223s] -- Up-to-date: /home/zhangjinrui/AppDisk/learn_ros2/ROS2/ws03_exercise/install/base_interfaces_demo/lib/python3.13/site-packages/base_interfaces_demo/base_interfaces_demo_s__rosidl_typesupport_fastrtps_c.cpython-313-x86_64-linux-gnu.so
[0.224s] -- Up-to-date: /home/zhangjinrui/AppDisk/learn_ros2/ROS2/ws03_exercise/install/base_interfaces_demo/lib/python3.13/site-packages/base_interfaces_demo/_base_interfaces_demo_s.ep.rosidl_typesupport_fastrtps_c.c
[0.224s] -- Up-to-date: /home/zhangjinrui/AppDisk/learn_ros2/ROS2/ws03_exercise/install/base_interfaces_demo/lib/python3.13/site-packages/base_interfaces_demo/base_interfaces_demo_s__rosidl_typesupport_introspection_c.cpython-313-x86_64-linux-gnu.so
[0.224s] -- Up-to-date: /home/zhangjinrui/AppDisk/learn_ros2/ROS2/ws03_exercise/install/base_interfaces_demo/lib/python3.13/site-packages/base_interfaces_demo/libbase_interfaces_demo__rosidl_generator_py.so
[0.224s] -- Up-to-date: /home/zhangjinrui/AppDisk/learn_ros2/ROS2/ws03_exercise/install/base_interfaces_demo/lib/python3.13/site-packages/base_interfaces_demo/_base_interfaces_demo_s.ep.rosidl_typesupport_c.c
[0.244s] Listing '/home/zhangjinrui/AppDisk/learn_ros2/ROS2/ws03_exercise/install/base_interfaces_demo/lib/python3.13/site-packages/base_interfaces_demo'...
[0.244s] Listing '/home/zhangjinrui/AppDisk/learn_ros2/ROS2/ws03_exercise/install/base_interfaces_demo/lib/python3.13/site-packages/base_interfaces_demo/action'...
[0.244s] Listing '/home/zhangjinrui/AppDisk/learn_ros2/ROS2/ws03_exercise/install/base_interfaces_demo/lib/python3.13/site-packages/base_interfaces_demo/srv'...
[0.246s] -- Up-to-date: /home/zhangjinrui/AppDisk/learn_ros2/ROS2/ws03_exercise/install/base_interfaces_demo/lib/python3.13/site-packages/base_interfaces_demo/base_interfaces_demo_s__rosidl_typesupport_fastrtps_c.cpython-313-x86_64-linux-gnu.so
[0.246s] -- Up-to-date: /home/zhangjinrui/AppDisk/learn_ros2/ROS2/ws03_exercise/install/base_interfaces_demo/lib/python3.13/site-packages/base_interfaces_demo/base_interfaces_demo_s__rosidl_typesupport_introspection_c.cpython-313-x86_64-linux-gnu.so
[0.246s] -- Up-to-date: /home/zhangjinrui/AppDisk/learn_ros2/ROS2/ws03_exercise/install/base_interfaces_demo/lib/python3.13/site-packages/base_interfaces_demo/base_interfaces_demo_s__rosidl_typesupport_c.cpython-313-x86_64-linux-gnu.so
[0.247s] -- Up-to-date: /home/zhangjinrui/AppDisk/learn_ros2/ROS2/ws03_exercise/install/base_interfaces_demo/lib/libbase_interfaces_demo__rosidl_generator_py.so
[0.247s] -- Up-to-date: /home/zhangjinrui/AppDisk/learn_ros2/ROS2/ws03_exercise/install/base_interfaces_demo/share/base_interfaces_demo/srv/Distance.idl
[0.247s] -- Up-to-date: /home/zhangjinrui/AppDisk/learn_ros2/ROS2/ws03_exercise/install/base_interfaces_demo/share/base_interfaces_demo/action/Nav.idl
[0.247s] -- Up-to-date: /home/zhangjinrui/AppDisk/learn_ros2/ROS2/ws03_exercise/install/base_interfaces_demo/share/base_interfaces_demo/srv/Distance.srv
[0.247s] -- Up-to-date: /home/zhangjinrui/AppDisk/learn_ros2/ROS2/ws03_exercise/install/base_interfaces_demo/share/base_interfaces_demo/srv/Distance_Request.msg
[0.247s] -- Up-to-date: /home/zhangjinrui/AppDisk/learn_ros2/ROS2/ws03_exercise/install/base_interfaces_demo/share/base_interfaces_demo/srv/Distance_Response.msg
[0.247s] -- Up-to-date: /home/zhangjinrui/AppDisk/learn_ros2/ROS2/ws03_exercise/install/base_interfaces_demo/share/base_interfaces_demo/action/Nav.action
[0.247s] -- Up-to-date: /home/zhangjinrui/AppDisk/learn_ros2/ROS2/ws03_exercise/install/base_interfaces_demo/share/ament_index/resource_index/package_run_dependencies/base_interfaces_demo
[0.247s] -- Up-to-date: /home/zhangjinrui/AppDisk/learn_ros2/ROS2/ws03_exercise/install/base_interfaces_demo/share/ament_index/resource_index/parent_prefix_path/base_interfaces_demo
[0.247s] -- Up-to-date: /home/zhangjinrui/AppDisk/learn_ros2/ROS2/ws03_exercise/install/base_interfaces_demo/share/base_interfaces_demo/environment/ament_prefix_path.sh
[0.247s] -- Up-to-date: /home/zhangjinrui/AppDisk/learn_ros2/ROS2/ws03_exercise/install/base_interfaces_demo/share/base_interfaces_demo/environment/ament_prefix_path.dsv
[0.247s] -- Up-to-date: /home/zhangjinrui/AppDisk/learn_ros2/ROS2/ws03_exercise/install/base_interfaces_demo/share/base_interfaces_demo/environment/path.sh
[0.247s] -- Up-to-date: /home/zhangjinrui/AppDisk/learn_ros2/ROS2/ws03_exercise/install/base_interfaces_demo/share/base_interfaces_demo/environment/path.dsv
[0.247s] -- Up-to-date: /home/zhangjinrui/AppDisk/learn_ros2/ROS2/ws03_exercise/install/base_interfaces_demo/share/base_interfaces_demo/local_setup.bash
[0.247s] -- Up-to-date: /home/zhangjinrui/AppDisk/learn_ros2/ROS2/ws03_exercise/install/base_interfaces_demo/share/base_interfaces_demo/local_setup.sh
[0.247s] -- Up-to-date: /home/zhangjinrui/AppDisk/learn_ros2/ROS2/ws03_exercise/install/base_interfaces_demo/share/base_interfaces_demo/local_setup.zsh
[0.247s] -- Up-to-date: /home/zhangjinrui/AppDisk/learn_ros2/ROS2/ws03_exercise/install/base_interfaces_demo/share/base_interfaces_demo/local_setup.dsv
[0.247s] -- Installing: /home/zhangjinrui/AppDisk/learn_ros2/ROS2/ws03_exercise/install/base_interfaces_demo/share/base_interfaces_demo/package.dsv
[0.247s] -- Up-to-date: /home/zhangjinrui/AppDisk/learn_ros2/ROS2/ws03_exercise/install/base_interfaces_demo/share/ament_index/resource_index/packages/base_interfaces_demo
[0.247s] -- Up-to-date: /home/zhangjinrui/AppDisk/learn_ros2/ROS2/ws03_exercise/install/base_interfaces_demo/share/base_interfaces_demo/cmake/export_base_interfaces_demo__rosidl_generator_cExport.cmake
[0.247s] -- Up-to-date: /home/zhangjinrui/AppDisk/learn_ros2/ROS2/ws03_exercise/install/base_interfaces_demo/share/base_interfaces_demo/cmake/export_base_interfaces_demo__rosidl_generator_cExport-noconfig.cmake
[0.247s] -- Up-to-date: /home/zhangjinrui/AppDisk/learn_ros2/ROS2/ws03_exercise/install/base_interfaces_demo/share/base_interfaces_demo/cmake/export_base_interfaces_demo__rosidl_typesupport_fastrtps_cExport.cmake
[0.247s] -- Up-to-date: /home/zhangjinrui/AppDisk/learn_ros2/ROS2/ws03_exercise/install/base_interfaces_demo/share/base_interfaces_demo/cmake/export_base_interfaces_demo__rosidl_typesupport_fastrtps_cExport-noconfig.cmake
[0.247s] -- Up-to-date: /home/zhangjinrui/AppDisk/learn_ros2/ROS2/ws03_exercise/install/base_interfaces_demo/share/base_interfaces_demo/cmake/base_interfaces_demo__rosidl_typesupport_introspection_cExport.cmake
[0.248s] -- Up-to-date: /home/zhangjinrui/AppDisk/learn_ros2/ROS2/ws03_exercise/install/base_interfaces_demo/share/base_interfaces_demo/cmake/base_interfaces_demo__rosidl_typesupport_introspection_cExport-noconfig.cmake
[0.248s] -- Up-to-date: /home/zhangjinrui/AppDisk/learn_ros2/ROS2/ws03_exercise/install/base_interfaces_demo/share/base_interfaces_demo/cmake/base_interfaces_demo__rosidl_typesupport_cExport.cmake
[0.248s] -- Up-to-date: /home/zhangjinrui/AppDisk/learn_ros2/ROS2/ws03_exercise/install/base_interfaces_demo/share/base_interfaces_demo/cmake/base_interfaces_demo__rosidl_typesupport_cExport-noconfig.cmake
[0.248s] -- Up-to-date: /home/zhangjinrui/AppDisk/learn_ros2/ROS2/ws03_exercise/install/base_interfaces_demo/share/base_interfaces_demo/cmake/export_base_interfaces_demo__rosidl_generator_cppExport.cmake
[0.248s] -- Up-to-date: /home/zhangjinrui/AppDisk/learn_ros2/ROS2/ws03_exercise/install/base_interfaces_demo/share/base_interfaces_demo/cmake/export_base_interfaces_demo__rosidl_typesupport_fastrtps_cppExport.cmake
[0.248s] -- Up-to-date: /home/zhangjinrui/AppDisk/learn_ros2/ROS2/ws03_exercise/install/base_interfaces_demo/share/base_interfaces_demo/cmake/export_base_interfaces_demo__rosidl_typesupport_fastrtps_cppExport-noconfig.cmake
[0.248s] -- Up-to-date: /home/zhangjinrui/AppDisk/learn_ros2/ROS2/ws03_exercise/install/base_interfaces_demo/share/base_interfaces_demo/cmake/base_interfaces_demo__rosidl_typesupport_introspection_cppExport.cmake
[0.248s] -- Up-to-date: /home/zhangjinrui/AppDisk/learn_ros2/ROS2/ws03_exercise/install/base_interfaces_demo/share/base_interfaces_demo/cmake/base_interfaces_demo__rosidl_typesupport_introspection_cppExport-noconfig.cmake
[0.248s] -- Up-to-date: /home/zhangjinrui/AppDisk/learn_ros2/ROS2/ws03_exercise/install/base_interfaces_demo/share/base_interfaces_demo/cmake/base_interfaces_demo__rosidl_typesupport_cppExport.cmake
[0.248s] -- Up-to-date: /home/zhangjinrui/AppDisk/learn_ros2/ROS2/ws03_exercise/install/base_interfaces_demo/share/base_interfaces_demo/cmake/base_interfaces_demo__rosidl_typesupport_cppExport-noconfig.cmake
[0.248s] -- Up-to-date: /home/zhangjinrui/AppDisk/learn_ros2/ROS2/ws03_exercise/install/base_interfaces_demo/share/base_interfaces_demo/cmake/export_base_interfaces_demo__rosidl_generator_pyExport.cmake
[0.248s] -- Up-to-date: /home/zhangjinrui/AppDisk/learn_ros2/ROS2/ws03_exercise/install/base_interfaces_demo/share/base_interfaces_demo/cmake/export_base_interfaces_demo__rosidl_generator_pyExport-noconfig.cmake
[0.248s] -- Up-to-date: /home/zhangjinrui/AppDisk/learn_ros2/ROS2/ws03_exercise/install/base_interfaces_demo/share/base_interfaces_demo/cmake/rosidl_cmake-extras.cmake
[0.248s] -- Up-to-date: /home/zhangjinrui/AppDisk/learn_ros2/ROS2/ws03_exercise/install/base_interfaces_demo/share/base_interfaces_demo/cmake/ament_cmake_export_dependencies-extras.cmake
[0.248s] -- Up-to-date: /home/zhangjinrui/AppDisk/learn_ros2/ROS2/ws03_exercise/install/base_interfaces_demo/share/base_interfaces_demo/cmake/ament_cmake_export_include_directories-extras.cmake
[0.248s] -- Up-to-date: /home/zhangjinrui/AppDisk/learn_ros2/ROS2/ws03_exercise/install/base_interfaces_demo/share/base_interfaces_demo/cmake/ament_cmake_export_libraries-extras.cmake
[0.248s] -- Up-to-date: /home/zhangjinrui/AppDisk/learn_ros2/ROS2/ws03_exercise/install/base_interfaces_demo/share/base_interfaces_demo/cmake/ament_cmake_export_targets-extras.cmake
[0.248s] -- Up-to-date: /home/zhangjinrui/AppDisk/learn_ros2/ROS2/ws03_exercise/install/base_interfaces_demo/share/base_interfaces_demo/cmake/rosidl_cmake_export_typesupport_targets-extras.cmake
[0.248s] -- Up-to-date: /home/zhangjinrui/AppDisk/learn_ros2/ROS2/ws03_exercise/install/base_interfaces_demo/share/base_interfaces_demo/cmake/rosidl_cmake_export_typesupport_libraries-extras.cmake
[0.248s] -- Up-to-date: /home/zhangjinrui/AppDisk/learn_ros2/ROS2/ws03_exercise/install/base_interfaces_demo/share/base_interfaces_demo/cmake/base_interfaces_demoConfig.cmake
[0.248s] -- Up-to-date: /home/zhangjinrui/AppDisk/learn_ros2/ROS2/ws03_exercise/install/base_interfaces_demo/share/base_interfaces_demo/cmake/base_interfaces_demoConfig-version.cmake
[0.248s] -- Up-to-date: /home/zhangjinrui/AppDisk/learn_ros2/ROS2/ws03_exercise/install/base_interfaces_demo/share/base_interfaces_demo/package.xml
[0.250s] Invoked command in '/home/zhangjinrui/AppDisk/learn_ros2/ROS2/ws03_exercise/build/base_interfaces_demo' returned '0': CMAKE_PREFIX_PATH=${CMAKE_PREFIX_PATH}:/home/zhangjinrui/AppDisk/learn_ros2/ROS2/ws01_hello/install/pkg02_hello_py:/home/zhangjinrui/ROS2/dev_ws_humble/install/learning_urdf:/home/zhangjinrui/ROS2/dev_ws_humble/install/learning_topic:/home/zhangjinrui/ROS2/dev_ws_humble/install/learning_tf:/home/zhangjinrui/ROS2/dev_ws_humble/install/learning_service:/home/zhangjinrui/ROS2/dev_ws_humble/install/learning_qos:/home/zhangjinrui/ROS2/dev_ws_humble/install/learning_pkg_python:/home/zhangjinrui/ROS2/dev_ws_humble/install/learning_parameter:/home/zhangjinrui/ROS2/dev_ws_humble/install/learning_node:/home/zhangjinrui/ROS2/dev_ws_humble/install/learning_launch:/home/zhangjinrui/ROS2/dev_ws_humble/install/learning_action:/home/zhangjinrui/ROS2/dev_ws_humble/install/learning_gazebo_harmonic:/home/zhangjinrui/ROS2/dev_ws_humble/install/learning_gazebo:/home/zhangjinrui/ROS2/dev_ws_humble/install/learning_cv:/opt/ros/humble /usr/local/bin/cmake --install /home/zhangjinrui/AppDisk/learn_ros2/ROS2/ws03_exercise/build/base_interfaces_demo
