running egg_info
creating ../../build/py04_param/py04_param.egg-info
writing ../../build/py04_param/py04_param.egg-info/PKG-INFO
writing dependency_links to ../../build/py04_param/py04_param.egg-info/dependency_links.txt
writing entry points to ../../build/py04_param/py04_param.egg-info/entry_points.txt
writing requirements to ../../build/py04_param/py04_param.egg-info/requires.txt
writing top-level names to ../../build/py04_param/py04_param.egg-info/top_level.txt
writing manifest file '../../build/py04_param/py04_param.egg-info/SOURCES.txt'
reading manifest file '../../build/py04_param/py04_param.egg-info/SOURCES.txt'
writing manifest file '../../build/py04_param/py04_param.egg-info/SOURCES.txt'
running build
running build_py
creating /home/zhangjinrui/AppDisk/learn_ros2/ROS2/ws02_plumbing/build/py04_param/build
creating /home/zhangjinrui/AppDisk/learn_ros2/ROS2/ws02_plumbing/build/py04_param/build/lib
creating /home/zhangjinrui/AppDisk/learn_ros2/ROS2/ws02_plumbing/build/py04_param/build/lib/py04_param
copying py04_param/__init__.py -> /home/zhangjinrui/AppDisk/learn_ros2/ROS2/ws02_plumbing/build/py04_param/build/lib/py04_param
copying py04_param/demo01_param_service.py -> /home/zhangjinrui/AppDisk/learn_ros2/ROS2/ws02_plumbing/build/py04_param/build/lib/py04_param
copying py04_param/demo02_param_client.py -> /home/zhangjinrui/AppDisk/learn_ros2/ROS2/ws02_plumbing/build/py04_param/build/lib/py04_param
copying py04_param/demo00_param.py -> /home/zhangjinrui/AppDisk/learn_ros2/ROS2/ws02_plumbing/build/py04_param/build/lib/py04_param
running install
running install_lib
creating /home/zhangjinrui/AppDisk/learn_ros2/ROS2/ws02_plumbing/install/py04_param/lib/python3.10/site-packages/py04_param
copying /home/zhangjinrui/AppDisk/learn_ros2/ROS2/ws02_plumbing/build/py04_param/build/lib/py04_param/__init__.py -> /home/zhangjinrui/AppDisk/learn_ros2/ROS2/ws02_plumbing/install/py04_param/lib/python3.10/site-packages/py04_param
copying /home/zhangjinrui/AppDisk/learn_ros2/ROS2/ws02_plumbing/build/py04_param/build/lib/py04_param/demo01_param_service.py -> /home/zhangjinrui/AppDisk/learn_ros2/ROS2/ws02_plumbing/install/py04_param/lib/python3.10/site-packages/py04_param
copying /home/zhangjinrui/AppDisk/learn_ros2/ROS2/ws02_plumbing/build/py04_param/build/lib/py04_param/demo02_param_client.py -> /home/zhangjinrui/AppDisk/learn_ros2/ROS2/ws02_plumbing/install/py04_param/lib/python3.10/site-packages/py04_param
copying /home/zhangjinrui/AppDisk/learn_ros2/ROS2/ws02_plumbing/build/py04_param/build/lib/py04_param/demo00_param.py -> /home/zhangjinrui/AppDisk/learn_ros2/ROS2/ws02_plumbing/install/py04_param/lib/python3.10/site-packages/py04_param
byte-compiling /home/zhangjinrui/AppDisk/learn_ros2/ROS2/ws02_plumbing/install/py04_param/lib/python3.10/site-packages/py04_param/__init__.py to __init__.cpython-310.pyc
byte-compiling /home/zhangjinrui/AppDisk/learn_ros2/ROS2/ws02_plumbing/install/py04_param/lib/python3.10/site-packages/py04_param/demo01_param_service.py to demo01_param_service.cpython-310.pyc
byte-compiling /home/zhangjinrui/AppDisk/learn_ros2/ROS2/ws02_plumbing/install/py04_param/lib/python3.10/site-packages/py04_param/demo02_param_client.py to demo02_param_client.cpython-310.pyc
byte-compiling /home/zhangjinrui/AppDisk/learn_ros2/ROS2/ws02_plumbing/install/py04_param/lib/python3.10/site-packages/py04_param/demo00_param.py to demo00_param.cpython-310.pyc
running install_data
creating /home/zhangjinrui/AppDisk/learn_ros2/ROS2/ws02_plumbing/install/py04_param/share/ament_index
creating /home/zhangjinrui/AppDisk/learn_ros2/ROS2/ws02_plumbing/install/py04_param/share/ament_index/resource_index
creating /home/zhangjinrui/AppDisk/learn_ros2/ROS2/ws02_plumbing/install/py04_param/share/ament_index/resource_index/packages
copying resource/py04_param -> /home/zhangjinrui/AppDisk/learn_ros2/ROS2/ws02_plumbing/install/py04_param/share/ament_index/resource_index/packages
copying package.xml -> /home/zhangjinrui/AppDisk/learn_ros2/ROS2/ws02_plumbing/install/py04_param/share/py04_param
running install_egg_info
Copying ../../build/py04_param/py04_param.egg-info to /home/zhangjinrui/AppDisk/learn_ros2/ROS2/ws02_plumbing/install/py04_param/lib/python3.10/site-packages/py04_param-0.0.0-py3.10.egg-info
running install_scripts
Installing demo00_param script to /home/zhangjinrui/AppDisk/learn_ros2/ROS2/ws02_plumbing/install/py04_param/lib/py04_param
Installing demo01_param_service script to /home/zhangjinrui/AppDisk/learn_ros2/ROS2/ws02_plumbing/install/py04_param/lib/py04_param
Installing demo02_param_client script to /home/zhangjinrui/AppDisk/learn_ros2/ROS2/ws02_plumbing/install/py04_param/lib/py04_param
writing list of installed files to '/home/zhangjinrui/AppDisk/learn_ros2/ROS2/ws02_plumbing/build/py04_param/install.log'
