[0.322s] Invoking command in '/home/zhangjinrui/AppDisk/learn_ros2/ROS2/ws01_hello/src/pkg02_hello_py': PYTHONPATH=/home/zhangjinrui/AppDisk/learn_ros2/ROS2/ws01_hello/build/pkg02_hello_py/prefix_override:/usr/lib/python3/dist-packages/colcon_core/task/python/colcon_distutils_commands:/home/zhangjinrui/AppDisk/learn_ros2/ROS2/ws01_hello/install/pkg02_hello_py/lib/python3.10/site-packages:${PYTHONPATH} /usr/bin/python3 -W ignore:setup.py install is deprecated -W ignore:easy_install command is deprecated setup.py egg_info --egg-base ../../build/pkg02_hello_py build --build-base /home/zhangjinrui/AppDisk/learn_ros2/ROS2/ws01_hello/build/pkg02_hello_py/build install --record /home/zhangjinrui/AppDisk/learn_ros2/ROS2/ws01_hello/build/pkg02_hello_py/install.log --single-version-externally-managed install_data
[0.442s] running egg_info
[0.442s] writing ../../build/pkg02_hello_py/pkg02_hello_py.egg-info/PKG-INFO
[0.442s] writing dependency_links to ../../build/pkg02_hello_py/pkg02_hello_py.egg-info/dependency_links.txt
[0.442s] writing entry points to ../../build/pkg02_hello_py/pkg02_hello_py.egg-info/entry_points.txt
[0.442s] writing requirements to ../../build/pkg02_hello_py/pkg02_hello_py.egg-info/requires.txt
[0.442s] writing top-level names to ../../build/pkg02_hello_py/pkg02_hello_py.egg-info/top_level.txt
[0.443s] reading manifest file '../../build/pkg02_hello_py/pkg02_hello_py.egg-info/SOURCES.txt'
[0.444s] writing manifest file '../../build/pkg02_hello_py/pkg02_hello_py.egg-info/SOURCES.txt'
[0.444s] running build
[0.444s] running build_py
[0.444s] running install
[0.444s] running install_lib
[0.444s] running install_data
[0.444s] running install_egg_info
[0.446s] removing '/home/zhangjinrui/AppDisk/learn_ros2/ROS2/ws01_hello/install/pkg02_hello_py/lib/python3.10/site-packages/pkg02_hello_py-0.0.0-py3.10.egg-info' (and everything under it)
[0.446s] Copying ../../build/pkg02_hello_py/pkg02_hello_py.egg-info to /home/zhangjinrui/AppDisk/learn_ros2/ROS2/ws01_hello/install/pkg02_hello_py/lib/python3.10/site-packages/pkg02_hello_py-0.0.0-py3.10.egg-info
[0.446s] running install_scripts
[0.456s] Installing hello script to /home/zhangjinrui/AppDisk/learn_ros2/ROS2/ws01_hello/install/pkg02_hello_py/lib/pkg02_hello_py
[0.456s] writing list of installed files to '/home/zhangjinrui/AppDisk/learn_ros2/ROS2/ws01_hello/build/pkg02_hello_py/install.log'
[0.468s] Invoked command in '/home/zhangjinrui/AppDisk/learn_ros2/ROS2/ws01_hello/src/pkg02_hello_py' returned '0': PYTHONPATH=/home/zhangjinrui/AppDisk/learn_ros2/ROS2/ws01_hello/build/pkg02_hello_py/prefix_override:/usr/lib/python3/dist-packages/colcon_core/task/python/colcon_distutils_commands:/home/zhangjinrui/AppDisk/learn_ros2/ROS2/ws01_hello/install/pkg02_hello_py/lib/python3.10/site-packages:${PYTHONPATH} /usr/bin/python3 -W ignore:setup.py install is deprecated -W ignore:easy_install command is deprecated setup.py egg_info --egg-base ../../build/pkg02_hello_py build --build-base /home/zhangjinrui/AppDisk/learn_ros2/ROS2/ws01_hello/build/pkg02_hello_py/build install --record /home/zhangjinrui/AppDisk/learn_ros2/ROS2/ws01_hello/build/pkg02_hello_py/install.log --single-version-externally-managed install_data
