-- The C compiler identification is GNU 11.4.0
-- The CXX compiler identification is GNU 11.4.0
-- Detecting C compiler ABI info
-- Detecting C compiler ABI info - done
-- Check for working C compiler: /usr/bin/cc - skipped
-- Detecting C compile features
-- Detecting C compile features - done
-- Detecting CXX compiler ABI info
-- Detecting CXX compiler ABI info - done
-- Check for working CXX compiler: /usr/bin/c++ - skipped
-- Detecting CXX compile features
-- Detecting CXX compile features - done
-- Found ament_cmake: 1.3.12 (/opt/ros/humble/share/ament_cmake/cmake)
-- Found Python3: /home/zhangjinrui/AppDisk/anaconda3/bin/python3 (found version "3.13.5") found components: Interpreter 
-- Found ament_lint_auto: 0.12.14 (/opt/ros/humble/share/ament_lint_auto/cmake)
-- Added test 'lint_cmake' to check CMake code style
-- Added test 'xmllint' to check XML markup files
-- Configuring done
-- Generating done
-- Build files have been written to: /home/zhangjinrui/AppDisk/learn_ros2/ROS2/ws02_plumbing/build/plumbing_meta_func_pkg
-- Install configuration: ""
-- Installing: /home/zhangjinrui/AppDisk/learn_ros2/ROS2/ws02_plumbing/install/plumbing_meta_func_pkg/share/ament_index/resource_index/package_run_dependencies/plumbing_meta_func_pkg
-- Installing: /home/zhangjinrui/AppDisk/learn_ros2/ROS2/ws02_plumbing/install/plumbing_meta_func_pkg/share/ament_index/resource_index/parent_prefix_path/plumbing_meta_func_pkg
-- Installing: /home/zhangjinrui/AppDisk/learn_ros2/ROS2/ws02_plumbing/install/plumbing_meta_func_pkg/share/plumbing_meta_func_pkg/environment/ament_prefix_path.sh
-- Installing: /home/zhangjinrui/AppDisk/learn_ros2/ROS2/ws02_plumbing/install/plumbing_meta_func_pkg/share/plumbing_meta_func_pkg/environment/ament_prefix_path.dsv
-- Installing: /home/zhangjinrui/AppDisk/learn_ros2/ROS2/ws02_plumbing/install/plumbing_meta_func_pkg/share/plumbing_meta_func_pkg/environment/path.sh
-- Installing: /home/zhangjinrui/AppDisk/learn_ros2/ROS2/ws02_plumbing/install/plumbing_meta_func_pkg/share/plumbing_meta_func_pkg/environment/path.dsv
-- Installing: /home/zhangjinrui/AppDisk/learn_ros2/ROS2/ws02_plumbing/install/plumbing_meta_func_pkg/share/plumbing_meta_func_pkg/local_setup.bash
-- Installing: /home/zhangjinrui/AppDisk/learn_ros2/ROS2/ws02_plumbing/install/plumbing_meta_func_pkg/share/plumbing_meta_func_pkg/local_setup.sh
-- Installing: /home/zhangjinrui/AppDisk/learn_ros2/ROS2/ws02_plumbing/install/plumbing_meta_func_pkg/share/plumbing_meta_func_pkg/local_setup.zsh
-- Installing: /home/zhangjinrui/AppDisk/learn_ros2/ROS2/ws02_plumbing/install/plumbing_meta_func_pkg/share/plumbing_meta_func_pkg/local_setup.dsv
-- Installing: /home/zhangjinrui/AppDisk/learn_ros2/ROS2/ws02_plumbing/install/plumbing_meta_func_pkg/share/plumbing_meta_func_pkg/package.dsv
-- Installing: /home/zhangjinrui/AppDisk/learn_ros2/ROS2/ws02_plumbing/install/plumbing_meta_func_pkg/share/ament_index/resource_index/packages/plumbing_meta_func_pkg
-- Installing: /home/zhangjinrui/AppDisk/learn_ros2/ROS2/ws02_plumbing/install/plumbing_meta_func_pkg/share/plumbing_meta_func_pkg/cmake/plumbing_meta_func_pkgConfig.cmake
-- Installing: /home/zhangjinrui/AppDisk/learn_ros2/ROS2/ws02_plumbing/install/plumbing_meta_func_pkg/share/plumbing_meta_func_pkg/cmake/plumbing_meta_func_pkgConfig-version.cmake
-- Installing: /home/zhangjinrui/AppDisk/learn_ros2/ROS2/ws02_plumbing/install/plumbing_meta_func_pkg/share/plumbing_meta_func_pkg/package.xml
